Mplus VERSION 8 (Mac)
MUTHEN & MUTHEN
01/20/2019   3:35 PM

INPUT INSTRUCTIONS

  TITLE:
  Aff -> Coreg -> Aff AND fix non-sig parameters to zero
  DATA:
  FILE = "../df67.dat";

  VARIABLE:
  NAMES = PTNUM scpt ccpt scpr ccpr ECRanx_1 ECRanx_0 prnapt prnapr pnapt pnapr
  elpt elpr cmpt cmpr prafpt prafpr pafpt pafpr ECRavo_0 ECRavo_1 whichdf_num id;
   MISSING=.;
  USEVARIABLES = elpt elpr scpt ccpt scpr ccpr prafpt prafpr pafpt pafpr;
  ANALYSIS:
  ESTIMATOR=BAYES; PROCESSORS = 2;BITERATIONS = (30000);
  !ESTIMATOR = MLR;
  MODEL:
  ccpt ON elpt* (q);
  ccpr ON elpr;
  scpt ON elpt;
  scpr ON elpr;
  pafpt WITH pafpr;
  pafpt ON prafpt;
  pafpt ON scpt* (a1);
  pafpt ON ccpt* (a3);
  pafpt ON scpr* (a5);
  pafpt ON ccpr* (a7);
  pafpr ON prafpr;
  pafpr ON scpr@0;
  pafpr ON ccpr@0;
  pafpr ON scpt* (a5);
  pafpr ON ccpt* (a7);
  scpr ON prafpt@0;
  scpt ON prafpr@0;
  ccpt ON prafpr* (b7);
  ccpr ON prafpt* (b7);
  scpt WITH ccpt;
  scpt WITH scpr;
  scpt WITH ccpr;
  ccpt WITH scpr;
  ccpt WITH ccpr;
  scpr WITH ccpr;
  scpt WITH scpt;
  ccpt WITH ccpt;
  scpr WITH scpr;
  ccpr WITH ccpr;
  prafpt WITH prafpt;
  prafpr WITH prafpr;
  pafpt WITH pafpt;
  pafpr WITH pafpr;
  [scpt];
  [ccpt];
  [scpr];
  [ccpr];
  [prafpt];
  [prafpr];
  [pafpt];
  [pafpr@0];
  [elpt];
  [elpr];
  elpt WITH elpt;
  elpr WITH elpr;
  elpt WITH elpr;
  MODEL CONSTRAINT:
  NEW ( a3b7 qa3); ! a7b7 a4b7 zka3 );
  !ha3 = h*a3;
  qa3 = q*a3;
  !ka3 = k*a3;
  a3b7 = a3*b7;
  !a7b7 = a7*b7;
  !a4b7 = a4*b7;
  !zka3 = z*k*a3;

  OUTPUT:
  STANDARDIZED; ! MODINDICES(ALL 5);



INPUT READING TERMINATED NORMALLY




Aff -> Coreg -> Aff AND fix non-sig parameters to zero

SUMMARY OF ANALYSIS

Number of groups                                                 1
Number of observations                                          99

Number of dependent variables                                    6
Number of independent variables                                  4
Number of continuous latent variables                            0

Observed dependent variables

  Continuous
   SCPT        CCPT        SCPR        CCPR        PAFPT       PAFPR

Observed independent variables
   ELPT        ELPR        PRAFPT      PRAFPR


Estimator                                                    BAYES
Specifications for Bayesian Estimation
  Point estimate                                            MEDIAN
  Number of Markov chain Monte Carlo (MCMC) chains               2
  Random seed for the first chain                                0
  Starting value information                           UNPERTURBED
  Treatment of categorical mediator                         LATENT
  Algorithm used for Markov chain Monte Carlo           GIBBS(PX1)
  Convergence criterion                                  0.500D-01
  Maximum number of iterations                               50000
  K-th iteration used for thinning                               1

Input data file(s)
  ../df67.dat
Input data format  FREE


SUMMARY OF DATA



COVARIANCE COVERAGE OF DATA

Minimum covariance coverage value   0.100

     Number of missing data patterns             5


     PROPORTION OF DATA PRESENT


           Covariance Coverage
              SCPT          CCPT          SCPR          CCPR          PAFPT
              ________      ________      ________      ________      ________
 SCPT           1.000
 CCPT           1.000         1.000
 SCPR           1.000         1.000         1.000
 CCPR           1.000         1.000         1.000         1.000
 PAFPT          0.970         0.970         0.970         0.970         0.970
 PAFPR          0.980         0.980         0.980         0.980         0.970
 ELPT           1.000         1.000         1.000         1.000         0.970
 ELPR           0.990         0.990         0.990         0.990         0.960
 PRAFPT         0.990         0.990         0.990         0.990         0.970
 PRAFPR         0.990         0.990         0.990         0.990         0.970


           Covariance Coverage
              PAFPR         ELPT          ELPR          PRAFPT        PRAFPR
              ________      ________      ________      ________      ________
 PAFPR          0.980
 ELPT           0.980         1.000
 ELPR           0.970         0.990         0.990
 PRAFPT         0.980         0.990         0.980         0.990
 PRAFPR         0.980         0.990         0.980         0.990         0.990



UNIVARIATE SAMPLE STATISTICS


     UNIVARIATE HIGHER-ORDER MOMENT DESCRIPTIVE STATISTICS

         Variable/         Mean/     Skewness/   Minimum/ % with                Percentiles
        Sample Size      Variance    Kurtosis    Maximum  Min/Max      20%/60%    40%/80%    Median

     SCPT                 30.559       0.551       7.450    1.01%      19.197     26.648     29.841
              99.000     129.762      -0.204      58.807    1.01%      31.821     39.920
     CCPT                 -0.890      -0.259     -81.685    1.01%     -26.415     -7.559      2.881
              99.000    1013.048       0.128      80.417    1.01%       8.529     24.280
     SCPR                 28.538       0.567       9.085    1.01%      16.451     24.118     27.494
              99.000     153.716      -0.221      66.121    1.01%      29.684     39.272
     CCPR                 -0.283      -0.178    -116.491    1.01%     -27.251     -8.605     -2.107
              99.000    1435.257       0.411      79.366    1.01%       5.588     28.790
     PAFPT                 2.306      -0.499      -3.134    1.04%       0.177      1.707      2.722
              96.000       5.174      -0.502       6.108    2.08%       3.341      4.444
     PAFPR                 2.876      -0.642      -2.914    1.03%       1.103      2.634      3.207
              97.000       4.221      -0.137       6.358    1.03%       3.737      4.651
     ELPT                  9.658       0.082       1.375    1.01%       5.750      8.375      9.500
              99.000      15.289      -0.698      18.000    1.01%      10.625     12.875
     ELPR                  6.835       0.329       0.750    3.06%       3.250      5.250      6.812
              98.000      15.020      -0.679      15.625    1.02%       7.750     10.375
     PRAFPT                3.078      -0.410      -2.061    1.02%       1.207      2.634      3.186
              98.000       3.791      -0.719       6.358    1.02%       3.944      4.944
     PRAFPR                3.041      -0.668      -2.414    1.02%       1.500      2.884      3.289
              98.000       3.714       0.004       6.181    1.02%       3.737      4.724


THE MODEL ESTIMATION TERMINATED NORMALLY

     USE THE FBITERATIONS OPTION TO INCREASE THE NUMBER OF ITERATIONS BY A FACTOR
     OF AT LEAST TWO TO CHECK CONVERGENCE AND THAT THE PSR VALUE DOES NOT INCREASE.



MODEL FIT INFORMATION

Number of Free Parameters                              43

Bayesian Posterior Predictive Checking using Chi-Square

          95% Confidence Interval for the Difference Between
          the Observed and the Replicated Chi-Square Values

                                -25.064            35.356

          Posterior Predictive P-Value              0.371

Information Criteria

          Deviance (DIC)                         6057.732
          Estimated Number of Parameters (pD)      40.662
          Bayesian (BIC)                         6172.526



MODEL RESULTS

                                Posterior  One-Tailed         95% C.I.
                    Estimate       S.D.      P-Value   Lower 2.5%  Upper 2.5%  Significance

 CCPT       ON
    ELPT              -1.286       0.556      0.011      -2.367      -0.170      *
    PRAFPR             1.442       0.746      0.028      -0.039       2.899

 CCPR       ON
    ELPR               1.739       0.679      0.005       0.400       3.088      *
    PRAFPT             1.442       0.746      0.028      -0.039       2.899

 SCPT       ON
    ELPT               0.429       0.303      0.080      -0.166       1.022
    PRAFPR             0.000       0.000      1.000       0.000       0.000

 SCPR       ON
    ELPR              -0.115       0.344      0.370      -0.787       0.562
    PRAFPT             0.000       0.000      1.000       0.000       0.000

 PAFPT      ON
    PRAFPT             0.692       0.080      0.000       0.536       0.851      *
    SCPT               0.026       0.014      0.030      -0.001       0.053
    CCPT               0.020       0.008      0.007       0.004       0.035      *
    SCPR               0.024       0.007      0.000       0.011       0.037      *
    CCPR               0.005       0.004      0.091      -0.002       0.013

 PAFPR      ON
    PRAFPR             0.681       0.060      0.000       0.562       0.800      *
    SCPR               0.000       0.000      1.000       0.000       0.000
    CCPR               0.000       0.000      1.000       0.000       0.000
    SCPT               0.024       0.007      0.000       0.011       0.037      *
    CCPT               0.005       0.004      0.091      -0.002       0.013

 PAFPT    WITH
    PAFPR              1.494       0.338      0.000       0.940       2.265      *

 SCPT     WITH
    CCPT              14.319      43.594      0.368     -70.046     101.582
    SCPR             -19.378      17.268      0.118     -54.934      13.486
    CCPR             -43.193      52.263      0.189    -151.637      56.590

 CCPT     WITH
    SCPR              -4.452      48.870      0.461    -101.204      91.020
    CCPR           -1042.720     186.706      0.000   -1478.682    -746.434      *

 SCPR     WITH
    CCPR             -90.781      58.698      0.049    -216.018      17.572

 PRAFPT   WITH
    ELPT              -1.173       0.929      0.090      -3.115       0.573
    ELPR              -0.984       0.920      0.130      -2.889       0.761

 PRAFPR   WITH
    ELPT              -2.000       0.935      0.009      -4.027      -0.333      *
    ELPR              -1.501       0.912      0.039      -3.424       0.178
    PRAFPT             1.659       0.493      0.000       0.826       2.779      *

 ELPT     WITH
    ELPR               4.545       1.896      0.004       1.171       8.661      *

 Means
    ELPT               9.654       0.416      0.000       8.838      10.467      *
    ELPR               6.846       0.413      0.000       6.035       7.659      *
    PRAFPT             3.081       0.210      0.000       2.667       3.496      *
    PRAFPR             3.047       0.207      0.000       2.636       3.448      *

 Intercepts
    SCPT              26.441       3.151      0.000      20.217      32.576      *
    CCPT               7.142       7.086      0.159      -6.996      21.025
    SCPR              29.322       2.701      0.000      24.001      34.598      *
    CCPR             -16.722       6.792      0.007     -30.098      -3.324      *
    PAFPT             -1.284       0.562      0.012      -2.400      -0.189      *
    PAFPR              0.000       0.000      1.000       0.000       0.000

 Variances
    ELPT              16.926       2.621      0.000      12.799      23.076      *
    ELPR              16.628       2.586      0.000      12.584      22.679      *
    PRAFPT             4.203       0.657      0.000       3.179       5.736      *
    PRAFPR             4.119       0.637      0.000       3.109       5.588      *

 Residual Variances
    SCPT             141.383      21.967      0.000     106.687     192.691      *
    CCPT            1133.933     175.889      0.000     854.939    1541.207      *
    SCPR             172.068      26.928      0.000     129.700     234.925      *
    CCPR            1602.347     250.245      0.000    1212.793    2185.507      *
    PAFPT              3.057       0.478      0.000       2.308       4.177      *
    PAFPR              2.454       0.376      0.000       1.859       3.325      *

New/Additional Parameters
    A3B7               0.025       0.019      0.034      -0.002       0.072
    QA3               -0.023       0.015      0.018      -0.060      -0.001      *


STANDARDIZED MODEL RESULTS


STDYX Standardization

                                Posterior  One-Tailed         95% C.I.
                    Estimate       S.D.      P-Value   Lower 2.5%  Upper 2.5%  Significance
 CCPT       ON
    ELPT              -0.153       0.067      0.011      -0.284      -0.020      *
    PRAFPR             0.085       0.044      0.028      -0.002       0.172

 CCPR       ON
    ELPR               0.174       0.067      0.005       0.041       0.303      *
    PRAFPT             0.072       0.038      0.028      -0.002       0.150

 SCPT       ON
    ELPT               0.146       0.101      0.080      -0.055       0.340
    PRAFPR             0.000       0.000      1.000       0.000       0.000

 SCPR       ON
    ELPR              -0.036       0.105      0.370      -0.240       0.169
    PRAFPT             0.000       0.000      1.000       0.000       0.000

 PAFPT      ON
    PRAFPT             0.594       0.062      0.000       0.464       0.706      *
    SCPT               0.129       0.069      0.030      -0.005       0.266
    CCPT               0.281       0.111      0.007       0.060       0.492      *
    SCPR               0.134       0.038      0.000       0.062       0.212      *
    CCPR               0.090       0.067      0.091      -0.043       0.221

 PAFPR      ON
    PRAFPR             0.648       0.052      0.000       0.538       0.742      *
    SCPR               0.000       0.000      1.000       0.000       0.000
    CCPR               0.000       0.000      1.000       0.000       0.000
    SCPT               0.138       0.042      0.000       0.061       0.227      *
    CCPT               0.085       0.063      0.091      -0.040       0.206

 PAFPT    WITH
    PAFPR              0.549       0.074      0.000       0.388       0.677      *

 SCPT     WITH
    CCPT               0.036       0.105      0.368      -0.168       0.239
    SCPR              -0.126       0.104      0.118      -0.323       0.086
    CCPR              -0.092       0.104      0.189      -0.291       0.115

 CCPT     WITH
    SCPR              -0.010       0.107      0.461      -0.216       0.197
    CCPR              -0.777       0.043      0.000      -0.847      -0.678      *

 SCPR     WITH
    CCPR              -0.174       0.103      0.049      -0.370       0.033

 PRAFPT   WITH
    ELPT              -0.141       0.103      0.090      -0.337       0.067
    ELPR              -0.119       0.104      0.130      -0.316       0.089

 PRAFPR   WITH
    ELPT              -0.242       0.099      0.009      -0.427      -0.040      *
    ELPR              -0.184       0.101      0.039      -0.374       0.022
    PRAFPT             0.402       0.089      0.000       0.216       0.565      *

 ELPT     WITH
    ELPR               0.273       0.097      0.004       0.071       0.454      *

 Means
    ELPT               2.347       0.201      0.000       1.956       2.752      *
    ELPR               1.680       0.162      0.000       1.369       1.999      *
    PRAFPT             1.503       0.152      0.000       1.207       1.802      *
    PRAFPR             1.502       0.151      0.000       1.207       1.803      *

 Intercepts
    SCPT               2.196       0.327      0.000       1.544       2.824      *
    CCPT               0.208       0.204      0.159      -0.202       0.605
    SCPR               2.227       0.258      0.000       1.701       2.712      *
    CCPR              -0.409       0.163      0.007      -0.723      -0.082      *
    PAFPT             -0.536       0.224      0.012      -0.959      -0.080      *
    PAFPR              0.000       0.000      1.000       0.000       0.000

 Variances
    ELPT               1.000       0.000      0.000       1.000       1.000
    ELPR               1.000       0.000      0.000       1.000       1.000
    PRAFPT             1.000       0.000      0.000       1.000       1.000
    PRAFPR             1.000       0.000      0.000       1.000       1.000

 Residual Variances
    SCPT               0.978       0.032      0.000       0.885       1.000      *
    CCPT               0.961       0.024      0.000       0.898       0.992      *
    SCPR               0.994       0.017      0.000       0.939       1.000      *
    CCPR               0.966       0.024      0.000       0.905       0.995      *
    PAFPT              0.537       0.071      0.000       0.403       0.682      *
    PAFPR              0.540       0.063      0.000       0.417       0.664      *


STDY Standardization

                                Posterior  One-Tailed         95% C.I.
                    Estimate       S.D.      P-Value   Lower 2.5%  Upper 2.5%  Significance
 CCPT       ON
    ELPT              -0.153       0.067      0.011      -0.284      -0.020      *
    PRAFPR             0.085       0.044      0.028      -0.002       0.172

 CCPR       ON
    ELPR               0.174       0.067      0.005       0.041       0.303      *
    PRAFPT             0.072       0.038      0.028      -0.002       0.150

 SCPT       ON
    ELPT               0.146       0.101      0.080      -0.055       0.340
    PRAFPR             0.000       0.000      1.000       0.000       0.000

 SCPR       ON
    ELPR              -0.036       0.105      0.370      -0.240       0.169
    PRAFPT             0.000       0.000      1.000       0.000       0.000

 PAFPT      ON
    PRAFPT             0.594       0.062      0.000       0.464       0.706      *
    SCPT               0.129       0.069      0.030      -0.005       0.266
    CCPT               0.281       0.111      0.007       0.060       0.492      *
    SCPR               0.134       0.038      0.000       0.062       0.212      *
    CCPR               0.090       0.067      0.091      -0.043       0.221

 PAFPR      ON
    PRAFPR             0.648       0.052      0.000       0.538       0.742      *
    SCPR               0.000       0.000      1.000       0.000       0.000
    CCPR               0.000       0.000      1.000       0.000       0.000
    SCPT               0.138       0.042      0.000       0.061       0.227      *
    CCPT               0.085       0.063      0.091      -0.040       0.206

 PAFPT    WITH
    PAFPR              0.549       0.074      0.000       0.388       0.677      *

 SCPT     WITH
    CCPT               0.036       0.105      0.368      -0.168       0.239
    SCPR              -0.126       0.104      0.118      -0.323       0.086
    CCPR              -0.092       0.104      0.189      -0.291       0.115

 CCPT     WITH
    SCPR              -0.010       0.107      0.461      -0.216       0.197
    CCPR              -0.777       0.043      0.000      -0.847      -0.678      *

 SCPR     WITH
    CCPR              -0.174       0.103      0.049      -0.370       0.033

 PRAFPT   WITH
    ELPT              -0.141       0.103      0.090      -0.337       0.067
    ELPR              -0.119       0.104      0.130      -0.316       0.089

 PRAFPR   WITH
    ELPT              -0.242       0.099      0.009      -0.427      -0.040      *
    ELPR              -0.184       0.101      0.039      -0.374       0.022
    PRAFPT             0.402       0.089      0.000       0.216       0.565      *

 ELPT     WITH
    ELPR               0.273       0.097      0.004       0.071       0.454      *

 Means
    ELPT               2.347       0.201      0.000       1.956       2.752      *
    ELPR               1.680       0.162      0.000       1.369       1.999      *
    PRAFPT             1.503       0.152      0.000       1.207       1.802      *
    PRAFPR             1.502       0.151      0.000       1.207       1.803      *

 Intercepts
    SCPT               2.196       0.327      0.000       1.544       2.824      *
    CCPT               0.208       0.204      0.159      -0.202       0.605
    SCPR               2.227       0.258      0.000       1.701       2.712      *
    CCPR              -0.409       0.163      0.007      -0.723      -0.082      *
    PAFPT             -0.536       0.224      0.012      -0.959      -0.080      *
    PAFPR              0.000       0.000      1.000       0.000       0.000

 Variances
    ELPT               1.000       0.000      0.000       1.000       1.000
    ELPR               1.000       0.000      0.000       1.000       1.000
    PRAFPT             1.000       0.000      0.000       1.000       1.000
    PRAFPR             1.000       0.000      0.000       1.000       1.000

 Residual Variances
    SCPT               0.978       0.032      0.000       0.885       1.000      *
    CCPT               0.961       0.024      0.000       0.898       0.992      *
    SCPR               0.994       0.017      0.000       0.939       1.000      *
    CCPR               0.966       0.024      0.000       0.905       0.995      *
    PAFPT              0.537       0.071      0.000       0.403       0.682      *
    PAFPR              0.540       0.063      0.000       0.417       0.664      *


STD Standardization

                                Posterior  One-Tailed         95% C.I.
                    Estimate       S.D.      P-Value   Lower 2.5%  Upper 2.5%  Significance
 CCPT       ON
    ELPT              -1.286       0.556      0.011      -2.367      -0.170      *
    PRAFPR             1.442       0.746      0.028      -0.039       2.899

 CCPR       ON
    ELPR               1.739       0.679      0.005       0.400       3.088      *
    PRAFPT             1.442       0.746      0.028      -0.039       2.899

 SCPT       ON
    ELPT               0.429       0.303      0.080      -0.166       1.022
    PRAFPR             0.000       0.000      1.000       0.000       0.000

 SCPR       ON
    ELPR              -0.115       0.344      0.370      -0.787       0.562
    PRAFPT             0.000       0.000      1.000       0.000       0.000

 PAFPT      ON
    PRAFPT             0.692       0.080      0.000       0.536       0.851      *
    SCPT               0.026       0.014      0.030      -0.001       0.053
    CCPT               0.020       0.008      0.007       0.004       0.035      *
    SCPR               0.024       0.007      0.000       0.011       0.037      *
    CCPR               0.005       0.004      0.091      -0.002       0.013

 PAFPR      ON
    PRAFPR             0.681       0.060      0.000       0.562       0.800      *
    SCPR               0.000       0.000      1.000       0.000       0.000
    CCPR               0.000       0.000      1.000       0.000       0.000
    SCPT               0.024       0.007      0.000       0.011       0.037      *
    CCPT               0.005       0.004      0.091      -0.002       0.013

 PAFPT    WITH
    PAFPR              0.549       0.074      0.000       0.388       0.677      *

 SCPT     WITH
    CCPT               0.036       0.105      0.368      -0.168       0.239
    SCPR              -0.126       0.104      0.118      -0.323       0.086
    CCPR              -0.092       0.104      0.189      -0.291       0.115

 CCPT     WITH
    SCPR              -0.010       0.107      0.461      -0.216       0.197
    CCPR              -0.777       0.043      0.000      -0.847      -0.678      *

 SCPR     WITH
    CCPR              -0.174       0.103      0.049      -0.370       0.033

 PRAFPT   WITH
    ELPT              -0.141       0.103      0.090      -0.337       0.067
    ELPR              -0.119       0.104      0.130      -0.316       0.089

 PRAFPR   WITH
    ELPT              -0.242       0.099      0.009      -0.427      -0.040      *
    ELPR              -0.184       0.101      0.039      -0.374       0.022
    PRAFPT             0.402       0.089      0.000       0.216       0.565      *

 ELPT     WITH
    ELPR               0.273       0.097      0.004       0.071       0.454      *

 Means
    ELPT               9.654       0.416      0.000       8.838      10.467      *
    ELPR               6.846       0.413      0.000       6.035       7.659      *
    PRAFPT             3.081       0.210      0.000       2.667       3.496      *
    PRAFPR             3.047       0.207      0.000       2.636       3.448      *

 Intercepts
    SCPT              26.441       3.151      0.000      20.217      32.576      *
    CCPT               7.142       7.086      0.159      -6.996      21.025
    SCPR              29.322       2.701      0.000      24.001      34.598      *
    CCPR             -16.722       6.792      0.007     -30.098      -3.324      *
    PAFPT             -1.284       0.562      0.012      -2.400      -0.189      *
    PAFPR              0.000       0.000      1.000       0.000       0.000

 Variances
    ELPT              16.926       2.621      0.000      12.799      23.076      *
    ELPR              16.628       2.586      0.000      12.584      22.679      *
    PRAFPT             4.203       0.657      0.000       3.179       5.736      *
    PRAFPR             4.119       0.637      0.000       3.109       5.588      *

 Residual Variances
    SCPT             141.383      21.967      0.000     106.687     192.691      *
    CCPT            1133.933     175.889      0.000     854.939    1541.207      *
    SCPR             172.068      26.928      0.000     129.700     234.925      *
    CCPR            1602.347     250.245      0.000    1212.793    2185.507      *
    PAFPT              3.057       0.478      0.000       2.308       4.177      *
    PAFPR              2.454       0.376      0.000       1.859       3.325      *


R-SQUARE

                                Posterior  One-Tailed         95% C.I.
    Variable        Estimate       S.D.      P-Value   Lower 2.5%  Upper 2.5%

    SCPT               0.022       0.032      0.000       0.000       0.115
    CCPT               0.039       0.024      0.000       0.008       0.102
    SCPR               0.006       0.017      0.000       0.000       0.060
    CCPR               0.034       0.024      0.000       0.005       0.095
    PAFPT              0.463       0.071      0.000       0.318       0.597
    PAFPR              0.460       0.063      0.000       0.336       0.583


     Beginning Time:  15:35:37
        Ending Time:  15:35:46
       Elapsed Time:  00:00:09



MUTHEN & MUTHEN
3463 Stoner Ave.
Los Angeles, CA  90066

Tel: (310) 391-9971
Fax: (310) 391-8971
Web: www.StatModel.com
Support: Support@StatModel.com

Copyright (c) 1998-2017 Muthen & Muthen
