Mplus VERSION 8 (Mac)
MUTHEN & MUTHEN
10/18/2019   4:33 PM

INPUT INSTRUCTIONS

  TITLE:
  El -> Aff -> Coreg -> Aff AND fix non-sig parameters to zero. Only using
  CC to reduce number of parameters;
  DATA:
  FILE = "../df67.dat";

  VARIABLE:
  NAMES = PTNUM scpt ccpt scpr ccpr ECRanx_1 ECRanx_0 prnapt prnapr pnapt pnapr
  elpt elpr cmpt cmpr prafpt prafpr pafpt pafpr ECRavo_0 ECRavo_1 whichdf_num id;
   MISSING=.;
  USEVARIABLES = scpt ccpt scpr ccpr prafpt
  prafpr pafpt pafpr elpt elpr id;
  IDVARIABLE IS id;
  ANALYSIS:
  ESTIMATOR=BAYES; PROCESSORS = 2; BITERATIONS = (49000);
  MODEL:
  prafpt ON elpt@0;
  prafpr ON elpr@0;
  ccpt ON elpt* (x);
  ccpr ON elpr;
  elpt WITH elpt;
  elpr WITH elpr;
  elpt WITH elpr;
  [elpt];
  [elpr];

  pafpt WITH pafpr;
  pafpt ON prafpt;
  pafpt ON ccpt* (a3);
  pafpt ON ccpr@0;
  pafpr ON prafpr;
  pafpr ON ccpr@0;
  pafpr ON ccpt@0;
  ccpt ON prafpr;
  ccpr ON prafpt;
  ccpt WITH ccpr;
  ccpt WITH ccpt;
  ccpr WITH ccpr;
  prafpt WITH prafpt;
  prafpr WITH prafpr;
  pafpt WITH pafpt;
  pafpr WITH pafpr;
  PRAFPR WITH PRAFPT;
  [ccpt@0];
  [ccpr@0];
  [prafpt];
  [prafpr];
  [pafpt];
  [pafpr@0];
  MODEL CONSTRAINT:
  NEW ( xa3);
  xa3= x*a3;
  OUTPUT:
  STANDARDIZED;



*** WARNING in MODEL command
  Variable is uncorrelated with all other variables:  SCPT
*** WARNING in MODEL command
  Variable is uncorrelated with all other variables:  SCPR
*** WARNING in MODEL command
  At least one variable is uncorrelated with all other variables in the model.
  Check that this is what is intended.
   3 WARNING(S) FOUND IN THE INPUT INSTRUCTIONS




El -> Aff -> Coreg -> Aff AND fix non-sig parameters to zero. Only using
CC to reduce number of parameters;

SUMMARY OF ANALYSIS

Number of groups                                                 1
Number of observations                                          99

Number of dependent variables                                    8
Number of independent variables                                  2
Number of continuous latent variables                            0

Observed dependent variables

  Continuous
   SCPT        CCPT        SCPR        CCPR        PRAFPT      PRAFPR
   PAFPT       PAFPR

Observed independent variables
   ELPT        ELPR

Variables with special functions

  ID variable           ID

Estimator                                                    BAYES
Specifications for Bayesian Estimation
  Point estimate                                            MEDIAN
  Number of Markov chain Monte Carlo (MCMC) chains               2
  Random seed for the first chain                                0
  Starting value information                           UNPERTURBED
  Treatment of categorical mediator                         LATENT
  Algorithm used for Markov chain Monte Carlo           GIBBS(PX1)
  Convergence criterion                                  0.500D-01
  Maximum number of iterations                               50000
  K-th iteration used for thinning                               1

Input data file(s)
  ../df67.dat
Input data format  FREE


SUMMARY OF DATA



COVARIANCE COVERAGE OF DATA

Minimum covariance coverage value   0.100

     Number of missing data patterns             5


     PROPORTION OF DATA PRESENT


           Covariance Coverage
              SCPT          CCPT          SCPR          CCPR          PRAFPT
              ________      ________      ________      ________      ________
 SCPT           1.000
 CCPT           1.000         1.000
 SCPR           1.000         1.000         1.000
 CCPR           1.000         1.000         1.000         1.000
 PRAFPT         0.990         0.990         0.990         0.990         0.990
 PRAFPR         0.990         0.990         0.990         0.990         0.990
 PAFPT          0.970         0.970         0.970         0.970         0.970
 PAFPR          0.980         0.980         0.980         0.980         0.980
 ELPT           1.000         1.000         1.000         1.000         0.990
 ELPR           0.990         0.990         0.990         0.990         0.980


           Covariance Coverage
              PRAFPR        PAFPT         PAFPR         ELPT          ELPR
              ________      ________      ________      ________      ________
 PRAFPR         0.990
 PAFPT          0.970         0.970
 PAFPR          0.980         0.970         0.980
 ELPT           0.990         0.970         0.980         1.000
 ELPR           0.980         0.960         0.970         0.990         0.990



UNIVARIATE SAMPLE STATISTICS


     UNIVARIATE HIGHER-ORDER MOMENT DESCRIPTIVE STATISTICS

         Variable/         Mean/     Skewness/   Minimum/ % with                Percentiles
        Sample Size      Variance    Kurtosis    Maximum  Min/Max      20%/60%    40%/80%    Median

     SCPT                 30.559       0.551       7.450    1.01%      19.197     26.648     29.841
              99.000     129.762      -0.204      58.807    1.01%      31.821     39.920
     CCPT                 -0.890      -0.259     -81.685    1.01%     -26.415     -7.559      2.881
              99.000    1013.048       0.128      80.417    1.01%       8.529     24.280
     SCPR                 28.538       0.567       9.085    1.01%      16.451     24.118     27.494
              99.000     153.716      -0.221      66.121    1.01%      29.684     39.272
     CCPR                 -0.283      -0.178    -116.491    1.01%     -27.251     -8.605     -2.107
              99.000    1435.257       0.411      79.366    1.01%       5.588     28.790
     PRAFPT                3.078      -0.410      -2.061    1.02%       1.207      2.634      3.186
              98.000       3.791      -0.719       6.358    1.02%       3.944      4.944
     PRAFPR                3.041      -0.668      -2.414    1.02%       1.500      2.884      3.289
              98.000       3.714       0.004       6.181    1.02%       3.737      4.724
     PAFPT                 2.306      -0.499      -3.134    1.04%       0.177      1.707      2.722
              96.000       5.174      -0.502       6.108    2.08%       3.341      4.444
     PAFPR                 2.876      -0.642      -2.914    1.03%       1.103      2.634      3.207
              97.000       4.221      -0.137       6.358    1.03%       3.737      4.651
     ELPT                  9.658       0.082       1.375    1.01%       5.750      8.375      9.500
              99.000      15.289      -0.698      18.000    1.01%      10.625     12.875
     ELPR                  6.835       0.329       0.750    3.06%       3.250      5.250      6.812
              98.000      15.020      -0.679      15.625    1.02%       7.750     10.375


THE MODEL ESTIMATION TERMINATED NORMALLY

     USE THE FBITERATIONS OPTION TO INCREASE THE NUMBER OF ITERATIONS BY A FACTOR
     OF AT LEAST TWO TO CHECK CONVERGENCE AND THAT THE PSR VALUE DOES NOT INCREASE.



MODEL FIT INFORMATION

Number of Free Parameters                              28

Bayesian Posterior Predictive Checking using Chi-Square

          95% Confidence Interval for the Difference Between
          the Observed and the Replicated Chi-Square Values

                                  4.033            59.662

          Posterior Predictive P-Value              0.015

Information Criteria

          Deviance (DIC)                         6071.391
          Estimated Number of Parameters (pD)      26.765
          Bayesian (BIC)                         6145.679



MODEL RESULTS

                                Posterior  One-Tailed         95% C.I.
                    Estimate       S.D.      P-Value   Lower 2.5%  Upper 2.5%  Significance

 PRAFPT     ON
    ELPT               0.000       0.000      1.000       0.000       0.000

 PRAFPR     ON
    ELPR               0.000       0.000      1.000       0.000       0.000

 CCPT       ON
    ELPT              -0.791       0.353      0.013      -1.479      -0.099      *
    PRAFPR             0.796       0.962      0.204      -1.083       2.684

 CCPR       ON
    ELPR               0.466       0.522      0.186      -0.562       1.484
    PRAFPT             0.868       1.100      0.214      -1.296       3.018

 PAFPT      ON
    PRAFPT             0.743       0.078      0.000       0.589       0.897      *
    CCPT               0.011       0.005      0.012       0.001       0.021      *
    CCPR               0.000       0.000      1.000       0.000       0.000

 PAFPR      ON
    PRAFPR             0.836       0.046      0.000       0.746       0.924      *
    CCPR               0.000       0.000      1.000       0.000       0.000
    CCPT               0.000       0.000      1.000       0.000       0.000

 ELPT     WITH
    ELPR               4.323       1.777      0.004       1.148       8.140      *

 PAFPT    WITH
    PAFPR              1.620       0.374      0.000       1.011       2.475      *

 CCPT     WITH
    CCPR            -989.211     178.570      0.000   -1403.363    -705.727      *

 PRAFPT   WITH
    PRAFPR             1.583       0.461      0.000       0.797       2.621      *

 Means
    SCPT              30.560       1.181      0.000      28.236      32.885      *
    SCPR              28.545       1.285      0.000      26.019      31.085      *
    ELPT               9.656       0.409      0.000       8.857      10.462      *
    ELPR               6.843       0.405      0.000       6.050       7.645      *

 Intercepts
    CCPT               0.000       0.000      1.000       0.000       0.000
    CCPR               0.000       0.000      1.000       0.000       0.000
    PRAFPT             3.078       0.204      0.000       2.680       3.482      *
    PRAFPR             3.042       0.200      0.000       2.652       3.437      *
    PAFPT             -0.134       0.288      0.322      -0.690       0.437
    PAFPR              0.000       0.000      1.000       0.000       0.000

 Variances
    SCPT             134.662      20.220      0.000     102.820     181.637      *
    SCPR             159.582      23.762      0.000     121.919     215.131      *
    ELPT              16.179       2.439      0.000      12.376      21.903      *
    ELPR              15.934       2.421      0.000      12.095      21.544      *

 Residual Variances
    CCPT            1088.885     166.733      0.000     826.504    1474.993      *
    CCPR            1547.244     239.604      0.000    1171.900    2108.194      *
    PRAFPT             4.016       0.612      0.000       3.055       5.434      *
    PRAFPR             3.944       0.598      0.000       2.997       5.331      *
    PAFPT              3.152       0.494      0.000       2.379       4.302      *
    PAFPR              2.742       0.421      0.000       2.076       3.722      *

New/Additional Parameters
    XA3               -0.008       0.006      0.024      -0.023       0.000      *


STANDARDIZED MODEL RESULTS


STDYX Standardization

                                Posterior  One-Tailed         95% C.I.
                    Estimate       S.D.      P-Value   Lower 2.5%  Upper 2.5%  Significance
 PRAFPT     ON
    ELPT               0.000       0.000      1.000       0.000       0.000

 PRAFPR     ON
    ELPR               0.000       0.000      1.000       0.000       0.000

 CCPT       ON
    ELPT              -0.095       0.042      0.013      -0.178      -0.012      *
    PRAFPR             0.048       0.057      0.204      -0.066       0.160

 CCPR       ON
    ELPR               0.047       0.052      0.186      -0.058       0.148
    PRAFPT             0.044       0.056      0.214      -0.065       0.155

 PAFPT      ON
    PRAFPT             0.631       0.056      0.000       0.511       0.731      *
    CCPT               0.161       0.071      0.012       0.021       0.300      *
    CCPR               0.000       0.000      1.000       0.000       0.000

 PAFPR      ON
    PRAFPR             0.708       0.043      0.000       0.617       0.785      *
    CCPR               0.000       0.000      1.000       0.000       0.000
    CCPT               0.000       0.000      1.000       0.000       0.000

 ELPT     WITH
    ELPR               0.272       0.095      0.004       0.074       0.448      *

 PAFPT    WITH
    PAFPR              0.556       0.076      0.000       0.390       0.687      *

 CCPT     WITH
    CCPR              -0.766       0.045      0.000      -0.840      -0.664      *

 PRAFPT   WITH
    PRAFPR             0.402       0.087      0.000       0.216       0.558      *

 Means
    SCPT               2.633       0.216      0.000       2.217       3.059      *
    SCPR               2.259       0.191      0.000       1.888       2.636      *
    ELPT               2.401       0.202      0.000       2.009       2.797      *
    ELPR               1.714       0.161      0.000       1.405       2.036      *

 Intercepts
    CCPT               0.000       0.000      1.000       0.000       0.000
    CCPR               0.000       0.000      1.000       0.000       0.000
    PRAFPT             1.536       0.151      0.000       1.243       1.835      *
    PRAFPR             1.533       0.150      0.000       1.243       1.831      *
    PAFPT             -0.057       0.120      0.322      -0.271       0.196
    PAFPR              0.000       0.000      1.000       0.000       0.000

 Variances
    SCPT               1.000       0.000      0.000       1.000       1.000
    SCPR               1.000       0.000      0.000       1.000       1.000
    ELPT               1.000       0.000      0.000       1.000       1.000
    ELPR               1.000       0.000      0.000       1.000       1.000

 Residual Variances
    CCPT               0.987       0.013      0.000       0.949       0.999      *
    CCPR               0.992       0.008      0.000       0.969       0.999      *
    PRAFPT             1.000       0.000      0.000       1.000       1.000
    PRAFPR             1.000       0.000      0.000       1.000       1.000
    PAFPT              0.567       0.070      0.000       0.432       0.707      *
    PAFPR              0.499       0.060      0.000       0.384       0.619      *


STDY Standardization

                                Posterior  One-Tailed         95% C.I.
                    Estimate       S.D.      P-Value   Lower 2.5%  Upper 2.5%  Significance
 PRAFPT     ON
    ELPT               0.000       0.000      1.000       0.000       0.000

 PRAFPR     ON
    ELPR               0.000       0.000      1.000       0.000       0.000

 CCPT       ON
    ELPT              -0.095       0.042      0.013      -0.178      -0.012      *
    PRAFPR             0.048       0.057      0.204      -0.066       0.160

 CCPR       ON
    ELPR               0.047       0.052      0.186      -0.058       0.148
    PRAFPT             0.044       0.056      0.214      -0.065       0.155

 PAFPT      ON
    PRAFPT             0.631       0.056      0.000       0.511       0.731      *
    CCPT               0.161       0.071      0.012       0.021       0.300      *
    CCPR               0.000       0.000      1.000       0.000       0.000

 PAFPR      ON
    PRAFPR             0.708       0.043      0.000       0.617       0.785      *
    CCPR               0.000       0.000      1.000       0.000       0.000
    CCPT               0.000       0.000      1.000       0.000       0.000

 ELPT     WITH
    ELPR               0.272       0.095      0.004       0.074       0.448      *

 PAFPT    WITH
    PAFPR              0.556       0.076      0.000       0.390       0.687      *

 CCPT     WITH
    CCPR              -0.766       0.045      0.000      -0.840      -0.664      *

 PRAFPT   WITH
    PRAFPR             0.402       0.087      0.000       0.216       0.558      *

 Means
    SCPT               2.633       0.216      0.000       2.217       3.059      *
    SCPR               2.259       0.191      0.000       1.888       2.636      *
    ELPT               2.401       0.202      0.000       2.009       2.797      *
    ELPR               1.714       0.161      0.000       1.405       2.036      *

 Intercepts
    CCPT               0.000       0.000      1.000       0.000       0.000
    CCPR               0.000       0.000      1.000       0.000       0.000
    PRAFPT             1.536       0.151      0.000       1.243       1.835      *
    PRAFPR             1.533       0.150      0.000       1.243       1.831      *
    PAFPT             -0.057       0.120      0.322      -0.271       0.196
    PAFPR              0.000       0.000      1.000       0.000       0.000

 Variances
    SCPT               1.000       0.000      0.000       1.000       1.000
    SCPR               1.000       0.000      0.000       1.000       1.000
    ELPT               1.000       0.000      0.000       1.000       1.000
    ELPR               1.000       0.000      0.000       1.000       1.000

 Residual Variances
    CCPT               0.987       0.013      0.000       0.949       0.999      *
    CCPR               0.992       0.008      0.000       0.969       0.999      *
    PRAFPT             1.000       0.000      0.000       1.000       1.000
    PRAFPR             1.000       0.000      0.000       1.000       1.000
    PAFPT              0.567       0.070      0.000       0.432       0.707      *
    PAFPR              0.499       0.060      0.000       0.384       0.619      *


STD Standardization

                                Posterior  One-Tailed         95% C.I.
                    Estimate       S.D.      P-Value   Lower 2.5%  Upper 2.5%  Significance
 PRAFPT     ON
    ELPT               0.000       0.000      1.000       0.000       0.000

 PRAFPR     ON
    ELPR               0.000       0.000      1.000       0.000       0.000

 CCPT       ON
    ELPT              -0.791       0.353      0.013      -1.479      -0.099      *
    PRAFPR             0.796       0.962      0.204      -1.083       2.684

 CCPR       ON
    ELPR               0.466       0.522      0.186      -0.562       1.484
    PRAFPT             0.868       1.100      0.214      -1.296       3.018

 PAFPT      ON
    PRAFPT             0.743       0.078      0.000       0.589       0.897      *
    CCPT               0.011       0.005      0.012       0.001       0.021      *
    CCPR               0.000       0.000      1.000       0.000       0.000

 PAFPR      ON
    PRAFPR             0.836       0.046      0.000       0.746       0.924      *
    CCPR               0.000       0.000      1.000       0.000       0.000
    CCPT               0.000       0.000      1.000       0.000       0.000

 ELPT     WITH
    ELPR               0.272       0.095      0.004       0.074       0.448      *

 PAFPT    WITH
    PAFPR              0.556       0.076      0.000       0.390       0.687      *

 CCPT     WITH
    CCPR              -0.766       0.045      0.000      -0.840      -0.664      *

 PRAFPT   WITH
    PRAFPR             0.402       0.087      0.000       0.216       0.558      *

 Means
    SCPT              30.560       1.181      0.000      28.236      32.885      *
    SCPR              28.545       1.285      0.000      26.019      31.085      *
    ELPT               9.656       0.409      0.000       8.857      10.462      *
    ELPR               6.843       0.405      0.000       6.050       7.645      *

 Intercepts
    CCPT               0.000       0.000      1.000       0.000       0.000
    CCPR               0.000       0.000      1.000       0.000       0.000
    PRAFPT             3.078       0.204      0.000       2.680       3.482      *
    PRAFPR             3.042       0.200      0.000       2.652       3.437      *
    PAFPT             -0.134       0.288      0.322      -0.690       0.437
    PAFPR              0.000       0.000      1.000       0.000       0.000

 Variances
    SCPT             134.662      20.220      0.000     102.820     181.637      *
    SCPR             159.582      23.762      0.000     121.919     215.131      *
    ELPT              16.179       2.439      0.000      12.376      21.903      *
    ELPR              15.934       2.421      0.000      12.095      21.544      *

 Residual Variances
    CCPT            1088.885     166.733      0.000     826.504    1474.993      *
    CCPR            1547.244     239.604      0.000    1171.900    2108.194      *
    PRAFPT             4.016       0.612      0.000       3.055       5.434      *
    PRAFPR             3.944       0.598      0.000       2.997       5.331      *
    PAFPT              3.152       0.494      0.000       2.379       4.302      *
    PAFPR              2.742       0.421      0.000       2.076       3.722      *


R-SQUARE

                                Posterior  One-Tailed         95% C.I.
    Variable        Estimate       S.D.      P-Value   Lower 2.5%  Upper 2.5%

    CCPT               0.013       0.013      0.000       0.001       0.051
    CCPR               0.008       0.008      0.000       0.001       0.031
    PRAFPT             0.000       0.000      1.000       0.000       0.000
    PRAFPR             0.000       0.000      1.000       0.000       0.000
    PAFPT              0.433       0.070      0.000       0.293       0.568
    PAFPR              0.501       0.060      0.000       0.381       0.616


     Beginning Time:  16:33:48
        Ending Time:  16:33:58
       Elapsed Time:  00:00:10



MUTHEN & MUTHEN
3463 Stoner Ave.
Los Angeles, CA  90066

Tel: (310) 391-9971
Fax: (310) 391-8971
Web: www.StatModel.com
Support: Support@StatModel.com

Copyright (c) 1998-2017 Muthen & Muthen
