Mplus VERSION 8 (Mac)
MUTHEN & MUTHEN
12/19/2018  12:42 PM

INPUT INSTRUCTIONS

  TITLE:
  Testing
  DATA:
  FILE = "../df67.dat";

  VARIABLE:
  VARIABLE:
  NAMES = PTNUM scpt ccpt scpr ccpr ECRanx_1 ECRanx_0 prnapt prnapr pnapt pnapr
  elpt elpr cmpt cmpr prafpt prafpr pafpt pafpr ECRavo_0 ECRavo_1 whichdf_num id;
   MISSING=.;
  USEVARIABLES = scpt ccpt scpr ccpr prnapt
  prnapr pnapt pnapr elpt elpr id;
  IDVARIABLE IS id;
  ANALYSIS:
  ESTIMATOR=BAYES; PROCESSORS = 2;BITERATIONS = (30000);
  !ESTIMATOR = MLR;
  MODEL:
  prnapt ON elpt* (w);
  prnapr ON elpr;
  scpr ON elpr@0;
  ccpr ON elpr;
  scpt ON elpt@0;
  ccpt ON elpt;
  prnapt WITH prnapr;
  pnapt WITH pnapr;
  pnapt ON prnapt;
  pnapt ON scpt@0;
  pnapt ON ccpt* (c);
  pnapr ON prnapr;
  pnapr ON scpr@0;
  pnapr ON ccpr* (d);
  scpt ON prnapt@0;
  scpr ON prnapr@0;
  ccpt ON prnapt* (b1);
  ccpr ON prnapr* (b1);
  scpt WITH ccpt;
  scpt WITH scpr;
  scpt WITH ccpr;
  scpr WITH ccpt;
  ccpt WITH ccpr;
  scpr WITH ccpr;
  scpt WITH scpt;
  scpr WITH scpr;
  ccpt WITH ccpt;
  ccpr WITH ccpr;
  prnapt WITH prnapt;
  prnapr WITH prnapr;
  pnapt WITH pnapt;
  pnapr WITH pnapr;
  elpt WITH elpt;
  elpr WITH elpr;
  [scpt];
  [scpr];
  [ccpt];
  [ccpr];
  [prnapt];
  [prnapr];
  [pnapt];
  [pnapr];
  [elpt];
  [elpr];
  PRNAPR   WITH PRNAPT;
  !MODEL CONSTRAINT:
  !NEW ( b1c wb1c);!b1d hb1c whb1c uhc );
  !b1c = b1*c;
  !hb1c = h*b1*c;
  !whb1c = w*h*b1*c;
  !uhc = u*h*c;
  !wb1c = w*b1*c;


  OUTPUT:
  STANDARDIZED;!  MODINDICES(ALL 5);



INPUT READING TERMINATED NORMALLY




Testing

SUMMARY OF ANALYSIS

Number of groups                                                 1
Number of observations                                          99

Number of dependent variables                                    8
Number of independent variables                                  2
Number of continuous latent variables                            0

Observed dependent variables

  Continuous
   SCPT        CCPT        SCPR        CCPR        PRNAPT      PRNAPR
   PNAPT       PNAPR

Observed independent variables
   ELPT        ELPR

Variables with special functions

  ID variable           ID

Estimator                                                    BAYES
Specifications for Bayesian Estimation
  Point estimate                                            MEDIAN
  Number of Markov chain Monte Carlo (MCMC) chains               2
  Random seed for the first chain                                0
  Starting value information                           UNPERTURBED
  Treatment of categorical mediator                         LATENT
  Algorithm used for Markov chain Monte Carlo           GIBBS(PX1)
  Convergence criterion                                  0.500D-01
  Maximum number of iterations                               50000
  K-th iteration used for thinning                               1

Input data file(s)
  ../df67.dat
Input data format  FREE


SUMMARY OF DATA



COVARIANCE COVERAGE OF DATA

Minimum covariance coverage value   0.100

     Number of missing data patterns             3


     PROPORTION OF DATA PRESENT


           Covariance Coverage
              SCPT          CCPT          SCPR          CCPR          PRNAPT
              ________      ________      ________      ________      ________
 SCPT           1.000
 CCPT           1.000         1.000
 SCPR           1.000         1.000         1.000
 CCPR           1.000         1.000         1.000         1.000
 PRNAPT         1.000         1.000         1.000         1.000         1.000
 PRNAPR         1.000         1.000         1.000         1.000         1.000
 PNAPT          0.990         0.990         0.990         0.990         0.990
 PNAPR          1.000         1.000         1.000         1.000         1.000
 ELPT           1.000         1.000         1.000         1.000         1.000
 ELPR           0.990         0.990         0.990         0.990         0.990


           Covariance Coverage
              PRNAPR        PNAPT         PNAPR         ELPT          ELPR
              ________      ________      ________      ________      ________
 PRNAPR         1.000
 PNAPT          0.990         0.990
 PNAPR          1.000         0.990         1.000
 ELPT           1.000         0.990         1.000         1.000
 ELPR           0.990         0.980         0.990         0.990         0.990



UNIVARIATE SAMPLE STATISTICS


     UNIVARIATE HIGHER-ORDER MOMENT DESCRIPTIVE STATISTICS

         Variable/         Mean/     Skewness/   Minimum/ % with                Percentiles
        Sample Size      Variance    Kurtosis    Maximum  Min/Max      20%/60%    40%/80%    Median

     SCPT                 30.559       0.551       7.450    1.01%      19.197     26.648     29.841
              99.000     129.762      -0.204      58.807    1.01%      31.821     39.920
     CCPT                 -0.890      -0.259     -81.685    1.01%     -26.415     -7.559      2.881
              99.000    1013.048       0.128      80.417    1.01%       8.529     24.280
     SCPR                 28.538       0.567       9.085    1.01%      16.451     24.118     27.494
              99.000     153.716      -0.221      66.121    1.01%      29.684     39.272
     CCPR                 -0.283      -0.178    -116.491    1.01%     -27.251     -8.605     -2.107
              99.000    1435.257       0.411      79.366    1.01%       5.588     28.790
     PRNAPT               16.030       1.450      10.000   13.13%      11.000     13.000     14.000
              99.000      31.928       2.460      39.000    1.01%      16.000     20.000
     PRNAPR               13.621       1.725      10.000   24.24%      10.000     11.000     12.000
              99.000      17.354       3.160      31.000    1.01%      13.000     16.000
     PNAPT                17.803       1.082      10.000   16.33%      11.000     13.000     16.000
              98.000      55.916       1.241      47.000    1.02%      19.000     24.000
     PNAPR                14.380       1.080      10.000   36.36%      10.000     11.000     12.000
              99.000      27.507      -0.070      30.000    1.01%      13.000     20.000
     ELPT                  9.658       0.082       1.375    1.01%       5.750      8.375      9.500
              99.000      15.289      -0.698      18.000    1.01%      10.625     12.875
     ELPR                  6.835       0.329       0.750    3.06%       3.250      5.250      6.812
              98.000      15.020      -0.679      15.625    1.02%       7.750     10.375


THE MODEL ESTIMATION TERMINATED NORMALLY

     USE THE FBITERATIONS OPTION TO INCREASE THE NUMBER OF ITERATIONS BY A FACTOR
     OF AT LEAST TWO TO CHECK CONVERGENCE AND THAT THE PSR VALUE DOES NOT INCREASE.



MODEL FIT INFORMATION

Number of Free Parameters                              38

Bayesian Posterior Predictive Checking using Chi-Square

          95% Confidence Interval for the Difference Between
          the Observed and the Replicated Chi-Square Values

                                -19.013            39.846

          Posterior Predictive P-Value              0.233

Information Criteria

          Deviance (DIC)                         6894.131
          Estimated Number of Parameters (pD)      35.867
          Bayesian (BIC)                         6995.838



MODEL RESULTS

                                Posterior  One-Tailed         95% C.I.
                    Estimate       S.D.      P-Value   Lower 2.5%  Upper 2.5%  Significance

 PRNAPT     ON
    ELPT               0.441       0.135      0.001       0.175       0.707      *

 PRNAPR     ON
    ELPR               0.300       0.104      0.002       0.099       0.504      *

 SCPR       ON
    ELPR               0.000       0.000      1.000       0.000       0.000
    PRNAPR             0.000       0.000      1.000       0.000       0.000

 CCPR       ON
    ELPR               1.788       0.630      0.003       0.544       3.015      *
    PRNAPR            -1.003       0.292      0.000      -1.580      -0.434      *

 SCPT       ON
    ELPT               0.000       0.000      1.000       0.000       0.000
    PRNAPT             0.000       0.000      1.000       0.000       0.000

 CCPT       ON
    ELPT              -0.838       0.552      0.063      -1.924       0.237
    PRNAPT            -1.003       0.292      0.000      -1.580      -0.434      *

 PNAPT      ON
    PRNAPT             0.799       0.103      0.000       0.596       1.002      *
    SCPT               0.000       0.000      1.000       0.000       0.000
    CCPT              -0.040       0.019      0.020      -0.078      -0.002      *

 PNAPR      ON
    PRNAPR             0.701       0.106      0.000       0.492       0.912      *
    SCPR               0.000       0.000      1.000       0.000       0.000
    CCPR               0.011       0.012      0.181      -0.013       0.034

 PRNAPT   WITH
    PRNAPR             7.188       2.562      0.001       2.681      12.795      *

 PNAPT    WITH
    PNAPR              7.080       2.963      0.004       1.831      13.490      *

 SCPT     WITH
    CCPT              16.322      43.264      0.343     -67.454     104.450
    SCPR             -22.692      17.261      0.082     -59.027       9.212
    CCPR             -41.442      52.077      0.203    -148.388      56.502

 SCPR     WITH
    CCPT               8.802      47.617      0.422     -85.852     103.301
    CCPR             -77.835      57.516      0.074    -199.251      28.439

 CCPT     WITH
    CCPR           -1028.004     181.272      0.000   -1447.810    -739.947      *

 ELPR     WITH
    ELPT               4.307       1.769      0.004       1.156       8.142      *

 Means
    ELPT               9.654       0.405      0.000       8.866      10.454      *
    ELPR               6.839       0.405      0.000       6.034       7.625      *

 Intercepts
    SCPT              30.566       1.211      0.000      28.186      32.916      *
    CCPT              23.308       6.771      0.000      10.035      36.562      *
    SCPR              28.544       1.325      0.000      25.945      31.145      *
    CCPR               1.150       6.859      0.434     -12.450      14.521
    PRNAPT            11.779       1.418      0.000       8.996      14.573      *
    PRNAPR            11.572       0.823      0.000       9.951      13.174      *
    PNAPT              4.876       1.762      0.003       1.427       8.317      *
    PNAPR              4.834       1.518      0.001       1.839       7.803      *

 Variances
    ELPT              16.201       2.452      0.000      12.363      21.845      *
    ELPR              15.905       2.414      0.000      12.049      21.486      *

 Residual Variances
    SCPT             143.679      22.399      0.000     109.115     196.712      *
    CCPT            1083.735     168.445      0.000     820.072    1478.746      *
    SCPR             170.435      26.360      0.000     128.974     232.221      *
    CCPR            1571.983     243.058      0.000    1184.711    2132.191      *
    PRNAPT            30.406       4.631      0.000      23.102      41.304      *
    PRNAPR            17.233       2.620      0.000      13.119      23.348      *
    PNAPT             33.685       5.203      0.000      25.466      45.693      *
    PNAPR             20.091       3.073      0.000      15.228      27.240      *


STANDARDIZED MODEL RESULTS


STDYX Standardization

                                Posterior  One-Tailed         95% C.I.
                    Estimate       S.D.      P-Value   Lower 2.5%  Upper 2.5%  Significance
 PRNAPT     ON
    ELPT               0.306       0.090      0.001       0.122       0.474      *

 PRNAPR     ON
    ELPR               0.277       0.091      0.002       0.092       0.448      *

 SCPR       ON
    ELPR               0.000       0.000      1.000       0.000       0.000
    PRNAPR             0.000       0.000      1.000       0.000       0.000

 CCPR       ON
    ELPR               0.177       0.062      0.003       0.055       0.299      *
    PRNAPR            -0.107       0.034      0.000      -0.177      -0.046      *

 SCPT       ON
    ELPT               0.000       0.000      1.000       0.000       0.000
    PRNAPT             0.000       0.000      1.000       0.000       0.000

 CCPT       ON
    ELPT              -0.100       0.066      0.063      -0.230       0.028
    PRNAPT            -0.172       0.052      0.000      -0.278      -0.074      *

 PNAPT      ON
    PRNAPT             0.601       0.066      0.000       0.459       0.713      *
    SCPT               0.000       0.000      1.000       0.000       0.000
    CCPT              -0.174       0.082      0.020      -0.333      -0.009      *

 PNAPR      ON
    PRNAPR             0.559       0.071      0.000       0.406       0.683      *
    SCPR               0.000       0.000      1.000       0.000       0.000
    CCPR               0.079       0.087      0.181      -0.096       0.248

 PRNAPT   WITH
    PRNAPR             0.317       0.093      0.001       0.123       0.487      *

 PNAPT    WITH
    PNAPR              0.275       0.098      0.004       0.073       0.455      *

 SCPT     WITH
    CCPT               0.042       0.105      0.343      -0.163       0.248
    SCPR              -0.147       0.103      0.082      -0.342       0.058
    CCPR              -0.088       0.104      0.203      -0.289       0.117

 SCPR     WITH
    CCPT               0.021       0.106      0.422      -0.190       0.227
    CCPR              -0.152       0.103      0.074      -0.348       0.055

 CCPT     WITH
    CCPR              -0.791       0.040      0.000      -0.857      -0.699      *

 ELPR     WITH
    ELPT               0.271       0.095      0.004       0.074       0.446      *

 Means
    ELPT               2.399       0.201      0.000       2.006       2.801      *
    ELPR               1.715       0.161      0.000       1.402       2.034      *

 Intercepts
    SCPT               2.549       0.215      0.000       2.132       2.975      *
    CCPT               0.688       0.197      0.000       0.295       1.068      *
    SCPR               2.187       0.191      0.000       1.813       2.565      *
    CCPR               0.028       0.170      0.434      -0.302       0.366
    PRNAPT             2.025       0.321      0.000       1.413       2.666      *
    PRNAPR             2.669       0.309      0.000       2.074       3.285      *
    PNAPT              0.628       0.254      0.003       0.167       1.158      *
    PNAPR              0.886       0.319      0.001       0.303       1.556      *

 Variances
    ELPT               1.000       0.000      0.000       1.000       1.000
    ELPR               1.000       0.000      0.000       1.000       1.000

 Residual Variances
    SCPT               1.000       0.000      0.000       1.000       1.000
    CCPT               0.947       0.026      0.000       0.884       0.983      *
    SCPR               1.000       0.000      0.000       1.000       1.000
    CCPR               0.966       0.020      0.000       0.915       0.991      *
    PRNAPT             0.906       0.055      0.000       0.776       0.985      *
    PRNAPR             0.923       0.050      0.000       0.799       0.992      *
    PNAPT              0.560       0.075      0.000       0.420       0.711      *
    PNAPR              0.679       0.078      0.000       0.525       0.826      *


STDY Standardization

                                Posterior  One-Tailed         95% C.I.
                    Estimate       S.D.      P-Value   Lower 2.5%  Upper 2.5%  Significance
 PRNAPT     ON
    ELPT               0.306       0.090      0.001       0.122       0.474      *

 PRNAPR     ON
    ELPR               0.277       0.091      0.002       0.092       0.448      *

 SCPR       ON
    ELPR               0.000       0.000      1.000       0.000       0.000
    PRNAPR             0.000       0.000      1.000       0.000       0.000

 CCPR       ON
    ELPR               0.177       0.062      0.003       0.055       0.299      *
    PRNAPR            -0.107       0.034      0.000      -0.177      -0.046      *

 SCPT       ON
    ELPT               0.000       0.000      1.000       0.000       0.000
    PRNAPT             0.000       0.000      1.000       0.000       0.000

 CCPT       ON
    ELPT              -0.100       0.066      0.063      -0.230       0.028
    PRNAPT            -0.172       0.052      0.000      -0.278      -0.074      *

 PNAPT      ON
    PRNAPT             0.601       0.066      0.000       0.459       0.713      *
    SCPT               0.000       0.000      1.000       0.000       0.000
    CCPT              -0.174       0.082      0.020      -0.333      -0.009      *

 PNAPR      ON
    PRNAPR             0.559       0.071      0.000       0.406       0.683      *
    SCPR               0.000       0.000      1.000       0.000       0.000
    CCPR               0.079       0.087      0.181      -0.096       0.248

 PRNAPT   WITH
    PRNAPR             0.317       0.093      0.001       0.123       0.487      *

 PNAPT    WITH
    PNAPR              0.275       0.098      0.004       0.073       0.455      *

 SCPT     WITH
    CCPT               0.042       0.105      0.343      -0.163       0.248
    SCPR              -0.147       0.103      0.082      -0.342       0.058
    CCPR              -0.088       0.104      0.203      -0.289       0.117

 SCPR     WITH
    CCPT               0.021       0.106      0.422      -0.190       0.227
    CCPR              -0.152       0.103      0.074      -0.348       0.055

 CCPT     WITH
    CCPR              -0.791       0.040      0.000      -0.857      -0.699      *

 ELPR     WITH
    ELPT               0.271       0.095      0.004       0.074       0.446      *

 Means
    ELPT               2.399       0.201      0.000       2.006       2.801      *
    ELPR               1.715       0.161      0.000       1.402       2.034      *

 Intercepts
    SCPT               2.549       0.215      0.000       2.132       2.975      *
    CCPT               0.688       0.197      0.000       0.295       1.068      *
    SCPR               2.187       0.191      0.000       1.813       2.565      *
    CCPR               0.028       0.170      0.434      -0.302       0.366
    PRNAPT             2.025       0.321      0.000       1.413       2.666      *
    PRNAPR             2.669       0.309      0.000       2.074       3.285      *
    PNAPT              0.628       0.254      0.003       0.167       1.158      *
    PNAPR              0.886       0.319      0.001       0.303       1.556      *

 Variances
    ELPT               1.000       0.000      0.000       1.000       1.000
    ELPR               1.000       0.000      0.000       1.000       1.000

 Residual Variances
    SCPT               1.000       0.000      0.000       1.000       1.000
    CCPT               0.947       0.026      0.000       0.884       0.983      *
    SCPR               1.000       0.000      0.000       1.000       1.000
    CCPR               0.966       0.020      0.000       0.915       0.991      *
    PRNAPT             0.906       0.055      0.000       0.776       0.985      *
    PRNAPR             0.923       0.050      0.000       0.799       0.992      *
    PNAPT              0.560       0.075      0.000       0.420       0.711      *
    PNAPR              0.679       0.078      0.000       0.525       0.826      *


STD Standardization

                                Posterior  One-Tailed         95% C.I.
                    Estimate       S.D.      P-Value   Lower 2.5%  Upper 2.5%  Significance
 PRNAPT     ON
    ELPT               0.441       0.135      0.001       0.175       0.707      *

 PRNAPR     ON
    ELPR               0.300       0.104      0.002       0.099       0.504      *

 SCPR       ON
    ELPR               0.000       0.000      1.000       0.000       0.000
    PRNAPR             0.000       0.000      1.000       0.000       0.000

 CCPR       ON
    ELPR               1.788       0.630      0.003       0.544       3.015      *
    PRNAPR            -1.003       0.292      0.000      -1.580      -0.434      *

 SCPT       ON
    ELPT               0.000       0.000      1.000       0.000       0.000
    PRNAPT             0.000       0.000      1.000       0.000       0.000

 CCPT       ON
    ELPT              -0.838       0.552      0.063      -1.924       0.237
    PRNAPT            -1.003       0.292      0.000      -1.580      -0.434      *

 PNAPT      ON
    PRNAPT             0.799       0.103      0.000       0.596       1.002      *
    SCPT               0.000       0.000      1.000       0.000       0.000
    CCPT              -0.040       0.019      0.020      -0.078      -0.002      *

 PNAPR      ON
    PRNAPR             0.701       0.106      0.000       0.492       0.912      *
    SCPR               0.000       0.000      1.000       0.000       0.000
    CCPR               0.011       0.012      0.181      -0.013       0.034

 PRNAPT   WITH
    PRNAPR             0.317       0.093      0.001       0.123       0.487      *

 PNAPT    WITH
    PNAPR              0.275       0.098      0.004       0.073       0.455      *

 SCPT     WITH
    CCPT               0.042       0.105      0.343      -0.163       0.248
    SCPR              -0.147       0.103      0.082      -0.342       0.058
    CCPR              -0.088       0.104      0.203      -0.289       0.117

 SCPR     WITH
    CCPT               0.021       0.106      0.422      -0.190       0.227
    CCPR              -0.152       0.103      0.074      -0.348       0.055

 CCPT     WITH
    CCPR              -0.791       0.040      0.000      -0.857      -0.699      *

 ELPR     WITH
    ELPT               0.271       0.095      0.004       0.074       0.446      *

 Means
    ELPT               9.654       0.405      0.000       8.866      10.454      *
    ELPR               6.839       0.405      0.000       6.034       7.625      *

 Intercepts
    SCPT              30.566       1.211      0.000      28.186      32.916      *
    CCPT              23.308       6.771      0.000      10.035      36.562      *
    SCPR              28.544       1.325      0.000      25.945      31.145      *
    CCPR               1.150       6.859      0.434     -12.450      14.521
    PRNAPT            11.779       1.418      0.000       8.996      14.573      *
    PRNAPR            11.572       0.823      0.000       9.951      13.174      *
    PNAPT              4.876       1.762      0.003       1.427       8.317      *
    PNAPR              4.834       1.518      0.001       1.839       7.803      *

 Variances
    ELPT              16.201       2.452      0.000      12.363      21.845      *
    ELPR              15.905       2.414      0.000      12.049      21.486      *

 Residual Variances
    SCPT             143.679      22.399      0.000     109.115     196.712      *
    CCPT            1083.735     168.445      0.000     820.072    1478.746      *
    SCPR             170.435      26.360      0.000     128.974     232.221      *
    CCPR            1571.983     243.058      0.000    1184.711    2132.191      *
    PRNAPT            30.406       4.631      0.000      23.102      41.304      *
    PRNAPR            17.233       2.620      0.000      13.119      23.348      *
    PNAPT             33.685       5.203      0.000      25.466      45.693      *
    PNAPR             20.091       3.073      0.000      15.228      27.240      *


R-SQUARE

                                Posterior  One-Tailed         95% C.I.
    Variable        Estimate       S.D.      P-Value   Lower 2.5%  Upper 2.5%

    SCPT               0.000       0.000      1.000       0.000       0.000
    CCPT               0.053       0.026      0.000       0.017       0.116
    SCPR               0.000       0.000      1.000       0.000       0.000
    CCPR               0.034       0.020      0.000       0.009       0.085
    PRNAPT             0.094       0.055      0.000       0.015       0.224
    PRNAPR             0.077       0.050      0.000       0.008       0.201
    PNAPT              0.440       0.075      0.000       0.289       0.580
    PNAPR              0.321       0.078      0.000       0.174       0.475


     Beginning Time:  12:42:39
        Ending Time:  12:42:45
       Elapsed Time:  00:00:06



MUTHEN & MUTHEN
3463 Stoner Ave.
Los Angeles, CA  90066

Tel: (310) 391-9971
Fax: (310) 391-8971
Web: www.StatModel.com
Support: Support@StatModel.com

Copyright (c) 1998-2017 Muthen & Muthen
