Mplus VERSION 8 (Mac)
MUTHEN & MUTHEN
12/10/2018   4:22 PM

INPUT INSTRUCTIONS

  TITLE:
  Testing
  DATA:
  FILE = "../../df67.dat";

  VARIABLE:
  VARIABLE:
  NAMES = PTNUM scpt ccpt scpr ccpr ECRanx_1 ECRanx_0 prnapt
  prnapr pnapt pnapr elpt elpr whichdf_num id;
   MISSING=.;
  USEVARIABLES = scpt ccpt scpr ccpr ECRanx_1 ECRanx_0 prnapt
  prnapr pnapt pnapr elpt elpr id;
  IDVARIABLE IS id;
  USEOBSERVATIONS = whichdf_num NE 1;
  ANALYSIS:
  !ESTIMATOR=BAYES; PROCESSORS = 2;BITERATIONS = (30000);
  ESTIMATOR = MLR;
  MODEL:
  scpt ON elpt;
  scpr ON elpr;
  ccpt ON elpt* (u);
  ccpr ON elpr;
  prnapt ON elpt* (w);
  prnapr ON elpr* (j);
  ECRanx_1 ON pnapt* (h);
  ECRanx_0 ON pnapr* (k);
  pnapt WITH pnapr;
  pnapt ON prnapt;
  pnapt ON scpt;
  pnapt ON ccpt* (c);
  pnapr ON prnapr;
  pnapr ON scpr;
  pnapr ON ccpr* (d);
  scpt ON prnapt* (a1);
  scpr ON prnapr* (a1);
  ccpt ON prnapt* (b1);
  ccpr ON prnapr* (b1);
  scpt WITH ccpt;
  scpt WITH scpr;
  scpt WITH ccpr;
  scpr WITH ccpt;
  ccpt WITH ccpr;
  scpr WITH ccpr;
  scpt WITH scpt;
  scpr WITH scpr;
  ccpt WITH ccpt;
  ccpr WITH ccpr;
  prnapt WITH prnapt;
  prnapr WITH prnapr;
  ECRanx_1 WITH ECRanx_1;
  ECRanx_0 WITH ECRanx_0;
  pnapt WITH pnapt;
  pnapr WITH pnapr;
  ECRanx_1 WITH ECRanx_0;
  elpt WITH elpt;
  elpt WITH elpr;
  elpr WITH elpr;
  [scpt];
  [scpr];
  [ccpt];
  [ccpr];
  [prnapt];
  [prnapr];
  [ECRanx_1];
  [ECRanx_0];
  [pnapt];
  [pnapr];
  [elpt];
  [elpr];
  ECRANX_1 ON ELPT;
  ECRANX_0 ON ELPR;
  PRNAPR   WITH PRNAPT;
  !MODEL CONSTRAINT:
  !NEW ( b1c b1d hb1c whb1c uhc );
  !b1c = b1*c;
  !b1d = b1*d;
  !hb1c = h*b1*c;
  !whb1c = w*h*b1*c;
  !uhc = u*h*c;


  OUTPUT:
  STANDARDIZED;  MODINDICES(ALL 5);



INPUT READING TERMINATED NORMALLY




Testing

SUMMARY OF ANALYSIS

Number of groups                                                 1
Number of observations                                          88

Number of dependent variables                                   10
Number of independent variables                                  2
Number of continuous latent variables                            0

Observed dependent variables

  Continuous
   SCPT        CCPT        SCPR        CCPR        ECRANX_1    ECRANX_0
   PRNAPT      PRNAPR      PNAPT       PNAPR

Observed independent variables
   ELPT        ELPR

Variables with special functions

  ID variable           ID

Estimator                                                      MLR
Information matrix                                        OBSERVED
Maximum number of iterations                                  1000
Convergence criterion                                    0.500D-04
Maximum number of steepest descent iterations                   20
Maximum number of iterations for H1                           2000
Convergence criterion for H1                             0.100D-03

Input data file(s)
  ../../df67.dat

Input data format  FREE


SUMMARY OF DATA

     Number of missing data patterns             3


COVARIANCE COVERAGE OF DATA

Minimum covariance coverage value   0.100


     PROPORTION OF DATA PRESENT


           Covariance Coverage
              SCPT          CCPT          SCPR          CCPR          ECRANX_1
              ________      ________      ________      ________      ________
 SCPT           1.000
 CCPT           1.000         1.000
 SCPR           1.000         1.000         1.000
 CCPR           1.000         1.000         1.000         1.000
 ECRANX_1       0.989         0.989         0.989         0.989         0.989
 ECRANX_0       0.989         0.989         0.989         0.989         0.977
 PRNAPT         1.000         1.000         1.000         1.000         0.989
 PRNAPR         1.000         1.000         1.000         1.000         0.989
 PNAPT          1.000         1.000         1.000         1.000         0.989
 PNAPR          1.000         1.000         1.000         1.000         0.989
 ELPT           1.000         1.000         1.000         1.000         0.989
 ELPR           0.989         0.989         0.989         0.989         0.977


           Covariance Coverage
              ECRANX_0      PRNAPT        PRNAPR        PNAPT         PNAPR
              ________      ________      ________      ________      ________
 ECRANX_0       0.989
 PRNAPT         0.989         1.000
 PRNAPR         0.989         1.000         1.000
 PNAPT          0.989         1.000         1.000         1.000
 PNAPR          0.989         1.000         1.000         1.000         1.000
 ELPT           0.989         1.000         1.000         1.000         1.000
 ELPR           0.989         0.989         0.989         0.989         0.989


           Covariance Coverage
              ELPT          ELPR
              ________      ________
 ELPT           1.000
 ELPR           0.989         0.989



UNIVARIATE SAMPLE STATISTICS


     UNIVARIATE HIGHER-ORDER MOMENT DESCRIPTIVE STATISTICS

         Variable/         Mean/     Skewness/   Minimum/ % with                Percentiles
        Sample Size      Variance    Kurtosis    Maximum  Min/Max      20%/60%    40%/80%    Median

     SCPT                 29.904       0.447       7.450    1.14%      18.851     26.006     29.808
              88.000     119.908      -0.295      58.807    1.14%      31.821     39.068
     CCPT                 -2.561      -0.381     -81.685    1.14%     -26.479     -9.146     -0.357
              88.000     925.867       0.006      69.376    1.14%       8.491     23.939
     SCPR                 28.846       0.533       9.085    1.14%      16.090     24.118     27.522
              88.000     164.157      -0.362      66.121    1.14%      29.896     39.993
     CCPR                  0.147      -0.272    -116.491    1.14%     -26.910     -8.605     -2.061
              88.000    1475.762       0.413      79.366    1.14%       6.439     30.536
     ECRANX_1              3.568       0.167       1.222    2.30%       2.444      3.056      3.444
              87.000       1.389      -0.814       6.000    1.15%       3.889      4.722
     ECRANX_0              2.991       0.362       1.000    2.30%       1.889      2.556      2.778
              87.000       1.418      -0.757       6.000    1.15%       3.000      4.111
     PRNAPT               16.364       1.358      10.000   12.50%      11.000     13.000     15.000
              88.000      33.959       2.059      39.000    1.14%      16.000     21.000
     PRNAPR               13.551       1.879      10.000   23.86%      10.000     11.000     12.000
              88.000      17.165       3.865      31.000    1.14%      13.000     16.000
     PNAPT                18.087       1.052      10.000   15.91%      11.000     14.000     16.500
              88.000      57.612       1.183      47.000    1.14%      20.000     25.000
     PNAPR                14.576       1.008      10.000   35.23%      10.000     11.000     13.000
              88.000      28.561      -0.245      30.000    1.14%      13.333     20.000
     ELPT                  9.909       0.088       2.125    1.14%       5.750      8.750      9.875
              88.000      15.262      -0.808      18.000    1.14%      11.125     13.375
     ELPR                  6.948       0.278       0.750    3.45%       3.250      5.500      7.125
              87.000      15.161      -0.654      15.625    1.15%       7.875     10.375


THE MODEL ESTIMATION TERMINATED NORMALLY



MODEL FIT INFORMATION

Number of Free Parameters                       52

Loglikelihood

          H0 Value                       -3280.368
          H0 Scaling Correction Factor      1.0818
            for MLR
          H1 Value                       -3257.682
          H1 Scaling Correction Factor      1.0585
            for MLR

Information Criteria

          Akaike (AIC)                    6664.737
          Bayesian (BIC)                  6793.558
          Sample-Size Adjusted BIC        6629.468
            (n* = (n + 2) / 24)

Chi-Square Test of Model Fit

          Value                             44.197*
          Degrees of Freedom                    38
          P-Value                           0.2263
          Scaling Correction Factor         1.0266
            for MLR

*   The chi-square value for MLM, MLMV, MLR, ULSMV, WLSM and WLSMV cannot be used
    for chi-square difference testing in the regular way.  MLM, MLR and WLSM
    chi-square difference testing is described on the Mplus website.  MLMV, WLSMV,
    and ULSMV difference testing is done using the DIFFTEST option.

RMSEA (Root Mean Square Error Of Approximation)

          Estimate                           0.043
          90 Percent C.I.                    0.000  0.090
          Probability RMSEA <= .05           0.554

CFI/TLI

          CFI                                0.975
          TLI                                0.957

Chi-Square Test of Model Fit for the Baseline Model

          Value                            310.455
          Degrees of Freedom                    65
          P-Value                           0.0000

SRMR (Standardized Root Mean Square Residual)

          Value                              0.069



MODEL RESULTS

                                                    Two-Tailed
                    Estimate       S.E.  Est./S.E.    P-Value

 SCPT     ON
    ELPT               0.281      0.298      0.941      0.347
    PRNAPT             0.169      0.175      0.968      0.333

 SCPR     ON
    ELPR              -0.268      0.354     -0.757      0.449
    PRNAPR             0.169      0.175      0.968      0.333

 CCPT     ON
    ELPT              -0.627      0.558     -1.123      0.261
    PRNAPT            -1.074      0.286     -3.756      0.000

 CCPR     ON
    ELPR               2.183      0.681      3.207      0.001
    PRNAPR            -1.074      0.286     -3.756      0.000

 PRNAPT   ON
    ELPT               0.428      0.138      3.107      0.002

 PRNAPR   ON
    ELPR               0.325      0.124      2.629      0.009

 ECRANX_1 ON
    PNAPT              0.046      0.014      3.215      0.001
    ELPT               0.112      0.029      3.920      0.000

 ECRANX_0 ON
    PNAPR              0.045      0.023      1.968      0.049
    ELPR               0.110      0.033      3.353      0.001

 PNAPT    ON
    PRNAPT             0.781      0.102      7.627      0.000
    SCPT              -0.041      0.054     -0.765      0.444
    CCPT              -0.047      0.019     -2.468      0.014

 PNAPR    ON
    PRNAPR             0.754      0.110      6.881      0.000
    SCPR              -0.057      0.032     -1.795      0.073
    CCPR               0.010      0.010      1.058      0.290

 PNAPT    WITH
    PNAPR              5.558      2.616      2.125      0.034

 SCPT     WITH
    CCPT              29.211     28.600      1.021      0.307
    SCPR             -18.317     15.817     -1.158      0.247
    CCPR             -54.045     40.582     -1.332      0.183

 SCPR     WITH
    CCPT               5.420     43.723      0.124      0.901
    CCPR             -66.158     61.170     -1.082      0.279

 CCPT     WITH
    CCPR            -911.204    134.982     -6.751      0.000

 PRNAPT   WITH
    PRNAPR             7.098      4.128      1.720      0.086

 ECRANX_1 WITH
    ECRANX_0           0.044      0.117      0.375      0.708

 ELPT     WITH
    ELPR               4.367      1.640      2.662      0.008

 Means
    ELPT               9.909      0.416     23.795      0.000
    ELPR               6.947      0.417     16.672      0.000

 Intercepts
    SCPT              24.361      4.094      5.950      0.000
    CCPT              21.215      7.474      2.839      0.005
    SCPR              28.418      3.318      8.565      0.000
    CCPR              -0.471      6.993     -0.067      0.946
    ECRANX_1           1.637      0.304      5.391      0.000
    ECRANX_0           1.574      0.357      4.403      0.000
    PRNAPT            12.121      1.398      8.670      0.000
    PRNAPR            11.291      0.796     14.179      0.000
    PNAPT              6.421      2.216      2.897      0.004
    PNAPR              5.998      1.634      3.670      0.000

 Variances
    ELPT              15.262      1.776      8.591      0.000
    ELPR              15.117      1.878      8.049      0.000

 Residual Variances
    SCPT             118.077     16.941      6.970      0.000
    CCPT             897.945    142.504      6.301      0.000
    SCPR             160.598     20.997      7.649      0.000
    CCPR            1447.491    215.806      6.707      0.000
    ECRANX_1           0.977      0.119      8.240      0.000
    ECRANX_0           1.090      0.141      7.741      0.000
    PRNAPT            30.794      6.789      4.536      0.000
    PRNAPR            15.723      3.885      4.047      0.000
    PNAPT             31.578      7.584      4.164      0.000
    PNAPR             18.475      3.078      6.002      0.000


STANDARDIZED MODEL RESULTS


STDYX Standardization

                                                    Two-Tailed
                    Estimate       S.E.  Est./S.E.    P-Value

 SCPT     ON
    ELPT               0.100      0.107      0.931      0.352
    PRNAPT             0.089      0.094      0.942      0.346

 SCPR     ON
    ELPR              -0.082      0.107     -0.762      0.446
    PRNAPR             0.055      0.056      0.979      0.328

 CCPT     ON
    ELPT              -0.079      0.070     -1.139      0.255
    PRNAPT            -0.202      0.054     -3.733      0.000

 CCPR     ON
    ELPR               0.218      0.060      3.631      0.000
    PRNAPR            -0.115      0.033     -3.469      0.001

 PRNAPT   ON
    ELPT               0.289      0.093      3.098      0.002

 PRNAPR   ON
    ELPR               0.304      0.103      2.959      0.003

 ECRANX_1 ON
    PNAPT              0.298      0.081      3.652      0.000
    ELPT               0.378      0.094      4.030      0.000

 ECRANX_0 ON
    PNAPR              0.206      0.109      1.898      0.058
    ELPR               0.364      0.101      3.598      0.000

 PNAPT    ON
    PRNAPT             0.600      0.068      8.820      0.000
    SCPT              -0.060      0.078     -0.774      0.439
    CCPT              -0.192      0.083     -2.306      0.021

 PNAPR    ON
    PRNAPR             0.584      0.058     10.143      0.000
    SCPR              -0.135      0.074     -1.813      0.070
    CCPR               0.075      0.071      1.054      0.292

 PNAPT    WITH
    PNAPR              0.230      0.106      2.173      0.030

 SCPT     WITH
    CCPT               0.090      0.086      1.040      0.298
    SCPR              -0.133      0.117     -1.138      0.255
    CCPR              -0.131      0.094     -1.385      0.166

 SCPR     WITH
    CCPT               0.014      0.115      0.124      0.901
    CCPR              -0.137      0.121     -1.134      0.257

 CCPT     WITH
    CCPR              -0.799      0.031    -25.664      0.000

 PRNAPT   WITH
    PRNAPR             0.323      0.145      2.229      0.026

 ECRANX_1 WITH
    ECRANX_0           0.043      0.112      0.379      0.705

 ELPT     WITH
    ELPR               0.287      0.103      2.800      0.005

 Means
    ELPT               2.537      0.175     14.499      0.000
    ELPR               1.787      0.135     13.274      0.000

 Intercepts
    SCPT               2.216      0.383      5.793      0.000
    CCPT               0.688      0.236      2.917      0.004
    SCPR               2.235      0.274      8.145      0.000
    CCPR              -0.012      0.179     -0.068      0.946
    ECRANX_1           1.410      0.314      4.484      0.000
    ECRANX_0           1.344      0.332      4.051      0.000
    PRNAPT             2.091      0.322      6.500      0.000
    PRNAPR             2.713      0.432      6.276      0.000
    PNAPT              0.851      0.305      2.787      0.005
    PNAPR              1.117      0.322      3.468      0.001

 Variances
    ELPT               1.000      0.000    999.000    999.000
    ELPR               1.000      0.000    999.000    999.000

 Residual Variances
    SCPT               0.977      0.033     29.869      0.000
    CCPT               0.944      0.025     37.063      0.000
    SCPR               0.993      0.016     63.948      0.000
    CCPR               0.955      0.023     42.174      0.000
    ECRANX_1           0.725      0.071     10.186      0.000
    ECRANX_0           0.795      0.082      9.651      0.000
    PRNAPT             0.917      0.054     17.053      0.000
    PRNAPR             0.908      0.062     14.550      0.000
    PNAPT              0.555      0.081      6.827      0.000
    PNAPR              0.641      0.066      9.748      0.000


STDY Standardization

                                                    Two-Tailed
                    Estimate       S.E.  Est./S.E.    P-Value

 SCPT     ON
    ELPT               0.100      0.107      0.931      0.352
    PRNAPT             0.089      0.094      0.942      0.346

 SCPR     ON
    ELPR              -0.082      0.107     -0.762      0.446
    PRNAPR             0.055      0.056      0.979      0.328

 CCPT     ON
    ELPT              -0.079      0.070     -1.139      0.255
    PRNAPT            -0.202      0.054     -3.733      0.000

 CCPR     ON
    ELPR               0.218      0.060      3.631      0.000
    PRNAPR            -0.115      0.033     -3.469      0.001

 PRNAPT   ON
    ELPT               0.289      0.093      3.098      0.002

 PRNAPR   ON
    ELPR               0.304      0.103      2.959      0.003

 ECRANX_1 ON
    PNAPT              0.298      0.081      3.652      0.000
    ELPT               0.378      0.094      4.030      0.000

 ECRANX_0 ON
    PNAPR              0.206      0.109      1.898      0.058
    ELPR               0.364      0.101      3.598      0.000

 PNAPT    ON
    PRNAPT             0.600      0.068      8.820      0.000
    SCPT              -0.060      0.078     -0.774      0.439
    CCPT              -0.192      0.083     -2.306      0.021

 PNAPR    ON
    PRNAPR             0.584      0.058     10.143      0.000
    SCPR              -0.135      0.074     -1.813      0.070
    CCPR               0.075      0.071      1.054      0.292

 PNAPT    WITH
    PNAPR              0.230      0.106      2.173      0.030

 SCPT     WITH
    CCPT               0.090      0.086      1.040      0.298
    SCPR              -0.133      0.117     -1.138      0.255
    CCPR              -0.131      0.094     -1.385      0.166

 SCPR     WITH
    CCPT               0.014      0.115      0.124      0.901
    CCPR              -0.137      0.121     -1.134      0.257

 CCPT     WITH
    CCPR              -0.799      0.031    -25.664      0.000

 PRNAPT   WITH
    PRNAPR             0.323      0.145      2.229      0.026

 ECRANX_1 WITH
    ECRANX_0           0.043      0.112      0.379      0.705

 ELPT     WITH
    ELPR               0.287      0.103      2.800      0.005

 Means
    ELPT               2.537      0.175     14.499      0.000
    ELPR               1.787      0.135     13.274      0.000

 Intercepts
    SCPT               2.216      0.383      5.793      0.000
    CCPT               0.688      0.236      2.917      0.004
    SCPR               2.235      0.274      8.145      0.000
    CCPR              -0.012      0.179     -0.068      0.946
    ECRANX_1           1.410      0.314      4.484      0.000
    ECRANX_0           1.344      0.332      4.051      0.000
    PRNAPT             2.091      0.322      6.500      0.000
    PRNAPR             2.713      0.432      6.276      0.000
    PNAPT              0.851      0.305      2.787      0.005
    PNAPR              1.117      0.322      3.468      0.001

 Variances
    ELPT               1.000      0.000    999.000    999.000
    ELPR               1.000      0.000    999.000    999.000

 Residual Variances
    SCPT               0.977      0.033     29.869      0.000
    CCPT               0.944      0.025     37.063      0.000
    SCPR               0.993      0.016     63.948      0.000
    CCPR               0.955      0.023     42.174      0.000
    ECRANX_1           0.725      0.071     10.186      0.000
    ECRANX_0           0.795      0.082      9.651      0.000
    PRNAPT             0.917      0.054     17.053      0.000
    PRNAPR             0.908      0.062     14.550      0.000
    PNAPT              0.555      0.081      6.827      0.000
    PNAPR              0.641      0.066      9.748      0.000


STD Standardization

                                                    Two-Tailed
                    Estimate       S.E.  Est./S.E.    P-Value

 SCPT     ON
    ELPT               0.281      0.298      0.941      0.347
    PRNAPT             0.169      0.175      0.968      0.333

 SCPR     ON
    ELPR              -0.268      0.354     -0.757      0.449
    PRNAPR             0.169      0.175      0.968      0.333

 CCPT     ON
    ELPT              -0.627      0.558     -1.123      0.261
    PRNAPT            -1.074      0.286     -3.756      0.000

 CCPR     ON
    ELPR               2.183      0.681      3.207      0.001
    PRNAPR            -1.074      0.286     -3.756      0.000

 PRNAPT   ON
    ELPT               0.428      0.138      3.107      0.002

 PRNAPR   ON
    ELPR               0.325      0.124      2.629      0.009

 ECRANX_1 ON
    PNAPT              0.046      0.014      3.215      0.001
    ELPT               0.112      0.029      3.920      0.000

 ECRANX_0 ON
    PNAPR              0.045      0.023      1.968      0.049
    ELPR               0.110      0.033      3.353      0.001

 PNAPT    ON
    PRNAPT             0.781      0.102      7.627      0.000
    SCPT              -0.041      0.054     -0.765      0.444
    CCPT              -0.047      0.019     -2.468      0.014

 PNAPR    ON
    PRNAPR             0.754      0.110      6.881      0.000
    SCPR              -0.057      0.032     -1.795      0.073
    CCPR               0.010      0.010      1.058      0.290

 PNAPT    WITH
    PNAPR              5.558      2.616      2.125      0.034

 SCPT     WITH
    CCPT              29.211     28.600      1.021      0.307
    SCPR             -18.317     15.817     -1.158      0.247
    CCPR             -54.045     40.582     -1.332      0.183

 SCPR     WITH
    CCPT               5.420     43.723      0.124      0.901
    CCPR             -66.158     61.170     -1.082      0.279

 CCPT     WITH
    CCPR            -911.204    134.982     -6.751      0.000

 PRNAPT   WITH
    PRNAPR             7.098      4.128      1.720      0.086

 ECRANX_1 WITH
    ECRANX_0           0.044      0.117      0.375      0.708

 ELPT     WITH
    ELPR               4.367      1.640      2.662      0.008

 Means
    ELPT               9.909      0.416     23.795      0.000
    ELPR               6.947      0.417     16.672      0.000

 Intercepts
    SCPT              24.361      4.094      5.950      0.000
    CCPT              21.215      7.474      2.839      0.005
    SCPR              28.418      3.318      8.565      0.000
    CCPR              -0.471      6.993     -0.067      0.946
    ECRANX_1           1.637      0.304      5.391      0.000
    ECRANX_0           1.574      0.357      4.403      0.000
    PRNAPT            12.121      1.398      8.670      0.000
    PRNAPR            11.291      0.796     14.179      0.000
    PNAPT              6.421      2.216      2.897      0.004
    PNAPR              5.998      1.634      3.670      0.000

 Variances
    ELPT              15.262      1.776      8.591      0.000
    ELPR              15.117      1.878      8.049      0.000

 Residual Variances
    SCPT             118.077     16.941      6.970      0.000
    CCPT             897.945    142.504      6.301      0.000
    SCPR             160.598     20.997      7.649      0.000
    CCPR            1447.491    215.806      6.707      0.000
    ECRANX_1           0.977      0.119      8.240      0.000
    ECRANX_0           1.090      0.141      7.741      0.000
    PRNAPT            30.794      6.789      4.536      0.000
    PRNAPR            15.723      3.885      4.047      0.000
    PNAPT             31.578      7.584      4.164      0.000
    PNAPR             18.475      3.078      6.002      0.000


R-SQUARE

    Observed                                        Two-Tailed
    Variable        Estimate       S.E.  Est./S.E.    P-Value

    SCPT               0.023      0.033      0.703      0.482
    CCPT               0.056      0.025      2.208      0.027
    SCPR               0.007      0.016      0.451      0.652
    CCPR               0.045      0.023      2.009      0.045
    ECRANX_1           0.275      0.071      3.857      0.000
    ECRANX_0           0.205      0.082      2.495      0.013
    PRNAPT             0.083      0.054      1.549      0.121
    PRNAPR             0.092      0.062      1.480      0.139
    PNAPT              0.445      0.081      5.472      0.000
    PNAPR              0.359      0.066      5.471      0.000


QUALITY OF NUMERICAL RESULTS

     Condition Number for the Information Matrix              0.999E-07
       (ratio of smallest to largest eigenvalue)


MODEL MODIFICATION INDICES

Minimum M.I. value for printing the modification index     5.000

                                   M.I.     E.P.C.  Std E.P.C.  StdYX E.P.C.

ON Statements

SCPT     ON PNAPT                  5.084    -0.889     -0.889       -0.610
PNAPR    ON ECRANX_0               5.945     1.480      1.480        0.323
PNAPR    ON ELPR                   6.873     0.329      0.329        0.238

WITH Statements

PNAPR    WITH PRNAPR               6.463   -10.232    -10.232       -0.600
ELPR     WITH PNAPR                7.092     4.813      4.813        0.288


     Beginning Time:  16:22:39
        Ending Time:  16:22:39
       Elapsed Time:  00:00:00



MUTHEN & MUTHEN
3463 Stoner Ave.
Los Angeles, CA  90066

Tel: (310) 391-9971
Fax: (310) 391-8971
Web: www.StatModel.com
Support: Support@StatModel.com

Copyright (c) 1998-2017 Muthen & Muthen
