Mplus VERSION 8 (Mac)
MUTHEN & MUTHEN
12/10/2018   4:21 PM

INPUT INSTRUCTIONS

  TITLE:
  Testing
  DATA:
  FILE = "../../df67.dat";

  VARIABLE:
  VARIABLE:
  NAMES = PTNUM scpt ccpt scpr ccpr ECRanx_1 ECRanx_0 prnapt
  prnapr pnapt pnapr elpt elpr whichdf_num id;
   MISSING=.;
  USEVARIABLES = scpt ccpt scpr ccpr ECRanx_1 ECRanx_0 prnapt
  prnapr pnapt pnapr elpt elpr id;
  IDVARIABLE IS id;
  USEOBSERVATIONS = id NE 99;
  ANALYSIS:
  !ESTIMATOR=BAYES; PROCESSORS = 2;BITERATIONS = (30000);
  ESTIMATOR = MLR;
  MODEL:
  scpt ON elpt;
  scpr ON elpr;
  ccpt ON elpt* (u);
  ccpr ON elpr;
  prnapt ON elpt* (w);
  prnapr ON elpr* (j);
  ECRanx_1 ON pnapt* (h);
  ECRanx_0 ON pnapr* (k);
  pnapt WITH pnapr;
  pnapt ON prnapt;
  pnapt ON scpt;
  pnapt ON ccpt* (c);
  pnapr ON prnapr;
  pnapr ON scpr;
  pnapr ON ccpr* (d);
  scpt ON prnapt* (a1);
  scpr ON prnapr* (a1);
  ccpt ON prnapt* (b1);
  ccpr ON prnapr* (b1);
  scpt WITH ccpt;
  scpt WITH scpr;
  scpt WITH ccpr;
  scpr WITH ccpt;
  ccpt WITH ccpr;
  scpr WITH ccpr;
  scpt WITH scpt;
  scpr WITH scpr;
  ccpt WITH ccpt;
  ccpr WITH ccpr;
  prnapt WITH prnapt;
  prnapr WITH prnapr;
  ECRanx_1 WITH ECRanx_1;
  ECRanx_0 WITH ECRanx_0;
  pnapt WITH pnapt;
  pnapr WITH pnapr;
  ECRanx_1 WITH ECRanx_0;
  elpt WITH elpt;
  elpt WITH elpr;
  elpr WITH elpr;
  [scpt];
  [scpr];
  [ccpt];
  [ccpr];
  [prnapt];
  [prnapr];
  [ECRanx_1];
  [ECRanx_0];
  [pnapt];
  [pnapr];
  [elpt];
  [elpr];
  ECRANX_1 ON ELPT;
  ECRANX_0 ON ELPR;
  PRNAPR   WITH PRNAPT;
  !MODEL CONSTRAINT:
  !NEW ( b1c b1d hb1c whb1c uhc );
  !b1c = b1*c;
  !b1d = b1*d;
  !hb1c = h*b1*c;
  !whb1c = w*h*b1*c;
  !uhc = u*h*c;


  OUTPUT:
  STANDARDIZED;  MODINDICES(ALL 5);



INPUT READING TERMINATED NORMALLY




Testing

SUMMARY OF ANALYSIS

Number of groups                                                 1
Number of observations                                          98

Number of dependent variables                                   10
Number of independent variables                                  2
Number of continuous latent variables                            0

Observed dependent variables

  Continuous
   SCPT        CCPT        SCPR        CCPR        ECRANX_1    ECRANX_0
   PRNAPT      PRNAPR      PNAPT       PNAPR

Observed independent variables
   ELPT        ELPR

Variables with special functions

  ID variable           ID

Estimator                                                      MLR
Information matrix                                        OBSERVED
Maximum number of iterations                                  1000
Convergence criterion                                    0.500D-04
Maximum number of steepest descent iterations                   20
Maximum number of iterations for H1                           2000
Convergence criterion for H1                             0.100D-03

Input data file(s)
  ../../df67.dat

Input data format  FREE


SUMMARY OF DATA

     Number of missing data patterns             3


COVARIANCE COVERAGE OF DATA

Minimum covariance coverage value   0.100


     PROPORTION OF DATA PRESENT


           Covariance Coverage
              SCPT          CCPT          SCPR          CCPR          ECRANX_1
              ________      ________      ________      ________      ________
 SCPT           1.000
 CCPT           1.000         1.000
 SCPR           1.000         1.000         1.000
 CCPR           1.000         1.000         1.000         1.000
 ECRANX_1       1.000         1.000         1.000         1.000         1.000
 ECRANX_0       0.990         0.990         0.990         0.990         0.990
 PRNAPT         1.000         1.000         1.000         1.000         1.000
 PRNAPR         1.000         1.000         1.000         1.000         1.000
 PNAPT          0.990         0.990         0.990         0.990         0.990
 PNAPR          1.000         1.000         1.000         1.000         1.000
 ELPT           1.000         1.000         1.000         1.000         1.000
 ELPR           0.990         0.990         0.990         0.990         0.990


           Covariance Coverage
              ECRANX_0      PRNAPT        PRNAPR        PNAPT         PNAPR
              ________      ________      ________      ________      ________
 ECRANX_0       0.990
 PRNAPT         0.990         1.000
 PRNAPR         0.990         1.000         1.000
 PNAPT          0.980         0.990         0.990         0.990
 PNAPR          0.990         1.000         1.000         0.990         1.000
 ELPT           0.990         1.000         1.000         0.990         1.000
 ELPR           0.990         0.990         0.990         0.980         0.990


           Covariance Coverage
              ELPT          ELPR
              ________      ________
 ELPT           1.000
 ELPR           0.990         0.990



UNIVARIATE SAMPLE STATISTICS


     UNIVARIATE HIGHER-ORDER MOMENT DESCRIPTIVE STATISTICS

         Variable/         Mean/     Skewness/   Minimum/ % with                Percentiles
        Sample Size      Variance    Kurtosis    Maximum  Min/Max      20%/60%    40%/80%    Median

     SCPT                 30.568       0.545       7.450    1.02%      19.197     26.138     29.895
              98.000     131.078      -0.234      58.807    1.02%      32.363     39.920
     CCPT                 -1.222      -0.242     -81.685    1.02%     -26.415     -7.919      2.523
              98.000    1012.491       0.141      80.417    1.02%       8.529     23.939
     SCPR                 28.154       0.427       9.085    1.02%      16.451     23.579     27.418
              98.000     140.724      -0.630      55.404    1.02%      29.684     38.757
     CCPR                  0.903       0.033     -92.982    1.02%     -26.910     -8.605     -2.061
              98.000    1310.698       0.038      79.366    1.02%       6.146     28.790
     ECRANX_1              3.551       0.253       1.222    2.04%       2.500      2.944      3.389
              98.000       1.360      -0.769       6.000    1.02%       3.833      4.611
     ECRANX_0              2.933       0.464       1.000    2.06%       1.833      2.444      2.722
              97.000       1.497      -0.670       6.000    1.03%       2.944      4.111
     PRNAPT               15.796       1.149      10.000   13.27%      11.000     13.000     14.000
              98.000      26.815       1.065      34.000    1.02%      16.000     19.000
     PRNAPR               13.494       1.769      10.000   24.49%      10.000     11.000     12.000
              98.000      15.952       3.641      31.000    1.02%      13.000     16.000
     PNAPT                17.677       1.127      10.000   16.49%      11.000     13.000     16.000
              97.000      54.943       1.437      47.000    1.03%      19.000     24.000
     PNAPR                14.303       1.123      10.000   36.73%      10.000     11.000     12.000
              98.000      27.189       0.048      30.000    1.02%      13.000     19.000
     ELPT                  9.627       0.102       1.375    1.02%       5.750      8.375      9.438
              98.000      15.347      -0.693      18.000    1.02%      10.625     12.875
     ELPR                  6.831       0.331       0.750    3.09%       3.250      5.250      6.625
              97.000      15.173      -0.701      15.625    1.03%       7.750     10.375


THE MODEL ESTIMATION TERMINATED NORMALLY



MODEL FIT INFORMATION

Number of Free Parameters                       52

Loglikelihood

          H0 Value                       -3637.327
          H0 Scaling Correction Factor      1.0766
            for MLR
          H1 Value                       -3614.416
          H1 Scaling Correction Factor      1.0578
            for MLR

Information Criteria

          Akaike (AIC)                    7378.654
          Bayesian (BIC)                  7513.072
          Sample-Size Adjusted BIC        7348.864
            (n* = (n + 2) / 24)

Chi-Square Test of Model Fit

          Value                             44.398*
          Degrees of Freedom                    38
          P-Value                           0.2201
          Scaling Correction Factor         1.0321
            for MLR

*   The chi-square value for MLM, MLMV, MLR, ULSMV, WLSM and WLSMV cannot be used
    for chi-square difference testing in the regular way.  MLM, MLR and WLSM
    chi-square difference testing is described on the Mplus website.  MLMV, WLSMV,
    and ULSMV difference testing is done using the DIFFTEST option.

RMSEA (Root Mean Square Error Of Approximation)

          Estimate                           0.041
          90 Percent C.I.                    0.000  0.085
          Probability RMSEA <= .05           0.581

CFI/TLI

          CFI                                0.975
          TLI                                0.958

Chi-Square Test of Model Fit for the Baseline Model

          Value                            325.053
          Degrees of Freedom                    65
          P-Value                           0.0000

SRMR (Standardized Root Mean Square Residual)

          Value                              0.065



MODEL RESULTS

                                                    Two-Tailed
                    Estimate       S.E.  Est./S.E.    P-Value

 SCPT     ON
    ELPT               0.394      0.270      1.460      0.144
    PRNAPT             0.082      0.188      0.434      0.664

 SCPR     ON
    ELPR              -0.144      0.321     -0.447      0.655
    PRNAPR             0.082      0.188      0.434      0.664

 CCPT     ON
    ELPT              -0.911      0.581     -1.568      0.117
    PRNAPT            -0.941      0.313     -3.009      0.003

 CCPR     ON
    ELPR               1.801      0.657      2.740      0.006
    PRNAPR            -0.941      0.313     -3.009      0.003

 PRNAPT   ON
    ELPT               0.416      0.120      3.479      0.001

 PRNAPR   ON
    ELPR               0.294      0.116      2.542      0.011

 ECRANX_1 ON
    PNAPT              0.048      0.014      3.369      0.001
    ELPT               0.100      0.027      3.711      0.000

 ECRANX_0 ON
    PNAPR              0.036      0.023      1.536      0.124
    ELPR               0.135      0.032      4.240      0.000

 PNAPT    ON
    PRNAPT             0.851      0.118      7.214      0.000
    SCPT              -0.034      0.046     -0.753      0.452
    CCPT              -0.035      0.019     -1.908      0.056

 PNAPR    ON
    PRNAPR             0.704      0.104      6.778      0.000
    SCPR              -0.047      0.032     -1.455      0.146
    CCPR               0.010      0.010      1.028      0.304

 PNAPT    WITH
    PNAPR              6.261      2.565      2.441      0.015

 SCPT     WITH
    CCPT              16.701     31.303      0.534      0.594
    SCPR             -17.551     14.004     -1.253      0.210
    CCPR             -41.369     41.188     -1.004      0.315

 SCPR     WITH
    CCPT             -13.172     37.304     -0.353      0.724
    CCPR             -32.744     43.596     -0.751      0.453

 CCPT     WITH
    CCPR            -879.488    117.968     -7.455      0.000

 PRNAPT   WITH
    PRNAPR             4.167      2.671      1.560      0.119

 ECRANX_1 WITH
    ECRANX_0           0.019      0.110      0.173      0.862

 ELPT     WITH
    ELPR               4.103      1.597      2.570      0.010

 Means
    ELPT               9.627      0.396     24.327      0.000
    ELPR               6.830      0.395     17.292      0.000

 Intercepts
    SCPT              25.488      3.757      6.784      0.000
    CCPT              22.415      7.982      2.808      0.005
    SCPR              28.035      3.210      8.734      0.000
    CCPR               1.305      6.590      0.198      0.843
    ECRANX_1           1.741      0.283      6.147      0.000
    ECRANX_0           1.500      0.337      4.454      0.000
    PRNAPT            11.789      1.176     10.021      0.000
    PRNAPR            11.484      0.748     15.345      0.000
    PNAPT              5.173      2.172      2.381      0.017
    PNAPR              6.107      1.643      3.717      0.000

 Variances
    ELPT              15.347      1.773      8.658      0.000
    ELPR              15.140      1.750      8.654      0.000

 Residual Variances
    SCPT             128.000     17.493      7.317      0.000
    CCPT             949.135    139.606      6.799      0.000
    SCPR             139.801     16.343      8.554      0.000
    CCPR            1313.946    181.452      7.241      0.000
    ECRANX_1           0.982      0.110      8.901      0.000
    ECRANX_0           1.104      0.141      7.844      0.000
    PRNAPT            23.921      4.529      5.282      0.000
    PRNAPR            14.699      3.343      4.397      0.000
    PNAPT             30.657      6.783      4.520      0.000
    PNAPR             18.404      3.031      6.072      0.000


STANDARDIZED MODEL RESULTS


STDYX Standardization

                                                    Two-Tailed
                    Estimate       S.E.  Est./S.E.    P-Value

 SCPT     ON
    ELPT               0.135      0.092      1.458      0.145
    PRNAPT             0.037      0.085      0.432      0.666

 SCPR     ON
    ELPR              -0.047      0.105     -0.449      0.653
    PRNAPR             0.028      0.063      0.438      0.661

 CCPT     ON
    ELPT              -0.113      0.071     -1.598      0.110
    PRNAPT            -0.154      0.051     -3.005      0.003

 CCPR     ON
    ELPR               0.190      0.062      3.075      0.002
    PRNAPR            -0.102      0.035     -2.933      0.003

 PRNAPT   ON
    ELPT               0.316      0.093      3.402      0.001

 PRNAPR   ON
    ELPR               0.286      0.101      2.821      0.005

 ECRANX_1 ON
    PNAPT              0.304      0.080      3.825      0.000
    ELPT               0.342      0.091      3.778      0.000

 ECRANX_0 ON
    PNAPR              0.152      0.103      1.486      0.137
    ELPR               0.438      0.091      4.783      0.000

 PNAPT    ON
    PRNAPT             0.603      0.074      8.163      0.000
    SCPT              -0.054      0.071     -0.767      0.443
    CCPT              -0.154      0.085     -1.812      0.070

 PNAPR    ON
    PRNAPR             0.545      0.061      8.957      0.000
    SCPR              -0.107      0.074     -1.442      0.149
    CCPR               0.071      0.070      1.019      0.308

 PNAPT    WITH
    PNAPR              0.264      0.104      2.537      0.011

 SCPT     WITH
    CCPT               0.048      0.090      0.531      0.596
    SCPR              -0.131      0.106     -1.233      0.218
    CCPR              -0.101      0.100     -1.013      0.311

 SCPR     WITH
    CCPT              -0.036      0.102     -0.355      0.723
    CCPR              -0.076      0.101     -0.753      0.452

 CCPT     WITH
    CCPR              -0.788      0.031    -25.099      0.000

 PRNAPT   WITH
    PRNAPR             0.222      0.123      1.801      0.072

 ECRANX_1 WITH
    ECRANX_0           0.018      0.105      0.174      0.862

 ELPT     WITH
    ELPR               0.269      0.099      2.721      0.007

 Means
    ELPT               2.457      0.167     14.742      0.000
    ELPR               1.755      0.121     14.519      0.000

 Intercepts
    SCPT               2.227      0.343      6.503      0.000
    CCPT               0.710      0.248      2.864      0.004
    SCPR               2.368      0.286      8.292      0.000
    CCPR               0.035      0.179      0.197      0.844
    ECRANX_1           1.518      0.299      5.079      0.000
    ECRANX_0           1.247      0.299      4.163      0.000
    PRNAPT             2.287      0.295      7.742      0.000
    PRNAPR             2.870      0.424      6.770      0.000
    PNAPT              0.711      0.315      2.259      0.024
    PNAPR              1.183      0.339      3.485      0.000

 Variances
    ELPT               1.000      0.000    999.000    999.000
    ELPR               1.000      0.000    999.000    999.000

 Residual Variances
    SCPT               0.977      0.028     34.574      0.000
    CCPT               0.953      0.027     35.478      0.000
    SCPR               0.998      0.009    110.608      0.000
    CCPR               0.965      0.021     46.225      0.000
    ECRANX_1           0.747      0.065     11.458      0.000
    ECRANX_0           0.762      0.079      9.651      0.000
    PRNAPT             0.900      0.059     15.303      0.000
    PRNAPR             0.918      0.058     15.805      0.000
    PNAPT              0.580      0.080      7.256      0.000
    PNAPR              0.690      0.065     10.603      0.000


STDY Standardization

                                                    Two-Tailed
                    Estimate       S.E.  Est./S.E.    P-Value

 SCPT     ON
    ELPT               0.135      0.092      1.458      0.145
    PRNAPT             0.037      0.085      0.432      0.666

 SCPR     ON
    ELPR              -0.047      0.105     -0.449      0.653
    PRNAPR             0.028      0.063      0.438      0.661

 CCPT     ON
    ELPT              -0.113      0.071     -1.598      0.110
    PRNAPT            -0.154      0.051     -3.005      0.003

 CCPR     ON
    ELPR               0.190      0.062      3.075      0.002
    PRNAPR            -0.102      0.035     -2.933      0.003

 PRNAPT   ON
    ELPT               0.316      0.093      3.402      0.001

 PRNAPR   ON
    ELPR               0.286      0.101      2.821      0.005

 ECRANX_1 ON
    PNAPT              0.304      0.080      3.825      0.000
    ELPT               0.342      0.091      3.778      0.000

 ECRANX_0 ON
    PNAPR              0.152      0.103      1.486      0.137
    ELPR               0.438      0.091      4.783      0.000

 PNAPT    ON
    PRNAPT             0.603      0.074      8.163      0.000
    SCPT              -0.054      0.071     -0.767      0.443
    CCPT              -0.154      0.085     -1.812      0.070

 PNAPR    ON
    PRNAPR             0.545      0.061      8.957      0.000
    SCPR              -0.107      0.074     -1.442      0.149
    CCPR               0.071      0.070      1.019      0.308

 PNAPT    WITH
    PNAPR              0.264      0.104      2.537      0.011

 SCPT     WITH
    CCPT               0.048      0.090      0.531      0.596
    SCPR              -0.131      0.106     -1.233      0.218
    CCPR              -0.101      0.100     -1.013      0.311

 SCPR     WITH
    CCPT              -0.036      0.102     -0.355      0.723
    CCPR              -0.076      0.101     -0.753      0.452

 CCPT     WITH
    CCPR              -0.788      0.031    -25.099      0.000

 PRNAPT   WITH
    PRNAPR             0.222      0.123      1.801      0.072

 ECRANX_1 WITH
    ECRANX_0           0.018      0.105      0.174      0.862

 ELPT     WITH
    ELPR               0.269      0.099      2.721      0.007

 Means
    ELPT               2.457      0.167     14.742      0.000
    ELPR               1.755      0.121     14.519      0.000

 Intercepts
    SCPT               2.227      0.343      6.503      0.000
    CCPT               0.710      0.248      2.864      0.004
    SCPR               2.368      0.286      8.292      0.000
    CCPR               0.035      0.179      0.197      0.844
    ECRANX_1           1.518      0.299      5.079      0.000
    ECRANX_0           1.247      0.299      4.163      0.000
    PRNAPT             2.287      0.295      7.742      0.000
    PRNAPR             2.870      0.424      6.770      0.000
    PNAPT              0.711      0.315      2.259      0.024
    PNAPR              1.183      0.339      3.485      0.000

 Variances
    ELPT               1.000      0.000    999.000    999.000
    ELPR               1.000      0.000    999.000    999.000

 Residual Variances
    SCPT               0.977      0.028     34.574      0.000
    CCPT               0.953      0.027     35.478      0.000
    SCPR               0.998      0.009    110.608      0.000
    CCPR               0.965      0.021     46.225      0.000
    ECRANX_1           0.747      0.065     11.458      0.000
    ECRANX_0           0.762      0.079      9.651      0.000
    PRNAPT             0.900      0.059     15.303      0.000
    PRNAPR             0.918      0.058     15.805      0.000
    PNAPT              0.580      0.080      7.256      0.000
    PNAPR              0.690      0.065     10.603      0.000


STD Standardization

                                                    Two-Tailed
                    Estimate       S.E.  Est./S.E.    P-Value

 SCPT     ON
    ELPT               0.394      0.270      1.460      0.144
    PRNAPT             0.082      0.188      0.434      0.664

 SCPR     ON
    ELPR              -0.144      0.321     -0.447      0.655
    PRNAPR             0.082      0.188      0.434      0.664

 CCPT     ON
    ELPT              -0.911      0.581     -1.568      0.117
    PRNAPT            -0.941      0.313     -3.009      0.003

 CCPR     ON
    ELPR               1.801      0.657      2.740      0.006
    PRNAPR            -0.941      0.313     -3.009      0.003

 PRNAPT   ON
    ELPT               0.416      0.120      3.479      0.001

 PRNAPR   ON
    ELPR               0.294      0.116      2.542      0.011

 ECRANX_1 ON
    PNAPT              0.048      0.014      3.369      0.001
    ELPT               0.100      0.027      3.711      0.000

 ECRANX_0 ON
    PNAPR              0.036      0.023      1.536      0.124
    ELPR               0.135      0.032      4.240      0.000

 PNAPT    ON
    PRNAPT             0.851      0.118      7.214      0.000
    SCPT              -0.034      0.046     -0.753      0.452
    CCPT              -0.035      0.019     -1.908      0.056

 PNAPR    ON
    PRNAPR             0.704      0.104      6.778      0.000
    SCPR              -0.047      0.032     -1.455      0.146
    CCPR               0.010      0.010      1.028      0.304

 PNAPT    WITH
    PNAPR              6.261      2.565      2.441      0.015

 SCPT     WITH
    CCPT              16.701     31.303      0.534      0.594
    SCPR             -17.551     14.004     -1.253      0.210
    CCPR             -41.369     41.188     -1.004      0.315

 SCPR     WITH
    CCPT             -13.172     37.304     -0.353      0.724
    CCPR             -32.744     43.596     -0.751      0.453

 CCPT     WITH
    CCPR            -879.488    117.968     -7.455      0.000

 PRNAPT   WITH
    PRNAPR             4.167      2.671      1.560      0.119

 ECRANX_1 WITH
    ECRANX_0           0.019      0.110      0.173      0.862

 ELPT     WITH
    ELPR               4.103      1.597      2.570      0.010

 Means
    ELPT               9.627      0.396     24.327      0.000
    ELPR               6.830      0.395     17.292      0.000

 Intercepts
    SCPT              25.488      3.757      6.784      0.000
    CCPT              22.415      7.982      2.808      0.005
    SCPR              28.035      3.210      8.734      0.000
    CCPR               1.305      6.590      0.198      0.843
    ECRANX_1           1.741      0.283      6.147      0.000
    ECRANX_0           1.500      0.337      4.454      0.000
    PRNAPT            11.789      1.176     10.021      0.000
    PRNAPR            11.484      0.748     15.345      0.000
    PNAPT              5.173      2.172      2.381      0.017
    PNAPR              6.107      1.643      3.717      0.000

 Variances
    ELPT              15.347      1.773      8.658      0.000
    ELPR              15.140      1.750      8.654      0.000

 Residual Variances
    SCPT             128.000     17.493      7.317      0.000
    CCPT             949.135    139.606      6.799      0.000
    SCPR             139.801     16.343      8.554      0.000
    CCPR            1313.946    181.452      7.241      0.000
    ECRANX_1           0.982      0.110      8.901      0.000
    ECRANX_0           1.104      0.141      7.844      0.000
    PRNAPT            23.921      4.529      5.282      0.000
    PRNAPR            14.699      3.343      4.397      0.000
    PNAPT             30.657      6.783      4.520      0.000
    PNAPR             18.404      3.031      6.072      0.000


R-SQUARE

    Observed                                        Two-Tailed
    Variable        Estimate       S.E.  Est./S.E.    P-Value

    SCPT               0.023      0.028      0.802      0.423
    CCPT               0.047      0.027      1.766      0.077
    SCPR               0.002      0.009      0.249      0.803
    CCPR               0.035      0.021      1.694      0.090
    ECRANX_1           0.253      0.065      3.886      0.000
    ECRANX_0           0.238      0.079      3.009      0.003
    PRNAPT             0.100      0.059      1.701      0.089
    PRNAPR             0.082      0.058      1.411      0.158
    PNAPT              0.420      0.080      5.263      0.000
    PNAPR              0.310      0.065      4.758      0.000


QUALITY OF NUMERICAL RESULTS

     Condition Number for the Information Matrix              0.504E-06
       (ratio of smallest to largest eigenvalue)


MODEL MODIFICATION INDICES

Minimum M.I. value for printing the modification index     5.000

                                   M.I.     E.P.C.  Std E.P.C.  StdYX E.P.C.

ON Statements

PNAPR    ON ECRANX_0               8.997     1.627      1.627        0.379
PNAPR    ON ELPR                   8.387     0.337      0.337        0.254

WITH Statements

PRNAPT   WITH ECRANX_0             5.200     1.179      1.179        0.229
PNAPR    WITH PRNAPR               9.157   -13.833    -13.833       -0.841
ELPR     WITH PNAPR                7.960     4.775      4.775        0.286


     Beginning Time:  16:21:59
        Ending Time:  16:21:59
       Elapsed Time:  00:00:00



MUTHEN & MUTHEN
3463 Stoner Ave.
Los Angeles, CA  90066

Tel: (310) 391-9971
Fax: (310) 391-8971
Web: www.StatModel.com
Support: Support@StatModel.com

Copyright (c) 1998-2017 Muthen & Muthen
