Mplus VERSION 8 (Mac)
MUTHEN & MUTHEN
12/10/2018   4:50 PM

INPUT INSTRUCTIONS

  TITLE: Added in EL -> ANX. No log transform. Df of 99. Fixed sc ~ prna/el;
  Testing
  DATA:
  FILE = "../../df67.dat";

  VARIABLE:
  VARIABLE:
  NAMES = PTNUM scpt ccpt scpr ccpr ECRanx_1 ECRanx_0 prnapt
  prnapr pnapt pnapr elpt elpr whichdf_num id;
   MISSING=.;
  USEVARIABLES = scpt ccpt scpr ccpr ECRanx_1 ECRanx_0 prnapt
  prnapr pnapt pnapr elpt elpr id;
  IDVARIABLE IS id;
  ANALYSIS:
  ESTIMATOR=BAYES; PROCESSORS = 2;BITERATIONS = (30000);
  !ESTIMATOR = MLR;
  MODEL:
  scpt ON elpt@0;
  scpr ON elpr@0;
  ccpt ON elpt* (u);
  ccpr ON elpr;
  prnapt ON elpt* (w);
  prnapr ON elpr* (j);
  ECRanx_1 ON pnapt* (h);
  ECRanx_0 ON pnapr* (k);
  pnapt WITH pnapr;
  pnapt ON prnapt;
  pnapt ON scpt;
  pnapt ON ccpt* (c);
  pnapr ON prnapr;
  pnapr ON scpr;
  pnapr ON ccpr* (d);
  scpt ON prnapt@0;
  scpr ON prnapr@0;
  ccpt ON prnapt* (b1);
  ccpr ON prnapr* (b1);
  scpt WITH ccpt;
  scpt WITH scpr;
  scpt WITH ccpr;
  scpr WITH ccpt;
  ccpt WITH ccpr;
  scpr WITH ccpr;
  scpt WITH scpt;
  scpr WITH scpr;
  ccpt WITH ccpt;
  ccpr WITH ccpr;
  prnapt WITH prnapt;
  prnapr WITH prnapr;
  ECRanx_1 WITH ECRanx_1;
  ECRanx_0 WITH ECRanx_0;
  pnapt WITH pnapt;
  pnapr WITH pnapr;
  ECRanx_1 WITH ECRanx_0;
  elpt WITH elpt;
  elpt WITH elpr;
  elpr WITH elpr;
  [scpt];
  [scpr];
  [ccpt];
  [ccpr];
  [prnapt];
  [prnapr];
  [ECRanx_1];
  [ECRanx_0];
  [pnapt];
  [pnapr];
  [elpt];
  [elpr];
  ECRANX_1 ON ELPT;
  ECRANX_0 ON ELPR;
  PRNAPR   WITH PRNAPT;
  MODEL CONSTRAINT:
  NEW ( b1c b1d hb1c whb1c uhc );
  b1c = b1*c;
  b1d = b1*d;
  hb1c = h*b1*c;
  whb1c = w*h*b1*c;
  uhc = u*h*c;


  !OUTPUT:
  !STANDARDIZED;  MODINDICES(ALL 5);



INPUT READING TERMINATED NORMALLY



Added in EL -> ANX. No log transform. Df of 99. Fixed sc ~ prna/el;
Testing

SUMMARY OF ANALYSIS

Number of groups                                                 1
Number of observations                                          99

Number of dependent variables                                   10
Number of independent variables                                  2
Number of continuous latent variables                            0

Observed dependent variables

  Continuous
   SCPT        CCPT        SCPR        CCPR        ECRANX_1    ECRANX_0
   PRNAPT      PRNAPR      PNAPT       PNAPR

Observed independent variables
   ELPT        ELPR

Variables with special functions

  ID variable           ID

Estimator                                                    BAYES
Specifications for Bayesian Estimation
  Point estimate                                            MEDIAN
  Number of Markov chain Monte Carlo (MCMC) chains               2
  Random seed for the first chain                                0
  Starting value information                           UNPERTURBED
  Treatment of categorical mediator                         LATENT
  Algorithm used for Markov chain Monte Carlo           GIBBS(PX1)
  Convergence criterion                                  0.500D-01
  Maximum number of iterations                               50000
  K-th iteration used for thinning                               1

Input data file(s)
  ../../df67.dat
Input data format  FREE


SUMMARY OF DATA



COVARIANCE COVERAGE OF DATA

Minimum covariance coverage value   0.100

     Number of missing data patterns             4


     PROPORTION OF DATA PRESENT


           Covariance Coverage
              SCPT          CCPT          SCPR          CCPR          ECRANX_1
              ________      ________      ________      ________      ________
 SCPT           1.000
 CCPT           1.000         1.000
 SCPR           1.000         1.000         1.000
 CCPR           1.000         1.000         1.000         1.000
 ECRANX_1       0.990         0.990         0.990         0.990         0.990
 ECRANX_0       0.990         0.990         0.990         0.990         0.980
 PRNAPT         1.000         1.000         1.000         1.000         0.990
 PRNAPR         1.000         1.000         1.000         1.000         0.990
 PNAPT          0.990         0.990         0.990         0.990         0.980
 PNAPR          1.000         1.000         1.000         1.000         0.990
 ELPT           1.000         1.000         1.000         1.000         0.990
 ELPR           0.990         0.990         0.990         0.990         0.980


           Covariance Coverage
              ECRANX_0      PRNAPT        PRNAPR        PNAPT         PNAPR
              ________      ________      ________      ________      ________
 ECRANX_0       0.990
 PRNAPT         0.990         1.000
 PRNAPR         0.990         1.000         1.000
 PNAPT          0.980         0.990         0.990         0.990
 PNAPR          0.990         1.000         1.000         0.990         1.000
 ELPT           0.990         1.000         1.000         0.990         1.000
 ELPR           0.990         0.990         0.990         0.980         0.990


           Covariance Coverage
              ELPT          ELPR
              ________      ________
 ELPT           1.000
 ELPR           0.990         0.990



UNIVARIATE SAMPLE STATISTICS


     UNIVARIATE HIGHER-ORDER MOMENT DESCRIPTIVE STATISTICS

         Variable/         Mean/     Skewness/   Minimum/ % with                Percentiles
        Sample Size      Variance    Kurtosis    Maximum  Min/Max      20%/60%    40%/80%    Median

     SCPT                 30.559       0.551       7.450    1.01%      19.197     26.648     29.841
              99.000     129.762      -0.204      58.807    1.01%      31.821     39.920
     CCPT                 -0.890      -0.259     -81.685    1.01%     -26.415     -7.559      2.881
              99.000    1013.048       0.128      80.417    1.01%       8.529     24.280
     SCPR                 28.538       0.567       9.085    1.01%      16.451     24.118     27.494
              99.000     153.716      -0.221      66.121    1.01%      29.684     39.272
     CCPR                 -0.283      -0.178    -116.491    1.01%     -27.251     -8.605     -2.107
              99.000    1435.257       0.411      79.366    1.01%       5.588     28.790
     ECRANX_1              3.551       0.253       1.222    2.04%       2.500      2.944      3.389
              98.000       1.360      -0.769       6.000    1.02%       3.833      4.611
     ECRANX_0              2.942       0.444       1.000    2.04%       1.833      2.444      2.750
              98.000       1.490      -0.683       6.000    1.02%       3.000      4.056
     PRNAPT               16.030       1.450      10.000   13.13%      11.000     13.000     14.000
              99.000      31.928       2.460      39.000    1.01%      16.000     20.000
     PRNAPR               13.621       1.725      10.000   24.24%      10.000     11.000     12.000
              99.000      17.354       3.160      31.000    1.01%      13.000     16.000
     PNAPT                17.803       1.082      10.000   16.33%      11.000     13.000     16.000
              98.000      55.916       1.241      47.000    1.02%      19.000     24.000
     PNAPR                14.380       1.080      10.000   36.36%      10.000     11.000     12.000
              99.000      27.507      -0.070      30.000    1.01%      13.000     20.000
     ELPT                  9.658       0.082       1.375    1.01%       5.750      8.375      9.500
              99.000      15.289      -0.698      18.000    1.01%      10.625     12.875
     ELPR                  6.835       0.329       0.750    3.06%       3.250      5.250      6.812
              98.000      15.020      -0.679      15.625    1.02%       7.750     10.375


THE MODEL ESTIMATION TERMINATED NORMALLY

     USE THE FBITERATIONS OPTION TO INCREASE THE NUMBER OF ITERATIONS BY A FACTOR
     OF AT LEAST TWO TO CHECK CONVERGENCE AND THAT THE PSR VALUE DOES NOT INCREASE.



MODEL FIT INFORMATION

Number of Free Parameters                              49

Bayesian Posterior Predictive Checking using Chi-Square

          95% Confidence Interval for the Difference Between
          the Observed and the Replicated Chi-Square Values

                                -23.748            46.543

          Posterior Predictive P-Value              0.265

Information Criteria

          Deviance (DIC)                         7478.154
          Estimated Number of Parameters (pD)      46.620
          Bayesian (BIC)                         7608.583



MODEL RESULTS

                                Posterior  One-Tailed         95% C.I.
                    Estimate       S.D.      P-Value   Lower 2.5%  Upper 2.5%  Significance

 SCPT       ON
    ELPT               0.000       0.000      1.000       0.000       0.000
    PRNAPT             0.000       0.000      1.000       0.000       0.000

 SCPR       ON
    ELPR               0.000       0.000      1.000       0.000       0.000
    PRNAPR             0.000       0.000      1.000       0.000       0.000

 CCPT       ON
    ELPT              -0.839       0.555      0.065      -1.923       0.262
    PRNAPT            -1.003       0.293      0.000      -1.580      -0.433      *

 CCPR       ON
    ELPR               1.783       0.632      0.002       0.548       3.035      *
    PRNAPR            -1.003       0.293      0.000      -1.580      -0.433      *

 PRNAPT     ON
    ELPT               0.443       0.137      0.001       0.173       0.715      *

 PRNAPR     ON
    ELPR               0.300       0.103      0.002       0.100       0.503      *

 ECRANX_1   ON
    PNAPT              0.048       0.015      0.001       0.019       0.078      *
    ELPT               0.100       0.028      0.000       0.045       0.156      *

 ECRANX_0   ON
    PNAPR              0.037       0.023      0.049      -0.007       0.082
    ELPR               0.135       0.031      0.000       0.075       0.195      *

 PNAPT      ON
    PRNAPT             0.799       0.103      0.000       0.598       1.001      *
    SCPT              -0.034       0.050      0.251      -0.132       0.064
    CCPT              -0.039       0.019      0.020      -0.076      -0.002      *

 PNAPR      ON
    PRNAPR             0.717       0.108      0.000       0.504       0.928      *
    SCPR              -0.041       0.036      0.125      -0.113       0.029
    CCPR               0.009       0.012      0.235      -0.015       0.032

 PNAPT    WITH
    PNAPR              6.674       2.948      0.007       1.380      12.947      *

 SCPT     WITH
    CCPT              16.212      43.225      0.350     -66.412     103.737
    SCPR             -22.483      17.294      0.084     -58.317       9.901
    CCPR             -41.240      52.194      0.203    -149.415      57.340

 SCPR     WITH
    CCPT               8.683      46.947      0.425     -83.001     102.319
    CCPR             -76.965      56.580      0.075    -195.608      29.304

 CCPT     WITH
    CCPR           -1029.258     182.154      0.000   -1450.956    -738.143      *

 PRNAPT   WITH
    PRNAPR             7.187       2.573      0.001       2.708      12.815      *

 ECRANX_1 WITH
    ECRANX_0           0.019       0.123      0.438      -0.226       0.263

 ELPT     WITH
    ELPR               4.311       1.785      0.004       1.135       8.180      *

 Means
    ELPT               9.660       0.409      0.000       8.853      10.470      *
    ELPR               6.840       0.406      0.000       6.036       7.633      *

 Intercepts
    SCPT              30.569       1.207      0.000      28.189      32.935      *
    CCPT              23.310       6.804      0.000       9.842      36.515      *
    SCPR              28.531       1.315      0.000      25.942      31.130      *
    CCPR               1.210       6.868      0.428     -12.315      14.664
    ECRANX_1           1.745       0.326      0.000       1.099       2.391      *
    ECRANX_0           1.485       0.330      0.000       0.845       2.130      *
    PRNAPT            11.759       1.437      0.000       8.920      14.557      *
    PRNAPR            11.571       0.818      0.000       9.945      13.175      *
    PNAPT              5.917       2.278      0.005       1.420      10.368      *
    PNAPR              5.798       1.743      0.001       2.352       9.253      *

 Variances
    ELPT              16.249       2.468      0.000      12.327      21.886      *
    ELPR              15.911       2.411      0.000      12.087      21.524      *

 Residual Variances
    SCPT             143.880      22.365      0.000     108.304     195.954      *
    CCPT            1083.983     168.059      0.000     821.156    1472.151      *
    SCPR             170.422      26.040      0.000     128.997     230.470      *
    CCPR            1569.195     243.846      0.000    1185.334    2134.848      *
    ECRANX_1           1.063       0.164      0.000       0.805       1.450      *
    ECRANX_0           1.188       0.184      0.000       0.899       1.618      *
    PRNAPT            30.449       4.603      0.000      23.228      41.248      *
    PRNAPR            17.246       2.630      0.000      13.082      23.381      *
    PNAPT             33.698       5.181      0.000      25.444      45.566      *
    PNAPR             19.911       3.071      0.000      15.152      27.061      *

New/Additional Parameters
    B1C                0.037       0.023      0.021       0.001       0.091      *
    B1D               -0.008       0.013      0.236      -0.036       0.016
    HB1C               0.002       0.001      0.022       0.000       0.005      *
    WHB1C              0.001       0.001      0.022       0.000       0.002      *
    UHC                0.001       0.002      0.083       0.000       0.005


     Beginning Time:  16:50:36
        Ending Time:  16:50:43
       Elapsed Time:  00:00:07



MUTHEN & MUTHEN
3463 Stoner Ave.
Los Angeles, CA  90066

Tel: (310) 391-9971
Fax: (310) 391-8971
Web: www.StatModel.com
Support: Support@StatModel.com

Copyright (c) 1998-2017 Muthen & Muthen
