Mplus VERSION 8 (Mac)
MUTHEN & MUTHEN
12/10/2018   4:36 PM

INPUT INSTRUCTIONS

  TITLE:
  Testing
  DATA:
  FILE = "../../df67.dat";

  VARIABLE:
  VARIABLE:
  NAMES = PTNUM scpt ccpt scpr ccpr ECRanx_1 ECRanx_0 prnapt
  prnapr pnapt pnapr elpt elpr whichdf_num id;
   MISSING=.;
  USEVARIABLES = scpt ccpt scpr ccpr ECRanx_1 ECRanx_0 prnapt
  prnapr pnapt pnapr elpt elpr id;
  IDVARIABLE IS id;
  ANALYSIS:
  ESTIMATOR=BAYES; PROCESSORS = 2;BITERATIONS = (30000);
  !ESTIMATOR = MLR;
  MODEL:
  scpt ON elpt;
  scpr ON elpr;
  ccpt ON elpt* (u);
  ccpr ON elpr;
  prnapt ON elpt* (w);
  prnapr ON elpr* (j);
  ECRanx_1 ON pnapt* (h);
  ECRanx_0 ON pnapr* (k);
  pnapt WITH pnapr;
  pnapt ON prnapt;
  pnapt ON scpt;
  pnapt ON ccpt* (c);
  pnapr ON prnapr;
  pnapr ON scpr;
  pnapr ON ccpr* (d);
  scpt ON prnapt* (a1);
  scpr ON prnapr* (a1);
  ccpt ON prnapt* (b1);
  ccpr ON prnapr* (b1);
  scpt WITH ccpt;
  scpt WITH scpr;
  scpt WITH ccpr;
  scpr WITH ccpt;
  ccpt WITH ccpr;
  scpr WITH ccpr;
  scpt WITH scpt;
  scpr WITH scpr;
  ccpt WITH ccpt;
  ccpr WITH ccpr;
  prnapt WITH prnapt;
  prnapr WITH prnapr;
  ECRanx_1 WITH ECRanx_1;
  ECRanx_0 WITH ECRanx_0;
  pnapt WITH pnapt;
  pnapr WITH pnapr;
  ECRanx_1 WITH ECRanx_0;
  elpt WITH elpt;
  elpt WITH elpr;
  elpr WITH elpr;
  [scpt];
  [scpr];
  [ccpt];
  [ccpr];
  [prnapt];
  [prnapr];
  [ECRanx_1];
  [ECRanx_0];
  [pnapt];
  [pnapr];
  [elpt];
  [elpr];
  ECRANX_1 ON ELPT;
  ECRANX_0 ON ELPR;
  PRNAPR   WITH PRNAPT;
  MODEL CONSTRAINT:
  NEW ( b1c b1d hb1c whb1c uhc );
  b1c = b1*c;
  b1d = b1*d;
  hb1c = h*b1*c;
  whb1c = w*h*b1*c;
  uhc = u*h*c;


  !OUTPUT:
  !STANDARDIZED;  MODINDICES(ALL 5);



INPUT READING TERMINATED NORMALLY




Testing

SUMMARY OF ANALYSIS

Number of groups                                                 1
Number of observations                                          99

Number of dependent variables                                   10
Number of independent variables                                  2
Number of continuous latent variables                            0

Observed dependent variables

  Continuous
   SCPT        CCPT        SCPR        CCPR        ECRANX_1    ECRANX_0
   PRNAPT      PRNAPR      PNAPT       PNAPR

Observed independent variables
   ELPT        ELPR

Variables with special functions

  ID variable           ID

Estimator                                                    BAYES
Specifications for Bayesian Estimation
  Point estimate                                            MEDIAN
  Number of Markov chain Monte Carlo (MCMC) chains               2
  Random seed for the first chain                                0
  Starting value information                           UNPERTURBED
  Treatment of categorical mediator                         LATENT
  Algorithm used for Markov chain Monte Carlo           GIBBS(PX1)
  Convergence criterion                                  0.500D-01
  Maximum number of iterations                               50000
  K-th iteration used for thinning                               1

Input data file(s)
  ../../df67.dat
Input data format  FREE


SUMMARY OF DATA



COVARIANCE COVERAGE OF DATA

Minimum covariance coverage value   0.100

     Number of missing data patterns             4


     PROPORTION OF DATA PRESENT


           Covariance Coverage
              SCPT          CCPT          SCPR          CCPR          ECRANX_1
              ________      ________      ________      ________      ________
 SCPT           1.000
 CCPT           1.000         1.000
 SCPR           1.000         1.000         1.000
 CCPR           1.000         1.000         1.000         1.000
 ECRANX_1       0.990         0.990         0.990         0.990         0.990
 ECRANX_0       0.990         0.990         0.990         0.990         0.980
 PRNAPT         1.000         1.000         1.000         1.000         0.990
 PRNAPR         1.000         1.000         1.000         1.000         0.990
 PNAPT          0.990         0.990         0.990         0.990         0.980
 PNAPR          1.000         1.000         1.000         1.000         0.990
 ELPT           1.000         1.000         1.000         1.000         0.990
 ELPR           0.990         0.990         0.990         0.990         0.980


           Covariance Coverage
              ECRANX_0      PRNAPT        PRNAPR        PNAPT         PNAPR
              ________      ________      ________      ________      ________
 ECRANX_0       0.990
 PRNAPT         0.990         1.000
 PRNAPR         0.990         1.000         1.000
 PNAPT          0.980         0.990         0.990         0.990
 PNAPR          0.990         1.000         1.000         0.990         1.000
 ELPT           0.990         1.000         1.000         0.990         1.000
 ELPR           0.990         0.990         0.990         0.980         0.990


           Covariance Coverage
              ELPT          ELPR
              ________      ________
 ELPT           1.000
 ELPR           0.990         0.990



UNIVARIATE SAMPLE STATISTICS


     UNIVARIATE HIGHER-ORDER MOMENT DESCRIPTIVE STATISTICS

         Variable/         Mean/     Skewness/   Minimum/ % with                Percentiles
        Sample Size      Variance    Kurtosis    Maximum  Min/Max      20%/60%    40%/80%    Median

     SCPT                 30.559       0.551       7.450    1.01%      19.197     26.648     29.841
              99.000     129.762      -0.204      58.807    1.01%      31.821     39.920
     CCPT                 -0.890      -0.259     -81.685    1.01%     -26.415     -7.559      2.881
              99.000    1013.048       0.128      80.417    1.01%       8.529     24.280
     SCPR                 28.538       0.567       9.085    1.01%      16.451     24.118     27.494
              99.000     153.716      -0.221      66.121    1.01%      29.684     39.272
     CCPR                 -0.283      -0.178    -116.491    1.01%     -27.251     -8.605     -2.107
              99.000    1435.257       0.411      79.366    1.01%       5.588     28.790
     ECRANX_1              3.551       0.253       1.222    2.04%       2.500      2.944      3.389
              98.000       1.360      -0.769       6.000    1.02%       3.833      4.611
     ECRANX_0              2.942       0.444       1.000    2.04%       1.833      2.444      2.750
              98.000       1.490      -0.683       6.000    1.02%       3.000      4.056
     PRNAPT               16.030       1.450      10.000   13.13%      11.000     13.000     14.000
              99.000      31.928       2.460      39.000    1.01%      16.000     20.000
     PRNAPR               13.621       1.725      10.000   24.24%      10.000     11.000     12.000
              99.000      17.354       3.160      31.000    1.01%      13.000     16.000
     PNAPT                17.803       1.082      10.000   16.33%      11.000     13.000     16.000
              98.000      55.916       1.241      47.000    1.02%      19.000     24.000
     PNAPR                14.380       1.080      10.000   36.36%      10.000     11.000     12.000
              99.000      27.507      -0.070      30.000    1.01%      13.000     20.000
     ELPT                  9.658       0.082       1.375    1.01%       5.750      8.375      9.500
              99.000      15.289      -0.698      18.000    1.01%      10.625     12.875
     ELPR                  6.835       0.329       0.750    3.06%       3.250      5.250      6.812
              98.000      15.020      -0.679      15.625    1.02%       7.750     10.375


THE MODEL ESTIMATION TERMINATED NORMALLY

     USE THE FBITERATIONS OPTION TO INCREASE THE NUMBER OF ITERATIONS BY A FACTOR
     OF AT LEAST TWO TO CHECK CONVERGENCE AND THAT THE PSR VALUE DOES NOT INCREASE.



MODEL FIT INFORMATION

Number of Free Parameters                              52

Bayesian Posterior Predictive Checking using Chi-Square

          95% Confidence Interval for the Difference Between
          the Observed and the Replicated Chi-Square Values

                                -25.132            49.138

          Posterior Predictive P-Value              0.258

Information Criteria

          Deviance (DIC)                         7481.874
          Estimated Number of Parameters (pD)      49.799
          Bayesian (BIC)                         7619.726



MODEL RESULTS

                                Posterior  One-Tailed         95% C.I.
                    Estimate       S.D.      P-Value   Lower 2.5%  Upper 2.5%  Significance

 SCPT       ON
    ELPT               0.352       0.319      0.134      -0.279       0.978
    PRNAPT             0.149       0.184      0.211      -0.217       0.508

 SCPR       ON
    ELPR              -0.172       0.342      0.306      -0.843       0.498
    PRNAPR             0.149       0.184      0.211      -0.217       0.508

 CCPT       ON
    ELPT              -0.873       0.555      0.059      -1.946       0.212
    PRNAPT            -1.043       0.293      0.000      -1.617      -0.464      *

 CCPR       ON
    ELPR               1.843       0.651      0.003       0.539       3.106      *
    PRNAPR            -1.043       0.293      0.000      -1.617      -0.464      *

 PRNAPT     ON
    ELPT               0.442       0.136      0.001       0.175       0.707      *

 PRNAPR     ON
    ELPR               0.299       0.104      0.002       0.094       0.502      *

 ECRANX_1   ON
    PNAPT              0.048       0.015      0.001       0.018       0.077      *
    ELPT               0.100       0.028      0.000       0.044       0.156      *

 ECRANX_0   ON
    PNAPR              0.037       0.023      0.050      -0.007       0.082
    ELPR               0.135       0.031      0.000       0.074       0.195      *

 PNAPT      ON
    PRNAPT             0.799       0.103      0.000       0.595       1.001      *
    SCPT              -0.033       0.050      0.254      -0.133       0.065
    CCPT              -0.039       0.019      0.022      -0.077      -0.001      *

 PNAPR      ON
    PRNAPR             0.717       0.109      0.000       0.503       0.932      *
    SCPR              -0.041       0.036      0.125      -0.113       0.029
    CCPR               0.009       0.012      0.234      -0.015       0.032

 PNAPT    WITH
    PNAPR              6.653       2.962      0.007       1.403      13.102      *

 SCPT     WITH
    CCPT              14.425      43.415      0.367     -70.058     102.034
    SCPR             -21.662      17.784      0.098     -59.067      11.497
    CCPR             -39.154      51.910      0.215    -146.113      58.602

 SCPR     WITH
    CCPT              10.234      48.060      0.415     -84.523     105.863
    CCPR             -78.193      58.173      0.076    -199.203      30.378

 CCPT     WITH
    CCPR           -1032.045     182.156      0.000   -1459.474    -747.349      *

 PRNAPT   WITH
    PRNAPR             7.170       2.571      0.001       2.735      12.831      *

 ECRANX_1 WITH
    ECRANX_0           0.021       0.123      0.429      -0.221       0.263

 ELPT     WITH
    ELPR               4.299       1.771      0.004       1.147       8.162      *

 Means
    ELPT               9.660       0.409      0.000       8.855      10.467      *
    ELPR               6.835       0.408      0.000       6.036       7.635      *

 Intercepts
    SCPT              24.795       3.747      0.000      17.524      32.209      *
    CCPT              24.192       6.800      0.000      10.764      37.689      *
    SCPR              27.724       3.439      0.000      20.982      34.488      *
    CCPR               1.298       6.929      0.425     -12.293      14.854
    ECRANX_1           1.740       0.327      0.000       1.107       2.379      *
    ECRANX_0           1.487       0.330      0.000       0.841       2.137      *
    PRNAPT            11.755       1.424      0.000       8.980      14.564      *
    PRNAPR            11.582       0.821      0.000       9.955      13.176      *
    PNAPT              5.889       2.298      0.005       1.400      10.395      *
    PNAPR              5.801       1.748      0.001       2.350       9.208      *

 Variances
    ELPT              16.204       2.459      0.000      12.328      21.936      *
    ELPR              15.938       2.391      0.000      12.151      21.506      *

 Residual Variances
    SCPT             144.181      22.667      0.000     108.283     196.707      *
    CCPT            1087.072     167.815      0.000     823.589    1481.910      *
    SCPR             169.913      26.647      0.000     128.138     232.899      *
    CCPR            1572.800     245.885      0.000    1189.700    2151.325      *
    ECRANX_1           1.066       0.164      0.000       0.806       1.448      *
    ECRANX_0           1.189       0.181      0.000       0.904       1.608      *
    PRNAPT            30.499       4.666      0.000      23.077      41.380      *
    PRNAPR            17.193       2.630      0.000      13.092      23.325      *
    PNAPT             33.717       5.245      0.000      25.500      46.048      *
    PNAPR             19.920       3.072      0.000      15.083      27.059      *

New/Additional Parameters
    B1C                0.038       0.024      0.022       0.001       0.094      *
    B1D               -0.008       0.013      0.235      -0.037       0.016
    HB1C               0.002       0.001      0.023       0.000       0.005      *
    WHB1C              0.001       0.001      0.024       0.000       0.003      *
    UHC                0.001       0.002      0.079       0.000       0.006


     Beginning Time:  16:36:53
        Ending Time:  16:37:00
       Elapsed Time:  00:00:07



MUTHEN & MUTHEN
3463 Stoner Ave.
Los Angeles, CA  90066

Tel: (310) 391-9971
Fax: (310) 391-8971
Web: www.StatModel.com
Support: Support@StatModel.com

Copyright (c) 1998-2017 Muthen & Muthen
