Mplus VERSION 8 (Mac)
MUTHEN & MUTHEN
12/10/2018   3:16 PM

INPUT INSTRUCTIONS

  TITLE:
  el -> na -> coreg -> na -> anx. No log transform;
  DATA:
  !FILE = "m1df6_model.dat";
  FILE = "../../df67.dat";
  !DEFINE:
  ! prnapt=LOG(prnapt);
  ! prnapr=LOG(prnapr);
  ! pnapt=LOG(pnapt);
  ! pnapr=LOG(pnapr);

  VARIABLE:
  NAMES = PTNUM scpt ccpt scpr ccpr ECRanx_1 ECRanx_0 prnapt
  prnapr pnapt pnapr elpt elpr whichdf_num id;
   MISSING=.;
  USEVARIABLES = scpt ccpt scpr ccpr ECRanx_1 ECRanx_0 prnapt
  prnapr pnapt pnapr elpt elpr id;
  IDVARIABLE IS id;

  USEOBSERVATIONS = id NE 99; !one case identified as high cooks d

  ANALYSIS:
  !ESTIMATOR=MLR; !for modindices
  ESTIMATOR=BAYES;
  PROCESSORS = 2;
  BITERATIONS = (30000);
  ALGORITHM=GIBBS(PX1);

  MODEL:
  scpt ON elpt@0;
  scpr ON elpr@0;
  ccpt ON elpt* (u);
  ccpr ON elpr;
  prnapt ON elpt* (w);
  prnapr ON elpr* (j);
  ECRanx_1 ON pnapt* (h);
  ECRanx_0 ON pnapr* (k);
  pnapt WITH pnapr;
  pnapt ON prnapt;
  pnapt ON scpt@0;
  pnapt ON ccpt* (c);
  pnapr ON prnapr;
  pnapr ON scpr@0;
  pnapr ON ccpr* (d);
  !scpt ON prnapt* (a1);
  !scpr ON prnapr* (a1);
  scpt ON prnapt@0;
  scpr ON prnapr@0;

  ccpt ON prnapt* (b1);
  ccpr ON prnapr* (b1);
  scpt WITH ccpt;
  scpt WITH scpr;
  scpt WITH ccpr;
  scpr WITH ccpt;
  ccpt WITH ccpr;
  scpr WITH ccpr;
  scpt WITH scpt;
  scpr WITH scpr;
  ccpt WITH ccpt;
  ccpr WITH ccpr;
  prnapt WITH prnapt;
  prnapr WITH prnapr;
  ECRanx_1 WITH ECRanx_1;
  ECRanx_0 WITH ECRanx_0;
  pnapt WITH pnapt;
  pnapr WITH pnapr;
  ECRanx_1 WITH ECRanx_0;
  elpt WITH elpt;
  elpt WITH elpr@0;
  elpr WITH elpr;
  [scpt];
  [scpr];
  [ccpt];
  [ccpr];
  [prnapt];
  [prnapr];
  [ECRanx_1];
  [ECRanx_0];
  [pnapt];
  [pnapr];
  [elpt@0];  !remove mean structure
  [elpr@0];  !remove mean structure

  !mod indices: direct effect of elevation on ECR
  ECRANX_1 ON ELPT;
  ECRANX_0 ON ELPR;

  MODEL CONSTRAINT:
  NEW ( b1c b1d hb1c whb1c uhc );
  b1c = b1*c;
  b1d = b1*d;
  hb1c = h*b1*c;
  whb1c = w*h*b1*c;
  uhc = u*h*c;


  OUTPUT:
  STANDARDIZED; ! MODINDICES(ALL 5);

  !SAVEDATA:
  !FILE=m1df6_savedata.dat;
  !SAVE=COOKS;



INPUT READING TERMINATED NORMALLY




el -> na -> coreg -> na -> anx. No log transform;

SUMMARY OF ANALYSIS

Number of groups                                                 1
Number of observations                                          98

Number of dependent variables                                   10
Number of independent variables                                  2
Number of continuous latent variables                            0

Observed dependent variables

  Continuous
   SCPT        CCPT        SCPR        CCPR        ECRANX_1    ECRANX_0
   PRNAPT      PRNAPR      PNAPT       PNAPR

Observed independent variables
   ELPT        ELPR

Variables with special functions

  ID variable           ID

Estimator                                                    BAYES
Specifications for Bayesian Estimation
  Point estimate                                            MEDIAN
  Number of Markov chain Monte Carlo (MCMC) chains               2
  Random seed for the first chain                                0
  Starting value information                           UNPERTURBED
  Treatment of categorical mediator                         LATENT
  Algorithm used for Markov chain Monte Carlo           GIBBS(PX1)
  Convergence criterion                                  0.500D-01
  Maximum number of iterations                               50000
  K-th iteration used for thinning                               1

Input data file(s)
  ../../df67.dat
Input data format  FREE


SUMMARY OF DATA



COVARIANCE COVERAGE OF DATA

Minimum covariance coverage value   0.100

     Number of missing data patterns             3


     PROPORTION OF DATA PRESENT


           Covariance Coverage
              SCPT          CCPT          SCPR          CCPR          ECRANX_1
              ________      ________      ________      ________      ________
 SCPT           1.000
 CCPT           1.000         1.000
 SCPR           1.000         1.000         1.000
 CCPR           1.000         1.000         1.000         1.000
 ECRANX_1       1.000         1.000         1.000         1.000         1.000
 ECRANX_0       0.990         0.990         0.990         0.990         0.990
 PRNAPT         1.000         1.000         1.000         1.000         1.000
 PRNAPR         1.000         1.000         1.000         1.000         1.000
 PNAPT          0.990         0.990         0.990         0.990         0.990
 PNAPR          1.000         1.000         1.000         1.000         1.000
 ELPT           1.000         1.000         1.000         1.000         1.000
 ELPR           0.990         0.990         0.990         0.990         0.990


           Covariance Coverage
              ECRANX_0      PRNAPT        PRNAPR        PNAPT         PNAPR
              ________      ________      ________      ________      ________
 ECRANX_0       0.990
 PRNAPT         0.990         1.000
 PRNAPR         0.990         1.000         1.000
 PNAPT          0.980         0.990         0.990         0.990
 PNAPR          0.990         1.000         1.000         0.990         1.000
 ELPT           0.990         1.000         1.000         0.990         1.000
 ELPR           0.990         0.990         0.990         0.980         0.990


           Covariance Coverage
              ELPT          ELPR
              ________      ________
 ELPT           1.000
 ELPR           0.990         0.990



UNIVARIATE SAMPLE STATISTICS


     UNIVARIATE HIGHER-ORDER MOMENT DESCRIPTIVE STATISTICS

         Variable/         Mean/     Skewness/   Minimum/ % with                Percentiles
        Sample Size      Variance    Kurtosis    Maximum  Min/Max      20%/60%    40%/80%    Median

     SCPT                 30.568       0.545       7.450    1.02%      19.197     26.138     29.895
              98.000     131.078      -0.234      58.807    1.02%      32.363     39.920
     CCPT                 -1.222      -0.242     -81.685    1.02%     -26.415     -7.919      2.523
              98.000    1012.491       0.141      80.417    1.02%       8.529     23.939
     SCPR                 28.154       0.427       9.085    1.02%      16.451     23.579     27.418
              98.000     140.724      -0.630      55.404    1.02%      29.684     38.757
     CCPR                  0.903       0.033     -92.982    1.02%     -26.910     -8.605     -2.061
              98.000    1310.698       0.038      79.366    1.02%       6.146     28.790
     ECRANX_1              3.551       0.253       1.222    2.04%       2.500      2.944      3.389
              98.000       1.360      -0.769       6.000    1.02%       3.833      4.611
     ECRANX_0              2.933       0.464       1.000    2.06%       1.833      2.444      2.722
              97.000       1.497      -0.670       6.000    1.03%       2.944      4.111
     PRNAPT               15.796       1.149      10.000   13.27%      11.000     13.000     14.000
              98.000      26.815       1.065      34.000    1.02%      16.000     19.000
     PRNAPR               13.494       1.769      10.000   24.49%      10.000     11.000     12.000
              98.000      15.952       3.641      31.000    1.02%      13.000     16.000
     PNAPT                17.677       1.127      10.000   16.49%      11.000     13.000     16.000
              97.000      54.943       1.437      47.000    1.03%      19.000     24.000
     PNAPR                14.303       1.123      10.000   36.73%      10.000     11.000     12.000
              98.000      27.189       0.048      30.000    1.02%      13.000     19.000
     ELPT                  9.627       0.102       1.375    1.02%       5.750      8.375      9.438
              98.000      15.347      -0.693      18.000    1.02%      10.625     12.875
     ELPR                  6.831       0.331       0.750    3.09%       3.250      5.250      6.625
              97.000      15.173      -0.701      15.625    1.03%       7.750     10.375


THE MODEL ESTIMATION TERMINATED NORMALLY

     USE THE FBITERATIONS OPTION TO INCREASE THE NUMBER OF ITERATIONS BY A FACTOR
     OF AT LEAST TWO TO CHECK CONVERGENCE AND THAT THE PSR VALUE DOES NOT INCREASE.



MODEL FIT INFORMATION

Number of Free Parameters                              43

Bayesian Posterior Predictive Checking using Chi-Square

          95% Confidence Interval for the Difference Between
          the Observed and the Replicated Chi-Square Values

                                301.455           373.878

          Posterior Predictive P-Value              0.000

Information Criteria

          Deviance (DIC)                         7707.062
          Estimated Number of Parameters (pD)      40.969
          Bayesian (BIC)                         7820.889



MODEL RESULTS

                                Posterior  One-Tailed         95% C.I.
                    Estimate       S.D.      P-Value   Lower 2.5%  Upper 2.5%  Significance

 SCPT       ON
    ELPT               0.000       0.000      1.000       0.000       0.000
    PRNAPT             0.000       0.000      1.000       0.000       0.000

 SCPR       ON
    ELPR               0.000       0.000      1.000       0.000       0.000
    PRNAPR             0.000       0.000      1.000       0.000       0.000

 CCPT       ON
    ELPT              -0.840       0.561      0.065      -1.964       0.254
    PRNAPT            -0.924       0.319      0.002      -1.545      -0.297      *

 CCPR       ON
    ELPR               1.682       0.626      0.004       0.464       2.916      *
    PRNAPR            -0.924       0.319      0.002      -1.545      -0.297      *

 PRNAPT     ON
    ELPT               0.435       0.129      0.000       0.181       0.690      *

 PRNAPR     ON
    ELPR               0.287       0.101      0.002       0.089       0.486      *

 ECRANX_1   ON
    PNAPT              0.048       0.015      0.001       0.018       0.077      *
    ELPT               0.100       0.028      0.000       0.044       0.155      *

 ECRANX_0   ON
    PNAPR              0.035       0.023      0.065      -0.011       0.081
    ELPR               0.135       0.031      0.000       0.075       0.198      *

 PNAPT      ON
    PRNAPT             0.848       0.114      0.000       0.626       1.073      *
    SCPT               0.000       0.000      1.000       0.000       0.000
    CCPT              -0.036       0.020      0.032      -0.075       0.002

 PNAPR      ON
    PRNAPR             0.698       0.112      0.000       0.479       0.915      *
    SCPR               0.000       0.000      1.000       0.000       0.000
    CCPR               0.011       0.012      0.184      -0.013       0.036

 PNAPT    WITH
    PNAPR              6.971       2.988      0.005       1.662      13.440      *

 SCPT     WITH
    CCPT              17.476      43.681      0.337     -66.667     106.677
    SCPR             -22.351      16.678      0.077     -57.387       8.714
    CCPR             -44.433      51.161      0.182    -149.852      53.328

 SCPR     WITH
    CCPT             -16.520      44.828      0.349    -106.844      70.928
    CCPR             -32.760      52.263      0.253    -139.176      68.266

 CCPT     WITH
    CCPR            -973.674     173.573      0.000   -1371.279    -697.136      *

 ECRANX_1 WITH
    ECRANX_0           0.020       0.124      0.434      -0.224       0.266

 ELPT     WITH
    ELPR               0.000       0.000      1.000       0.000       0.000

 Means
    ELPT               0.000       0.000      1.000       0.000       0.000
    ELPR               0.000       0.000      1.000       0.000       0.000

 Intercepts
    SCPT              30.578       1.235      0.000      28.126      32.954      *
    CCPT              21.493       7.021      0.001       7.624      35.295      *
    SCPR              28.164       1.263      0.000      25.676      30.630      *
    CCPR               1.903       6.893      0.389     -11.646      15.390
    ECRANX_1           1.745       0.329      0.000       1.098       2.392      *
    ECRANX_0           1.507       0.334      0.000       0.854       2.161      *
    PRNAPT            11.623       1.347      0.000       8.957      14.260      *
    PRNAPR            11.543       0.793      0.000      10.000      13.089      *
    PNAPT              4.151       1.889      0.014       0.445       7.874      *
    PNAPR              4.868       1.579      0.001       1.781       7.987      *

 Variances
    ELPT             110.985      16.685      0.000      84.845     150.479      *
    ELPR              63.333       9.519      0.000      48.334      85.726      *

 Residual Variances
    SCPT             145.173      22.742      0.000     109.748     198.872      *
    CCPT            1061.799     164.913      0.000     800.298    1441.094      *
    SCPR             156.158      24.322      0.000     117.894     212.825      *
    CCPR            1464.457     229.340      0.000    1103.285    1997.277      *
    ECRANX_1           1.066       0.164      0.000       0.807       1.449      *
    ECRANX_0           1.199       0.186      0.000       0.908       1.636      *
    PRNAPT            25.134       3.846      0.000      19.150      34.155      *
    PRNAPR            15.387       2.315      0.000      11.717      20.770      *
    PNAPT             33.575       5.206      0.000      25.509      45.800      *
    PNAPR             20.327       3.135      0.000      15.408      27.622      *

New/Additional Parameters
    B1C                0.031       0.022      0.034      -0.002       0.084
    B1D               -0.009       0.013      0.185      -0.038       0.012
    HB1C               0.001       0.001      0.035       0.000       0.005
    WHB1C              0.001       0.001      0.035       0.000       0.002
    UHC                0.001       0.001      0.094      -0.001       0.005


STANDARDIZED MODEL RESULTS


STDYX Standardization

                                Posterior  One-Tailed         95% C.I.
                    Estimate       S.D.      P-Value   Lower 2.5%  Upper 2.5%  Significance
 SCPT       ON
    ELPT               0.000       0.000      1.000       0.000       0.000
    PRNAPT             0.000       0.000      1.000       0.000       0.000

 SCPR       ON
    ELPR               0.000       0.000      1.000       0.000       0.000
    PRNAPR             0.000       0.000      1.000       0.000       0.000

 CCPT       ON
    ELPT              -0.249       0.152      0.065      -0.513       0.081
    PRNAPT            -0.174       0.067      0.002      -0.318      -0.054      *

 CCPR       ON
    ELPR               0.333       0.114      0.004       0.096       0.541      *
    PRNAPR            -0.104       0.039      0.002      -0.188      -0.033      *

 PRNAPT     ON
    ELPT               0.675       0.126      0.000       0.345       0.832      *

 PRNAPR     ON
    ELPR               0.503       0.139      0.002       0.175       0.711      *

 ECRANX_1   ON
    PNAPT              0.248       0.087      0.001       0.090       0.432      *
    ELPT               0.631       0.118      0.000       0.338       0.796      *

 ECRANX_0   ON
    PNAPR              0.124       0.085      0.065      -0.036       0.299
    ELPR               0.676       0.099      0.000       0.433       0.820      *

 PNAPT      ON
    PRNAPT             0.670       0.076      0.000       0.507       0.802      *
    SCPT               0.000       0.000      1.000       0.000       0.000
    CCPT              -0.150       0.081      0.032      -0.309       0.009

 PNAPR      ON
    PRNAPR             0.572       0.078      0.000       0.404       0.710      *
    SCPR               0.000       0.000      1.000       0.000       0.000
    CCPR               0.080       0.089      0.184      -0.093       0.253

 PNAPT    WITH
    PNAPR              0.270       0.099      0.005       0.067       0.454      *

 SCPT     WITH
    CCPT               0.045       0.107      0.337      -0.163       0.254
    SCPR              -0.150       0.103      0.077      -0.347       0.057
    CCPR              -0.097       0.105      0.182      -0.300       0.113

 SCPR     WITH
    CCPT              -0.041       0.105      0.349      -0.244       0.166
    CCPR              -0.069       0.104      0.253      -0.270       0.138

 CCPT     WITH
    CCPR              -0.783       0.042      0.000      -0.852      -0.688      *

 ECRANX_1 WITH
    ECRANX_0           0.018       0.106      0.434      -0.191       0.222

 ELPT     WITH
    ELPR               0.000       0.000      1.000       0.000       0.000

 Means
    ELPT               0.000       0.000      1.000       0.000       0.000
    ELPR               0.000       0.000      1.000       0.000       0.000

 Intercepts
    SCPT               2.536       0.218      0.000       2.117       2.968      *
    CCPT               0.599       0.177      0.001       0.224       0.920      *
    SCPR               2.255       0.198      0.000       1.872       2.650      *
    CCPR               0.047       0.171      0.389      -0.274       0.399
    ECRANX_1           1.038       0.320      0.000       0.528       1.770      *
    ECRANX_0           0.938       0.271      0.000       0.468       1.520      *
    PRNAPT             1.705       0.419      0.000       1.010       2.636      *
    PRNAPR             2.532       0.398      0.000       1.782       3.323      *
    PNAPT              0.478       0.248      0.014       0.046       1.015      *
    PNAPR              0.868       0.327      0.001       0.284       1.563      *

 Variances
    ELPT               1.000       0.000      0.000       1.000       1.000
    ELPR               1.000       0.000      0.000       1.000       1.000

 Residual Variances
    SCPT               1.000       0.000      0.000       1.000       1.000
    CCPT               0.845       0.097      0.000       0.614       0.976      *
    SCPR               1.000       0.000      0.000       1.000       1.000
    CCPR               0.912       0.063      0.000       0.753       0.988      *
    ECRANX_1           0.380       0.111      0.000       0.219       0.649      *
    ECRANX_0           0.471       0.108      0.000       0.296       0.715      *
    PRNAPT             0.544       0.149      0.000       0.308       0.881      *
    PRNAPR             0.747       0.126      0.000       0.494       0.969      *
    PNAPT              0.454       0.095      0.000       0.281       0.648      *
    PNAPR              0.653       0.090      0.000       0.473       0.824      *


STDY Standardization

                                Posterior  One-Tailed         95% C.I.
                    Estimate       S.D.      P-Value   Lower 2.5%  Upper 2.5%  Significance
 SCPT       ON
    ELPT               0.000       0.000      1.000       0.000       0.000
    PRNAPT             0.000       0.000      1.000       0.000       0.000

 SCPR       ON
    ELPR               0.000       0.000      1.000       0.000       0.000
    PRNAPR             0.000       0.000      1.000       0.000       0.000

 CCPT       ON
    ELPT              -0.249       0.152      0.065      -0.513       0.081
    PRNAPT            -0.174       0.067      0.002      -0.318      -0.054      *

 CCPR       ON
    ELPR               0.333       0.114      0.004       0.096       0.541      *
    PRNAPR            -0.104       0.039      0.002      -0.188      -0.033      *

 PRNAPT     ON
    ELPT               0.675       0.126      0.000       0.345       0.832      *

 PRNAPR     ON
    ELPR               0.503       0.139      0.002       0.175       0.711      *

 ECRANX_1   ON
    PNAPT              0.248       0.087      0.001       0.090       0.432      *
    ELPT               0.631       0.118      0.000       0.338       0.796      *

 ECRANX_0   ON
    PNAPR              0.124       0.085      0.065      -0.036       0.299
    ELPR               0.676       0.099      0.000       0.433       0.820      *

 PNAPT      ON
    PRNAPT             0.670       0.076      0.000       0.507       0.802      *
    SCPT               0.000       0.000      1.000       0.000       0.000
    CCPT              -0.150       0.081      0.032      -0.309       0.009

 PNAPR      ON
    PRNAPR             0.572       0.078      0.000       0.404       0.710      *
    SCPR               0.000       0.000      1.000       0.000       0.000
    CCPR               0.080       0.089      0.184      -0.093       0.253

 PNAPT    WITH
    PNAPR              0.270       0.099      0.005       0.067       0.454      *

 SCPT     WITH
    CCPT               0.045       0.107      0.337      -0.163       0.254
    SCPR              -0.150       0.103      0.077      -0.347       0.057
    CCPR              -0.097       0.105      0.182      -0.300       0.113

 SCPR     WITH
    CCPT              -0.041       0.105      0.349      -0.244       0.166
    CCPR              -0.069       0.104      0.253      -0.270       0.138

 CCPT     WITH
    CCPR              -0.783       0.042      0.000      -0.852      -0.688      *

 ECRANX_1 WITH
    ECRANX_0           0.018       0.106      0.434      -0.191       0.222

 ELPT     WITH
    ELPR               0.000       0.000      1.000       0.000       0.000

 Means
    ELPT               0.000       0.000      1.000       0.000       0.000
    ELPR               0.000       0.000      1.000       0.000       0.000

 Intercepts
    SCPT               2.536       0.218      0.000       2.117       2.968      *
    CCPT               0.599       0.177      0.001       0.224       0.920      *
    SCPR               2.255       0.198      0.000       1.872       2.650      *
    CCPR               0.047       0.171      0.389      -0.274       0.399
    ECRANX_1           1.038       0.320      0.000       0.528       1.770      *
    ECRANX_0           0.938       0.271      0.000       0.468       1.520      *
    PRNAPT             1.705       0.419      0.000       1.010       2.636      *
    PRNAPR             2.532       0.398      0.000       1.782       3.323      *
    PNAPT              0.478       0.248      0.014       0.046       1.015      *
    PNAPR              0.868       0.327      0.001       0.284       1.563      *

 Variances
    ELPT               1.000       0.000      0.000       1.000       1.000
    ELPR               1.000       0.000      0.000       1.000       1.000

 Residual Variances
    SCPT               1.000       0.000      0.000       1.000       1.000
    CCPT               0.845       0.097      0.000       0.614       0.976      *
    SCPR               1.000       0.000      0.000       1.000       1.000
    CCPR               0.912       0.063      0.000       0.753       0.988      *
    ECRANX_1           0.380       0.111      0.000       0.219       0.649      *
    ECRANX_0           0.471       0.108      0.000       0.296       0.715      *
    PRNAPT             0.544       0.149      0.000       0.308       0.881      *
    PRNAPR             0.747       0.126      0.000       0.494       0.969      *
    PNAPT              0.454       0.095      0.000       0.281       0.648      *
    PNAPR              0.653       0.090      0.000       0.473       0.824      *


STD Standardization

                                Posterior  One-Tailed         95% C.I.
                    Estimate       S.D.      P-Value   Lower 2.5%  Upper 2.5%  Significance
 SCPT       ON
    ELPT               0.000       0.000      1.000       0.000       0.000
    PRNAPT             0.000       0.000      1.000       0.000       0.000

 SCPR       ON
    ELPR               0.000       0.000      1.000       0.000       0.000
    PRNAPR             0.000       0.000      1.000       0.000       0.000

 CCPT       ON
    ELPT              -0.840       0.561      0.065      -1.964       0.254
    PRNAPT            -0.924       0.319      0.002      -1.545      -0.297      *

 CCPR       ON
    ELPR               1.682       0.626      0.004       0.464       2.916      *
    PRNAPR            -0.924       0.319      0.002      -1.545      -0.297      *

 PRNAPT     ON
    ELPT               0.435       0.129      0.000       0.181       0.690      *

 PRNAPR     ON
    ELPR               0.287       0.101      0.002       0.089       0.486      *

 ECRANX_1   ON
    PNAPT              0.048       0.015      0.001       0.018       0.077      *
    ELPT               0.100       0.028      0.000       0.044       0.155      *

 ECRANX_0   ON
    PNAPR              0.035       0.023      0.065      -0.011       0.081
    ELPR               0.135       0.031      0.000       0.075       0.198      *

 PNAPT      ON
    PRNAPT             0.848       0.114      0.000       0.626       1.073      *
    SCPT               0.000       0.000      1.000       0.000       0.000
    CCPT              -0.036       0.020      0.032      -0.075       0.002

 PNAPR      ON
    PRNAPR             0.698       0.112      0.000       0.479       0.915      *
    SCPR               0.000       0.000      1.000       0.000       0.000
    CCPR               0.011       0.012      0.184      -0.013       0.036

 PNAPT    WITH
    PNAPR              0.270       0.099      0.005       0.067       0.454      *

 SCPT     WITH
    CCPT               0.045       0.107      0.337      -0.163       0.254
    SCPR              -0.150       0.103      0.077      -0.347       0.057
    CCPR              -0.097       0.105      0.182      -0.300       0.113

 SCPR     WITH
    CCPT              -0.041       0.105      0.349      -0.244       0.166
    CCPR              -0.069       0.104      0.253      -0.270       0.138

 CCPT     WITH
    CCPR              -0.783       0.042      0.000      -0.852      -0.688      *

 ECRANX_1 WITH
    ECRANX_0           0.018       0.106      0.434      -0.191       0.222

 ELPT     WITH
    ELPR               0.000       0.000      1.000       0.000       0.000

 Means
    ELPT               0.000       0.000      1.000       0.000       0.000
    ELPR               0.000       0.000      1.000       0.000       0.000

 Intercepts
    SCPT              30.578       1.235      0.000      28.126      32.954      *
    CCPT              21.493       7.021      0.001       7.624      35.295      *
    SCPR              28.164       1.263      0.000      25.676      30.630      *
    CCPR               1.903       6.893      0.389     -11.646      15.390
    ECRANX_1           1.745       0.329      0.000       1.098       2.392      *
    ECRANX_0           1.507       0.334      0.000       0.854       2.161      *
    PRNAPT            11.623       1.347      0.000       8.957      14.260      *
    PRNAPR            11.543       0.793      0.000      10.000      13.089      *
    PNAPT              4.151       1.889      0.014       0.445       7.874      *
    PNAPR              4.868       1.579      0.001       1.781       7.987      *

 Variances
    ELPT             110.985      16.685      0.000      84.845     150.479      *
    ELPR              63.333       9.519      0.000      48.334      85.726      *

 Residual Variances
    SCPT             145.173      22.742      0.000     109.748     198.872      *
    CCPT            1061.799     164.913      0.000     800.298    1441.094      *
    SCPR             156.158      24.322      0.000     117.894     212.825      *
    CCPR            1464.457     229.340      0.000    1103.285    1997.277      *
    ECRANX_1           1.066       0.164      0.000       0.807       1.449      *
    ECRANX_0           1.199       0.186      0.000       0.908       1.636      *
    PRNAPT            25.134       3.846      0.000      19.150      34.155      *
    PRNAPR            15.387       2.315      0.000      11.717      20.770      *
    PNAPT             33.575       5.206      0.000      25.509      45.800      *
    PNAPR             20.327       3.135      0.000      15.408      27.622      *


R-SQUARE

                                Posterior  One-Tailed         95% C.I.
    Variable        Estimate       S.D.      P-Value   Lower 2.5%  Upper 2.5%

    SCPT               0.000       0.000      1.000       0.000       0.000
    CCPT               0.155       0.097      0.000       0.024       0.386
    SCPR               0.000       0.000      1.000       0.000       0.000
    CCPR               0.088       0.063      0.000       0.012       0.247
    ECRANX_1           0.620       0.111      0.000       0.351       0.781
    ECRANX_0           0.529       0.108      0.000       0.285       0.704
    PRNAPT             0.456       0.149      0.000       0.119       0.691
    PRNAPR             0.253       0.126      0.000       0.031       0.506
    PNAPT              0.546       0.095      0.000       0.352       0.719
    PNAPR              0.347       0.090      0.000       0.176       0.527


     Beginning Time:  15:16:00
        Ending Time:  15:16:10
       Elapsed Time:  00:00:10



MUTHEN & MUTHEN
3463 Stoner Ave.
Los Angeles, CA  90066

Tel: (310) 391-9971
Fax: (310) 391-8971
Web: www.StatModel.com
Support: Support@StatModel.com

Copyright (c) 1998-2017 Muthen & Muthen
