Mplus VERSION 8 (Mac)
MUTHEN & MUTHEN
12/10/2018   3:37 PM

INPUT INSTRUCTIONS

  TITLE:
  el -> na -> coreg -> na -> anx. No log transform. No mean centering so add
  back in mean structure;
  DATA:
  !FILE = "m1df6_model.dat";
  FILE = "../../df67.dat";
  !DEFINE:
  ! prnapt=LOG(prnapt);
  ! prnapr=LOG(prnapr);
  ! pnapt=LOG(pnapt);
  ! pnapr=LOG(pnapr);

  VARIABLE:
  NAMES = PTNUM scpt ccpt scpr ccpr ECRanx_1 ECRanx_0 prnapt
  prnapr pnapt pnapr elpt elpr whichdf_num id;
   MISSING=.;
  USEVARIABLES = scpt ccpt scpr ccpr ECRanx_1 ECRanx_0 prnapt
  prnapr pnapt pnapr elpt elpr id;
  IDVARIABLE IS id;

  USEOBSERVATIONS = id NE 99; !one case identified as high cooks d

  ANALYSIS:
  ESTIMATOR=MLR; !for modindices
  !ESTIMATOR=BAYES;
  !PROCESSORS = 2;
  !BITERATIONS = (30000);
  !ALGORITHM=GIBBS(PX1);

  MODEL:
  scpt ON elpt@0;
  scpr ON elpr@0;
  ccpt ON elpt* (u);
  ccpr ON elpr;
  prnapt ON elpt* (w);
  prnapr ON elpr* (j);
  ECRanx_1 ON pnapt* (h);
  ECRanx_0 ON pnapr* (k);
  pnapt WITH pnapr;
  pnapt ON prnapt;
  pnapt ON scpt@0;
  pnapt ON ccpt* (c);
  pnapr ON prnapr;
  pnapr ON scpr@0;
  pnapr ON ccpr* (d);
  !scpt ON prnapt* (a1);
  !scpr ON prnapr* (a1);
  scpt ON prnapt@0;
  scpr ON prnapr@0;

  ccpt ON prnapt* (b1);
  ccpr ON prnapr* (b1);
  scpt WITH ccpt;
  scpt WITH scpr;
  scpt WITH ccpr;
  scpr WITH ccpt;
  ccpt WITH ccpr;
  scpr WITH ccpr;
  scpt WITH scpt;
  scpr WITH scpr;
  ccpt WITH ccpt;
  ccpr WITH ccpr;
  prnapt WITH prnapt;
  prnapr WITH prnapr;
  ECRanx_1 WITH ECRanx_1;
  ECRanx_0 WITH ECRanx_0;
  pnapt WITH pnapt;
  pnapr WITH pnapr;
  ECRanx_1 WITH ECRanx_0;
  elpt WITH elpt;
  elpt WITH elpr@0;
  elpr WITH elpr;
  [scpt];
  [scpr];
  [ccpt];
  [ccpr];
  [prnapt];
  [prnapr];
  [ECRanx_1];
  [ECRanx_0];
  [pnapt];
  [pnapr];
  [elpt];  !remove mean structure
  [elpr];  !remove mean structure

  !mod indices: direct effect of elevation on ECR
  ECRANX_1 ON ELPT;
  ECRANX_0 ON ELPR;

  !MODEL CONSTRAINT:
  !NEW ( b1c b1d hb1c whb1c uhc );
  !b1c = b1*c;
  !b1d = b1*d;
  !hb1c = h*b1*c;
  !whb1c = w*h*b1*c;
  !uhc = u*h*c;


  OUTPUT:
  STANDARDIZED;  MODINDICES(ALL 5);

  !SAVEDATA:
  !FILE=m1df6_savedata.dat;
  !SAVE=COOKS;



INPUT READING TERMINATED NORMALLY




el -> na -> coreg -> na -> anx. No log transform. No mean centering so add
back in mean structure;

SUMMARY OF ANALYSIS

Number of groups                                                 1
Number of observations                                          98

Number of dependent variables                                   10
Number of independent variables                                  2
Number of continuous latent variables                            0

Observed dependent variables

  Continuous
   SCPT        CCPT        SCPR        CCPR        ECRANX_1    ECRANX_0
   PRNAPT      PRNAPR      PNAPT       PNAPR

Observed independent variables
   ELPT        ELPR

Variables with special functions

  ID variable           ID

Estimator                                                      MLR
Information matrix                                        OBSERVED
Maximum number of iterations                                  1000
Convergence criterion                                    0.500D-04
Maximum number of steepest descent iterations                   20
Maximum number of iterations for H1                           2000
Convergence criterion for H1                             0.100D-03

Input data file(s)
  ../../df67.dat

Input data format  FREE


SUMMARY OF DATA

     Number of missing data patterns             3


COVARIANCE COVERAGE OF DATA

Minimum covariance coverage value   0.100


     PROPORTION OF DATA PRESENT


           Covariance Coverage
              SCPT          CCPT          SCPR          CCPR          ECRANX_1
              ________      ________      ________      ________      ________
 SCPT           1.000
 CCPT           1.000         1.000
 SCPR           1.000         1.000         1.000
 CCPR           1.000         1.000         1.000         1.000
 ECRANX_1       1.000         1.000         1.000         1.000         1.000
 ECRANX_0       0.990         0.990         0.990         0.990         0.990
 PRNAPT         1.000         1.000         1.000         1.000         1.000
 PRNAPR         1.000         1.000         1.000         1.000         1.000
 PNAPT          0.990         0.990         0.990         0.990         0.990
 PNAPR          1.000         1.000         1.000         1.000         1.000
 ELPT           1.000         1.000         1.000         1.000         1.000
 ELPR           0.990         0.990         0.990         0.990         0.990


           Covariance Coverage
              ECRANX_0      PRNAPT        PRNAPR        PNAPT         PNAPR
              ________      ________      ________      ________      ________
 ECRANX_0       0.990
 PRNAPT         0.990         1.000
 PRNAPR         0.990         1.000         1.000
 PNAPT          0.980         0.990         0.990         0.990
 PNAPR          0.990         1.000         1.000         0.990         1.000
 ELPT           0.990         1.000         1.000         0.990         1.000
 ELPR           0.990         0.990         0.990         0.980         0.990


           Covariance Coverage
              ELPT          ELPR
              ________      ________
 ELPT           1.000
 ELPR           0.990         0.990



UNIVARIATE SAMPLE STATISTICS


     UNIVARIATE HIGHER-ORDER MOMENT DESCRIPTIVE STATISTICS

         Variable/         Mean/     Skewness/   Minimum/ % with                Percentiles
        Sample Size      Variance    Kurtosis    Maximum  Min/Max      20%/60%    40%/80%    Median

     SCPT                 30.568       0.545       7.450    1.02%      19.197     26.138     29.895
              98.000     131.078      -0.234      58.807    1.02%      32.363     39.920
     CCPT                 -1.222      -0.242     -81.685    1.02%     -26.415     -7.919      2.523
              98.000    1012.491       0.141      80.417    1.02%       8.529     23.939
     SCPR                 28.154       0.427       9.085    1.02%      16.451     23.579     27.418
              98.000     140.724      -0.630      55.404    1.02%      29.684     38.757
     CCPR                  0.903       0.033     -92.982    1.02%     -26.910     -8.605     -2.061
              98.000    1310.698       0.038      79.366    1.02%       6.146     28.790
     ECRANX_1              3.551       0.253       1.222    2.04%       2.500      2.944      3.389
              98.000       1.360      -0.769       6.000    1.02%       3.833      4.611
     ECRANX_0              2.933       0.464       1.000    2.06%       1.833      2.444      2.722
              97.000       1.497      -0.670       6.000    1.03%       2.944      4.111
     PRNAPT               15.796       1.149      10.000   13.27%      11.000     13.000     14.000
              98.000      26.815       1.065      34.000    1.02%      16.000     19.000
     PRNAPR               13.494       1.769      10.000   24.49%      10.000     11.000     12.000
              98.000      15.952       3.641      31.000    1.02%      13.000     16.000
     PNAPT                17.677       1.127      10.000   16.49%      11.000     13.000     16.000
              97.000      54.943       1.437      47.000    1.03%      19.000     24.000
     PNAPR                14.303       1.123      10.000   36.73%      10.000     11.000     12.000
              98.000      27.189       0.048      30.000    1.02%      13.000     19.000
     ELPT                  9.627       0.102       1.375    1.02%       5.750      8.375      9.438
              98.000      15.347      -0.693      18.000    1.02%      10.625     12.875
     ELPR                  6.831       0.331       0.750    3.09%       3.250      5.250      6.625
              97.000      15.173      -0.701      15.625    1.03%       7.750     10.375


THE MODEL ESTIMATION TERMINATED NORMALLY



MODEL FIT INFORMATION

Number of Free Parameters                       45

Loglikelihood

          H0 Value                       -3645.875
          H0 Scaling Correction Factor      1.0827
            for MLR
          H1 Value                       -3614.416
          H1 Scaling Correction Factor      1.0578
            for MLR

Information Criteria

          Akaike (AIC)                    7381.750
          Bayesian (BIC)                  7498.074
          Sample-Size Adjusted BIC        7355.970
            (n* = (n + 2) / 24)

Chi-Square Test of Model Fit

          Value                             60.912*
          Degrees of Freedom                    45
          P-Value                           0.0570
          Scaling Correction Factor         1.0330
            for MLR

*   The chi-square value for MLM, MLMV, MLR, ULSMV, WLSM and WLSMV cannot be used
    for chi-square difference testing in the regular way.  MLM, MLR and WLSM
    chi-square difference testing is described on the Mplus website.  MLMV, WLSMV,
    and ULSMV difference testing is done using the DIFFTEST option.

RMSEA (Root Mean Square Error Of Approximation)

          Estimate                           0.060
          90 Percent C.I.                    0.000  0.096
          Probability RMSEA <= .05           0.317

CFI/TLI

          CFI                                0.939
          TLI                                0.912

Chi-Square Test of Model Fit for the Baseline Model

          Value                            325.053
          Degrees of Freedom                    65
          P-Value                           0.0000

SRMR (Standardized Root Mean Square Residual)

          Value                              0.092



MODEL RESULTS

                                                    Two-Tailed
                    Estimate       S.E.  Est./S.E.    P-Value

 SCPT     ON
    ELPT               0.000      0.000    999.000    999.000
    PRNAPT             0.000      0.000    999.000    999.000

 SCPR     ON
    ELPR               0.000      0.000    999.000    999.000
    PRNAPR             0.000      0.000    999.000    999.000

 CCPT     ON
    ELPT              -0.869      0.571     -1.521      0.128
    PRNAPT            -0.922      0.313     -2.941      0.003

 CCPR     ON
    ELPR               1.765      0.634      2.782      0.005
    PRNAPR            -0.922      0.313     -2.941      0.003

 PRNAPT   ON
    ELPT               0.435      0.120      3.612      0.000

 PRNAPR   ON
    ELPR               0.288      0.117      2.463      0.014

 ECRANX_1 ON
    PNAPT              0.048      0.014      3.369      0.001
    ELPT               0.100      0.027      3.713      0.000

 ECRANX_0 ON
    PNAPR              0.036      0.023      1.536      0.124
    ELPR               0.135      0.032      4.240      0.000

 PNAPT    ON
    PRNAPT             0.848      0.118      7.176      0.000
    SCPT               0.000      0.000    999.000    999.000
    CCPT              -0.036      0.019     -1.953      0.051

 PNAPR    ON
    PRNAPR             0.697      0.103      6.743      0.000
    SCPR               0.000      0.000    999.000    999.000
    CCPR               0.011      0.009      1.180      0.238

 PNAPT    WITH
    PNAPR              6.597      2.675      2.466      0.014

 SCPT     WITH
    CCPT              15.891     32.396      0.491      0.624
    SCPR             -20.376     14.699     -1.386      0.166
    CCPR             -39.744     43.469     -0.914      0.361

 SCPR     WITH
    CCPT             -15.099     36.896     -0.409      0.682
    CCPR             -30.780     43.694     -0.704      0.481

 CCPT     WITH
    CCPR            -879.216    117.785     -7.465      0.000

 ECRANX_1 WITH
    ECRANX_0           0.019      0.110      0.173      0.862

 ELPT     WITH
    ELPR               0.000      0.000    999.000    999.000

 Means
    ELPT               9.627      0.396     24.327      0.000
    ELPR               6.827      0.395     17.301      0.000

 Intercepts
    SCPT              30.568      1.157     26.431      0.000
    CCPT              21.705      7.896      2.749      0.006
    SCPR              28.154      1.198     23.495      0.000
    CCPR               1.292      6.524      0.198      0.843
    ECRANX_1           1.740      0.283      6.143      0.000
    ECRANX_0           1.500      0.337      4.454      0.000
    PRNAPT            11.611      1.152     10.080      0.000
    PRNAPR            11.528      0.770     14.973      0.000
    PNAPT              4.168      1.714      2.432      0.015
    PNAPR              4.891      1.277      3.832      0.000

 Variances
    ELPT              15.347      1.773      8.658      0.000
    ELPR              15.151      1.752      8.649      0.000

 Residual Variances
    SCPT             131.078     17.596      7.449      0.000
    CCPT             949.466    139.685      6.797      0.000
    SCPR             140.724     16.639      8.458      0.000
    CCPR            1312.964    181.466      7.235      0.000
    ECRANX_1           0.982      0.110      8.900      0.000
    ECRANX_0           1.104      0.141      7.844      0.000
    PRNAPT            23.916      4.525      5.286      0.000
    PRNAPR            14.694      3.343      4.395      0.000
    PNAPT             30.992      7.131      4.346      0.000
    PNAPR             18.748      3.129      5.992      0.000


STANDARDIZED MODEL RESULTS


STDYX Standardization

                                                    Two-Tailed
                    Estimate       S.E.  Est./S.E.    P-Value

 SCPT     ON
    ELPT               0.000      0.000    999.000    999.000
    PRNAPT             0.000      0.000    999.000    999.000

 SCPR     ON
    ELPR               0.000      0.000    999.000    999.000
    PRNAPR             0.000      0.000    999.000    999.000

 CCPT     ON
    ELPT              -0.108      0.070     -1.547      0.122
    PRNAPT            -0.151      0.052     -2.935      0.003

 CCPR     ON
    ELPR               0.186      0.060      3.120      0.002
    PRNAPR            -0.100      0.035     -2.843      0.004

 PRNAPT   ON
    ELPT               0.329      0.092      3.586      0.000

 PRNAPR   ON
    ELPR               0.281      0.103      2.726      0.006

 ECRANX_1 ON
    PNAPT              0.305      0.080      3.820      0.000
    ELPT               0.342      0.091      3.773      0.000

 ECRANX_0 ON
    PNAPR              0.152      0.102      1.486      0.137
    ELPR               0.438      0.092      4.786      0.000

 PNAPT    ON
    PRNAPT             0.600      0.075      7.984      0.000
    SCPT               0.000      0.000    999.000    999.000
    CCPT              -0.157      0.084     -1.860      0.063

 PNAPR    ON
    PRNAPR             0.540      0.063      8.506      0.000
    SCPR               0.000      0.000    999.000    999.000
    CCPR               0.080      0.068      1.170      0.242

 PNAPT    WITH
    PNAPR              0.274      0.103      2.663      0.008

 SCPT     WITH
    CCPT               0.045      0.092      0.489      0.625
    SCPR              -0.150      0.108     -1.388      0.165
    CCPR              -0.096      0.104     -0.921      0.357

 SCPR     WITH
    CCPT              -0.041      0.100     -0.412      0.681
    CCPR              -0.072      0.101     -0.706      0.480

 CCPT     WITH
    CCPR              -0.787      0.031    -25.172      0.000

 ECRANX_1 WITH
    ECRANX_0           0.018      0.105      0.174      0.862

 ELPT     WITH
    ELPR               0.000      0.000    999.000    999.000

 Means
    ELPT               2.457      0.167     14.742      0.000
    ELPR               1.754      0.121     14.512      0.000

 Intercepts
    SCPT               2.670      0.166     16.113      0.000
    CCPT               0.688      0.246      2.795      0.005
    SCPR               2.373      0.140     16.973      0.000
    CCPR               0.035      0.178      0.197      0.844
    ECRANX_1           1.514      0.299      5.072      0.000
    ECRANX_0           1.247      0.299      4.164      0.000
    PRNAPT             2.242      0.301      7.440      0.000
    PRNAPR             2.886      0.430      6.706      0.000
    PNAPT              0.570      0.262      2.178      0.029
    PNAPR              0.949      0.272      3.487      0.000

 Variances
    ELPT               1.000      0.000    999.000    999.000
    ELPR               1.000      0.000    999.000    999.000

 Residual Variances
    SCPT               1.000      0.000    999.000    999.000
    CCPT               0.955      0.026     36.455      0.000
    SCPR               1.000      0.000    999.000    999.000
    CCPR               0.966      0.020     48.740      0.000
    ECRANX_1           0.743      0.065     11.458      0.000
    ECRANX_0           0.763      0.079      9.652      0.000
    PRNAPT             0.892      0.060     14.788      0.000
    PRNAPR             0.921      0.058     15.928      0.000
    PNAPT              0.580      0.083      7.014      0.000
    PNAPR              0.706      0.069     10.286      0.000


STDY Standardization

                                                    Two-Tailed
                    Estimate       S.E.  Est./S.E.    P-Value

 SCPT     ON
    ELPT               0.000      0.000    999.000    999.000
    PRNAPT             0.000      0.000    999.000    999.000

 SCPR     ON
    ELPR               0.000      0.000    999.000    999.000
    PRNAPR             0.000      0.000    999.000    999.000

 CCPT     ON
    ELPT              -0.108      0.070     -1.547      0.122
    PRNAPT            -0.151      0.052     -2.935      0.003

 CCPR     ON
    ELPR               0.186      0.060      3.120      0.002
    PRNAPR            -0.100      0.035     -2.843      0.004

 PRNAPT   ON
    ELPT               0.329      0.092      3.586      0.000

 PRNAPR   ON
    ELPR               0.281      0.103      2.726      0.006

 ECRANX_1 ON
    PNAPT              0.305      0.080      3.820      0.000
    ELPT               0.342      0.091      3.773      0.000

 ECRANX_0 ON
    PNAPR              0.152      0.102      1.486      0.137
    ELPR               0.438      0.092      4.786      0.000

 PNAPT    ON
    PRNAPT             0.600      0.075      7.984      0.000
    SCPT               0.000      0.000    999.000    999.000
    CCPT              -0.157      0.084     -1.860      0.063

 PNAPR    ON
    PRNAPR             0.540      0.063      8.506      0.000
    SCPR               0.000      0.000    999.000    999.000
    CCPR               0.080      0.068      1.170      0.242

 PNAPT    WITH
    PNAPR              0.274      0.103      2.663      0.008

 SCPT     WITH
    CCPT               0.045      0.092      0.489      0.625
    SCPR              -0.150      0.108     -1.388      0.165
    CCPR              -0.096      0.104     -0.921      0.357

 SCPR     WITH
    CCPT              -0.041      0.100     -0.412      0.681
    CCPR              -0.072      0.101     -0.706      0.480

 CCPT     WITH
    CCPR              -0.787      0.031    -25.172      0.000

 ECRANX_1 WITH
    ECRANX_0           0.018      0.105      0.174      0.862

 ELPT     WITH
    ELPR               0.000      0.000    999.000    999.000

 Means
    ELPT               2.457      0.167     14.742      0.000
    ELPR               1.754      0.121     14.512      0.000

 Intercepts
    SCPT               2.670      0.166     16.113      0.000
    CCPT               0.688      0.246      2.795      0.005
    SCPR               2.373      0.140     16.973      0.000
    CCPR               0.035      0.178      0.197      0.844
    ECRANX_1           1.514      0.299      5.072      0.000
    ECRANX_0           1.247      0.299      4.164      0.000
    PRNAPT             2.242      0.301      7.440      0.000
    PRNAPR             2.886      0.430      6.706      0.000
    PNAPT              0.570      0.262      2.178      0.029
    PNAPR              0.949      0.272      3.487      0.000

 Variances
    ELPT               1.000      0.000    999.000    999.000
    ELPR               1.000      0.000    999.000    999.000

 Residual Variances
    SCPT               1.000      0.000    999.000    999.000
    CCPT               0.955      0.026     36.455      0.000
    SCPR               1.000      0.000    999.000    999.000
    CCPR               0.966      0.020     48.740      0.000
    ECRANX_1           0.743      0.065     11.458      0.000
    ECRANX_0           0.763      0.079      9.652      0.000
    PRNAPT             0.892      0.060     14.788      0.000
    PRNAPR             0.921      0.058     15.928      0.000
    PNAPT              0.580      0.083      7.014      0.000
    PNAPR              0.706      0.069     10.286      0.000


STD Standardization

                                                    Two-Tailed
                    Estimate       S.E.  Est./S.E.    P-Value

 SCPT     ON
    ELPT               0.000      0.000    999.000    999.000
    PRNAPT             0.000      0.000    999.000    999.000

 SCPR     ON
    ELPR               0.000      0.000    999.000    999.000
    PRNAPR             0.000      0.000    999.000    999.000

 CCPT     ON
    ELPT              -0.869      0.571     -1.521      0.128
    PRNAPT            -0.922      0.313     -2.941      0.003

 CCPR     ON
    ELPR               1.765      0.634      2.782      0.005
    PRNAPR            -0.922      0.313     -2.941      0.003

 PRNAPT   ON
    ELPT               0.435      0.120      3.612      0.000

 PRNAPR   ON
    ELPR               0.288      0.117      2.463      0.014

 ECRANX_1 ON
    PNAPT              0.048      0.014      3.369      0.001
    ELPT               0.100      0.027      3.713      0.000

 ECRANX_0 ON
    PNAPR              0.036      0.023      1.536      0.124
    ELPR               0.135      0.032      4.240      0.000

 PNAPT    ON
    PRNAPT             0.848      0.118      7.176      0.000
    SCPT               0.000      0.000    999.000    999.000
    CCPT              -0.036      0.019     -1.953      0.051

 PNAPR    ON
    PRNAPR             0.697      0.103      6.743      0.000
    SCPR               0.000      0.000    999.000    999.000
    CCPR               0.011      0.009      1.180      0.238

 PNAPT    WITH
    PNAPR              6.597      2.675      2.466      0.014

 SCPT     WITH
    CCPT              15.891     32.396      0.491      0.624
    SCPR             -20.376     14.699     -1.386      0.166
    CCPR             -39.744     43.469     -0.914      0.361

 SCPR     WITH
    CCPT             -15.099     36.896     -0.409      0.682
    CCPR             -30.780     43.694     -0.704      0.481

 CCPT     WITH
    CCPR            -879.216    117.785     -7.465      0.000

 ECRANX_1 WITH
    ECRANX_0           0.019      0.110      0.173      0.862

 ELPT     WITH
    ELPR               0.000      0.000    999.000    999.000

 Means
    ELPT               9.627      0.396     24.327      0.000
    ELPR               6.827      0.395     17.301      0.000

 Intercepts
    SCPT              30.568      1.157     26.431      0.000
    CCPT              21.705      7.896      2.749      0.006
    SCPR              28.154      1.198     23.495      0.000
    CCPR               1.292      6.524      0.198      0.843
    ECRANX_1           1.740      0.283      6.143      0.000
    ECRANX_0           1.500      0.337      4.454      0.000
    PRNAPT            11.611      1.152     10.080      0.000
    PRNAPR            11.528      0.770     14.973      0.000
    PNAPT              4.168      1.714      2.432      0.015
    PNAPR              4.891      1.277      3.832      0.000

 Variances
    ELPT              15.347      1.773      8.658      0.000
    ELPR              15.151      1.752      8.649      0.000

 Residual Variances
    SCPT             131.078     17.596      7.449      0.000
    CCPT             949.466    139.685      6.797      0.000
    SCPR             140.724     16.639      8.458      0.000
    CCPR            1312.964    181.466      7.235      0.000
    ECRANX_1           0.982      0.110      8.900      0.000
    ECRANX_0           1.104      0.141      7.844      0.000
    PRNAPT            23.916      4.525      5.286      0.000
    PRNAPR            14.694      3.343      4.395      0.000
    PNAPT             30.992      7.131      4.346      0.000
    PNAPR             18.748      3.129      5.992      0.000


R-SQUARE

    Observed                                        Two-Tailed
    Variable        Estimate       S.E.  Est./S.E.    P-Value

    SCPT               0.000      0.000    999.000    999.000
    CCPT               0.045      0.026      1.730      0.084
    SCPR               0.000      0.000    999.000    999.000
    CCPR               0.034      0.020      1.729      0.084
    ECRANX_1           0.257      0.065      3.953      0.000
    ECRANX_0           0.237      0.079      2.997      0.003
    PRNAPT             0.108      0.060      1.793      0.073
    PRNAPR             0.079      0.058      1.363      0.173
    PNAPT              0.420      0.083      5.086      0.000
    PNAPR              0.294      0.069      4.281      0.000


QUALITY OF NUMERICAL RESULTS

     Condition Number for the Information Matrix              0.510E-06
       (ratio of smallest to largest eigenvalue)


MODEL MODIFICATION INDICES

Minimum M.I. value for printing the modification index     5.000

                                   M.I.     E.P.C.  Std E.P.C.  StdYX E.P.C.

ON Statements

PRNAPR   ON PRNAPT                 5.080     0.171      0.171        0.222
PNAPR    ON ECRANX_0               9.037     1.655      1.655        0.386
PNAPR    ON ELPR                   8.789     0.347      0.347        0.262

WITH Statements

PNAPR    WITH PRNAPR               8.789   -17.698    -17.698       -1.066
ELPR     WITH PNAPR                8.789     5.257      5.257        0.312
ELPR     WITH ELPT                 6.897     4.129      4.129        0.271


     Beginning Time:  15:37:43
        Ending Time:  15:37:43
       Elapsed Time:  00:00:00



MUTHEN & MUTHEN
3463 Stoner Ave.
Los Angeles, CA  90066

Tel: (310) 391-9971
Fax: (310) 391-8971
Web: www.StatModel.com
Support: Support@StatModel.com

Copyright (c) 1998-2017 Muthen & Muthen
