Mplus VERSION 8 (Mac)
MUTHEN & MUTHEN
02/25/2020  11:53 AM

INPUT INSTRUCTIONS

  TITLE:
  Testing
  DATA:
  FILE = "antso_aonly_m.dat";

  VARIABLE:
  NAMES = dasbl1 dasbl0 antso_1 antso_0;
   MISSING=.;

  ANALYSIS:
  ESTIMATOR=BAYES; PROCESSORS = 2;BITERATIONS = (30000);
  MODEL:
  dasbl1 ON antso_1;
  dasbl1 ON antso_0@0;
  dasbl0 ON antso_1@0;
  dasbl0 ON antso_0;
  dasbl1 WITH dasbl0;
  antso_1 WITH antso_0;
  dasbl1 WITH dasbl1;
  dasbl0 WITH dasbl0;
  antso_1 WITH antso_1;
  antso_0 WITH antso_0;
  [dasbl1];
  [dasbl0];
  [antso_1];
  [antso_0];

  OUTPUT:
  STANDARDIZED



INPUT READING TERMINATED NORMALLY




Testing

SUMMARY OF ANALYSIS

Number of groups                                                 1
Number of observations                                          99

Number of dependent variables                                    2
Number of independent variables                                  2
Number of continuous latent variables                            0

Observed dependent variables

  Continuous
   DASBL1      DASBL0

Observed independent variables
   ANTSO_1     ANTSO_0


Estimator                                                    BAYES
Specifications for Bayesian Estimation
  Point estimate                                            MEDIAN
  Number of Markov chain Monte Carlo (MCMC) chains               2
  Random seed for the first chain                                0
  Starting value information                           UNPERTURBED
  Treatment of categorical mediator                         LATENT
  Algorithm used for Markov chain Monte Carlo           GIBBS(PX1)
  Convergence criterion                                  0.500D-01
  Maximum number of iterations                               50000
  K-th iteration used for thinning                               1

Input data file(s)
  antso_aonly_m.dat
Input data format  FREE


SUMMARY OF DATA



COVARIANCE COVERAGE OF DATA

Minimum covariance coverage value   0.100

     Number of missing data patterns             3


     PROPORTION OF DATA PRESENT


           Covariance Coverage
              DASBL1        DASBL0        ANTSO_1       ANTSO_0
              ________      ________      ________      ________
 DASBL1         1.000
 DASBL0         0.970         0.970
 ANTSO_1        0.990         0.960         0.990
 ANTSO_0        0.990         0.960         0.990         0.990



UNIVARIATE SAMPLE STATISTICS


     UNIVARIATE HIGHER-ORDER MOMENT DESCRIPTIVE STATISTICS

         Variable/         Mean/     Skewness/   Minimum/ % with                Percentiles
        Sample Size      Variance    Kurtosis    Maximum  Min/Max      20%/60%    40%/80%    Median

     DASBL1                3.101       0.918       2.000    3.03%       3.000      3.000      3.000
              99.000       0.151       2.687       4.000   13.13%       3.000      3.000
     DASBL0               11.510      -0.365       2.000    1.04%       9.000     11.000     12.000
              96.000      12.229       0.022      19.000    1.04%      13.000     14.000
     ANTSO_1               2.000       1.718       0.000   51.02%       0.000      0.000      0.000
              98.000      10.082       1.976      14.000    1.02%       1.000      4.000
     ANTSO_0               1.429       2.267       0.000   58.16%       0.000      0.000      0.000
              98.000       6.735       4.537      12.000    1.02%       1.000      2.000


THE MODEL ESTIMATION TERMINATED NORMALLY

     USE THE FBITERATIONS OPTION TO INCREASE THE NUMBER OF ITERATIONS BY A FACTOR
     OF AT LEAST TWO TO CHECK CONVERGENCE AND THAT THE PSR VALUE DOES NOT INCREASE.



MODEL FIT INFORMATION

Number of Free Parameters                              12

Bayesian Posterior Predictive Checking using Chi-Square

          95% Confidence Interval for the Difference Between
          the Observed and the Replicated Chi-Square Values

                                -14.062            15.014

          Posterior Predictive P-Value              0.447

Information Criteria

          Deviance (DIC)                         1573.079
          Estimated Number of Parameters (pD)      11.541
          Bayesian (BIC)                         1604.762



MODEL RESULTS

                                Posterior  One-Tailed         95% C.I.
                    Estimate       S.D.      P-Value   Lower 2.5%  Upper 2.5%  Significance

 DASBL1     ON
    ANTSO_1           -0.013       0.012      0.128      -0.037       0.010
    ANTSO_0            0.000       0.000      1.000       0.000       0.000

 DASBL0     ON
    ANTSO_1            0.000       0.000      1.000       0.000       0.000
    ANTSO_0           -0.187       0.140      0.090      -0.464       0.089

 DASBL1   WITH
    DASBL0             0.523       0.168      0.000       0.236       0.896      *

 ANTSO_1  WITH
    ANTSO_0            2.535       0.973      0.001       0.828       4.689      *

 Means
    ANTSO_1            2.002       0.335      0.000       1.341       2.659      *
    ANTSO_0            1.427       0.270      0.000       0.900       1.963      *

 Intercepts
    DASBL1             3.128       0.047      0.000       3.036       3.220      *
    DASBL0            11.786       0.407      0.000      10.979      12.584      *

 Variances
    ANTSO_1           10.695       1.626      0.000       8.121      14.446      *
    ANTSO_0            7.145       1.083      0.000       5.427       9.641      *

 Residual Variances
    DASBL1             0.159       0.024      0.000       0.120       0.215      *
    DASBL0            12.787       1.996      0.000       9.616      17.468      *


STANDARDIZED MODEL RESULTS


STDYX Standardization

                                Posterior  One-Tailed         95% C.I.
                    Estimate       S.D.      P-Value   Lower 2.5%  Upper 2.5%  Significance
 DASBL1     ON
    ANTSO_1           -0.109       0.096      0.128      -0.295       0.082
    ANTSO_0            0.000       0.000      1.000       0.000       0.000

 DASBL0     ON
    ANTSO_1            0.000       0.000      1.000       0.000       0.000
    ANTSO_0           -0.139       0.102      0.090      -0.334       0.066

 DASBL1   WITH
    DASBL0             0.371       0.093      0.000       0.177       0.538      *

 ANTSO_1  WITH
    ANTSO_0            0.293       0.094      0.001       0.099       0.468      *

 Means
    ANTSO_1            0.612       0.111      0.000       0.394       0.831      *
    ANTSO_0            0.534       0.108      0.000       0.324       0.749      *

 Intercepts
    DASBL1             7.761       0.574      0.000       6.669       8.918      *
    DASBL0             3.246       0.260      0.000       2.735       3.762      *

 Variances
    ANTSO_1            1.000       0.000      0.000       1.000       1.000
    ANTSO_0            1.000       0.000      0.000       1.000       1.000

 Residual Variances
    DASBL1             0.987       0.024      0.000       0.913       1.000      *
    DASBL0             0.980       0.031      0.000       0.888       1.000      *


STDY Standardization

                                Posterior  One-Tailed         95% C.I.
                    Estimate       S.D.      P-Value   Lower 2.5%  Upper 2.5%  Significance
 DASBL1     ON
    ANTSO_1           -0.109       0.096      0.128      -0.295       0.082
    ANTSO_0            0.000       0.000      1.000       0.000       0.000

 DASBL0     ON
    ANTSO_1            0.000       0.000      1.000       0.000       0.000
    ANTSO_0           -0.139       0.102      0.090      -0.334       0.066

 DASBL1   WITH
    DASBL0             0.371       0.093      0.000       0.177       0.538      *

 ANTSO_1  WITH
    ANTSO_0            0.293       0.094      0.001       0.099       0.468      *

 Means
    ANTSO_1            0.612       0.111      0.000       0.394       0.831      *
    ANTSO_0            0.534       0.108      0.000       0.324       0.749      *

 Intercepts
    DASBL1             7.761       0.574      0.000       6.669       8.918      *
    DASBL0             3.246       0.260      0.000       2.735       3.762      *

 Variances
    ANTSO_1            1.000       0.000      0.000       1.000       1.000
    ANTSO_0            1.000       0.000      0.000       1.000       1.000

 Residual Variances
    DASBL1             0.987       0.024      0.000       0.913       1.000      *
    DASBL0             0.980       0.031      0.000       0.888       1.000      *


STD Standardization

                                Posterior  One-Tailed         95% C.I.
                    Estimate       S.D.      P-Value   Lower 2.5%  Upper 2.5%  Significance
 DASBL1     ON
    ANTSO_1           -0.013       0.012      0.128      -0.037       0.010
    ANTSO_0            0.000       0.000      1.000       0.000       0.000

 DASBL0     ON
    ANTSO_1            0.000       0.000      1.000       0.000       0.000
    ANTSO_0           -0.187       0.140      0.090      -0.464       0.089

 DASBL1   WITH
    DASBL0             0.371       0.093      0.000       0.177       0.538      *

 ANTSO_1  WITH
    ANTSO_0            0.293       0.094      0.001       0.099       0.468      *

 Means
    ANTSO_1            2.002       0.335      0.000       1.341       2.659      *
    ANTSO_0            1.427       0.270      0.000       0.900       1.963      *

 Intercepts
    DASBL1             3.128       0.047      0.000       3.036       3.220      *
    DASBL0            11.786       0.407      0.000      10.979      12.584      *

 Variances
    ANTSO_1           10.695       1.626      0.000       8.121      14.446      *
    ANTSO_0            7.145       1.083      0.000       5.427       9.641      *

 Residual Variances
    DASBL1             0.159       0.024      0.000       0.120       0.215      *
    DASBL0            12.787       1.996      0.000       9.616      17.468      *


R-SQUARE

                                Posterior  One-Tailed         95% C.I.
    Variable        Estimate       S.D.      P-Value   Lower 2.5%  Upper 2.5%

    DASBL1             0.013       0.024      0.000       0.000       0.087
    DASBL0             0.020       0.031      0.000       0.000       0.112


     Beginning Time:  11:53:35
        Ending Time:  11:53:41
       Elapsed Time:  00:00:06



MUTHEN & MUTHEN
3463 Stoner Ave.
Los Angeles, CA  90066

Tel: (310) 391-9971
Fax: (310) 391-8971
Web: www.StatModel.com
Support: Support@StatModel.com

Copyright (c) 1998-2017 Muthen & Muthen
