Mplus VERSION 8 (Mac)
MUTHEN & MUTHEN
02/25/2020  11:59 AM

INPUT INSTRUCTIONS

  TITLE:
  Testing
  DATA:
  FILE = "narci_aonly_m.dat";

  VARIABLE:
  NAMES = dasbl1 dasbl0 narci_1 narci_0;
   MISSING=.;

  ANALYSIS:
  ESTIMATOR=BAYES; PROCESSORS = 2;BITERATIONS = (30000);
  MODEL:
  dasbl1 ON narci_1;
  dasbl1 ON narci_0@0;
  dasbl0 ON narci_1@0;
  dasbl0 ON narci_0;
  dasbl1 WITH dasbl0;
  narci_1 WITH narci_0;
  dasbl1 WITH dasbl1;
  dasbl0 WITH dasbl0;
  narci_1 WITH narci_1;
  narci_0 WITH narci_0;
  [dasbl1];
  [dasbl0];
  [narci_1];
  [narci_0];

  OUTPUT:
  STANDARDIZED



INPUT READING TERMINATED NORMALLY




Testing

SUMMARY OF ANALYSIS

Number of groups                                                 1
Number of observations                                          99

Number of dependent variables                                    2
Number of independent variables                                  2
Number of continuous latent variables                            0

Observed dependent variables

  Continuous
   DASBL1      DASBL0

Observed independent variables
   NARCI_1     NARCI_0


Estimator                                                    BAYES
Specifications for Bayesian Estimation
  Point estimate                                            MEDIAN
  Number of Markov chain Monte Carlo (MCMC) chains               2
  Random seed for the first chain                                0
  Starting value information                           UNPERTURBED
  Treatment of categorical mediator                         LATENT
  Algorithm used for Markov chain Monte Carlo           GIBBS(PX1)
  Convergence criterion                                  0.500D-01
  Maximum number of iterations                               50000
  K-th iteration used for thinning                               1

Input data file(s)
  narci_aonly_m.dat
Input data format  FREE


SUMMARY OF DATA



COVARIANCE COVERAGE OF DATA

Minimum covariance coverage value   0.100

     Number of missing data patterns             3


     PROPORTION OF DATA PRESENT


           Covariance Coverage
              DASBL1        DASBL0        NARCI_1       NARCI_0
              ________      ________      ________      ________
 DASBL1         1.000
 DASBL0         0.970         0.970
 NARCI_1        0.990         0.960         0.990
 NARCI_0        0.990         0.960         0.990         0.990



UNIVARIATE SAMPLE STATISTICS


     UNIVARIATE HIGHER-ORDER MOMENT DESCRIPTIVE STATISTICS

         Variable/         Mean/     Skewness/   Minimum/ % with                Percentiles
        Sample Size      Variance    Kurtosis    Maximum  Min/Max      20%/60%    40%/80%    Median

     DASBL1                3.101       0.918       2.000    3.03%       3.000      3.000      3.000
              99.000       0.151       2.687       4.000   13.13%       3.000      3.000
     DASBL0               11.510      -0.365       2.000    1.04%       9.000     11.000     12.000
              96.000      12.229       0.022      19.000    1.04%      13.000     14.000
     NARCI_1               1.663       2.270       0.000   37.76%       0.000      1.000      1.000
              98.000       4.183       8.342      13.000    1.02%       2.000      3.000
     NARCI_0               1.531       2.648       0.000   46.94%       0.000      0.000      1.000
              98.000       6.025       8.251      14.000    1.02%       1.000      2.000


THE MODEL ESTIMATION TERMINATED NORMALLY

     USE THE FBITERATIONS OPTION TO INCREASE THE NUMBER OF ITERATIONS BY A FACTOR
     OF AT LEAST TWO TO CHECK CONVERGENCE AND THAT THE PSR VALUE DOES NOT INCREASE.



MODEL FIT INFORMATION

Number of Free Parameters                              12

Bayesian Posterior Predictive Checking using Chi-Square

          95% Confidence Interval for the Difference Between
          the Observed and the Replicated Chi-Square Values

                                -14.895            13.980

          Posterior Predictive P-Value              0.502

Information Criteria

          Deviance (DIC)                         1482.904
          Estimated Number of Parameters (pD)      11.534
          Bayesian (BIC)                         1514.605



MODEL RESULTS

                                Posterior  One-Tailed         95% C.I.
                    Estimate       S.D.      P-Value   Lower 2.5%  Upper 2.5%  Significance

 DASBL1     ON
    NARCI_1           -0.013       0.018      0.235      -0.049       0.023
    NARCI_0            0.000       0.000      1.000       0.000       0.000

 DASBL0     ON
    NARCI_1            0.000       0.000      1.000       0.000       0.000
    NARCI_0           -0.241       0.137      0.040      -0.509       0.028

 DASBL1   WITH
    DASBL0             0.537       0.167      0.000       0.255       0.909      *

 NARCI_1  WITH
    NARCI_0            0.549       0.570      0.156      -0.535       1.740

 Means
    NARCI_1            1.665       0.216      0.000       1.238       2.086      *
    NARCI_0            1.528       0.256      0.000       1.024       2.035      *

 Intercepts
    DASBL1             3.123       0.051      0.000       3.023       3.223      *
    DASBL0            11.909       0.418      0.000      11.084      12.730      *

 Variances
    NARCI_1            4.442       0.674      0.000       3.365       5.996      *
    NARCI_0            6.393       0.969      0.000       4.855       8.631      *

 Residual Variances
    DASBL1             0.161       0.024      0.000       0.122       0.217      *
    DASBL0            12.625       1.963      0.000       9.490      17.211      *


STANDARDIZED MODEL RESULTS


STDYX Standardization

                                Posterior  One-Tailed         95% C.I.
                    Estimate       S.D.      P-Value   Lower 2.5%  Upper 2.5%  Significance
 DASBL1     ON
    NARCI_1           -0.069       0.095      0.235      -0.254       0.118
    NARCI_0            0.000       0.000      1.000       0.000       0.000

 DASBL0     ON
    NARCI_1            0.000       0.000      1.000       0.000       0.000
    NARCI_0           -0.168       0.094      0.040      -0.350       0.020

 DASBL1   WITH
    DASBL0             0.381       0.091      0.000       0.190       0.544      *

 NARCI_1  WITH
    NARCI_0            0.105       0.102      0.156      -0.099       0.299

 Means
    NARCI_1            0.790       0.117      0.000       0.560       1.021      *
    NARCI_0            0.605       0.110      0.000       0.390       0.823      *

 Intercepts
    DASBL1             7.728       0.576      0.000       6.633       8.896      *
    DASBL0             3.287       0.260      0.000       2.779       3.807      *

 Variances
    NARCI_1            1.000       0.000      0.000       1.000       1.000
    NARCI_0            1.000       0.000      0.000       1.000       1.000

 Residual Variances
    DASBL1             0.993       0.018      0.000       0.935       1.000      *
    DASBL0             0.972       0.033      0.000       0.878       1.000      *


STDY Standardization

                                Posterior  One-Tailed         95% C.I.
                    Estimate       S.D.      P-Value   Lower 2.5%  Upper 2.5%  Significance
 DASBL1     ON
    NARCI_1           -0.069       0.095      0.235      -0.254       0.118
    NARCI_0            0.000       0.000      1.000       0.000       0.000

 DASBL0     ON
    NARCI_1            0.000       0.000      1.000       0.000       0.000
    NARCI_0           -0.168       0.094      0.040      -0.350       0.020

 DASBL1   WITH
    DASBL0             0.381       0.091      0.000       0.190       0.544      *

 NARCI_1  WITH
    NARCI_0            0.105       0.102      0.156      -0.099       0.299

 Means
    NARCI_1            0.790       0.117      0.000       0.560       1.021      *
    NARCI_0            0.605       0.110      0.000       0.390       0.823      *

 Intercepts
    DASBL1             7.728       0.576      0.000       6.633       8.896      *
    DASBL0             3.287       0.260      0.000       2.779       3.807      *

 Variances
    NARCI_1            1.000       0.000      0.000       1.000       1.000
    NARCI_0            1.000       0.000      0.000       1.000       1.000

 Residual Variances
    DASBL1             0.993       0.018      0.000       0.935       1.000      *
    DASBL0             0.972       0.033      0.000       0.878       1.000      *


STD Standardization

                                Posterior  One-Tailed         95% C.I.
                    Estimate       S.D.      P-Value   Lower 2.5%  Upper 2.5%  Significance
 DASBL1     ON
    NARCI_1           -0.013       0.018      0.235      -0.049       0.023
    NARCI_0            0.000       0.000      1.000       0.000       0.000

 DASBL0     ON
    NARCI_1            0.000       0.000      1.000       0.000       0.000
    NARCI_0           -0.241       0.137      0.040      -0.509       0.028

 DASBL1   WITH
    DASBL0             0.381       0.091      0.000       0.190       0.544      *

 NARCI_1  WITH
    NARCI_0            0.105       0.102      0.156      -0.099       0.299

 Means
    NARCI_1            1.665       0.216      0.000       1.238       2.086      *
    NARCI_0            1.528       0.256      0.000       1.024       2.035      *

 Intercepts
    DASBL1             3.123       0.051      0.000       3.023       3.223      *
    DASBL0            11.909       0.418      0.000      11.084      12.730      *

 Variances
    NARCI_1            4.442       0.674      0.000       3.365       5.996      *
    NARCI_0            6.393       0.969      0.000       4.855       8.631      *

 Residual Variances
    DASBL1             0.161       0.024      0.000       0.122       0.217      *
    DASBL0            12.625       1.963      0.000       9.490      17.211      *


R-SQUARE

                                Posterior  One-Tailed         95% C.I.
    Variable        Estimate       S.D.      P-Value   Lower 2.5%  Upper 2.5%

    DASBL1             0.007       0.018      0.000       0.000       0.065
    DASBL0             0.028       0.033      0.000       0.000       0.122


     Beginning Time:  11:59:47
        Ending Time:  11:59:51
       Elapsed Time:  00:00:04



MUTHEN & MUTHEN
3463 Stoner Ave.
Los Angeles, CA  90066

Tel: (310) 391-9971
Fax: (310) 391-8971
Web: www.StatModel.com
Support: Support@StatModel.com

Copyright (c) 1998-2017 Muthen & Muthen
