Mplus VERSION 8 (Mac)
MUTHEN & MUTHEN
02/25/2020  12:03 PM

INPUT INSTRUCTIONS

  TITLE:
  Testing
  DATA:
  FILE = "parnd_pfixed_m.dat";

  VARIABLE:
  NAMES = dasbl1 dasbl0 parnd_1 parnd_0;
   MISSING=.;

  ANALYSIS:
  ESTIMATOR=BAYES; PROCESSORS = 2;BITERATIONS = (30000);
  MODEL:
  dasbl1 ON parnd_1;
  dasbl1 ON parnd_0* (b);
  dasbl0 ON parnd_1* (b);
  dasbl0 ON parnd_0;
  dasbl1 WITH dasbl0;
  parnd_1 WITH parnd_0;
  dasbl1 WITH dasbl1;
  dasbl0 WITH dasbl0;
  parnd_1 WITH parnd_1;
  parnd_0 WITH parnd_0;
  [dasbl1];
  [dasbl0];
  [parnd_1];
  [parnd_0];

  OUTPUT:
  STANDARDIZED



INPUT READING TERMINATED NORMALLY




Testing

SUMMARY OF ANALYSIS

Number of groups                                                 1
Number of observations                                          99

Number of dependent variables                                    2
Number of independent variables                                  2
Number of continuous latent variables                            0

Observed dependent variables

  Continuous
   DASBL1      DASBL0

Observed independent variables
   PARND_1     PARND_0


Estimator                                                    BAYES
Specifications for Bayesian Estimation
  Point estimate                                            MEDIAN
  Number of Markov chain Monte Carlo (MCMC) chains               2
  Random seed for the first chain                                0
  Starting value information                           UNPERTURBED
  Treatment of categorical mediator                         LATENT
  Algorithm used for Markov chain Monte Carlo           GIBBS(PX1)
  Convergence criterion                                  0.500D-01
  Maximum number of iterations                               50000
  K-th iteration used for thinning                               1

Input data file(s)
  parnd_pfixed_m.dat
Input data format  FREE


SUMMARY OF DATA



COVARIANCE COVERAGE OF DATA

Minimum covariance coverage value   0.100

     Number of missing data patterns             3


     PROPORTION OF DATA PRESENT


           Covariance Coverage
              DASBL1        DASBL0        PARND_1       PARND_0
              ________      ________      ________      ________
 DASBL1         1.000
 DASBL0         0.970         0.970
 PARND_1        0.990         0.960         0.990
 PARND_0        0.990         0.960         0.990         0.990



UNIVARIATE SAMPLE STATISTICS


     UNIVARIATE HIGHER-ORDER MOMENT DESCRIPTIVE STATISTICS

         Variable/         Mean/     Skewness/   Minimum/ % with                Percentiles
        Sample Size      Variance    Kurtosis    Maximum  Min/Max      20%/60%    40%/80%    Median

     DASBL1                3.101       0.918       2.000    3.03%       3.000      3.000      3.000
              99.000       0.151       2.687       4.000   13.13%       3.000      3.000
     DASBL0               11.510      -0.365       2.000    1.04%       9.000     11.000     12.000
              96.000      12.229       0.022      19.000    1.04%      13.000     14.000
     PARND_1               1.276       1.392       0.000   46.94%       0.000      0.000      1.000
              98.000       2.812       1.104       7.000    1.02%       1.000      2.000
     PARND_0               0.694       2.090       0.000   70.41%       0.000      0.000      0.000
              98.000       1.763       3.691       6.000    1.02%       0.000      1.000


THE MODEL ESTIMATION TERMINATED NORMALLY

     USE THE FBITERATIONS OPTION TO INCREASE THE NUMBER OF ITERATIONS BY A FACTOR
     OF AT LEAST TWO TO CHECK CONVERGENCE AND THAT THE PSR VALUE DOES NOT INCREASE.



MODEL FIT INFORMATION

Number of Free Parameters                              13

Bayesian Posterior Predictive Checking using Chi-Square

          95% Confidence Interval for the Difference Between
          the Observed and the Replicated Chi-Square Values

                                 -9.754            22.398

          Posterior Predictive P-Value              0.219

Information Criteria

          Deviance (DIC)                         1310.846
          Estimated Number of Parameters (pD)      12.454
          Bayesian (BIC)                         1345.265



MODEL RESULTS

                                Posterior  One-Tailed         95% C.I.
                    Estimate       S.D.      P-Value   Lower 2.5%  Upper 2.5%  Significance

 DASBL1     ON
    PARND_1           -0.016       0.023      0.240      -0.062       0.030
    PARND_0           -0.064       0.030      0.016      -0.124      -0.005      *

 DASBL0     ON
    PARND_1           -0.064       0.030      0.016      -0.124      -0.005      *
    PARND_0           -1.041       0.261      0.000      -1.550      -0.534      *

 DASBL1   WITH
    DASBL0             0.437       0.155      0.001       0.167       0.781      *

 PARND_1  WITH
    PARND_0            0.338       0.255      0.081      -0.138       0.875

 Means
    PARND_1            1.278       0.177      0.000       0.926       1.624      *
    PARND_0            0.691       0.139      0.000       0.416       0.966      *

 Intercepts
    DASBL1             3.167       0.053      0.000       3.062       3.271      *
    DASBL0            12.307       0.389      0.000      11.536      13.073      *

 Variances
    PARND_1            2.981       0.455      0.000       2.266       4.036      *
    PARND_0            1.869       0.283      0.000       1.422       2.521      *

 Residual Variances
    DASBL1             0.155       0.024      0.000       0.118       0.212      *
    DASBL0            11.095       1.717      0.000       8.372      15.080      *


STANDARDIZED MODEL RESULTS


STDYX Standardization

                                Posterior  One-Tailed         95% C.I.
                    Estimate       S.D.      P-Value   Lower 2.5%  Upper 2.5%  Significance
 DASBL1     ON
    PARND_1           -0.069       0.098      0.240      -0.264       0.122
    PARND_0           -0.216       0.097      0.016      -0.398      -0.018      *

 DASBL0     ON
    PARND_1           -0.030       0.015      0.016      -0.060      -0.002      *
    PARND_0           -0.392       0.089      0.000      -0.551      -0.206      *

 DASBL1   WITH
    DASBL0             0.337       0.097      0.001       0.134       0.512      *

 PARND_1  WITH
    PARND_0            0.145       0.101      0.081      -0.058       0.338

 Means
    PARND_1            0.741       0.115      0.000       0.513       0.964      *
    PARND_0            0.506       0.108      0.000       0.295       0.721      *

 Intercepts
    DASBL1             7.733       0.581      0.000       6.605       8.894      *
    DASBL0             3.373       0.250      0.000       2.897       3.878      *

 Variances
    PARND_1            1.000       0.000      0.000       1.000       1.000
    PARND_0            1.000       0.000      0.000       1.000       1.000

 Residual Variances
    DASBL1             0.935       0.048      0.000       0.812       0.994      *
    DASBL0             0.842       0.069      0.000       0.689       0.955      *


STDY Standardization

                                Posterior  One-Tailed         95% C.I.
                    Estimate       S.D.      P-Value   Lower 2.5%  Upper 2.5%  Significance
 DASBL1     ON
    PARND_1           -0.069       0.098      0.240      -0.264       0.122
    PARND_0           -0.216       0.097      0.016      -0.398      -0.018      *

 DASBL0     ON
    PARND_1           -0.030       0.015      0.016      -0.060      -0.002      *
    PARND_0           -0.392       0.089      0.000      -0.551      -0.206      *

 DASBL1   WITH
    DASBL0             0.337       0.097      0.001       0.134       0.512      *

 PARND_1  WITH
    PARND_0            0.145       0.101      0.081      -0.058       0.338

 Means
    PARND_1            0.741       0.115      0.000       0.513       0.964      *
    PARND_0            0.506       0.108      0.000       0.295       0.721      *

 Intercepts
    DASBL1             7.733       0.581      0.000       6.605       8.894      *
    DASBL0             3.373       0.250      0.000       2.897       3.878      *

 Variances
    PARND_1            1.000       0.000      0.000       1.000       1.000
    PARND_0            1.000       0.000      0.000       1.000       1.000

 Residual Variances
    DASBL1             0.935       0.048      0.000       0.812       0.994      *
    DASBL0             0.842       0.069      0.000       0.689       0.955      *


STD Standardization

                                Posterior  One-Tailed         95% C.I.
                    Estimate       S.D.      P-Value   Lower 2.5%  Upper 2.5%  Significance
 DASBL1     ON
    PARND_1           -0.016       0.023      0.240      -0.062       0.030
    PARND_0           -0.064       0.030      0.016      -0.124      -0.005      *

 DASBL0     ON
    PARND_1           -0.064       0.030      0.016      -0.124      -0.005      *
    PARND_0           -1.041       0.261      0.000      -1.550      -0.534      *

 DASBL1   WITH
    DASBL0             0.337       0.097      0.001       0.134       0.512      *

 PARND_1  WITH
    PARND_0            0.145       0.101      0.081      -0.058       0.338

 Means
    PARND_1            1.278       0.177      0.000       0.926       1.624      *
    PARND_0            0.691       0.139      0.000       0.416       0.966      *

 Intercepts
    DASBL1             3.167       0.053      0.000       3.062       3.271      *
    DASBL0            12.307       0.389      0.000      11.536      13.073      *

 Variances
    PARND_1            2.981       0.455      0.000       2.266       4.036      *
    PARND_0            1.869       0.283      0.000       1.422       2.521      *

 Residual Variances
    DASBL1             0.155       0.024      0.000       0.118       0.212      *
    DASBL0            11.095       1.717      0.000       8.372      15.080      *


R-SQUARE

                                Posterior  One-Tailed         95% C.I.
    Variable        Estimate       S.D.      P-Value   Lower 2.5%  Upper 2.5%

    DASBL1             0.065       0.048      0.000       0.006       0.188
    DASBL0             0.158       0.069      0.000       0.045       0.311


     Beginning Time:  12:03:16
        Ending Time:  12:03:22
       Elapsed Time:  00:00:06



MUTHEN & MUTHEN
3463 Stoner Ave.
Los Angeles, CA  90066

Tel: (310) 391-9971
Fax: (310) 391-8971
Web: www.StatModel.com
Support: Support@StatModel.com

Copyright (c) 1998-2017 Muthen & Muthen
