Mplus VERSION 8 (Mac)
MUTHEN & MUTHEN
02/25/2020  12:04 PM

INPUT INSTRUCTIONS

  TITLE:
  Testing
  DATA:
  FILE = "stypl_afixed_m.dat";

  VARIABLE:
  NAMES = dasbl1 dasbl0 stypl_1 stypl_0;
   MISSING=.;

  ANALYSIS:
  ESTIMATOR=BAYES; PROCESSORS = 2;BITERATIONS = (30000);
  MODEL:
  dasbl1 ON stypl_1* (a);
  dasbl1 ON stypl_0;
  dasbl0 ON stypl_1;
  dasbl0 ON stypl_0* (a);
  dasbl1 WITH dasbl0;
  stypl_1 WITH stypl_0;
  dasbl1 WITH dasbl1;
  dasbl0 WITH dasbl0;
  stypl_1 WITH stypl_1;
  stypl_0 WITH stypl_0;
  [dasbl1];
  [dasbl0];
  [stypl_1];
  [stypl_0];

  OUTPUT:
  STANDARDIZED



INPUT READING TERMINATED NORMALLY




Testing

SUMMARY OF ANALYSIS

Number of groups                                                 1
Number of observations                                          99

Number of dependent variables                                    2
Number of independent variables                                  2
Number of continuous latent variables                            0

Observed dependent variables

  Continuous
   DASBL1      DASBL0

Observed independent variables
   STYPL_1     STYPL_0


Estimator                                                    BAYES
Specifications for Bayesian Estimation
  Point estimate                                            MEDIAN
  Number of Markov chain Monte Carlo (MCMC) chains               2
  Random seed for the first chain                                0
  Starting value information                           UNPERTURBED
  Treatment of categorical mediator                         LATENT
  Algorithm used for Markov chain Monte Carlo           GIBBS(PX1)
  Convergence criterion                                  0.500D-01
  Maximum number of iterations                               50000
  K-th iteration used for thinning                               1

Input data file(s)
  stypl_afixed_m.dat
Input data format  FREE


SUMMARY OF DATA



COVARIANCE COVERAGE OF DATA

Minimum covariance coverage value   0.100

     Number of missing data patterns             3


     PROPORTION OF DATA PRESENT


           Covariance Coverage
              DASBL1        DASBL0        STYPL_1       STYPL_0
              ________      ________      ________      ________
 DASBL1         1.000
 DASBL0         0.970         0.970
 STYPL_1        0.990         0.960         0.990
 STYPL_0        0.990         0.960         0.990         0.990



UNIVARIATE SAMPLE STATISTICS


     UNIVARIATE HIGHER-ORDER MOMENT DESCRIPTIVE STATISTICS

         Variable/         Mean/     Skewness/   Minimum/ % with                Percentiles
        Sample Size      Variance    Kurtosis    Maximum  Min/Max      20%/60%    40%/80%    Median

     DASBL1                3.101       0.918       2.000    3.03%       3.000      3.000      3.000
              99.000       0.151       2.687       4.000   13.13%       3.000      3.000
     DASBL0               11.510      -0.365       2.000    1.04%       9.000     11.000     12.000
              96.000      12.229       0.022      19.000    1.04%      13.000     14.000
     STYPL_1               0.786       1.865       0.000   63.27%       0.000      0.000      0.000
              98.000       1.638       3.365       6.000    1.02%       0.000      2.000
     STYPL_0               0.531       2.111       0.000   71.43%       0.000      0.000      0.000
              98.000       0.984       4.516       5.000    1.02%       0.000      1.000


THE MODEL ESTIMATION TERMINATED NORMALLY

     USE THE FBITERATIONS OPTION TO INCREASE THE NUMBER OF ITERATIONS BY A FACTOR
     OF AT LEAST TWO TO CHECK CONVERGENCE AND THAT THE PSR VALUE DOES NOT INCREASE.



MODEL FIT INFORMATION

Number of Free Parameters                              13

Bayesian Posterior Predictive Checking using Chi-Square

          95% Confidence Interval for the Difference Between
          the Observed and the Replicated Chi-Square Values

                                -15.827            15.403

          Posterior Predictive P-Value              0.524

Information Criteria

          Deviance (DIC)                         1205.575
          Estimated Number of Parameters (pD)      12.458
          Bayesian (BIC)                         1239.990



MODEL RESULTS

                                Posterior  One-Tailed         95% C.I.
                    Estimate       S.D.      P-Value   Lower 2.5%  Upper 2.5%  Significance

 DASBL1     ON
    STYPL_1           -0.049       0.032      0.059      -0.112       0.013
    STYPL_0           -0.031       0.039      0.207      -0.107       0.044

 DASBL0     ON
    STYPL_1           -0.819       0.274      0.002      -1.355      -0.286      *
    STYPL_0           -0.049       0.032      0.059      -0.112       0.013

 DASBL1   WITH
    DASBL0             0.488       0.159      0.000       0.212       0.840      *

 STYPL_1  WITH
    STYPL_0            0.272       0.147      0.023       0.004       0.588      *

 Means
    STYPL_1            0.786       0.135      0.000       0.518       1.050      *
    STYPL_0            0.530       0.104      0.000       0.325       0.736      *

 Intercepts
    DASBL1             3.157       0.050      0.000       3.059       3.255      *
    DASBL0            12.213       0.418      0.000      11.389      13.028      *

 Variances
    STYPL_1            1.736       0.264      0.000       1.320       2.350      *
    STYPL_0            1.044       0.158      0.000       0.794       1.411      *

 Residual Variances
    DASBL1             0.158       0.024      0.000       0.120       0.214      *
    DASBL0            11.938       1.845      0.000       8.996      16.235      *


STANDARDIZED MODEL RESULTS


STDYX Standardization

                                Posterior  One-Tailed         95% C.I.
                    Estimate       S.D.      P-Value   Lower 2.5%  Upper 2.5%  Significance
 DASBL1     ON
    STYPL_1           -0.161       0.100      0.059      -0.351       0.041
    STYPL_0           -0.079       0.095      0.207      -0.263       0.110

 DASBL0     ON
    STYPL_1           -0.298       0.094      0.002      -0.468      -0.106      *
    STYPL_0           -0.014       0.009      0.059      -0.032       0.004

 DASBL1   WITH
    DASBL0             0.359       0.093      0.000       0.164       0.525      *

 STYPL_1  WITH
    STYPL_0            0.204       0.099      0.023       0.003       0.390      *

 Means
    STYPL_1            0.597       0.111      0.000       0.378       0.813      *
    STYPL_0            0.519       0.108      0.000       0.307       0.734      *

 Intercepts
    DASBL1             7.726       0.570      0.000       6.620       8.866      *
    DASBL0             3.354       0.252      0.000       2.869       3.862      *

 Variances
    STYPL_1            1.000       0.000      0.000       1.000       1.000
    STYPL_0            1.000       0.000      0.000       1.000       1.000

 Residual Variances
    DASBL1             0.954       0.041      0.000       0.845       0.997      *
    DASBL0             0.909       0.056      0.000       0.776       0.988      *


STDY Standardization

                                Posterior  One-Tailed         95% C.I.
                    Estimate       S.D.      P-Value   Lower 2.5%  Upper 2.5%  Significance
 DASBL1     ON
    STYPL_1           -0.161       0.100      0.059      -0.351       0.041
    STYPL_0           -0.079       0.095      0.207      -0.263       0.110

 DASBL0     ON
    STYPL_1           -0.298       0.094      0.002      -0.468      -0.106      *
    STYPL_0           -0.014       0.009      0.059      -0.032       0.004

 DASBL1   WITH
    DASBL0             0.359       0.093      0.000       0.164       0.525      *

 STYPL_1  WITH
    STYPL_0            0.204       0.099      0.023       0.003       0.390      *

 Means
    STYPL_1            0.597       0.111      0.000       0.378       0.813      *
    STYPL_0            0.519       0.108      0.000       0.307       0.734      *

 Intercepts
    DASBL1             7.726       0.570      0.000       6.620       8.866      *
    DASBL0             3.354       0.252      0.000       2.869       3.862      *

 Variances
    STYPL_1            1.000       0.000      0.000       1.000       1.000
    STYPL_0            1.000       0.000      0.000       1.000       1.000

 Residual Variances
    DASBL1             0.954       0.041      0.000       0.845       0.997      *
    DASBL0             0.909       0.056      0.000       0.776       0.988      *


STD Standardization

                                Posterior  One-Tailed         95% C.I.
                    Estimate       S.D.      P-Value   Lower 2.5%  Upper 2.5%  Significance
 DASBL1     ON
    STYPL_1           -0.049       0.032      0.059      -0.112       0.013
    STYPL_0           -0.031       0.039      0.207      -0.107       0.044

 DASBL0     ON
    STYPL_1           -0.819       0.274      0.002      -1.355      -0.286      *
    STYPL_0           -0.049       0.032      0.059      -0.112       0.013

 DASBL1   WITH
    DASBL0             0.359       0.093      0.000       0.164       0.525      *

 STYPL_1  WITH
    STYPL_0            0.204       0.099      0.023       0.003       0.390      *

 Means
    STYPL_1            0.786       0.135      0.000       0.518       1.050      *
    STYPL_0            0.530       0.104      0.000       0.325       0.736      *

 Intercepts
    DASBL1             3.157       0.050      0.000       3.059       3.255      *
    DASBL0            12.213       0.418      0.000      11.389      13.028      *

 Variances
    STYPL_1            1.736       0.264      0.000       1.320       2.350      *
    STYPL_0            1.044       0.158      0.000       0.794       1.411      *

 Residual Variances
    DASBL1             0.158       0.024      0.000       0.120       0.214      *
    DASBL0            11.938       1.845      0.000       8.996      16.235      *


R-SQUARE

                                Posterior  One-Tailed         95% C.I.
    Variable        Estimate       S.D.      P-Value   Lower 2.5%  Upper 2.5%

    DASBL1             0.046       0.041      0.000       0.003       0.155
    DASBL0             0.091       0.056      0.000       0.012       0.224


     Beginning Time:  12:04:33
        Ending Time:  12:04:39
       Elapsed Time:  00:00:06



MUTHEN & MUTHEN
3463 Stoner Ave.
Los Angeles, CA  90066

Tel: (310) 391-9971
Fax: (310) 391-8971
Web: www.StatModel.com
Support: Support@StatModel.com

Copyright (c) 1998-2017 Muthen & Muthen
