Mplus VERSION 8 (Mac)
MUTHEN & MUTHEN
02/25/2020  12:06 PM

INPUT INSTRUCTIONS

  TITLE:
  Testing
  DATA:
  FILE = "szoid_ponly_m.dat";

  VARIABLE:
  NAMES = dasbl1 dasbl0 szoid_1 szoid_0;
   MISSING=.;

  ANALYSIS:
  ESTIMATOR=BAYES; PROCESSORS = 2;BITERATIONS = (30000);
  MODEL:
  dasbl1 ON szoid_1@0;
  dasbl1 ON szoid_0;
  dasbl0 ON szoid_1;
  dasbl0 ON szoid_0@0;
  dasbl1 WITH dasbl0;
  szoid_1 WITH szoid_0;
  dasbl1 WITH dasbl1;
  dasbl0 WITH dasbl0;
  szoid_1 WITH szoid_1;
  szoid_0 WITH szoid_0;
  [dasbl1];
  [dasbl0];
  [szoid_1];
  [szoid_0];

  OUTPUT:
  STANDARDIZED



INPUT READING TERMINATED NORMALLY




Testing

SUMMARY OF ANALYSIS

Number of groups                                                 1
Number of observations                                          99

Number of dependent variables                                    2
Number of independent variables                                  2
Number of continuous latent variables                            0

Observed dependent variables

  Continuous
   DASBL1      DASBL0

Observed independent variables
   SZOID_1     SZOID_0


Estimator                                                    BAYES
Specifications for Bayesian Estimation
  Point estimate                                            MEDIAN
  Number of Markov chain Monte Carlo (MCMC) chains               2
  Random seed for the first chain                                0
  Starting value information                           UNPERTURBED
  Treatment of categorical mediator                         LATENT
  Algorithm used for Markov chain Monte Carlo           GIBBS(PX1)
  Convergence criterion                                  0.500D-01
  Maximum number of iterations                               50000
  K-th iteration used for thinning                               1

Input data file(s)
  szoid_ponly_m.dat
Input data format  FREE


SUMMARY OF DATA



COVARIANCE COVERAGE OF DATA

Minimum covariance coverage value   0.100

     Number of missing data patterns             3


     PROPORTION OF DATA PRESENT


           Covariance Coverage
              DASBL1        DASBL0        SZOID_1       SZOID_0
              ________      ________      ________      ________
 DASBL1         1.000
 DASBL0         0.970         0.970
 SZOID_1        0.990         0.960         0.990
 SZOID_0        0.990         0.960         0.990         0.990



UNIVARIATE SAMPLE STATISTICS


     UNIVARIATE HIGHER-ORDER MOMENT DESCRIPTIVE STATISTICS

         Variable/         Mean/     Skewness/   Minimum/ % with                Percentiles
        Sample Size      Variance    Kurtosis    Maximum  Min/Max      20%/60%    40%/80%    Median

     DASBL1                3.101       0.918       2.000    3.03%       3.000      3.000      3.000
              99.000       0.151       2.687       4.000   13.13%       3.000      3.000
     DASBL0               11.510      -0.365       2.000    1.04%       9.000     11.000     12.000
              96.000      12.229       0.022      19.000    1.04%      13.000     14.000
     SZOID_1               0.990       1.751       0.000   61.22%       0.000      0.000      0.000
              98.000       2.704       1.968       6.000    3.06%       0.000      2.000
     SZOID_0               0.735       3.231       0.000   63.27%       0.000      0.000      0.000
              98.000       2.175      11.647       8.000    2.04%       0.000      1.000


THE MODEL ESTIMATION TERMINATED NORMALLY

     USE THE FBITERATIONS OPTION TO INCREASE THE NUMBER OF ITERATIONS BY A FACTOR
     OF AT LEAST TWO TO CHECK CONVERGENCE AND THAT THE PSR VALUE DOES NOT INCREASE.



MODEL FIT INFORMATION

Number of Free Parameters                              12

Bayesian Posterior Predictive Checking using Chi-Square

          95% Confidence Interval for the Difference Between
          the Observed and the Replicated Chi-Square Values

                                -15.332            13.638

          Posterior Predictive P-Value              0.526

Information Criteria

          Deviance (DIC)                         1331.980
          Estimated Number of Parameters (pD)      11.529
          Bayesian (BIC)                         1363.691



MODEL RESULTS

                                Posterior  One-Tailed         95% C.I.
                    Estimate       S.D.      P-Value   Lower 2.5%  Upper 2.5%  Significance

 DASBL1     ON
    SZOID_1            0.000       0.000      1.000       0.000       0.000
    SZOID_0            0.029       0.025      0.122      -0.020       0.079

 DASBL0     ON
    SZOID_1           -0.573       0.198      0.003      -0.961      -0.181      *
    SZOID_0            0.000       0.000      1.000       0.000       0.000

 DASBL1   WITH
    DASBL0             0.539       0.162      0.000       0.267       0.902      *

 SZOID_1  WITH
    SZOID_0            0.413       0.278      0.056      -0.101       1.004

 Means
    SZOID_1            0.988       0.174      0.000       0.644       1.327      *
    SZOID_0            0.733       0.154      0.000       0.432       1.039      *

 Intercepts
    DASBL1             3.080       0.044      0.000       2.992       3.168      *
    DASBL0            12.097       0.403      0.000      11.302      12.889      *

 Variances
    SZOID_1            2.869       0.435      0.000       2.175       3.875      *
    SZOID_0            2.307       0.350      0.000       1.753       3.115      *

 Residual Variances
    DASBL1             0.160       0.024      0.000       0.121       0.216      *
    DASBL0            11.988       1.863      0.000       9.010      16.345      *


STANDARDIZED MODEL RESULTS


STDYX Standardization

                                Posterior  One-Tailed         95% C.I.
                    Estimate       S.D.      P-Value   Lower 2.5%  Upper 2.5%  Significance
 DASBL1     ON
    SZOID_1            0.000       0.000      1.000       0.000       0.000
    SZOID_0            0.108       0.094      0.122      -0.076       0.290

 DASBL0     ON
    SZOID_1           -0.269       0.090      0.003      -0.439      -0.085      *
    SZOID_0            0.000       0.000      1.000       0.000       0.000

 DASBL1   WITH
    DASBL0             0.394       0.090      0.000       0.205       0.555      *

 SZOID_1  WITH
    SZOID_0            0.163       0.100      0.056      -0.039       0.353

 Means
    SZOID_1            0.584       0.110      0.000       0.367       0.802      *
    SZOID_0            0.483       0.106      0.000       0.274       0.696      *

 Intercepts
    DASBL1             7.620       0.576      0.000       6.534       8.790      *
    DASBL0             3.349       0.254      0.000       2.857       3.860      *

 Variances
    SZOID_1            1.000       0.000      0.000       1.000       1.000
    SZOID_0            1.000       0.000      0.000       1.000       1.000

 Residual Variances
    DASBL1             0.988       0.023      0.000       0.916       1.000      *
    DASBL0             0.927       0.049      0.000       0.808       0.993      *


STDY Standardization

                                Posterior  One-Tailed         95% C.I.
                    Estimate       S.D.      P-Value   Lower 2.5%  Upper 2.5%  Significance
 DASBL1     ON
    SZOID_1            0.000       0.000      1.000       0.000       0.000
    SZOID_0            0.108       0.094      0.122      -0.076       0.290

 DASBL0     ON
    SZOID_1           -0.269       0.090      0.003      -0.439      -0.085      *
    SZOID_0            0.000       0.000      1.000       0.000       0.000

 DASBL1   WITH
    DASBL0             0.394       0.090      0.000       0.205       0.555      *

 SZOID_1  WITH
    SZOID_0            0.163       0.100      0.056      -0.039       0.353

 Means
    SZOID_1            0.584       0.110      0.000       0.367       0.802      *
    SZOID_0            0.483       0.106      0.000       0.274       0.696      *

 Intercepts
    DASBL1             7.620       0.576      0.000       6.534       8.790      *
    DASBL0             3.349       0.254      0.000       2.857       3.860      *

 Variances
    SZOID_1            1.000       0.000      0.000       1.000       1.000
    SZOID_0            1.000       0.000      0.000       1.000       1.000

 Residual Variances
    DASBL1             0.988       0.023      0.000       0.916       1.000      *
    DASBL0             0.927       0.049      0.000       0.808       0.993      *


STD Standardization

                                Posterior  One-Tailed         95% C.I.
                    Estimate       S.D.      P-Value   Lower 2.5%  Upper 2.5%  Significance
 DASBL1     ON
    SZOID_1            0.000       0.000      1.000       0.000       0.000
    SZOID_0            0.029       0.025      0.122      -0.020       0.079

 DASBL0     ON
    SZOID_1           -0.573       0.198      0.003      -0.961      -0.181      *
    SZOID_0            0.000       0.000      1.000       0.000       0.000

 DASBL1   WITH
    DASBL0             0.394       0.090      0.000       0.205       0.555      *

 SZOID_1  WITH
    SZOID_0            0.163       0.100      0.056      -0.039       0.353

 Means
    SZOID_1            0.988       0.174      0.000       0.644       1.327      *
    SZOID_0            0.733       0.154      0.000       0.432       1.039      *

 Intercepts
    DASBL1             3.080       0.044      0.000       2.992       3.168      *
    DASBL0            12.097       0.403      0.000      11.302      12.889      *

 Variances
    SZOID_1            2.869       0.435      0.000       2.175       3.875      *
    SZOID_0            2.307       0.350      0.000       1.753       3.115      *

 Residual Variances
    DASBL1             0.160       0.024      0.000       0.121       0.216      *
    DASBL0            11.988       1.863      0.000       9.010      16.345      *


R-SQUARE

                                Posterior  One-Tailed         95% C.I.
    Variable        Estimate       S.D.      P-Value   Lower 2.5%  Upper 2.5%

    DASBL1             0.012       0.023      0.000       0.000       0.084
    DASBL0             0.073       0.049      0.000       0.007       0.192


     Beginning Time:  12:06:12
        Ending Time:  12:06:18
       Elapsed Time:  00:00:06



MUTHEN & MUTHEN
3463 Stoner Ave.
Los Angeles, CA  90066

Tel: (310) 391-9971
Fax: (310) 391-8971
Web: www.StatModel.com
Support: Support@StatModel.com

Copyright (c) 1998-2017 Muthen & Muthen
