Mplus VERSION 8 (Mac)
MUTHEN & MUTHEN
01/17/2019  12:26 PM

INPUT INSTRUCTIONS

  TITLE:
  Aff -> Coreg -> Aff AND fix non-sig parameters to zero
  DATA:
  FILE = "../df67_spaff.dat";

  VARIABLE:
  NAMES = PTNUM scpt ccpt scpr ccpr ECRanx_1 ECRanx_0 prnapt prnapr pnapt pnapr
  elpt
       elpr cmpt cmpr prafpt prafpr pafpt pafpr ECRavo_0 ECRavo_1 whichdf_num id
       npt
       npr;
   MISSING=.;
  USEVARIABLES = scpt ccpt scpr ccpr prafpt prafpr pafpt pafpr npt npr;
  ANALYSIS:
  ESTIMATOR=BAYES; PROCESSORS = 2;BITERATIONS = (30000);
  !ESTIMATOR = MLR;
  MODEL:
  pafpt ON npt;
  pafpr ON npr@0;
  npt ON prafpt@0;
  npr ON prafpr;

  pafpr ON npt;
  pafpt ON npr@0;
  npt ON prafpr@0;
  npr ON prafpt;

  [npt];
  [npr];
  npt WITH npr;
  npt WITH npt;
  npr WITH npr;

  pafpt WITH pafpr;
  pafpt ON prafpt;
  pafpt ON scpt* (a1);
  pafpt ON ccpt* (a3);
  pafpt ON scpr* (a5);
  pafpt ON ccpr* (a7);
  pafpr ON prafpr;
  pafpr ON scpr@0;
  pafpr ON ccpr@0;
  pafpr ON scpt* (a5);
  pafpr ON ccpt* (a7);
  scpr ON prafpt@0;
  scpt ON prafpr@0;
  ccpt ON prafpr* (b7);
  ccpr ON prafpt* (b7);
  scpt WITH ccpt;
  scpt WITH scpr;
  scpt WITH ccpr;
  ccpt WITH scpr;
  ccpt WITH ccpr;
  scpr WITH ccpr;
  scpt WITH scpt;
  ccpt WITH ccpt;
  scpr WITH scpr;
  ccpr WITH ccpr;
  prafpt WITH prafpt;
  prafpr WITH prafpr;
  pafpt WITH pafpt;
  pafpr WITH pafpr;
  [scpt];
  [ccpt];
  [scpr];
  [ccpr];
  [prafpt];
  [prafpr];
  [pafpt];
  [pafpr@0];

  MODEL CONSTRAINT:
  NEW ( a3b7); ! a7b7 a4b7 zka3 );
  !ha3 = h*a3;
  !ka3 = k*a3;
  a3b7 = a3*b7;
  !a7b7 = a7*b7;
  !a4b7 = a4*b7;
  !zka3 = z*k*a3;

  OUTPUT:
  STANDARDIZED;  !MODINDICES(ALL 5);



INPUT READING TERMINATED NORMALLY




Aff -> Coreg -> Aff AND fix non-sig parameters to zero

SUMMARY OF ANALYSIS

Number of groups                                                 1
Number of observations                                          99

Number of dependent variables                                    8
Number of independent variables                                  2
Number of continuous latent variables                            0

Observed dependent variables

  Continuous
   SCPT        CCPT        SCPR        CCPR        PAFPT       PAFPR
   NPT         NPR

Observed independent variables
   PRAFPT      PRAFPR


Estimator                                                    BAYES
Specifications for Bayesian Estimation
  Point estimate                                            MEDIAN
  Number of Markov chain Monte Carlo (MCMC) chains               2
  Random seed for the first chain                                0
  Starting value information                           UNPERTURBED
  Treatment of categorical mediator                         LATENT
  Algorithm used for Markov chain Monte Carlo           GIBBS(PX1)
  Convergence criterion                                  0.500D-01
  Maximum number of iterations                               50000
  K-th iteration used for thinning                               1

Input data file(s)
  ../df67_spaff.dat
Input data format  FREE


SUMMARY OF DATA



COVARIANCE COVERAGE OF DATA

Minimum covariance coverage value   0.100

     Number of missing data patterns             5


     PROPORTION OF DATA PRESENT


           Covariance Coverage
              SCPT          CCPT          SCPR          CCPR          PAFPT
              ________      ________      ________      ________      ________
 SCPT           1.000
 CCPT           1.000         1.000
 SCPR           1.000         1.000         1.000
 CCPR           1.000         1.000         1.000         1.000
 PAFPT          0.970         0.970         0.970         0.970         0.970
 PAFPR          0.980         0.980         0.980         0.980         0.970
 NPT            0.960         0.960         0.960         0.960         0.929
 NPR            0.960         0.960         0.960         0.960         0.929
 PRAFPT         0.990         0.990         0.990         0.990         0.970
 PRAFPR         0.990         0.990         0.990         0.990         0.970


           Covariance Coverage
              PAFPR         NPT           NPR           PRAFPT        PRAFPR
              ________      ________      ________      ________      ________
 PAFPR          0.980
 NPT            0.939         0.960
 NPR            0.939         0.960         0.960
 PRAFPT         0.980         0.949         0.949         0.990
 PRAFPR         0.980         0.949         0.949         0.990         0.990



UNIVARIATE SAMPLE STATISTICS


     UNIVARIATE HIGHER-ORDER MOMENT DESCRIPTIVE STATISTICS

         Variable/         Mean/     Skewness/   Minimum/ % with                Percentiles
        Sample Size      Variance    Kurtosis    Maximum  Min/Max      20%/60%    40%/80%    Median

     SCPT                 30.559       0.551       7.450    1.01%      19.197     26.648     29.841
              99.000     129.762      -0.204      58.807    1.01%      31.821     39.920
     CCPT                 -0.890      -0.259     -81.685    1.01%     -26.415     -7.559      2.881
              99.000    1013.048       0.128      80.417    1.01%       8.529     24.280
     SCPR                 28.538       0.567       9.085    1.01%      16.451     24.118     27.494
              99.000     153.716      -0.221      66.121    1.01%      29.684     39.272
     CCPR                 -0.283      -0.178    -116.491    1.01%     -27.251     -8.605     -2.107
              99.000    1435.257       0.411      79.366    1.01%       5.588     28.790
     PAFPT                 2.306      -0.499      -3.134    1.04%       0.177      1.707      2.722
              96.000       5.174      -0.502       6.108    2.08%       3.341      4.444
     PAFPR                 2.876      -0.642      -2.914    1.03%       1.103      2.634      3.207
              97.000       4.221      -0.137       6.358    1.03%       3.737      4.651
     NPT                   0.326       0.884      -0.002    1.05%       0.135      0.221      0.278
              95.000       0.048       0.184       1.005    1.05%       0.336      0.478
     NPR                   0.327       0.939       0.019    1.05%       0.139      0.237      0.277
              95.000       0.045       0.334       0.922    1.05%       0.331      0.471
     PRAFPT                3.078      -0.410      -2.061    1.02%       1.207      2.634      3.186
              98.000       3.791      -0.719       6.358    1.02%       3.944      4.944
     PRAFPR                3.041      -0.668      -2.414    1.02%       1.500      2.884      3.289
              98.000       3.714       0.004       6.181    1.02%       3.737      4.724


THE MODEL ESTIMATION TERMINATED NORMALLY

     USE THE FBITERATIONS OPTION TO INCREASE THE NUMBER OF ITERATIONS BY A FACTOR
     OF AT LEAST TWO TO CHECK CONVERGENCE AND THAT THE PSR VALUE DOES NOT INCREASE.



MODEL FIT INFORMATION

Number of Free Parameters                              39

Bayesian Posterior Predictive Checking using Chi-Square

          95% Confidence Interval for the Difference Between
          the Observed and the Replicated Chi-Square Values

                                -33.739            25.651

          Posterior Predictive P-Value              0.594

Information Criteria

          Deviance (DIC)                         4918.129
          Estimated Number of Parameters (pD)      36.974
          Bayesian (BIC)                         5022.232



MODEL RESULTS

                                Posterior  One-Tailed         95% C.I.
                    Estimate       S.D.      P-Value   Lower 2.5%  Upper 2.5%  Significance

 PAFPT      ON
    NPT               -2.066       0.848      0.010      -3.666      -0.337      *
    NPR                0.000       0.000      1.000       0.000       0.000
    PRAFPT             0.714       0.080      0.000       0.557       0.872      *
    SCPT               0.033       0.014      0.009       0.006       0.060      *
    CCPT               0.017       0.008      0.012       0.002       0.032      *
    SCPR               0.032       0.007      0.000       0.018       0.046      *
    CCPR               0.004       0.004      0.124      -0.003       0.012

 PAFPR      ON
    NPR                0.000       0.000      1.000       0.000       0.000
    NPT               -1.474       0.631      0.012      -2.691      -0.207      *
    PRAFPR             0.735       0.065      0.000       0.607       0.862      *
    SCPR               0.000       0.000      1.000       0.000       0.000
    CCPR               0.000       0.000      1.000       0.000       0.000
    SCPT               0.032       0.007      0.000       0.018       0.046      *
    CCPT               0.004       0.004      0.124      -0.003       0.012

 NPT        ON
    PRAFPT             0.000       0.000      1.000       0.000       0.000
    PRAFPR             0.000       0.000      1.000       0.000       0.000

 NPR        ON
    PRAFPR             0.012       0.012      0.162      -0.012       0.036
    PRAFPT            -0.023       0.012      0.030      -0.047       0.001

 SCPR       ON
    PRAFPT             0.000       0.000      1.000       0.000       0.000

 SCPT       ON
    PRAFPR             0.000       0.000      1.000       0.000       0.000

 CCPT       ON
    PRAFPR             1.503       0.748      0.021       0.043       2.952      *

 CCPR       ON
    PRAFPT             1.503       0.748      0.021       0.043       2.952      *

 NPT      WITH
    NPR                0.013       0.006      0.007       0.003       0.025      *

 PAFPT    WITH
    PAFPR              1.218       0.319      0.000       0.690       1.943      *

 SCPT     WITH
    CCPT               5.273      44.492      0.450     -82.268      94.686
    SCPR             -22.419      17.141      0.082     -58.232       9.669
    CCPR             -34.507      52.094      0.244    -142.209      65.341

 CCPT     WITH
    SCPR               1.022      48.058      0.491     -92.901      96.402
    CCPR           -1007.353     183.659      0.000   -1432.658    -712.926      *

 SCPR     WITH
    CCPR             -90.457      57.140      0.046    -211.264      14.584

 PRAFPR   WITH
    PRAFPT             1.585       0.462      0.000       0.803       2.625      *

 Means
    PRAFPT             3.078       0.204      0.000       2.671       3.478      *
    PRAFPR             3.045       0.201      0.000       2.649       3.440      *

 Intercepts
    SCPT              30.562       1.218      0.000      28.144      32.948      *
    CCPT              -5.449       4.120      0.092     -13.557       2.663
    SCPR              28.527       1.319      0.000      25.963      31.149      *
    CCPR              -4.869       4.626      0.144     -13.950       4.186
    PAFPT             -1.172       0.615      0.028      -2.382       0.032
    PAFPR              0.000       0.000      1.000       0.000       0.000
    NPT                0.324       0.023      0.000       0.278       0.369      *
    NPR                0.360       0.047      0.000       0.269       0.452      *

 Variances
    PRAFPT             4.024       0.614      0.000       3.048       5.455      *
    PRAFPR             3.943       0.603      0.000       3.001       5.349      *

 Residual Variances
    SCPT             143.869      22.530      0.000     108.467     196.270      *
    CCPT            1146.885     178.565      0.000     861.421    1558.769      *
    SCPR             170.499      26.403      0.000     129.081     232.599      *
    CCPR            1566.792     242.417      0.000    1180.626    2126.124      *
    PAFPT              2.819       0.457      0.000       2.094       3.898      *
    PAFPR              2.263       0.353      0.000       1.707       3.083      *
    NPT                0.051       0.008      0.000       0.039       0.070      *
    NPR                0.047       0.007      0.000       0.035       0.063      *

New/Additional Parameters
    A3B7               0.023       0.018      0.033      -0.001       0.069


STANDARDIZED MODEL RESULTS


STDYX Standardization

                                Posterior  One-Tailed         95% C.I.
                    Estimate       S.D.      P-Value   Lower 2.5%  Upper 2.5%  Significance
 PAFPT      ON
    NPT               -0.194       0.080      0.010      -0.346      -0.032      *
    NPR                0.000       0.000      1.000       0.000       0.000
    PRAFPT             0.596       0.060      0.000       0.472       0.703      *
    SCPT               0.163       0.068      0.009       0.028       0.297      *
    CCPT               0.243       0.107      0.012       0.033       0.453      *
    SCPR               0.173       0.041      0.000       0.094       0.256      *
    CCPR               0.074       0.064      0.124      -0.050       0.201

 PAFPR      ON
    NPR                0.000       0.000      1.000       0.000       0.000
    NPT               -0.152       0.064      0.012      -0.272      -0.022      *
    PRAFPR             0.668       0.050      0.000       0.562       0.757      *
    SCPR               0.000       0.000      1.000       0.000       0.000
    CCPR               0.000       0.000      1.000       0.000       0.000
    SCPT               0.175       0.045      0.000       0.091       0.268      *
    CCPT               0.069       0.060      0.124      -0.048       0.188

 NPT        ON
    PRAFPT             0.000       0.000      1.000       0.000       0.000
    PRAFPR             0.000       0.000      1.000       0.000       0.000

 NPR        ON
    PRAFPR             0.108       0.108      0.162      -0.104       0.319
    PRAFPT            -0.209       0.106      0.030      -0.410       0.007

 SCPR       ON
    PRAFPT             0.000       0.000      1.000       0.000       0.000

 SCPT       ON
    PRAFPR             0.000       0.000      1.000       0.000       0.000

 CCPT       ON
    PRAFPR             0.087       0.044      0.021       0.002       0.175      *

 CCPR       ON
    PRAFPT             0.076       0.039      0.021       0.002       0.153      *

 NPT      WITH
    NPR                0.263       0.099      0.007       0.057       0.445      *

 PAFPT    WITH
    PAFPR              0.487       0.084      0.000       0.307       0.635      *

 SCPT     WITH
    CCPT               0.013       0.105      0.450      -0.193       0.220
    SCPR              -0.146       0.102      0.082      -0.337       0.061
    CCPR              -0.074       0.105      0.244      -0.276       0.135

 CCPT     WITH
    SCPR               0.002       0.105      0.491      -0.201       0.206
    CCPR              -0.755       0.046      0.000      -0.831      -0.650      *

 SCPR     WITH
    CCPR              -0.178       0.102      0.046      -0.369       0.028

 PRAFPR   WITH
    PRAFPT             0.402       0.087      0.000       0.219       0.558      *

 Means
    PRAFPT             1.535       0.153      0.000       1.240       1.839      *
    PRAFPR             1.533       0.151      0.000       1.238       1.832      *

 Intercepts
    SCPT               2.548       0.217      0.000       2.129       2.981      *
    CCPT              -0.161       0.120      0.092      -0.394       0.078
    SCPR               2.184       0.191      0.000       1.817       2.566      *
    CCPR              -0.123       0.116      0.144      -0.351       0.104
    PAFPT             -0.486       0.244      0.028      -0.941       0.014
    PAFPR              0.000       0.000      1.000       0.000       0.000
    NPT                1.431       0.151      0.000       1.141       1.731      *
    NPR                1.626       0.230      0.000       1.160       2.057      *

 Variances
    PRAFPT             1.000       0.000      0.000       1.000       1.000
    PRAFPR             1.000       0.000      0.000       1.000       1.000

 Residual Variances
    SCPT               1.000       0.000      0.000       1.000       1.000
    CCPT               0.992       0.008      0.000       0.969       1.000      *
    SCPR               1.000       0.000      0.000       1.000       1.000
    CCPR               0.994       0.006      0.000       0.976       1.000      *
    PAFPT              0.487       0.069      0.000       0.362       0.631      *
    PAFPR              0.475       0.065      0.000       0.355       0.610      *
    NPT                1.000       0.000      0.000       1.000       1.000
    NPR                0.952       0.041      0.000       0.845       0.997      *


STDY Standardization

                                Posterior  One-Tailed         95% C.I.
                    Estimate       S.D.      P-Value   Lower 2.5%  Upper 2.5%  Significance
 PAFPT      ON
    NPT               -0.194       0.080      0.010      -0.346      -0.032      *
    NPR                0.000       0.000      1.000       0.000       0.000
    PRAFPT             0.596       0.060      0.000       0.472       0.703      *
    SCPT               0.163       0.068      0.009       0.028       0.297      *
    CCPT               0.243       0.107      0.012       0.033       0.453      *
    SCPR               0.173       0.041      0.000       0.094       0.256      *
    CCPR               0.074       0.064      0.124      -0.050       0.201

 PAFPR      ON
    NPR                0.000       0.000      1.000       0.000       0.000
    NPT               -0.152       0.064      0.012      -0.272      -0.022      *
    PRAFPR             0.668       0.050      0.000       0.562       0.757      *
    SCPR               0.000       0.000      1.000       0.000       0.000
    CCPR               0.000       0.000      1.000       0.000       0.000
    SCPT               0.175       0.045      0.000       0.091       0.268      *
    CCPT               0.069       0.060      0.124      -0.048       0.188

 NPT        ON
    PRAFPT             0.000       0.000      1.000       0.000       0.000
    PRAFPR             0.000       0.000      1.000       0.000       0.000

 NPR        ON
    PRAFPR             0.108       0.108      0.162      -0.104       0.319
    PRAFPT            -0.209       0.106      0.030      -0.410       0.007

 SCPR       ON
    PRAFPT             0.000       0.000      1.000       0.000       0.000

 SCPT       ON
    PRAFPR             0.000       0.000      1.000       0.000       0.000

 CCPT       ON
    PRAFPR             0.087       0.044      0.021       0.002       0.175      *

 CCPR       ON
    PRAFPT             0.076       0.039      0.021       0.002       0.153      *

 NPT      WITH
    NPR                0.263       0.099      0.007       0.057       0.445      *

 PAFPT    WITH
    PAFPR              0.487       0.084      0.000       0.307       0.635      *

 SCPT     WITH
    CCPT               0.013       0.105      0.450      -0.193       0.220
    SCPR              -0.146       0.102      0.082      -0.337       0.061
    CCPR              -0.074       0.105      0.244      -0.276       0.135

 CCPT     WITH
    SCPR               0.002       0.105      0.491      -0.201       0.206
    CCPR              -0.755       0.046      0.000      -0.831      -0.650      *

 SCPR     WITH
    CCPR              -0.178       0.102      0.046      -0.369       0.028

 PRAFPR   WITH
    PRAFPT             0.402       0.087      0.000       0.219       0.558      *

 Means
    PRAFPT             1.535       0.153      0.000       1.240       1.839      *
    PRAFPR             1.533       0.151      0.000       1.238       1.832      *

 Intercepts
    SCPT               2.548       0.217      0.000       2.129       2.981      *
    CCPT              -0.161       0.120      0.092      -0.394       0.078
    SCPR               2.184       0.191      0.000       1.817       2.566      *
    CCPR              -0.123       0.116      0.144      -0.351       0.104
    PAFPT             -0.486       0.244      0.028      -0.941       0.014
    PAFPR              0.000       0.000      1.000       0.000       0.000
    NPT                1.431       0.151      0.000       1.141       1.731      *
    NPR                1.626       0.230      0.000       1.160       2.057      *

 Variances
    PRAFPT             1.000       0.000      0.000       1.000       1.000
    PRAFPR             1.000       0.000      0.000       1.000       1.000

 Residual Variances
    SCPT               1.000       0.000      0.000       1.000       1.000
    CCPT               0.992       0.008      0.000       0.969       1.000      *
    SCPR               1.000       0.000      0.000       1.000       1.000
    CCPR               0.994       0.006      0.000       0.976       1.000      *
    PAFPT              0.487       0.069      0.000       0.362       0.631      *
    PAFPR              0.475       0.065      0.000       0.355       0.610      *
    NPT                1.000       0.000      0.000       1.000       1.000
    NPR                0.952       0.041      0.000       0.845       0.997      *


STD Standardization

                                Posterior  One-Tailed         95% C.I.
                    Estimate       S.D.      P-Value   Lower 2.5%  Upper 2.5%  Significance
 PAFPT      ON
    NPT               -2.066       0.848      0.010      -3.666      -0.337      *
    NPR                0.000       0.000      1.000       0.000       0.000
    PRAFPT             0.714       0.080      0.000       0.557       0.872      *
    SCPT               0.033       0.014      0.009       0.006       0.060      *
    CCPT               0.017       0.008      0.012       0.002       0.032      *
    SCPR               0.032       0.007      0.000       0.018       0.046      *
    CCPR               0.004       0.004      0.124      -0.003       0.012

 PAFPR      ON
    NPR                0.000       0.000      1.000       0.000       0.000
    NPT               -1.474       0.631      0.012      -2.691      -0.207      *
    PRAFPR             0.735       0.065      0.000       0.607       0.862      *
    SCPR               0.000       0.000      1.000       0.000       0.000
    CCPR               0.000       0.000      1.000       0.000       0.000
    SCPT               0.032       0.007      0.000       0.018       0.046      *
    CCPT               0.004       0.004      0.124      -0.003       0.012

 NPT        ON
    PRAFPT             0.000       0.000      1.000       0.000       0.000
    PRAFPR             0.000       0.000      1.000       0.000       0.000

 NPR        ON
    PRAFPR             0.012       0.012      0.162      -0.012       0.036
    PRAFPT            -0.023       0.012      0.030      -0.047       0.001

 SCPR       ON
    PRAFPT             0.000       0.000      1.000       0.000       0.000

 SCPT       ON
    PRAFPR             0.000       0.000      1.000       0.000       0.000

 CCPT       ON
    PRAFPR             1.503       0.748      0.021       0.043       2.952      *

 CCPR       ON
    PRAFPT             1.503       0.748      0.021       0.043       2.952      *

 NPT      WITH
    NPR                0.263       0.099      0.007       0.057       0.445      *

 PAFPT    WITH
    PAFPR              0.487       0.084      0.000       0.307       0.635      *

 SCPT     WITH
    CCPT               0.013       0.105      0.450      -0.193       0.220
    SCPR              -0.146       0.102      0.082      -0.337       0.061
    CCPR              -0.074       0.105      0.244      -0.276       0.135

 CCPT     WITH
    SCPR               0.002       0.105      0.491      -0.201       0.206
    CCPR              -0.755       0.046      0.000      -0.831      -0.650      *

 SCPR     WITH
    CCPR              -0.178       0.102      0.046      -0.369       0.028

 PRAFPR   WITH
    PRAFPT             0.402       0.087      0.000       0.219       0.558      *

 Means
    PRAFPT             3.078       0.204      0.000       2.671       3.478      *
    PRAFPR             3.045       0.201      0.000       2.649       3.440      *

 Intercepts
    SCPT              30.562       1.218      0.000      28.144      32.948      *
    CCPT              -5.449       4.120      0.092     -13.557       2.663
    SCPR              28.527       1.319      0.000      25.963      31.149      *
    CCPR              -4.869       4.626      0.144     -13.950       4.186
    PAFPT             -1.172       0.615      0.028      -2.382       0.032
    PAFPR              0.000       0.000      1.000       0.000       0.000
    NPT                0.324       0.023      0.000       0.278       0.369      *
    NPR                0.360       0.047      0.000       0.269       0.452      *

 Variances
    PRAFPT             4.024       0.614      0.000       3.048       5.455      *
    PRAFPR             3.943       0.603      0.000       3.001       5.349      *

 Residual Variances
    SCPT             143.869      22.530      0.000     108.467     196.270      *
    CCPT            1146.885     178.565      0.000     861.421    1558.769      *
    SCPR             170.499      26.403      0.000     129.081     232.599      *
    CCPR            1566.792     242.417      0.000    1180.626    2126.124      *
    PAFPT              2.819       0.457      0.000       2.094       3.898      *
    PAFPR              2.263       0.353      0.000       1.707       3.083      *
    NPT                0.051       0.008      0.000       0.039       0.070      *
    NPR                0.047       0.007      0.000       0.035       0.063      *


R-SQUARE

                                Posterior  One-Tailed         95% C.I.
    Variable        Estimate       S.D.      P-Value   Lower 2.5%  Upper 2.5%

    SCPT               0.000       0.000      1.000       0.000       0.000
    CCPT               0.008       0.008      0.000       0.000       0.030
    SCPR               0.000       0.000      1.000       0.000       0.000
    CCPR               0.006       0.006      0.000       0.000       0.024
    PAFPT              0.513       0.069      0.000       0.369       0.638
    PAFPR              0.525       0.065      0.000       0.390       0.645
    NPT                0.000       0.000      1.000       0.000       0.000
    NPR                0.048       0.041      0.000       0.003       0.155


     Beginning Time:  12:26:44
        Ending Time:  12:26:51
       Elapsed Time:  00:00:07



MUTHEN & MUTHEN
3463 Stoner Ave.
Los Angeles, CA  90066

Tel: (310) 391-9971
Fax: (310) 391-8971
Web: www.StatModel.com
Support: Support@StatModel.com

Copyright (c) 1998-2017 Muthen & Muthen
