Mplus VERSION 8 (Mac)
MUTHEN & MUTHEN
02/26/2020   3:06 PM

INPUT INSTRUCTIONS

  TITLE:
  Testing
  DATA:
  FILE = "el_aonly.dat";

  VARIABLE:
  NAMES = ccpt scpr ccpr elpt elpr scpt;
   MISSING=.;

  ANALYSIS:
  ESTIMATOR=BAYES; PROCESSORS = 2;BITERATIONS = (30000);
  MODEL:
  ccpt ON elpt;
  scpr ON elpr;
  ccpr ON elpr;
  ccpt WITH scpt;
  scpr WITH scpt;
  ccpr WITH scpt;
  ccpt WITH scpr;
  ccpt WITH ccpr;
  scpr WITH ccpr;
  elpt WITH elpr;
  ccpt WITH ccpt;
  scpr WITH scpr;
  ccpr WITH ccpr;
  elpt WITH elpt;
  elpr WITH elpr;
  scpt WITH scpt;
  [ccpt];
  [scpr];
  [ccpr];
  [elpt];
  [elpr];
  [scpt];

  OUTPUT:
  STANDARDIZED



INPUT READING TERMINATED NORMALLY




Testing

SUMMARY OF ANALYSIS

Number of groups                                                 1
Number of observations                                          99

Number of dependent variables                                    4
Number of independent variables                                  2
Number of continuous latent variables                            0

Observed dependent variables

  Continuous
   CCPT        SCPR        CCPR        SCPT

Observed independent variables
   ELPT        ELPR


Estimator                                                    BAYES
Specifications for Bayesian Estimation
  Point estimate                                            MEDIAN
  Number of Markov chain Monte Carlo (MCMC) chains               2
  Random seed for the first chain                                0
  Starting value information                           UNPERTURBED
  Treatment of categorical mediator                         LATENT
  Algorithm used for Markov chain Monte Carlo           GIBBS(PX1)
  Convergence criterion                                  0.500D-01
  Maximum number of iterations                               50000
  K-th iteration used for thinning                               1

Input data file(s)
  el_aonly.dat
Input data format  FREE


SUMMARY OF DATA



COVARIANCE COVERAGE OF DATA

Minimum covariance coverage value   0.100

     Number of missing data patterns             2


     PROPORTION OF DATA PRESENT


           Covariance Coverage
              CCPT          SCPR          CCPR          SCPT          ELPT
              ________      ________      ________      ________      ________
 CCPT           1.000
 SCPR           1.000         1.000
 CCPR           1.000         1.000         1.000
 SCPT           1.000         1.000         1.000         1.000
 ELPT           1.000         1.000         1.000         1.000         1.000
 ELPR           0.990         0.990         0.990         0.990         0.990


           Covariance Coverage
              ELPR
              ________
 ELPR           0.990



UNIVARIATE SAMPLE STATISTICS


     UNIVARIATE HIGHER-ORDER MOMENT DESCRIPTIVE STATISTICS

         Variable/         Mean/     Skewness/   Minimum/ % with                Percentiles
        Sample Size      Variance    Kurtosis    Maximum  Min/Max      20%/60%    40%/80%    Median

     CCPT                 -0.879      -0.261     -81.000    1.01%     -26.000     -7.000      2.000
              99.000     990.713       0.169      80.000    1.01%       8.000     24.000
     SCPR                 28.030       0.568       9.000    2.02%      16.000     24.000     27.000
              99.000     154.575      -0.200      66.000    1.01%      29.000     39.000
     CCPR                 -0.253      -0.176    -116.000    1.01%     -27.000     -8.000     -2.000
              99.000    1405.603       0.459      79.000    1.01%       5.000     28.000
     SCPT                 30.051       0.557       7.000    1.01%      19.000     26.000     29.000
              99.000     130.270      -0.214      58.000    1.01%      31.000     39.000
     ELPT                  9.182       0.059       1.000    1.01%       5.000      8.000      9.000
              99.000      15.300      -0.772      18.000    1.01%      10.000     12.000
     ELPR                 32.796      -0.007       2.000    3.06%      12.000     26.000     31.500
              98.000     351.836      -1.270      64.000    1.02%      39.000     53.000


THE MODEL ESTIMATION TERMINATED NORMALLY

     USE THE FBITERATIONS OPTION TO INCREASE THE NUMBER OF ITERATIONS BY A FACTOR
     OF AT LEAST TWO TO CHECK CONVERGENCE AND THAT THE PSR VALUE DOES NOT INCREASE.



MODEL FIT INFORMATION

Number of Free Parameters                              22

Bayesian Posterior Predictive Checking using Chi-Square

          95% Confidence Interval for the Difference Between
          the Observed and the Replicated Chi-Square Values

                                -18.405            24.462

          Posterior Predictive P-Value              0.376

Information Criteria

          Deviance (DIC)                         4858.263
          Estimated Number of Parameters (pD)      20.716
          Bayesian (BIC)                         4917.146



MODEL RESULTS

                                Posterior  One-Tailed         95% C.I.
                    Estimate       S.D.      P-Value   Lower 2.5%  Upper 2.5%  Significance

 CCPT       ON
    ELPT              -1.101       0.548      0.022      -2.170      -0.033      *

 SCPR       ON
    ELPR               0.014       0.070      0.420      -0.123       0.153

 CCPR       ON
    ELPR               0.162       0.143      0.127      -0.119       0.441

 CCPT     WITH
    SCPT              16.026      43.447      0.347     -68.608     103.891
    SCPR              -7.746      48.024      0.434    -104.053      85.661
    CCPR            -974.766     179.391      0.000   -1390.640    -689.314      *

 SCPR     WITH
    SCPT             -22.866      17.422      0.082     -58.941       9.491
    CCPR             -92.411      58.303      0.046    -214.811      16.481

 CCPR     WITH
    SCPT             -38.100      52.271      0.222    -145.325      61.903

 ELPT     WITH
    ELPR              -5.978       8.390      0.226     -23.096       9.978

 Means
    SCPT              30.053       1.224      0.000      27.666      32.470      *
    ELPT               9.183       0.407      0.000       8.391       9.986      *
    ELPR              32.789       1.960      0.000      28.945      36.633      *

 Intercepts
    CCPT               9.228       6.014      0.061      -2.460      21.110
    SCPR              27.570       2.674      0.000      22.338      32.784      *
    CCPR              -5.537       6.192      0.184     -17.767       6.481

 Variances
    SCPT             144.600      22.487      0.000     109.096     196.672      *
    ELPT              16.235       2.479      0.000      12.321      22.004      *
    ELPR             373.586      57.126      0.000     283.708     507.846      *

 Residual Variances
    CCPT            1077.678     168.264      0.000     813.508    1469.827      *
    SCPR             173.147      27.238      0.000     130.261     236.924      *
    CCPR            1587.960     245.745      0.000    1201.598    2153.550      *


STANDARDIZED MODEL RESULTS


STDYX Standardization

                                Posterior  One-Tailed         95% C.I.
                    Estimate       S.D.      P-Value   Lower 2.5%  Upper 2.5%  Significance
 CCPT       ON
    ELPT              -0.134       0.067      0.022      -0.266      -0.004      *

 SCPR       ON
    ELPR               0.021       0.102      0.420      -0.177       0.220

 CCPR       ON
    ELPR               0.078       0.068      0.127      -0.058       0.210

 CCPT     WITH
    SCPT               0.041       0.106      0.347      -0.166       0.246
    SCPR              -0.018       0.107      0.434      -0.228       0.190
    CCPR              -0.749       0.048      0.000      -0.827      -0.640      *

 SCPR     WITH
    SCPT              -0.147       0.103      0.082      -0.339       0.060
    CCPR              -0.178       0.102      0.046      -0.369       0.031

 CCPR     WITH
    SCPT              -0.081       0.104      0.222      -0.281       0.126

 ELPT     WITH
    ELPR              -0.078       0.103      0.226      -0.277       0.125

 Means
    SCPT               2.500       0.212      0.000       2.093       2.926      *
    ELPT               2.279       0.195      0.000       1.904       2.672      *
    ELPR               1.696       0.160      0.000       1.388       2.016      *

 Intercepts
    CCPT               0.278       0.179      0.061      -0.074       0.628
    SCPR               2.089       0.257      0.000       1.570       2.575      *
    CCPR              -0.138       0.152      0.184      -0.432       0.164

 Variances
    SCPT               1.000       0.000      0.000       1.000       1.000
    ELPT               1.000       0.000      0.000       1.000       1.000
    ELPR               1.000       0.000      0.000       1.000       1.000

 Residual Variances
    CCPT               0.982       0.019      0.000       0.929       1.000      *
    SCPR               0.995       0.015      0.000       0.946       1.000      *
    CCPR               0.994       0.012      0.000       0.956       1.000      *


STDY Standardization

                                Posterior  One-Tailed         95% C.I.
                    Estimate       S.D.      P-Value   Lower 2.5%  Upper 2.5%  Significance
 CCPT       ON
    ELPT              -0.134       0.067      0.022      -0.266      -0.004      *

 SCPR       ON
    ELPR               0.021       0.102      0.420      -0.177       0.220

 CCPR       ON
    ELPR               0.078       0.068      0.127      -0.058       0.210

 CCPT     WITH
    SCPT               0.041       0.106      0.347      -0.166       0.246
    SCPR              -0.018       0.107      0.434      -0.228       0.190
    CCPR              -0.749       0.048      0.000      -0.827      -0.640      *

 SCPR     WITH
    SCPT              -0.147       0.103      0.082      -0.339       0.060
    CCPR              -0.178       0.102      0.046      -0.369       0.031

 CCPR     WITH
    SCPT              -0.081       0.104      0.222      -0.281       0.126

 ELPT     WITH
    ELPR              -0.078       0.103      0.226      -0.277       0.125

 Means
    SCPT               2.500       0.212      0.000       2.093       2.926      *
    ELPT               2.279       0.195      0.000       1.904       2.672      *
    ELPR               1.696       0.160      0.000       1.388       2.016      *

 Intercepts
    CCPT               0.278       0.179      0.061      -0.074       0.628
    SCPR               2.089       0.257      0.000       1.570       2.575      *
    CCPR              -0.138       0.152      0.184      -0.432       0.164

 Variances
    SCPT               1.000       0.000      0.000       1.000       1.000
    ELPT               1.000       0.000      0.000       1.000       1.000
    ELPR               1.000       0.000      0.000       1.000       1.000

 Residual Variances
    CCPT               0.982       0.019      0.000       0.929       1.000      *
    SCPR               0.995       0.015      0.000       0.946       1.000      *
    CCPR               0.994       0.012      0.000       0.956       1.000      *


STD Standardization

                                Posterior  One-Tailed         95% C.I.
                    Estimate       S.D.      P-Value   Lower 2.5%  Upper 2.5%  Significance
 CCPT       ON
    ELPT              -1.101       0.548      0.022      -2.170      -0.033      *

 SCPR       ON
    ELPR               0.014       0.070      0.420      -0.123       0.153

 CCPR       ON
    ELPR               0.162       0.143      0.127      -0.119       0.441

 CCPT     WITH
    SCPT               0.041       0.106      0.347      -0.166       0.246
    SCPR              -0.018       0.107      0.434      -0.228       0.190
    CCPR              -0.749       0.048      0.000      -0.827      -0.640      *

 SCPR     WITH
    SCPT              -0.147       0.103      0.082      -0.339       0.060
    CCPR              -0.178       0.102      0.046      -0.369       0.031

 CCPR     WITH
    SCPT              -0.081       0.104      0.222      -0.281       0.126

 ELPT     WITH
    ELPR              -0.078       0.103      0.226      -0.277       0.125

 Means
    SCPT              30.053       1.224      0.000      27.666      32.470      *
    ELPT               9.183       0.407      0.000       8.391       9.986      *
    ELPR              32.789       1.960      0.000      28.945      36.633      *

 Intercepts
    CCPT               9.228       6.014      0.061      -2.460      21.110
    SCPR              27.570       2.674      0.000      22.338      32.784      *
    CCPR              -5.537       6.192      0.184     -17.767       6.481

 Variances
    SCPT             144.600      22.487      0.000     109.096     196.672      *
    ELPT              16.235       2.479      0.000      12.321      22.004      *
    ELPR             373.586      57.126      0.000     283.708     507.846      *

 Residual Variances
    CCPT            1077.678     168.264      0.000     813.508    1469.827      *
    SCPR             173.147      27.238      0.000     130.261     236.924      *
    CCPR            1587.960     245.745      0.000    1201.598    2153.550      *


R-SQUARE

                                Posterior  One-Tailed         95% C.I.
    Variable        Estimate       S.D.      P-Value   Lower 2.5%  Upper 2.5%

    CCPT               0.018       0.019      0.000       0.000       0.071
    SCPR               0.005       0.015      0.000       0.000       0.054
    CCPR               0.006       0.012      0.000       0.000       0.044


     Beginning Time:  15:06:05
        Ending Time:  15:06:11
       Elapsed Time:  00:00:06



MUTHEN & MUTHEN
3463 Stoner Ave.
Los Angeles, CA  90066

Tel: (310) 391-9971
Fax: (310) 391-8971
Web: www.StatModel.com
Support: Support@StatModel.com

Copyright (c) 1998-2017 Muthen & Muthen
