Mplus VERSION 8 (Mac)
MUTHEN & MUTHEN
02/25/2020  10:50 AM

INPUT INSTRUCTIONS

  TITLE:
  Testing
  DATA:
  FILE = "obcmp_ponly_m.dat";

  VARIABLE:
  NAMES = scpt ccpt scpr ccpr obcmp_1 obcmp_0;
   MISSING=.;

  ANALYSIS:
  ESTIMATOR=BAYES; PROCESSORS = 2;BITERATIONS = (30000);
  MODEL:
  scpt ON obcmp_1@0;
  scpt ON obcmp_0;
  ccpt ON obcmp_1@0;
  ccpt ON obcmp_0;
  scpr ON obcmp_1;
  scpr ON obcmp_0@0;
  ccpr ON obcmp_1;
  ccpr ON obcmp_0@0;
  scpt WITH ccpt;
  scpt WITH scpr;
  scpt WITH ccpr;
  ccpt WITH scpr;
  ccpt WITH ccpr;
  scpr WITH ccpr;
  obcmp_1 WITH obcmp_0;
  scpt WITH scpt;
  ccpt WITH ccpt;
  scpr WITH scpr;
  ccpr WITH ccpr;
  obcmp_1 WITH obcmp_1;
  obcmp_0 WITH obcmp_0;
  [scpt];
  [ccpt];
  [scpr];
  [ccpr];
  [obcmp_1];
  [obcmp_0];

  OUTPUT:
  STANDARDIZED



INPUT READING TERMINATED NORMALLY




Testing

SUMMARY OF ANALYSIS

Number of groups                                                 1
Number of observations                                          99

Number of dependent variables                                    4
Number of independent variables                                  2
Number of continuous latent variables                            0

Observed dependent variables

  Continuous
   SCPT        CCPT        SCPR        CCPR

Observed independent variables
   OBCMP_1     OBCMP_0


Estimator                                                    BAYES
Specifications for Bayesian Estimation
  Point estimate                                            MEDIAN
  Number of Markov chain Monte Carlo (MCMC) chains               2
  Random seed for the first chain                                0
  Starting value information                           UNPERTURBED
  Treatment of categorical mediator                         LATENT
  Algorithm used for Markov chain Monte Carlo           GIBBS(PX1)
  Convergence criterion                                  0.500D-01
  Maximum number of iterations                               50000
  K-th iteration used for thinning                               1

Input data file(s)
  obcmp_ponly_m.dat
Input data format  FREE


SUMMARY OF DATA



COVARIANCE COVERAGE OF DATA

Minimum covariance coverage value   0.100

     Number of missing data patterns             2


     PROPORTION OF DATA PRESENT


           Covariance Coverage
              SCPT          CCPT          SCPR          CCPR          OBCMP_1
              ________      ________      ________      ________      ________
 SCPT           1.000
 CCPT           1.000         1.000
 SCPR           1.000         1.000         1.000
 CCPR           1.000         1.000         1.000         1.000
 OBCMP_1        0.990         0.990         0.990         0.990         0.990
 OBCMP_0        0.990         0.990         0.990         0.990         0.990


           Covariance Coverage
              OBCMP_0
              ________
 OBCMP_0        0.990



UNIVARIATE SAMPLE STATISTICS


     UNIVARIATE HIGHER-ORDER MOMENT DESCRIPTIVE STATISTICS

         Variable/         Mean/     Skewness/   Minimum/ % with                Percentiles
        Sample Size      Variance    Kurtosis    Maximum  Min/Max      20%/60%    40%/80%    Median

     SCPT                 30.051       0.557       7.000    1.01%      19.000     26.000     29.000
              99.000     130.270      -0.214      58.000    1.01%      31.000     39.000
     CCPT                 -0.879      -0.261     -81.000    1.01%     -26.000     -7.000      2.000
              99.000     990.713       0.169      80.000    1.01%       8.000     24.000
     SCPR                 28.030       0.568       9.000    2.02%      16.000     24.000     27.000
              99.000     154.575      -0.200      66.000    1.01%      29.000     39.000
     CCPR                 -0.253      -0.176    -116.000    1.01%     -27.000     -8.000     -2.000
              99.000    1405.603       0.459      79.000    1.01%       5.000     28.000
     OBCMP_1               3.459       0.826       0.000   13.27%       1.000      3.000      3.000
              98.000       6.187       1.031      12.000    1.02%       4.000      5.000
     OBCMP_0               2.163       1.508       0.000   24.49%       0.000      1.000      2.000
              98.000       4.892       2.484      10.000    2.04%       2.000      3.000


THE MODEL ESTIMATION TERMINATED NORMALLY

     USE THE FBITERATIONS OPTION TO INCREASE THE NUMBER OF ITERATIONS BY A FACTOR
     OF AT LEAST TWO TO CHECK CONVERGENCE AND THAT THE PSR VALUE DOES NOT INCREASE.



MODEL FIT INFORMATION

Number of Free Parameters                              23

Bayesian Posterior Predictive Checking using Chi-Square

          95% Confidence Interval for the Difference Between
          the Observed and the Replicated Chi-Square Values

                                -21.120            21.272

          Posterior Predictive P-Value              0.499

Information Criteria

          Deviance (DIC)                         4338.307
          Estimated Number of Parameters (pD)      21.525
          Bayesian (BIC)                         4400.231



MODEL RESULTS

                                Posterior  One-Tailed         95% C.I.
                    Estimate       S.D.      P-Value   Lower 2.5%  Upper 2.5%  Significance

 SCPT       ON
    OBCMP_1            0.000       0.000      1.000       0.000       0.000
    OBCMP_0           -1.011       0.532      0.030      -2.056       0.039

 CCPT       ON
    OBCMP_1            0.000       0.000      1.000       0.000       0.000
    OBCMP_0            2.956       0.952      0.001       1.081       4.802      *

 SCPR       ON
    OBCMP_1            0.440       0.528      0.201      -0.598       1.475
    OBCMP_0            0.000       0.000      1.000       0.000       0.000

 CCPR       ON
    OBCMP_1           -1.244       1.040      0.115      -3.280       0.812
    OBCMP_0            0.000       0.000      1.000       0.000       0.000

 SCPT     WITH
    CCPT              19.952      42.870      0.311     -63.529     106.370
    SCPR             -21.584      17.107      0.090     -57.552      10.350
    CCPR             -32.803      51.877      0.253    -138.638      66.570

 CCPT     WITH
    SCPR               4.557      47.659      0.460     -89.361     100.903
    CCPR            -995.425     180.945      0.000   -1420.672    -708.378      *

 SCPR     WITH
    CCPR             -92.998      58.254      0.042    -217.611      13.200

 OBCMP_1  WITH
    OBCMP_0            0.338       0.626      0.286      -0.880       1.600

 Means
    OBCMP_1            3.460       0.260      0.000       2.950       3.972      *
    OBCMP_0            2.160       0.232      0.000       1.704       2.616      *

 Intercepts
    SCPT              32.240       1.665      0.000      28.976      35.502      *
    CCPT              -7.222       3.907      0.032     -15.012       0.419
    SCPR              26.499       2.246      0.000      22.118      30.882      *
    CCPR               4.037       5.397      0.229      -6.534      14.758

 Variances
    OBCMP_1            6.563       1.001      0.000       4.992       8.908      *
    OBCMP_0            5.176       0.786      0.000       3.935       7.008      *

 Residual Variances
    SCPT             139.969      21.954      0.000     105.447     191.255      *
    CCPT            1084.322     168.546      0.000     816.108    1474.028      *
    SCPR             171.849      26.715      0.000     129.459     233.557      *
    CCPR            1581.222     246.881      0.000    1191.406    2158.349      *


STANDARDIZED MODEL RESULTS


STDYX Standardization

                                Posterior  One-Tailed         95% C.I.
                    Estimate       S.D.      P-Value   Lower 2.5%  Upper 2.5%  Significance
 SCPT       ON
    OBCMP_1            0.000       0.000      1.000       0.000       0.000
    OBCMP_0           -0.191       0.097      0.030      -0.376       0.008

 CCPT       ON
    OBCMP_1            0.000       0.000      1.000       0.000       0.000
    OBCMP_0            0.200       0.064      0.001       0.073       0.325      *

 SCPR       ON
    OBCMP_1            0.086       0.101      0.201      -0.115       0.279
    OBCMP_0            0.000       0.000      1.000       0.000       0.000

 CCPR       ON
    OBCMP_1           -0.079       0.066      0.115      -0.208       0.052
    OBCMP_0            0.000       0.000      1.000       0.000       0.000

 SCPT     WITH
    CCPT               0.052       0.105      0.311      -0.157       0.255
    SCPR              -0.141       0.103      0.090      -0.338       0.065
    CCPR              -0.071       0.105      0.253      -0.275       0.137

 CCPT     WITH
    SCPR               0.011       0.106      0.460      -0.197       0.220
    CCPR              -0.764       0.045      0.000      -0.838      -0.663      *

 SCPR     WITH
    CCPR              -0.181       0.102      0.042      -0.378       0.025

 OBCMP_1  WITH
    OBCMP_0            0.059       0.103      0.286      -0.146       0.257

 Means
    OBCMP_1            1.352       0.141      0.000       1.078       1.628      *
    OBCMP_0            0.950       0.123      0.000       0.709       1.191      *

 Intercepts
    SCPT               2.662       0.223      0.000       2.218       3.099      *
    CCPT              -0.215       0.115      0.032      -0.438       0.013
    SCPR               2.010       0.235      0.000       1.542       2.466      *
    CCPR               0.101       0.134      0.229      -0.164       0.363

 Variances
    OBCMP_1            1.000       0.000      0.000       1.000       1.000
    OBCMP_0            1.000       0.000      0.000       1.000       1.000

 Residual Variances
    SCPT               0.963       0.038      0.000       0.858       1.000      *
    CCPT               0.960       0.026      0.000       0.894       0.995      *
    SCPR               0.991       0.022      0.000       0.922       1.000      *
    CCPR               0.993       0.012      0.000       0.957       1.000      *


STDY Standardization

                                Posterior  One-Tailed         95% C.I.
                    Estimate       S.D.      P-Value   Lower 2.5%  Upper 2.5%  Significance
 SCPT       ON
    OBCMP_1            0.000       0.000      1.000       0.000       0.000
    OBCMP_0           -0.191       0.097      0.030      -0.376       0.008

 CCPT       ON
    OBCMP_1            0.000       0.000      1.000       0.000       0.000
    OBCMP_0            0.200       0.064      0.001       0.073       0.325      *

 SCPR       ON
    OBCMP_1            0.086       0.101      0.201      -0.115       0.279
    OBCMP_0            0.000       0.000      1.000       0.000       0.000

 CCPR       ON
    OBCMP_1           -0.079       0.066      0.115      -0.208       0.052
    OBCMP_0            0.000       0.000      1.000       0.000       0.000

 SCPT     WITH
    CCPT               0.052       0.105      0.311      -0.157       0.255
    SCPR              -0.141       0.103      0.090      -0.338       0.065
    CCPR              -0.071       0.105      0.253      -0.275       0.137

 CCPT     WITH
    SCPR               0.011       0.106      0.460      -0.197       0.220
    CCPR              -0.764       0.045      0.000      -0.838      -0.663      *

 SCPR     WITH
    CCPR              -0.181       0.102      0.042      -0.378       0.025

 OBCMP_1  WITH
    OBCMP_0            0.059       0.103      0.286      -0.146       0.257

 Means
    OBCMP_1            1.352       0.141      0.000       1.078       1.628      *
    OBCMP_0            0.950       0.123      0.000       0.709       1.191      *

 Intercepts
    SCPT               2.662       0.223      0.000       2.218       3.099      *
    CCPT              -0.215       0.115      0.032      -0.438       0.013
    SCPR               2.010       0.235      0.000       1.542       2.466      *
    CCPR               0.101       0.134      0.229      -0.164       0.363

 Variances
    OBCMP_1            1.000       0.000      0.000       1.000       1.000
    OBCMP_0            1.000       0.000      0.000       1.000       1.000

 Residual Variances
    SCPT               0.963       0.038      0.000       0.858       1.000      *
    CCPT               0.960       0.026      0.000       0.894       0.995      *
    SCPR               0.991       0.022      0.000       0.922       1.000      *
    CCPR               0.993       0.012      0.000       0.957       1.000      *


STD Standardization

                                Posterior  One-Tailed         95% C.I.
                    Estimate       S.D.      P-Value   Lower 2.5%  Upper 2.5%  Significance
 SCPT       ON
    OBCMP_1            0.000       0.000      1.000       0.000       0.000
    OBCMP_0           -1.011       0.532      0.030      -2.056       0.039

 CCPT       ON
    OBCMP_1            0.000       0.000      1.000       0.000       0.000
    OBCMP_0            2.956       0.952      0.001       1.081       4.802      *

 SCPR       ON
    OBCMP_1            0.440       0.528      0.201      -0.598       1.475
    OBCMP_0            0.000       0.000      1.000       0.000       0.000

 CCPR       ON
    OBCMP_1           -1.244       1.040      0.115      -3.280       0.812
    OBCMP_0            0.000       0.000      1.000       0.000       0.000

 SCPT     WITH
    CCPT               0.052       0.105      0.311      -0.157       0.255
    SCPR              -0.141       0.103      0.090      -0.338       0.065
    CCPR              -0.071       0.105      0.253      -0.275       0.137

 CCPT     WITH
    SCPR               0.011       0.106      0.460      -0.197       0.220
    CCPR              -0.764       0.045      0.000      -0.838      -0.663      *

 SCPR     WITH
    CCPR              -0.181       0.102      0.042      -0.378       0.025

 OBCMP_1  WITH
    OBCMP_0            0.059       0.103      0.286      -0.146       0.257

 Means
    OBCMP_1            3.460       0.260      0.000       2.950       3.972      *
    OBCMP_0            2.160       0.232      0.000       1.704       2.616      *

 Intercepts
    SCPT              32.240       1.665      0.000      28.976      35.502      *
    CCPT              -7.222       3.907      0.032     -15.012       0.419
    SCPR              26.499       2.246      0.000      22.118      30.882      *
    CCPR               4.037       5.397      0.229      -6.534      14.758

 Variances
    OBCMP_1            6.563       1.001      0.000       4.992       8.908      *
    OBCMP_0            5.176       0.786      0.000       3.935       7.008      *

 Residual Variances
    SCPT             139.969      21.954      0.000     105.447     191.255      *
    CCPT            1084.322     168.546      0.000     816.108    1474.028      *
    SCPR             171.849      26.715      0.000     129.459     233.557      *
    CCPR            1581.222     246.881      0.000    1191.406    2158.349      *


R-SQUARE

                                Posterior  One-Tailed         95% C.I.
    Variable        Estimate       S.D.      P-Value   Lower 2.5%  Upper 2.5%

    SCPT               0.037       0.038      0.000       0.000       0.141
    CCPT               0.040       0.026      0.000       0.005       0.106
    SCPR               0.009       0.022      0.000       0.000       0.078
    CCPR               0.007       0.012      0.000       0.000       0.043


     Beginning Time:  10:50:17
        Ending Time:  10:50:23
       Elapsed Time:  00:00:06



MUTHEN & MUTHEN
3463 Stoner Ave.
Los Angeles, CA  90066

Tel: (310) 391-9971
Fax: (310) 391-8971
Web: www.StatModel.com
Support: Support@StatModel.com

Copyright (c) 1998-2017 Muthen & Muthen
