Mplus VERSION 8 (Mac)
MUTHEN & MUTHEN
02/25/2020  10:50 AM

INPUT INSTRUCTIONS

  TITLE:
  Testing
  DATA:
  FILE = "parnd_aonly_m.dat";

  VARIABLE:
  NAMES = scpt ccpt scpr ccpr parnd_1 parnd_0;
   MISSING=.;

  ANALYSIS:
  ESTIMATOR=BAYES; PROCESSORS = 2;BITERATIONS = (30000);
  MODEL:
  scpt ON parnd_1;
  scpt ON parnd_0@0;
  ccpt ON parnd_1;
  ccpt ON parnd_0@0;
  scpr ON parnd_1@0;
  scpr ON parnd_0;
  ccpr ON parnd_1@0;
  ccpr ON parnd_0;
  scpt WITH ccpt;
  scpt WITH scpr;
  scpt WITH ccpr;
  ccpt WITH scpr;
  ccpt WITH ccpr;
  scpr WITH ccpr;
  parnd_1 WITH parnd_0;
  scpt WITH scpt;
  ccpt WITH ccpt;
  scpr WITH scpr;
  ccpr WITH ccpr;
  parnd_1 WITH parnd_1;
  parnd_0 WITH parnd_0;
  [scpt];
  [ccpt];
  [scpr];
  [ccpr];
  [parnd_1];
  [parnd_0];

  OUTPUT:
  STANDARDIZED



INPUT READING TERMINATED NORMALLY




Testing

SUMMARY OF ANALYSIS

Number of groups                                                 1
Number of observations                                          99

Number of dependent variables                                    4
Number of independent variables                                  2
Number of continuous latent variables                            0

Observed dependent variables

  Continuous
   SCPT        CCPT        SCPR        CCPR

Observed independent variables
   PARND_1     PARND_0


Estimator                                                    BAYES
Specifications for Bayesian Estimation
  Point estimate                                            MEDIAN
  Number of Markov chain Monte Carlo (MCMC) chains               2
  Random seed for the first chain                                0
  Starting value information                           UNPERTURBED
  Treatment of categorical mediator                         LATENT
  Algorithm used for Markov chain Monte Carlo           GIBBS(PX1)
  Convergence criterion                                  0.500D-01
  Maximum number of iterations                               50000
  K-th iteration used for thinning                               1

Input data file(s)
  parnd_aonly_m.dat
Input data format  FREE


SUMMARY OF DATA



COVARIANCE COVERAGE OF DATA

Minimum covariance coverage value   0.100

     Number of missing data patterns             2


     PROPORTION OF DATA PRESENT


           Covariance Coverage
              SCPT          CCPT          SCPR          CCPR          PARND_1
              ________      ________      ________      ________      ________
 SCPT           1.000
 CCPT           1.000         1.000
 SCPR           1.000         1.000         1.000
 CCPR           1.000         1.000         1.000         1.000
 PARND_1        0.990         0.990         0.990         0.990         0.990
 PARND_0        0.990         0.990         0.990         0.990         0.990


           Covariance Coverage
              PARND_0
              ________
 PARND_0        0.990



UNIVARIATE SAMPLE STATISTICS


     UNIVARIATE HIGHER-ORDER MOMENT DESCRIPTIVE STATISTICS

         Variable/         Mean/     Skewness/   Minimum/ % with                Percentiles
        Sample Size      Variance    Kurtosis    Maximum  Min/Max      20%/60%    40%/80%    Median

     SCPT                 30.051       0.557       7.000    1.01%      19.000     26.000     29.000
              99.000     130.270      -0.214      58.000    1.01%      31.000     39.000
     CCPT                 -0.879      -0.261     -81.000    1.01%     -26.000     -7.000      2.000
              99.000     990.713       0.169      80.000    1.01%       8.000     24.000
     SCPR                 28.030       0.568       9.000    2.02%      16.000     24.000     27.000
              99.000     154.575      -0.200      66.000    1.01%      29.000     39.000
     CCPR                 -0.253      -0.176    -116.000    1.01%     -27.000     -8.000     -2.000
              99.000    1405.603       0.459      79.000    1.01%       5.000     28.000
     PARND_1               1.276       1.392       0.000   46.94%       0.000      0.000      1.000
              98.000       2.812       1.104       7.000    1.02%       1.000      2.000
     PARND_0               0.694       2.090       0.000   70.41%       0.000      0.000      0.000
              98.000       1.763       3.691       6.000    1.02%       0.000      1.000


THE MODEL ESTIMATION TERMINATED NORMALLY

     USE THE FBITERATIONS OPTION TO INCREASE THE NUMBER OF ITERATIONS BY A FACTOR
     OF AT LEAST TWO TO CHECK CONVERGENCE AND THAT THE PSR VALUE DOES NOT INCREASE.



MODEL FIT INFORMATION

Number of Free Parameters                              23

Bayesian Posterior Predictive Checking using Chi-Square

          95% Confidence Interval for the Difference Between
          the Observed and the Replicated Chi-Square Values

                                -21.667            20.731

          Posterior Predictive P-Value              0.522

Information Criteria

          Deviance (DIC)                         4163.465
          Estimated Number of Parameters (pD)      21.511
          Bayesian (BIC)                         4225.396



MODEL RESULTS

                                Posterior  One-Tailed         95% C.I.
                    Estimate       S.D.      P-Value   Lower 2.5%  Upper 2.5%  Significance

 SCPT       ON
    PARND_1           -1.147       0.704      0.052      -2.534       0.247
    PARND_0            0.000       0.000      1.000       0.000       0.000

 CCPT       ON
    PARND_1           -0.538       1.341      0.343      -3.163       2.076
    PARND_0            0.000       0.000      1.000       0.000       0.000

 SCPR       ON
    PARND_1            0.000       0.000      1.000       0.000       0.000
    PARND_0            2.397       0.958      0.006       0.538       4.319      *

 CCPR       ON
    PARND_1            0.000       0.000      1.000       0.000       0.000
    PARND_0           -2.950       1.992      0.069      -6.866       0.964

 SCPT     WITH
    CCPT              10.347      43.641      0.401     -75.310      97.073
    SCPR             -22.712      16.783      0.075     -58.103       8.410
    CCPR             -43.363      51.433      0.185    -149.463      54.131

 CCPT     WITH
    SCPR              -9.880      46.797      0.411    -102.994      83.050
    CCPR            -950.797     177.327      0.000   -1365.981    -670.014      *

 SCPR     WITH
    CCPR             -68.525      55.129      0.091    -184.308      34.344

 PARND_1  WITH
    PARND_0            0.334       0.255      0.083      -0.146       0.864

 Means
    PARND_1            1.279       0.175      0.000       0.935       1.623      *
    PARND_0            0.691       0.139      0.000       0.416       0.967      *

 Intercepts
    SCPT              31.515       1.510      0.000      28.566      34.455      *
    CCPT              -0.165       3.773      0.481      -7.618       7.275
    SCPR              26.373       1.444      0.000      23.570      29.209      *
    CCPR               1.777       4.178      0.333      -6.497       9.990

 Variances
    PARND_1            2.980       0.455      0.000       2.267       4.043      *
    PARND_0            1.867       0.283      0.000       1.419       2.526      *

 Residual Variances
    SCPT             142.241      22.291      0.000     107.194     194.266      *
    CCPT            1106.799     172.249      0.000     833.573    1504.464      *
    SCPR             162.633      25.266      0.000     122.560     220.843      *
    CCPR            1522.623     238.001      0.000    1146.664    2079.435      *


STANDARDIZED MODEL RESULTS


STDYX Standardization

                                Posterior  One-Tailed         95% C.I.
                    Estimate       S.D.      P-Value   Lower 2.5%  Upper 2.5%  Significance
 SCPT       ON
    PARND_1           -0.164       0.098      0.052      -0.350       0.036
    PARND_0            0.000       0.000      1.000       0.000       0.000

 CCPT       ON
    PARND_1           -0.028       0.069      0.343      -0.163       0.108
    PARND_0            0.000       0.000      1.000       0.000       0.000

 SCPR       ON
    PARND_1            0.000       0.000      1.000       0.000       0.000
    PARND_0            0.249       0.095      0.006       0.056       0.428      *

 CCPR       ON
    PARND_1            0.000       0.000      1.000       0.000       0.000
    PARND_0           -0.103       0.070      0.069      -0.242       0.033

 SCPT     WITH
    CCPT               0.026       0.106      0.401      -0.182       0.229
    SCPR              -0.152       0.103      0.075      -0.347       0.055
    CCPR              -0.095       0.105      0.185      -0.296       0.114

 CCPT     WITH
    SCPR              -0.024       0.106      0.411      -0.231       0.186
    CCPR              -0.737       0.049      0.000      -0.819      -0.626      *

 SCPR     WITH
    CCPR              -0.139       0.104      0.091      -0.340       0.070

 PARND_1  WITH
    PARND_0            0.143       0.101      0.083      -0.062       0.334

 Means
    PARND_1            0.742       0.114      0.000       0.520       0.965      *
    PARND_0            0.506       0.108      0.000       0.295       0.718      *

 Intercepts
    SCPT               2.594       0.218      0.000       2.165       3.025      *
    CCPT              -0.005       0.112      0.481      -0.227       0.213
    SCPR               1.996       0.198      0.000       1.612       2.391      *
    CCPR               0.045       0.105      0.333      -0.162       0.252

 Variances
    PARND_1            1.000       0.000      0.000       1.000       1.000
    PARND_0            1.000       0.000      0.000       1.000       1.000

 Residual Variances
    SCPT               0.973       0.033      0.000       0.877       1.000      *
    CCPT               0.997       0.008      0.000       0.972       1.000      *
    SCPR               0.938       0.048      0.000       0.817       0.997      *
    CCPR               0.989       0.016      0.000       0.942       1.000      *


STDY Standardization

                                Posterior  One-Tailed         95% C.I.
                    Estimate       S.D.      P-Value   Lower 2.5%  Upper 2.5%  Significance
 SCPT       ON
    PARND_1           -0.164       0.098      0.052      -0.350       0.036
    PARND_0            0.000       0.000      1.000       0.000       0.000

 CCPT       ON
    PARND_1           -0.028       0.069      0.343      -0.163       0.108
    PARND_0            0.000       0.000      1.000       0.000       0.000

 SCPR       ON
    PARND_1            0.000       0.000      1.000       0.000       0.000
    PARND_0            0.249       0.095      0.006       0.056       0.428      *

 CCPR       ON
    PARND_1            0.000       0.000      1.000       0.000       0.000
    PARND_0           -0.103       0.070      0.069      -0.242       0.033

 SCPT     WITH
    CCPT               0.026       0.106      0.401      -0.182       0.229
    SCPR              -0.152       0.103      0.075      -0.347       0.055
    CCPR              -0.095       0.105      0.185      -0.296       0.114

 CCPT     WITH
    SCPR              -0.024       0.106      0.411      -0.231       0.186
    CCPR              -0.737       0.049      0.000      -0.819      -0.626      *

 SCPR     WITH
    CCPR              -0.139       0.104      0.091      -0.340       0.070

 PARND_1  WITH
    PARND_0            0.143       0.101      0.083      -0.062       0.334

 Means
    PARND_1            0.742       0.114      0.000       0.520       0.965      *
    PARND_0            0.506       0.108      0.000       0.295       0.718      *

 Intercepts
    SCPT               2.594       0.218      0.000       2.165       3.025      *
    CCPT              -0.005       0.112      0.481      -0.227       0.213
    SCPR               1.996       0.198      0.000       1.612       2.391      *
    CCPR               0.045       0.105      0.333      -0.162       0.252

 Variances
    PARND_1            1.000       0.000      0.000       1.000       1.000
    PARND_0            1.000       0.000      0.000       1.000       1.000

 Residual Variances
    SCPT               0.973       0.033      0.000       0.877       1.000      *
    CCPT               0.997       0.008      0.000       0.972       1.000      *
    SCPR               0.938       0.048      0.000       0.817       0.997      *
    CCPR               0.989       0.016      0.000       0.942       1.000      *


STD Standardization

                                Posterior  One-Tailed         95% C.I.
                    Estimate       S.D.      P-Value   Lower 2.5%  Upper 2.5%  Significance
 SCPT       ON
    PARND_1           -1.147       0.704      0.052      -2.534       0.247
    PARND_0            0.000       0.000      1.000       0.000       0.000

 CCPT       ON
    PARND_1           -0.538       1.341      0.343      -3.163       2.076
    PARND_0            0.000       0.000      1.000       0.000       0.000

 SCPR       ON
    PARND_1            0.000       0.000      1.000       0.000       0.000
    PARND_0            2.397       0.958      0.006       0.538       4.319      *

 CCPR       ON
    PARND_1            0.000       0.000      1.000       0.000       0.000
    PARND_0           -2.950       1.992      0.069      -6.866       0.964

 SCPT     WITH
    CCPT               0.026       0.106      0.401      -0.182       0.229
    SCPR              -0.152       0.103      0.075      -0.347       0.055
    CCPR              -0.095       0.105      0.185      -0.296       0.114

 CCPT     WITH
    SCPR              -0.024       0.106      0.411      -0.231       0.186
    CCPR              -0.737       0.049      0.000      -0.819      -0.626      *

 SCPR     WITH
    CCPR              -0.139       0.104      0.091      -0.340       0.070

 PARND_1  WITH
    PARND_0            0.143       0.101      0.083      -0.062       0.334

 Means
    PARND_1            1.279       0.175      0.000       0.935       1.623      *
    PARND_0            0.691       0.139      0.000       0.416       0.967      *

 Intercepts
    SCPT              31.515       1.510      0.000      28.566      34.455      *
    CCPT              -0.165       3.773      0.481      -7.618       7.275
    SCPR              26.373       1.444      0.000      23.570      29.209      *
    CCPR               1.777       4.178      0.333      -6.497       9.990

 Variances
    PARND_1            2.980       0.455      0.000       2.267       4.043      *
    PARND_0            1.867       0.283      0.000       1.419       2.526      *

 Residual Variances
    SCPT             142.241      22.291      0.000     107.194     194.266      *
    CCPT            1106.799     172.249      0.000     833.573    1504.464      *
    SCPR             162.633      25.266      0.000     122.560     220.843      *
    CCPR            1522.623     238.001      0.000    1146.664    2079.435      *


R-SQUARE

                                Posterior  One-Tailed         95% C.I.
    Variable        Estimate       S.D.      P-Value   Lower 2.5%  Upper 2.5%

    SCPT               0.027       0.033      0.000       0.000       0.123
    CCPT               0.003       0.008      0.000       0.000       0.028
    SCPR               0.062       0.048      0.000       0.003       0.183
    CCPR               0.011       0.016      0.000       0.000       0.058


     Beginning Time:  10:50:28
        Ending Time:  10:50:35
       Elapsed Time:  00:00:07



MUTHEN & MUTHEN
3463 Stoner Ave.
Los Angeles, CA  90066

Tel: (310) 391-9971
Fax: (310) 391-8971
Web: www.StatModel.com
Support: Support@StatModel.com

Copyright (c) 1998-2017 Muthen & Muthen
