Mplus VERSION 8 (Mac)
MUTHEN & MUTHEN
02/25/2020  10:50 AM

INPUT INSTRUCTIONS

  TITLE:
  Testing
  DATA:
  FILE = "stypl_apfixed_m.dat";

  VARIABLE:
  NAMES = scpt ccpt scpr ccpr stypl_1 stypl_0;
   MISSING=.;

  ANALYSIS:
  ESTIMATOR=BAYES; PROCESSORS = 2;BITERATIONS = (30000);
  MODEL:
  scpt ON stypl_1* (a);
  scpt ON stypl_0* (c);
  ccpt ON stypl_1* (b);
  ccpt ON stypl_0* (d);
  scpr ON stypl_1* (c);
  scpr ON stypl_0* (a);
  ccpr ON stypl_1* (d);
  ccpr ON stypl_0* (b);
  scpt WITH ccpt;
  scpt WITH scpr;
  scpt WITH ccpr;
  ccpt WITH scpr;
  ccpt WITH ccpr;
  scpr WITH ccpr;
  stypl_1 WITH stypl_0;
  scpt WITH scpt;
  ccpt WITH ccpt;
  scpr WITH scpr;
  ccpr WITH ccpr;
  stypl_1 WITH stypl_1;
  stypl_0 WITH stypl_0;
  [scpt];
  [ccpt];
  [scpr];
  [ccpr];
  [stypl_1];
  [stypl_0];

  OUTPUT:
  STANDARDIZED



INPUT READING TERMINATED NORMALLY




Testing

SUMMARY OF ANALYSIS

Number of groups                                                 1
Number of observations                                          99

Number of dependent variables                                    4
Number of independent variables                                  2
Number of continuous latent variables                            0

Observed dependent variables

  Continuous
   SCPT        CCPT        SCPR        CCPR

Observed independent variables
   STYPL_1     STYPL_0


Estimator                                                    BAYES
Specifications for Bayesian Estimation
  Point estimate                                            MEDIAN
  Number of Markov chain Monte Carlo (MCMC) chains               2
  Random seed for the first chain                                0
  Starting value information                           UNPERTURBED
  Treatment of categorical mediator                         LATENT
  Algorithm used for Markov chain Monte Carlo           GIBBS(PX1)
  Convergence criterion                                  0.500D-01
  Maximum number of iterations                               50000
  K-th iteration used for thinning                               1

Input data file(s)
  stypl_apfixed_m.dat
Input data format  FREE


SUMMARY OF DATA



COVARIANCE COVERAGE OF DATA

Minimum covariance coverage value   0.100

     Number of missing data patterns             2


     PROPORTION OF DATA PRESENT


           Covariance Coverage
              SCPT          CCPT          SCPR          CCPR          STYPL_1
              ________      ________      ________      ________      ________
 SCPT           1.000
 CCPT           1.000         1.000
 SCPR           1.000         1.000         1.000
 CCPR           1.000         1.000         1.000         1.000
 STYPL_1        0.990         0.990         0.990         0.990         0.990
 STYPL_0        0.990         0.990         0.990         0.990         0.990


           Covariance Coverage
              STYPL_0
              ________
 STYPL_0        0.990



UNIVARIATE SAMPLE STATISTICS


     UNIVARIATE HIGHER-ORDER MOMENT DESCRIPTIVE STATISTICS

         Variable/         Mean/     Skewness/   Minimum/ % with                Percentiles
        Sample Size      Variance    Kurtosis    Maximum  Min/Max      20%/60%    40%/80%    Median

     SCPT                 30.051       0.557       7.000    1.01%      19.000     26.000     29.000
              99.000     130.270      -0.214      58.000    1.01%      31.000     39.000
     CCPT                 -0.879      -0.261     -81.000    1.01%     -26.000     -7.000      2.000
              99.000     990.713       0.169      80.000    1.01%       8.000     24.000
     SCPR                 28.030       0.568       9.000    2.02%      16.000     24.000     27.000
              99.000     154.575      -0.200      66.000    1.01%      29.000     39.000
     CCPR                 -0.253      -0.176    -116.000    1.01%     -27.000     -8.000     -2.000
              99.000    1405.603       0.459      79.000    1.01%       5.000     28.000
     STYPL_1               0.786       1.865       0.000   63.27%       0.000      0.000      0.000
              98.000       1.638       3.365       6.000    1.02%       0.000      2.000
     STYPL_0               0.531       2.111       0.000   71.43%       0.000      0.000      0.000
              98.000       0.984       4.516       5.000    1.02%       0.000      1.000


THE MODEL ESTIMATION TERMINATED NORMALLY

     USE THE FBITERATIONS OPTION TO INCREASE THE NUMBER OF ITERATIONS BY A FACTOR
     OF AT LEAST TWO TO CHECK CONVERGENCE AND THAT THE PSR VALUE DOES NOT INCREASE.



MODEL FIT INFORMATION

Number of Free Parameters                              23

Bayesian Posterior Predictive Checking using Chi-Square

          95% Confidence Interval for the Difference Between
          the Observed and the Replicated Chi-Square Values

                                -21.997            20.362

          Posterior Predictive P-Value              0.529

Information Criteria

          Deviance (DIC)                         4053.614
          Estimated Number of Parameters (pD)      21.506
          Bayesian (BIC)                         4115.549



MODEL RESULTS

                                Posterior  One-Tailed         95% C.I.
                    Estimate       S.D.      P-Value   Lower 2.5%  Upper 2.5%  Significance

 SCPT       ON
    STYPL_1           -1.629       0.785      0.020      -3.176      -0.077      *
    STYPL_0            1.148       0.799      0.075      -0.412       2.723

 CCPT       ON
    STYPL_1           -1.262       2.362      0.296      -5.878       3.432
    STYPL_0           -0.943       2.445      0.345      -5.764       3.840

 SCPR       ON
    STYPL_1            1.148       0.799      0.075      -0.412       2.723
    STYPL_0           -1.629       0.785      0.020      -3.176      -0.077      *

 CCPR       ON
    STYPL_1           -0.943       2.445      0.345      -5.764       3.840
    STYPL_0           -1.262       2.362      0.296      -5.878       3.432

 SCPT     WITH
    CCPT               6.804      43.829      0.435     -78.992      94.264
    SCPR             -18.623      17.053      0.124     -54.444      13.289
    CCPR             -42.684      51.854      0.191    -149.462      54.861

 CCPT     WITH
    SCPR               3.991      47.867      0.466     -90.510     100.493
    CCPR            -978.371     181.260      0.000   -1401.464    -689.658      *

 SCPR     WITH
    CCPR             -91.853      56.995      0.042    -212.406      12.389

 STYPL_1  WITH
    STYPL_0            0.269       0.147      0.025       0.000       0.579      *

 Means
    STYPL_1            0.788       0.134      0.000       0.526       1.051      *
    STYPL_0            0.531       0.104      0.000       0.326       0.737      *

 Intercepts
    SCPT              30.721       1.364      0.000      28.053      33.386      *
    CCPT               0.632       3.559      0.429      -6.419       7.627
    SCPR              28.000       1.453      0.000      25.173      30.843      *
    CCPR               1.164       4.145      0.388      -7.040       9.298

 Variances
    STYPL_1            1.735       0.265      0.000       1.319       2.358      *
    STYPL_0            1.042       0.158      0.000       0.792       1.411      *

 Residual Variances
    SCPT             141.398      22.113      0.000     106.584     193.318      *
    CCPT            1121.239     175.147      0.000     844.829    1527.737      *
    SCPR             168.392      26.063      0.000     126.992     228.851      *
    CCPR            1553.495     242.760      0.000    1168.931    2119.927      *


STANDARDIZED MODEL RESULTS


STDYX Standardization

                                Posterior  One-Tailed         95% C.I.
                    Estimate       S.D.      P-Value   Lower 2.5%  Upper 2.5%  Significance
 SCPT       ON
    STYPL_1           -0.177       0.084      0.020      -0.339      -0.008      *
    STYPL_0            0.096       0.067      0.075      -0.034       0.229

 CCPT       ON
    STYPL_1           -0.049       0.091      0.296      -0.226       0.133
    STYPL_0           -0.029       0.073      0.345      -0.173       0.114

 SCPR       ON
    STYPL_1            0.115       0.079      0.075      -0.042       0.270
    STYPL_0           -0.126       0.061      0.020      -0.248      -0.006      *

 CCPR       ON
    STYPL_1           -0.032       0.081      0.345      -0.193       0.126
    STYPL_0           -0.032       0.061      0.296      -0.151       0.088

 SCPT     WITH
    CCPT               0.017       0.106      0.435      -0.190       0.222
    SCPR              -0.122       0.104      0.124      -0.322       0.085
    CCPR              -0.092       0.105      0.191      -0.294       0.115

 CCPT     WITH
    SCPR               0.009       0.106      0.466      -0.199       0.217
    CCPR              -0.745       0.048      0.000      -0.825      -0.638      *

 SCPR     WITH
    CCPR              -0.182       0.102      0.042      -0.377       0.025

 STYPL_1  WITH
    STYPL_0            0.203       0.099      0.025       0.000       0.389      *

 Means
    STYPL_1            0.599       0.110      0.000       0.386       0.815      *
    STYPL_0            0.521       0.108      0.000       0.310       0.733      *

 Intercepts
    SCPT               2.524       0.212      0.000       2.116       2.948      *
    CCPT               0.019       0.105      0.429      -0.188       0.223
    SCPR               2.124       0.194      0.000       1.750       2.509      *
    CCPR               0.029       0.104      0.388      -0.174       0.233

 Variances
    STYPL_1            1.000       0.000      0.000       1.000       1.000
    STYPL_0            1.000       0.000      0.000       1.000       1.000

 Residual Variances
    SCPT               0.962       0.031      0.000       0.880       0.997      *
    CCPT               0.989       0.015      0.000       0.942       0.999      *
    SCPR               0.972       0.024      0.000       0.908       0.998      *
    CCPR               0.992       0.012      0.000       0.957       1.000      *


STDY Standardization

                                Posterior  One-Tailed         95% C.I.
                    Estimate       S.D.      P-Value   Lower 2.5%  Upper 2.5%  Significance
 SCPT       ON
    STYPL_1           -0.177       0.084      0.020      -0.339      -0.008      *
    STYPL_0            0.096       0.067      0.075      -0.034       0.229

 CCPT       ON
    STYPL_1           -0.049       0.091      0.296      -0.226       0.133
    STYPL_0           -0.029       0.073      0.345      -0.173       0.114

 SCPR       ON
    STYPL_1            0.115       0.079      0.075      -0.042       0.270
    STYPL_0           -0.126       0.061      0.020      -0.248      -0.006      *

 CCPR       ON
    STYPL_1           -0.032       0.081      0.345      -0.193       0.126
    STYPL_0           -0.032       0.061      0.296      -0.151       0.088

 SCPT     WITH
    CCPT               0.017       0.106      0.435      -0.190       0.222
    SCPR              -0.122       0.104      0.124      -0.322       0.085
    CCPR              -0.092       0.105      0.191      -0.294       0.115

 CCPT     WITH
    SCPR               0.009       0.106      0.466      -0.199       0.217
    CCPR              -0.745       0.048      0.000      -0.825      -0.638      *

 SCPR     WITH
    CCPR              -0.182       0.102      0.042      -0.377       0.025

 STYPL_1  WITH
    STYPL_0            0.203       0.099      0.025       0.000       0.389      *

 Means
    STYPL_1            0.599       0.110      0.000       0.386       0.815      *
    STYPL_0            0.521       0.108      0.000       0.310       0.733      *

 Intercepts
    SCPT               2.524       0.212      0.000       2.116       2.948      *
    CCPT               0.019       0.105      0.429      -0.188       0.223
    SCPR               2.124       0.194      0.000       1.750       2.509      *
    CCPR               0.029       0.104      0.388      -0.174       0.233

 Variances
    STYPL_1            1.000       0.000      0.000       1.000       1.000
    STYPL_0            1.000       0.000      0.000       1.000       1.000

 Residual Variances
    SCPT               0.962       0.031      0.000       0.880       0.997      *
    CCPT               0.989       0.015      0.000       0.942       0.999      *
    SCPR               0.972       0.024      0.000       0.908       0.998      *
    CCPR               0.992       0.012      0.000       0.957       1.000      *


STD Standardization

                                Posterior  One-Tailed         95% C.I.
                    Estimate       S.D.      P-Value   Lower 2.5%  Upper 2.5%  Significance
 SCPT       ON
    STYPL_1           -1.629       0.785      0.020      -3.176      -0.077      *
    STYPL_0            1.148       0.799      0.075      -0.412       2.723

 CCPT       ON
    STYPL_1           -1.262       2.362      0.296      -5.878       3.432
    STYPL_0           -0.943       2.445      0.345      -5.764       3.840

 SCPR       ON
    STYPL_1            1.148       0.799      0.075      -0.412       2.723
    STYPL_0           -1.629       0.785      0.020      -3.176      -0.077      *

 CCPR       ON
    STYPL_1           -0.943       2.445      0.345      -5.764       3.840
    STYPL_0           -1.262       2.362      0.296      -5.878       3.432

 SCPT     WITH
    CCPT               0.017       0.106      0.435      -0.190       0.222
    SCPR              -0.122       0.104      0.124      -0.322       0.085
    CCPR              -0.092       0.105      0.191      -0.294       0.115

 CCPT     WITH
    SCPR               0.009       0.106      0.466      -0.199       0.217
    CCPR              -0.745       0.048      0.000      -0.825      -0.638      *

 SCPR     WITH
    CCPR              -0.182       0.102      0.042      -0.377       0.025

 STYPL_1  WITH
    STYPL_0            0.203       0.099      0.025       0.000       0.389      *

 Means
    STYPL_1            0.788       0.134      0.000       0.526       1.051      *
    STYPL_0            0.531       0.104      0.000       0.326       0.737      *

 Intercepts
    SCPT              30.721       1.364      0.000      28.053      33.386      *
    CCPT               0.632       3.559      0.429      -6.419       7.627
    SCPR              28.000       1.453      0.000      25.173      30.843      *
    CCPR               1.164       4.145      0.388      -7.040       9.298

 Variances
    STYPL_1            1.735       0.265      0.000       1.319       2.358      *
    STYPL_0            1.042       0.158      0.000       0.792       1.411      *

 Residual Variances
    SCPT             141.398      22.113      0.000     106.584     193.318      *
    CCPT            1121.239     175.147      0.000     844.829    1527.737      *
    SCPR             168.392      26.063      0.000     126.992     228.851      *
    CCPR            1553.495     242.760      0.000    1168.931    2119.927      *


R-SQUARE

                                Posterior  One-Tailed         95% C.I.
    Variable        Estimate       S.D.      P-Value   Lower 2.5%  Upper 2.5%

    SCPT               0.038       0.031      0.000       0.003       0.120
    CCPT               0.011       0.015      0.000       0.001       0.058
    SCPR               0.028       0.024      0.000       0.002       0.092
    CCPR               0.008       0.012      0.000       0.000       0.043


     Beginning Time:  10:50:40
        Ending Time:  10:50:47
       Elapsed Time:  00:00:07



MUTHEN & MUTHEN
3463 Stoner Ave.
Los Angeles, CA  90066

Tel: (310) 391-9971
Fax: (310) 391-8971
Web: www.StatModel.com
Support: Support@StatModel.com

Copyright (c) 1998-2017 Muthen & Muthen
