Mplus VERSION 8 (Mac)
MUTHEN & MUTHEN
02/25/2019   9:25 PM

INPUT INSTRUCTIONS

  TITLE:
  Testing
  DATA:
  FILE = "m2df7_model.dat";

  VARIABLE:
  NAMES = scpt scpr ccpt ccpr prnapt prnapr ECRanx_1 ECRanx_0 pnapt pnapr cmpt cmpr;
   MISSING=.;

  ANALYSIS:
  ESTIMATOR=BAYES; PROCESSORS = 2;BITERATIONS = (30000);
  MODEL:
  scpt ON cmpt;
  scpr ON cmpr;
  ccpt ON cmpt* (w);
  ccpr ON cmpr;
  prnapt ON cmpt;
  prnapr ON cmpr* (j);
  ECRanx_1 ON pnapt* (h);
  ECRanx_0 ON pnapr* (k);
  pnapt WITH pnapr;
  pnapt ON prnapt;
  pnapt ON scpt;
  pnapt ON ccpt* (c);
  pnapr ON prnapr;
  pnapr ON scpr;
  pnapr ON ccpr* (d);
  scpt ON prnapt* (a1);
  scpr ON prnapr* (a1);
  ccpt ON prnapt* (b1);
  ccpr ON prnapr* (b1);
  scpt WITH ccpt;
  scpt WITH scpr;
  scpt WITH ccpr;
  scpr WITH ccpt;
  ccpt WITH ccpr;
  scpr WITH ccpr;
  scpt WITH scpt;
  scpr WITH scpr;
  ccpt WITH ccpt;
  ccpr WITH ccpr;
  prnapt WITH prnapt;
  prnapr WITH prnapr;
  ECRanx_1 WITH ECRanx_1;
  ECRanx_0 WITH ECRanx_0;
  pnapt WITH pnapt;
  pnapr WITH pnapr;
  ECRanx_1 WITH ECRanx_0;
  cmpt WITH cmpt;
  cmpt WITH cmpr;
  cmpr WITH cmpr;
  [scpt];
  [scpr];
  [ccpt];
  [ccpr];
  [prnapt];
  [prnapr];
  [ECRanx_1];
  [ECRanx_0];
  [pnapt];
  [pnapr];
  [cmpt];
  [cmpr];

  MODEL CONSTRAINT:
  NEW ( b1c b1d hb1c whb1c whc );
  b1c = b1*c;
  b1d = b1*d;
  hb1c = h*b1*c;
  whb1c = w*h*b1*c;
  whc = w*h*c;




INPUT READING TERMINATED NORMALLY




Testing

SUMMARY OF ANALYSIS

Number of groups                                                 1
Number of observations                                          88

Number of dependent variables                                   10
Number of independent variables                                  2
Number of continuous latent variables                            0

Observed dependent variables

  Continuous
   SCPT        SCPR        CCPT        CCPR        PRNAPT      PRNAPR
   ECRANX_1    ECRANX_0    PNAPT       PNAPR

Observed independent variables
   CMPT        CMPR


Estimator                                                    BAYES
Specifications for Bayesian Estimation
  Point estimate                                            MEDIAN
  Number of Markov chain Monte Carlo (MCMC) chains               2
  Random seed for the first chain                                0
  Starting value information                           UNPERTURBED
  Treatment of categorical mediator                         LATENT
  Algorithm used for Markov chain Monte Carlo           GIBBS(PX1)
  Convergence criterion                                  0.500D-01
  Maximum number of iterations                               50000
  K-th iteration used for thinning                               1

Input data file(s)
  m2df7_model.dat
Input data format  FREE


SUMMARY OF DATA



COVARIANCE COVERAGE OF DATA

Minimum covariance coverage value   0.100

     Number of missing data patterns             5


     PROPORTION OF DATA PRESENT


           Covariance Coverage
              SCPT          SCPR          CCPT          CCPR          PRNAPT
              ________      ________      ________      ________      ________
 SCPT           1.000
 SCPR           1.000         1.000
 CCPT           1.000         1.000         1.000
 CCPR           1.000         1.000         1.000         1.000
 PRNAPT         0.932         0.932         0.932         0.932         0.932
 PRNAPR         0.932         0.932         0.932         0.932         0.932
 ECRANX_1       0.966         0.966         0.966         0.966         0.898
 ECRANX_0       0.966         0.966         0.966         0.966         0.909
 PNAPT          0.932         0.932         0.932         0.932         0.932
 PNAPR          0.932         0.932         0.932         0.932         0.932
 CMPT           0.932         0.932         0.932         0.932         0.932
 CMPR           0.932         0.932         0.932         0.932         0.932


           Covariance Coverage
              PRNAPR        ECRANX_1      ECRANX_0      PNAPT         PNAPR
              ________      ________      ________      ________      ________
 PRNAPR         0.932
 ECRANX_1       0.898         0.966
 ECRANX_0       0.909         0.932         0.966
 PNAPT          0.932         0.898         0.909         0.932
 PNAPR          0.932         0.898         0.909         0.932         0.932
 CMPT           0.932         0.898         0.909         0.932         0.932
 CMPR           0.932         0.898         0.909         0.932         0.932


           Covariance Coverage
              CMPT          CMPR
              ________      ________
 CMPT           0.932
 CMPR           0.932         0.932



UNIVARIATE SAMPLE STATISTICS


     UNIVARIATE HIGHER-ORDER MOMENT DESCRIPTIVE STATISTICS

         Variable/         Mean/     Skewness/   Minimum/ % with                Percentiles
        Sample Size      Variance    Kurtosis    Maximum  Min/Max      20%/60%    40%/80%    Median

     SCPT                  2.990       0.447       0.745    1.14%       1.885      2.601      2.981
              88.000       1.199      -0.295       5.881    1.14%       3.182      3.907
     SCPR                  2.885       0.533       0.909    1.14%       1.609      2.412      2.752
              88.000       1.642      -0.362       6.612    1.14%       2.990      3.999
     CCPT                 -0.256      -0.381      -8.168    1.14%      -2.648     -0.915     -0.036
              88.000       9.259       0.006       6.938    1.14%       0.849      2.394
     CCPR                  0.015      -0.272     -11.649    1.14%      -2.691     -0.861     -0.206
              88.000      14.758       0.413       7.937    1.14%       0.644      3.054
     PRNAPT               16.378       1.323      10.000   13.41%      11.000     13.000     14.500
              82.000      36.113       1.786      39.000    1.22%      16.000     21.000
     PRNAPR               13.603       1.834      10.000   25.61%      10.000     12.000     12.000
              82.000      18.078       3.544      31.000    1.22%      13.000     16.000
     ECRANX_1              3.575       0.157       1.222    2.35%       2.444      3.056      3.444
              85.000       1.408      -0.832       6.000    1.18%       3.889      4.722
     ECRANX_0              2.945       0.385       1.000    2.35%       1.889      2.500      2.778
              85.000       1.355      -0.684       6.000    1.18%       3.000      4.056
     PNAPT                18.228       1.019      10.000   15.85%      11.000     14.000     16.500
              82.000      60.187       1.019      47.000    1.22%      20.000     25.000
     PNAPR                14.411       1.056      10.000   36.59%      10.000     11.000     12.500
              82.000      27.558      -0.086      30.000    1.22%      13.000     20.000
     CMPT                  1.440       0.042      -6.169    1.22%      -1.237      0.707      1.487
              82.000       9.576      -0.165       8.225    1.22%       2.268      3.502
     CMPR                  1.136       0.412      -4.944    1.22%      -1.134      0.353      1.060
              82.000       6.596       0.257       8.285    1.22%       1.427      3.061


THE MODEL ESTIMATION TERMINATED NORMALLY

     USE THE FBITERATIONS OPTION TO INCREASE THE NUMBER OF ITERATIONS BY A FACTOR
     OF AT LEAST TWO TO CHECK CONVERGENCE AND THAT THE PSR VALUE DOES NOT INCREASE.



MODEL FIT INFORMATION

Number of Free Parameters                              49

Bayesian Posterior Predictive Checking using Chi-Square

          95% Confidence Interval for the Difference Between
          the Observed and the Replicated Chi-Square Values

                                -41.244            31.651

          Posterior Predictive P-Value              0.581

Information Criteria

          Deviance (DIC)                         4776.428
          Estimated Number of Parameters (pD)      46.417
          Bayesian (BIC)                         4901.255



MODEL RESULTS

                                Posterior  One-Tailed         95% C.I.
                    Estimate       S.D.      P-Value   Lower 2.5%  Upper 2.5%  Significance

 SCPT       ON
    CMPT               0.027       0.041      0.258      -0.054       0.107
    PRNAPT             0.019       0.017      0.133      -0.015       0.053

 SCPR       ON
    CMPR              -0.028       0.058      0.316      -0.140       0.086
    PRNAPR             0.019       0.017      0.133      -0.015       0.053

 CCPT       ON
    CMPT              -0.233       0.067      0.000      -0.363      -0.102      *
    PRNAPT            -0.103       0.027      0.000      -0.156      -0.048      *

 CCPR       ON
    CMPR               0.026       0.107      0.404      -0.183       0.236
    PRNAPR            -0.103       0.027      0.000      -0.156      -0.048      *

 PRNAPT     ON
    CMPT               0.030       0.221      0.446      -0.406       0.462

 PRNAPR     ON
    CMPR              -0.036       0.190      0.424      -0.408       0.340

 ECRANX_1   ON
    PNAPT              0.065       0.016      0.000       0.033       0.096      *

 ECRANX_0   ON
    PNAPR              0.076       0.025      0.002       0.026       0.123      *

 PNAPT      ON
    PRNAPT             0.779       0.111      0.000       0.559       0.995      *
    SCPT              -0.532       0.608      0.186      -1.730       0.658
    CCPT              -0.496       0.217      0.012      -0.924      -0.071      *

 PNAPR      ON
    PRNAPR             0.742       0.114      0.000       0.519       0.965      *
    SCPR              -0.726       0.378      0.026      -1.477       0.007
    CCPR               0.125       0.125      0.157      -0.122       0.373

 PNAPT    WITH
    PNAPR              5.520       3.329      0.035      -0.497      12.651

 SCPT     WITH
    CCPT               0.371       0.422      0.175      -0.432       1.250
    SCPR              -0.260       0.191      0.070      -0.668       0.086
    CCPR              -0.532       0.555      0.153      -1.692       0.521

 SCPR     WITH
    CCPT               0.154       0.490      0.369      -0.796       1.139
    CCPR              -0.830       0.652      0.086      -2.196       0.376

 CCPT     WITH
    CCPR              -9.724       1.851      0.000     -14.020      -6.849      *

 ECRANX_1 WITH
    ECRANX_0           0.109       0.152      0.224      -0.181       0.416

 CMPT     WITH
    CMPR              -0.322       1.009      0.369      -2.348       1.640

 Means
    CMPT               1.440       0.354      0.000       0.743       2.139      *
    CMPR               1.137       0.294      0.000       0.561       1.720      *

 Intercepts
    SCPT               2.635       0.317      0.000       2.012       3.254      *
    SCPR               2.652       0.286      0.000       2.093       3.215      *
    CCPT               1.757       0.565      0.001       0.645       2.863      *
    CCPR               1.389       0.585      0.010       0.222       2.530      *
    PRNAPT            16.323       0.748      0.000      14.872      17.780      *
    PRNAPR            13.704       0.535      0.000      12.651      14.754      *
    ECRANX_1           2.398       0.316      0.000       1.787       3.026      *
    ECRANX_0           1.857       0.383      0.000       1.113       2.606      *
    PNAPT              6.952       2.539      0.003       1.930      11.924      *
    PNAPR              6.501       1.855      0.000       2.862      10.137      *

 Variances
    CMPT              10.257       1.721      0.000       7.596      14.294      *
    CMPR               7.078       1.194      0.000       5.237       9.927      *

 Residual Variances
    SCPT               1.369       0.231      0.000       1.011       1.912      *
    SCPR               1.848       0.307      0.000       1.368       2.576      *
    CCPT               9.375       1.565      0.000       6.946      13.049      *
    CCPR              16.356       2.735      0.000      12.137      22.795      *
    PRNAPT            38.120       6.326      0.000      28.314      52.988      *
    PRNAPR            19.147       3.209      0.000      14.229      26.834      *
    ECRANX_1           1.242       0.208      0.000       0.921       1.732      *
    ECRANX_0           1.301       0.217      0.000       0.964       1.809      *
    PNAPT             35.808       6.204      0.000      26.168      50.568      *
    PNAPR             19.279       3.332      0.000      14.166      27.096      *

New/Additional Parameters
    B1C                0.048       0.027      0.012       0.006       0.110      *
    B1D               -0.012       0.014      0.157      -0.042       0.012
    HB1C               0.003       0.002      0.012       0.000       0.008      *
    WHB1C             -0.001       0.001      0.012      -0.002       0.000      *
    WHC                0.007       0.005      0.012       0.001       0.018      *


     Beginning Time:  21:25:57
        Ending Time:  21:26:03
       Elapsed Time:  00:00:06



MUTHEN & MUTHEN
3463 Stoner Ave.
Los Angeles, CA  90066

Tel: (310) 391-9971
Fax: (310) 391-8971
Web: www.StatModel.com
Support: Support@StatModel.com

Copyright (c) 1998-2017 Muthen & Muthen
