Mplus VERSION 8 (Mac)
MUTHEN & MUTHEN
02/25/2019   9:25 PM

INPUT INSTRUCTIONS

  TITLE:
  Testing
  DATA:
  FILE = "m2df2_model.dat";

  VARIABLE:
  NAMES = scpt scpr ccpt ccpr prnapt prnapr ECRanx_1 ECRanx_0 pnapt pnapr cmpt cmpr;
   MISSING=.;

  ANALYSIS:
  ESTIMATOR=BAYES; PROCESSORS = 2;BITERATIONS = (30000);
  MODEL:
  scpt ON cmpt;
  scpr ON cmpr;
  ccpt ON cmpt* (w);
  ccpr ON cmpr;
  prnapt ON cmpt;
  prnapr ON cmpr* (j);
  ECRanx_1 ON pnapt* (h);
  ECRanx_0 ON pnapr* (k);
  pnapt WITH pnapr;
  pnapt ON prnapt;
  pnapt ON scpt;
  pnapt ON ccpt* (c);
  pnapr ON prnapr;
  pnapr ON scpr;
  pnapr ON ccpr* (d);
  scpt ON prnapt* (a1);
  scpr ON prnapr* (a1);
  ccpt ON prnapt* (b1);
  ccpr ON prnapr* (b1);
  scpt WITH ccpt;
  scpt WITH scpr;
  scpt WITH ccpr;
  scpr WITH ccpt;
  ccpt WITH ccpr;
  scpr WITH ccpr;
  scpt WITH scpt;
  scpr WITH scpr;
  ccpt WITH ccpt;
  ccpr WITH ccpr;
  prnapt WITH prnapt;
  prnapr WITH prnapr;
  ECRanx_1 WITH ECRanx_1;
  ECRanx_0 WITH ECRanx_0;
  pnapt WITH pnapt;
  pnapr WITH pnapr;
  ECRanx_1 WITH ECRanx_0;
  cmpt WITH cmpt;
  cmpt WITH cmpr;
  cmpr WITH cmpr;
  [scpt];
  [scpr];
  [ccpt];
  [ccpr];
  [prnapt];
  [prnapr];
  [ECRanx_1];
  [ECRanx_0];
  [pnapt];
  [pnapr];
  [cmpt];
  [cmpr];

  MODEL CONSTRAINT:
  NEW ( b1c b1d hb1c whb1c whc );
  b1c = b1*c;
  b1d = b1*d;
  hb1c = h*b1*c;
  whb1c = w*h*b1*c;
  whc = w*h*c;




INPUT READING TERMINATED NORMALLY




Testing

SUMMARY OF ANALYSIS

Number of groups                                                 1
Number of observations                                          99

Number of dependent variables                                   10
Number of independent variables                                  2
Number of continuous latent variables                            0

Observed dependent variables

  Continuous
   SCPT        SCPR        CCPT        CCPR        PRNAPT      PRNAPR
   ECRANX_1    ECRANX_0    PNAPT       PNAPR

Observed independent variables
   CMPT        CMPR


Estimator                                                    BAYES
Specifications for Bayesian Estimation
  Point estimate                                            MEDIAN
  Number of Markov chain Monte Carlo (MCMC) chains               2
  Random seed for the first chain                                0
  Starting value information                           UNPERTURBED
  Treatment of categorical mediator                         LATENT
  Algorithm used for Markov chain Monte Carlo           GIBBS(PX1)
  Convergence criterion                                  0.500D-01
  Maximum number of iterations                               50000
  K-th iteration used for thinning                               1

Input data file(s)
  m2df2_model.dat
Input data format  FREE


SUMMARY OF DATA



COVARIANCE COVERAGE OF DATA

Minimum covariance coverage value   0.100

     Number of missing data patterns             3


     PROPORTION OF DATA PRESENT


           Covariance Coverage
              SCPT          SCPR          CCPT          CCPR          PRNAPT
              ________      ________      ________      ________      ________
 SCPT           1.000
 SCPR           1.000         1.000
 CCPT           1.000         1.000         1.000
 CCPR           1.000         1.000         1.000         1.000
 PRNAPT         1.000         1.000         1.000         1.000         1.000
 PRNAPR         1.000         1.000         1.000         1.000         1.000
 ECRANX_1       1.000         1.000         1.000         1.000         1.000
 ECRANX_0       0.990         0.990         0.990         0.990         0.990
 PNAPT          0.990         0.990         0.990         0.990         0.990
 PNAPR          1.000         1.000         1.000         1.000         1.000
 CMPT           1.000         1.000         1.000         1.000         1.000
 CMPR           0.990         0.990         0.990         0.990         0.990


           Covariance Coverage
              PRNAPR        ECRANX_1      ECRANX_0      PNAPT         PNAPR
              ________      ________      ________      ________      ________
 PRNAPR         1.000
 ECRANX_1       1.000         1.000
 ECRANX_0       0.990         0.990         0.990
 PNAPT          0.990         0.990         0.980         0.990
 PNAPR          1.000         1.000         0.990         0.990         1.000
 CMPT           1.000         1.000         0.990         0.990         1.000
 CMPR           0.990         0.990         0.990         0.980         0.990


           Covariance Coverage
              CMPT          CMPR
              ________      ________
 CMPT           1.000
 CMPR           0.990         0.990



UNIVARIATE SAMPLE STATISTICS


     UNIVARIATE HIGHER-ORDER MOMENT DESCRIPTIVE STATISTICS

         Variable/         Mean/     Skewness/   Minimum/ % with                Percentiles
        Sample Size      Variance    Kurtosis    Maximum  Min/Max      20%/60%    40%/80%    Median

     SCPT                  0.306       0.551       0.075    1.01%       0.192      0.266      0.298
              99.000       0.013      -0.204       0.588    1.01%       0.318      0.399
     SCPR                  0.285       0.567       0.091    1.01%       0.165      0.241      0.275
              99.000       0.015      -0.221       0.661    1.01%       0.297      0.393
     CCPT                 -0.009      -0.259      -0.817    1.01%      -0.264     -0.076      0.029
              99.000       0.101       0.128       0.804    1.01%       0.085      0.243
     CCPR                 -0.003      -0.178      -1.165    1.01%      -0.273     -0.086     -0.021
              99.000       0.144       0.411       0.794    1.01%       0.056      0.288
     PRNAPT               16.030       1.450      10.000   13.13%      11.000     13.000     14.000
              99.000      31.928       2.460      39.000    1.01%      16.000     20.000
     PRNAPR               13.621       1.725      10.000   24.24%      10.000     11.000     12.000
              99.000      17.354       3.160      31.000    1.01%      13.000     16.000
     ECRANX_1              3.568       0.234       1.222    2.02%       2.500      3.056      3.389
              99.000       1.376      -0.811       6.000    1.01%       3.833      4.722
     ECRANX_0              2.942       0.444       1.000    2.04%       1.833      2.444      2.750
              98.000       1.490      -0.683       6.000    1.02%       3.000      4.056
     PNAPT                17.803       1.082      10.000   16.33%      11.000     13.000     16.000
              98.000      55.916       1.241      47.000    1.02%      19.000     24.000
     PNAPR                14.380       1.080      10.000   36.36%      10.000     11.000     12.000
              99.000      27.507      -0.070      30.000    1.01%      13.000     20.000
     CMPT                  1.140       0.179      -6.169    1.01%      -1.444      0.366      0.866
              99.000       9.104      -0.160       8.225    1.01%       1.884      3.207
     CMPR                  1.003       0.174      -7.742    1.02%      -1.030      0.250      0.713
              98.000       7.311       0.888       8.285    1.02%       1.397      2.957


THE MODEL ESTIMATION TERMINATED NORMALLY

     USE THE FBITERATIONS OPTION TO INCREASE THE NUMBER OF ITERATIONS BY A FACTOR
     OF AT LEAST TWO TO CHECK CONVERGENCE AND THAT THE PSR VALUE DOES NOT INCREASE.



MODEL FIT INFORMATION

Number of Free Parameters                              49

Bayesian Posterior Predictive Checking using Chi-Square

          95% Confidence Interval for the Difference Between
          the Observed and the Replicated Chi-Square Values

                                -30.448            38.731

          Posterior Predictive P-Value              0.388

Information Criteria

          Deviance (DIC)                         3774.703
          Estimated Number of Parameters (pD)      46.527
          Bayesian (BIC)                         3905.408



MODEL RESULTS

                                Posterior  One-Tailed         95% C.I.
                    Estimate       S.D.      P-Value   Lower 2.5%  Upper 2.5%  Significance

 SCPT       ON
    CMPT               0.002       0.004      0.285      -0.006       0.010
    PRNAPT             0.002       0.002      0.110      -0.001       0.005

 SCPR       ON
    CMPR              -0.004       0.005      0.223      -0.013       0.006
    PRNAPR             0.002       0.002      0.110      -0.001       0.005

 CCPT       ON
    CMPT              -0.022       0.007      0.000      -0.035      -0.009      *
    PRNAPT            -0.011       0.003      0.000      -0.016      -0.005      *

 CCPR       ON
    CMPR               0.002       0.009      0.429      -0.017       0.020
    PRNAPR            -0.011       0.003      0.000      -0.016      -0.005      *

 PRNAPT     ON
    CMPT               0.061       0.193      0.376      -0.317       0.440

 PRNAPR     ON
    CMPR              -0.019       0.160      0.453      -0.331       0.294

 ECRANX_1   ON
    PNAPT              0.068       0.015      0.000       0.039       0.096      *

 ECRANX_0   ON
    PNAPR              0.076       0.023      0.000       0.031       0.121      *

 PNAPT      ON
    PRNAPT             0.799       0.104      0.000       0.595       1.004      *
    SCPT              -3.362       5.021      0.249     -13.188       6.436
    CCPT              -3.997       1.911      0.018      -7.769      -0.275      *

 PNAPR      ON
    PRNAPR             0.716       0.107      0.000       0.507       0.926      *
    SCPR              -4.207       3.566      0.119     -11.200       2.897
    CCPR               0.855       1.208      0.236      -1.531       3.217

 PNAPT    WITH
    PNAPR              6.765       2.954      0.006       1.446      13.053      *

 SCPT     WITH
    CCPT               0.001       0.004      0.365      -0.007       0.010
    SCPR              -0.003       0.002      0.046      -0.007       0.000
    CCPR              -0.003       0.005      0.276      -0.014       0.007

 SCPR     WITH
    CCPT               0.002       0.005      0.327      -0.007       0.011
    CCPR              -0.008       0.006      0.067      -0.020       0.002

 CCPT     WITH
    CCPR              -0.097       0.017      0.000      -0.137      -0.070      *

 ECRANX_1 WITH
    ECRANX_0           0.093       0.142      0.245      -0.177       0.381

 CMPT     WITH
    CMPR              -0.135       0.930      0.442      -1.951       1.723

 Means
    CMPT               1.141       0.316      0.000       0.518       1.756      *
    CMPR               0.999       0.284      0.000       0.438       1.560      *

 Intercepts
    SCPT               0.269       0.030      0.000       0.211       0.329      *
    SCPR               0.261       0.027      0.000       0.208       0.314      *
    CCPT               0.188       0.055      0.000       0.079       0.296      *
    CCPR               0.142       0.055      0.005       0.032       0.250      *
    PRNAPT            15.960       0.625      0.000      14.726      17.168      *
    PRNAPR            13.640       0.461      0.000      12.741      14.549      *
    ECRANX_1           2.372       0.280      0.000       1.822       2.927      *
    ECRANX_0           1.851       0.351      0.000       1.152       2.544      *
    PNAPT              5.909       2.303      0.006       1.376      10.438      *
    PNAPR              5.818       1.733      0.001       2.372       9.178      *

 Variances
    CMPT               9.666       1.460      0.000       7.375      13.103      *
    CMPR               7.750       1.169      0.000       5.910      10.507      *

 Residual Variances
    SCPT               0.015       0.002      0.000       0.011       0.020      *
    SCPR               0.017       0.003      0.000       0.013       0.023      *
    CCPT               0.101       0.016      0.000       0.076       0.138      *
    CCPR               0.155       0.024      0.000       0.118       0.212      *
    PRNAPT            33.424       5.002      0.000      25.459      45.066      *
    PRNAPR            18.173       2.723      0.000      13.916      24.506      *
    ECRANX_1           1.194       0.181      0.000       0.908       1.618      *
    ECRANX_0           1.423       0.216      0.000       1.082       1.921      *
    PNAPT             33.843       5.226      0.000      25.577      46.001      *
    PNAPR             19.950       3.068      0.000      15.077      27.148      *

New/Additional Parameters
    B1C                0.041       0.024      0.018       0.003       0.096      *
    B1D               -0.009       0.014      0.236      -0.038       0.017
    HB1C               0.003       0.002      0.018       0.000       0.007      *
    WHB1C              0.000       0.000      0.018       0.000       0.000      *
    WHC                0.005       0.004      0.018       0.000       0.015      *


     Beginning Time:  21:25:51
        Ending Time:  21:25:57
       Elapsed Time:  00:00:06



MUTHEN & MUTHEN
3463 Stoner Ave.
Los Angeles, CA  90066

Tel: (310) 391-9971
Fax: (310) 391-8971
Web: www.StatModel.com
Support: Support@StatModel.com

Copyright (c) 1998-2017 Muthen & Muthen
