Mplus VERSION 8 (Mac)
MUTHEN & MUTHEN
02/25/2019   9:26 PM

INPUT INSTRUCTIONS

  TITLE:
  Testing
  DATA:
  FILE = "m3df7_model.dat";

  VARIABLE:
  NAMES = scpt ccpt scpr ccpr prafpt prafpr ECRanx_0 ECRanx_1 pafpt pafpr cmpt cmpr;
   MISSING=.;

  ANALYSIS:
  ESTIMATOR=BAYES; PROCESSORS = 2;BITERATIONS = (30000);
  MODEL:
  scpt ON cmpt;
  ccpt ON cmpt* (z);
  scpr ON cmpr;
  ccpr ON cmpr;
  prafpt ON cmpt;
  prafpr ON cmpr;
  ECRanx_0 ON pafpt* (h);
  ECRanx_1 ON pafpr* (h);
  ECRanx_1 ON pafpt* (k);
  ECRanx_0 ON pafpr* (k);
  pafpt WITH pafpr;
  pafpt ON prafpt;
  pafpt ON scpt* (a1);
  pafpt ON ccpt* (a3);
  pafpt ON scpr* (a5);
  pafpt ON ccpr* (a7);
  pafpr ON prafpr;
  pafpr ON scpr* (a2);
  pafpr ON ccpr* (a4);
  pafpr ON scpt* (a5);
  pafpr ON ccpt* (a7);
  scpr ON prafpt* (b5);
  scpt ON prafpr* (b5);
  ccpt ON prafpr* (b7);
  ccpr ON prafpt* (b7);
  scpt WITH ccpt;
  scpt WITH scpr;
  scpt WITH ccpr;
  ccpt WITH scpr;
  ccpt WITH ccpr;
  scpr WITH ccpr;
  scpt WITH scpt;
  ccpt WITH ccpt;
  scpr WITH scpr;
  ccpr WITH ccpr;
  prafpt WITH prafpt;
  prafpr WITH prafpr;
  ECRanx_0 WITH ECRanx_0;
  ECRanx_1 WITH ECRanx_1;
  pafpt WITH pafpt;
  pafpr WITH pafpr;
  ECRanx_0 WITH ECRanx_1;
  cmpt WITH cmpt;
  cmpt WITH cmpr;
  cmpr WITH cmpr;
  [scpt];
  [ccpt];
  [scpr];
  [ccpr];
  [prafpt];
  [prafpr];
  [ECRanx_0];
  [ECRanx_1];
  [pafpt];
  [pafpr];
  [cmpt];
  [cmpr];

  MODEL CONSTRAINT:
  NEW ( ha3 ka3 a3b7 a7b7 a4b7 zka3 );
  ha3 = h*a3;
  ka3 = k*a3;
  a3b7 = a3*b7;
  a7b7 = a7*b7;
  a4b7 = a4*b7;
  zka3 = z*k*a3;




INPUT READING TERMINATED NORMALLY




Testing

SUMMARY OF ANALYSIS

Number of groups                                                 1
Number of observations                                          88

Number of dependent variables                                   10
Number of independent variables                                  2
Number of continuous latent variables                            0

Observed dependent variables

  Continuous
   SCPT        CCPT        SCPR        CCPR        PRAFPT      PRAFPR
   ECRANX_0    ECRANX_1    PAFPT       PAFPR

Observed independent variables
   CMPT        CMPR


Estimator                                                    BAYES
Specifications for Bayesian Estimation
  Point estimate                                            MEDIAN
  Number of Markov chain Monte Carlo (MCMC) chains               2
  Random seed for the first chain                                0
  Starting value information                           UNPERTURBED
  Treatment of categorical mediator                         LATENT
  Algorithm used for Markov chain Monte Carlo           GIBBS(PX1)
  Convergence criterion                                  0.500D-01
  Maximum number of iterations                               50000
  K-th iteration used for thinning                               1

Input data file(s)
  m3df7_model.dat
Input data format  FREE


SUMMARY OF DATA



COVARIANCE COVERAGE OF DATA

Minimum covariance coverage value   0.100

     Number of missing data patterns             5


     PROPORTION OF DATA PRESENT


           Covariance Coverage
              SCPT          CCPT          SCPR          CCPR          PRAFPT
              ________      ________      ________      ________      ________
 SCPT           1.000
 CCPT           1.000         1.000
 SCPR           1.000         1.000         1.000
 CCPR           1.000         1.000         1.000         1.000
 PRAFPT         1.000         1.000         1.000         1.000         1.000
 PRAFPR         1.000         1.000         1.000         1.000         1.000
 ECRANX_0       0.966         0.966         0.966         0.966         0.966
 ECRANX_1       0.966         0.966         0.966         0.966         0.966
 PAFPT          1.000         1.000         1.000         1.000         1.000
 PAFPR          1.000         1.000         1.000         1.000         1.000
 CMPT           0.943         0.943         0.943         0.943         0.943
 CMPR           0.943         0.943         0.943         0.943         0.943


           Covariance Coverage
              PRAFPR        ECRANX_0      ECRANX_1      PAFPT         PAFPR
              ________      ________      ________      ________      ________
 PRAFPR         1.000
 ECRANX_0       0.966         0.966
 ECRANX_1       0.966         0.932         0.966
 PAFPT          1.000         0.966         0.966         1.000
 PAFPR          1.000         0.966         0.966         1.000         1.000
 CMPT           0.943         0.920         0.909         0.943         0.943
 CMPR           0.943         0.920         0.909         0.943         0.943


           Covariance Coverage
              CMPT          CMPR
              ________      ________
 CMPT           0.943
 CMPR           0.943         0.943



UNIVARIATE SAMPLE STATISTICS


     UNIVARIATE HIGHER-ORDER MOMENT DESCRIPTIVE STATISTICS

         Variable/         Mean/     Skewness/   Minimum/ % with                Percentiles
        Sample Size      Variance    Kurtosis    Maximum  Min/Max      20%/60%    40%/80%    Median

     SCPT                  2.990       0.447       0.745    1.14%       1.885      2.601      2.981
              88.000       1.199      -0.295       5.881    1.14%       3.182      3.907
     CCPT                 -0.256      -0.381      -8.168    1.14%      -2.648     -0.915     -0.036
              88.000       9.259       0.006       6.938    1.14%       0.849      2.394
     SCPR                  2.885       0.533       0.909    1.14%       1.609      2.412      2.752
              88.000       1.642      -0.362       6.612    1.14%       2.990      3.999
     CCPR                  0.015      -0.272     -11.649    1.14%      -2.691     -0.861     -0.206
              88.000      14.758       0.413       7.937    1.14%       0.644      3.054
     PRAFPT                3.033      -0.377      -2.061    1.14%       1.147      2.561      3.024
              88.000       3.877      -0.747       6.358    1.14%       3.944      4.931
     PRAFPR                3.059      -0.706      -2.414    1.14%       1.603      2.884      3.268
              88.000       3.538       0.286       6.181    1.14%       3.518      4.694
     ECRANX_0              2.945       0.385       1.000    2.35%       1.889      2.500      2.778
              85.000       1.355      -0.684       6.000    1.18%       3.000      4.056
     ECRANX_1              3.575       0.157       1.222    2.35%       2.444      3.056      3.444
              85.000       1.408      -0.832       6.000    1.18%       3.889      4.722
     PAFPT                 2.196      -0.428      -3.134    1.14%       0.177      1.635      2.222
              88.000       5.348      -0.609       6.108    2.27%       3.268      4.444
     PAFPR                 2.801      -0.606      -2.914    1.14%       0.957      2.311      3.186
              88.000       4.389      -0.243       6.358    1.14%       3.694      4.621
     CMPT                  1.391       0.062      -6.169    1.20%      -1.237      0.427      1.457
              83.000       9.653      -0.207       8.225    1.20%       2.268      3.371
     CMPR                  1.095       0.422      -4.944    1.20%      -1.134      0.250      1.060
              83.000       6.654       0.224       8.285    1.20%       1.427      2.957


THE MODEL ESTIMATION TERMINATED NORMALLY

     USE THE FBITERATIONS OPTION TO INCREASE THE NUMBER OF ITERATIONS BY A FACTOR
     OF AT LEAST TWO TO CHECK CONVERGENCE AND THAT THE PSR VALUE DOES NOT INCREASE.



MODEL FIT INFORMATION

Number of Free Parameters                              51

Bayesian Posterior Predictive Checking using Chi-Square

          95% Confidence Interval for the Difference Between
          the Observed and the Replicated Chi-Square Values

                                -26.146            43.967

          Posterior Predictive P-Value              0.291

Information Criteria

          Deviance (DIC)                         4195.143
          Estimated Number of Parameters (pD)      48.452
          Bayesian (BIC)                         4324.866



MODEL RESULTS

                                Posterior  One-Tailed         95% C.I.
                    Estimate       S.D.      P-Value   Lower 2.5%  Upper 2.5%  Significance

 SCPT       ON
    CMPT               0.023       0.041      0.288      -0.059       0.104
    PRAFPR             0.034       0.047      0.233      -0.060       0.127

 CCPT       ON
    CMPT              -0.220       0.071      0.002      -0.357      -0.077      *
    PRAFPR             0.149       0.079      0.029      -0.006       0.304

 SCPR       ON
    CMPR              -0.016       0.057      0.390      -0.127       0.098
    PRAFPT             0.034       0.047      0.233      -0.060       0.127

 CCPR       ON
    CMPR               0.027       0.111      0.405      -0.193       0.246
    PRAFPT             0.149       0.079      0.029      -0.006       0.304

 PRAFPT     ON
    CMPT              -0.008       0.072      0.452      -0.151       0.132

 PRAFPR     ON
    CMPR              -0.055       0.083      0.251      -0.216       0.109

 ECRANX_0   ON
    PAFPT             -0.065       0.049      0.089      -0.162       0.030
    PAFPR             -0.159       0.048      0.001      -0.255      -0.064      *

 ECRANX_1   ON
    PAFPR             -0.065       0.049      0.089      -0.162       0.030
    PAFPT             -0.159       0.048      0.001      -0.255      -0.064      *

 PAFPT      ON
    PRAFPT             0.675       0.086      0.000       0.507       0.845      *
    SCPT               0.301       0.171      0.040      -0.037       0.631
    CCPT               0.204       0.095      0.015       0.021       0.392      *
    SCPR               0.255       0.119      0.016       0.023       0.488      *
    CCPR               0.072       0.069      0.146      -0.063       0.208

 PAFPR      ON
    PRAFPR             0.648       0.082      0.000       0.487       0.808      *
    SCPR               0.103       0.139      0.226      -0.168       0.378
    CCPR               0.032       0.070      0.320      -0.106       0.169
    SCPT               0.255       0.119      0.016       0.023       0.488      *
    CCPT               0.072       0.069      0.146      -0.063       0.208

 PAFPT    WITH
    PAFPR              1.629       0.395      0.000       0.991       2.541      *

 SCPT     WITH
    CCPT               0.342       0.435      0.204      -0.485       1.245
    SCPR              -0.218       0.193      0.115      -0.625       0.142
    CCPR              -0.586       0.561      0.131      -1.765       0.456

 CCPT     WITH
    SCPR               0.075       0.508      0.437      -0.923       1.082
    CCPR              -9.761       1.916      0.000     -14.350      -6.826      *

 SCPR     WITH
    CCPR              -0.963       0.659      0.058      -2.350       0.260

 ECRANX_0 WITH
    ECRANX_1          -0.002       0.157      0.494      -0.310       0.310

 CMPT     WITH
    CMPR              -0.174       1.007      0.429      -2.200       1.810

 Means
    CMPT               1.387       0.355      0.000       0.684       2.085      *
    CMPR               1.092       0.296      0.000       0.508       1.675      *

 Intercepts
    SCPT               2.856       0.196      0.000       2.472       3.241      *
    CCPT              -0.405       0.425      0.170      -1.242       0.420
    SCPR               2.799       0.214      0.000       2.374       3.217      *
    CCPR              -0.463       0.512      0.179      -1.475       0.539
    PRAFPT             3.050       0.240      0.000       2.570       3.512      *
    PRAFPR             3.119       0.226      0.000       2.675       3.567      *
    ECRANX_0           3.536       0.173      0.000       3.201       3.879      *
    ECRANX_1           4.112       0.165      0.000       3.787       4.435      *
    PAFPT             -1.435       0.817      0.039      -3.020       0.187
    PAFPR             -0.224       0.707      0.380      -1.614       1.165

 Variances
    CMPT              10.338       1.743      0.000       7.681      14.454      *
    CMPR               7.146       1.196      0.000       5.309       9.967      *

 Residual Variances
    SCPT               1.361       0.226      0.000       1.010       1.891      *
    CCPT               9.960       1.684      0.000       7.381      13.970      *
    SCPR               1.874       0.315      0.000       1.389       2.622      *
    CCPR              16.468       2.774      0.000      12.229      23.055      *
    PRAFPT             4.093       0.658      0.000       3.064       5.643      *
    PRAFPR             3.713       0.596      0.000       2.785       5.121      *
    ECRANX_0           1.382       0.230      0.000       1.023       1.928      *
    ECRANX_1           1.195       0.198      0.000       0.886       1.658      *
    PAFPT              3.230       0.536      0.000       2.401       4.493      *
    PAFPR              2.698       0.444      0.000       2.012       3.744      *

New/Additional Parameters
    HA3               -0.011       0.013      0.101      -0.043       0.006
    KA3               -0.030       0.019      0.016      -0.074      -0.003      *
    A3B7               0.027       0.023      0.043      -0.003       0.084
    A7B7               0.008       0.013      0.166      -0.010       0.041
    A4B7               0.003       0.012      0.331      -0.018       0.032
    ZKA3               0.006       0.005      0.017       0.000       0.019      *


     Beginning Time:  21:26:35
        Ending Time:  21:26:42
       Elapsed Time:  00:00:07



MUTHEN & MUTHEN
3463 Stoner Ave.
Los Angeles, CA  90066

Tel: (310) 391-9971
Fax: (310) 391-8971
Web: www.StatModel.com
Support: Support@StatModel.com

Copyright (c) 1998-2017 Muthen & Muthen
