Mplus VERSION 8 (Mac)
MUTHEN & MUTHEN
02/25/2019   9:26 PM

INPUT INSTRUCTIONS

  TITLE:
  Testing
  DATA:
  FILE = "m4df2_model.dat";

  VARIABLE:
  NAMES = ECRavo_1 ECRavo_0 pafpt scpt ccpt scpr ccpr prafpt prafpr pafpr cmpt cmpr;
   MISSING=.;

  ANALYSIS:
  ESTIMATOR=BAYES; PROCESSORS = 2;BITERATIONS = (30000);
  MODEL:
  ECRavo_1 ON pafpt* (h);
  ECRavo_0 ON pafpr* (k);
  pafpt WITH pafpr;
  scpt ON cmpt;
  ccpt ON cmpt* (z);
  scpr ON cmpr;
  ccpr ON cmpr;
  prafpt ON cmpt;
  prafpr ON cmpr;
  prafpt WITH prafpr;
  pafpt ON prafpt;
  pafpt ON scpt* (a1);
  pafpt ON ccpt* (a3);
  pafpt ON scpr* (a5);
  pafpt ON ccpr* (a7);
  pafpr ON prafpr;
  pafpr ON scpr* (a2);
  pafpr ON ccpr* (a4);
  pafpr ON scpt* (a5);
  pafpr ON ccpt* (a7);
  scpr ON prafpt* (b5);
  scpt ON prafpr* (b5);
  ccpt ON prafpr* (b7);
  ccpr ON prafpt* (b7);
  scpt WITH ccpt;
  scpt WITH scpr;
  scpt WITH ccpr;
  ccpt WITH scpr;
  ccpt WITH ccpr;
  scpr WITH ccpr;
  ECRavo_0 ON cmpr;
  ECRavo_1 WITH ECRavo_1;
  ECRavo_0 WITH ECRavo_0;
  scpt WITH scpt;
  ccpt WITH ccpt;
  scpr WITH scpr;
  ccpr WITH ccpr;
  prafpt WITH prafpt;
  prafpr WITH prafpr;
  pafpt WITH pafpt;
  pafpr WITH pafpr;
  ECRavo_1 WITH ECRavo_0;
  cmpt WITH cmpt;
  cmpt WITH cmpr;
  cmpr WITH cmpr;
  [ECRavo_1];
  [ECRavo_0];
  [scpt];
  [ccpt];
  [scpr];
  [ccpr];
  [prafpt];
  [prafpr];
  [pafpt];
  [pafpr];
  [cmpt];
  [cmpr];

  MODEL CONSTRAINT:
  NEW ( ha3 a3b7 a7b7 a4b7 zha3 );
  ha3 = h*a3;
  a3b7 = a3*b7;
  a7b7 = a7*b7;
  a4b7 = a4*b7;
  zha3 = z*h*a3;




INPUT READING TERMINATED NORMALLY




Testing

SUMMARY OF ANALYSIS

Number of groups                                                 1
Number of observations                                          99

Number of dependent variables                                   10
Number of independent variables                                  2
Number of continuous latent variables                            0

Observed dependent variables

  Continuous
   ECRAVO_1    ECRAVO_0    PAFPT       SCPT        CCPT        SCPR
   CCPR        PRAFPT      PRAFPR      PAFPR

Observed independent variables
   CMPT        CMPR


Estimator                                                    BAYES
Specifications for Bayesian Estimation
  Point estimate                                            MEDIAN
  Number of Markov chain Monte Carlo (MCMC) chains               2
  Random seed for the first chain                                0
  Starting value information                           UNPERTURBED
  Treatment of categorical mediator                         LATENT
  Algorithm used for Markov chain Monte Carlo           GIBBS(PX1)
  Convergence criterion                                  0.500D-01
  Maximum number of iterations                               50000
  K-th iteration used for thinning                               1

Input data file(s)
  m4df2_model.dat
Input data format  FREE


SUMMARY OF DATA



COVARIANCE COVERAGE OF DATA

Minimum covariance coverage value   0.100

     Number of missing data patterns             5


     PROPORTION OF DATA PRESENT


           Covariance Coverage
              ECRAVO_1      ECRAVO_0      PAFPT         SCPT          CCPT
              ________      ________      ________      ________      ________
 ECRAVO_1       1.000
 ECRAVO_0       0.990         0.990
 PAFPT          0.970         0.960         0.970
 SCPT           1.000         0.990         0.970         1.000
 CCPT           1.000         0.990         0.970         1.000         1.000
 SCPR           1.000         0.990         0.970         1.000         1.000
 CCPR           1.000         0.990         0.970         1.000         1.000
 PRAFPT         0.990         0.980         0.970         0.990         0.990
 PRAFPR         0.990         0.980         0.970         0.990         0.990
 PAFPR          0.980         0.970         0.970         0.980         0.980
 CMPT           1.000         0.990         0.970         1.000         1.000
 CMPR           0.990         0.990         0.960         0.990         0.990


           Covariance Coverage
              SCPR          CCPR          PRAFPT        PRAFPR        PAFPR
              ________      ________      ________      ________      ________
 SCPR           1.000
 CCPR           1.000         1.000
 PRAFPT         0.990         0.990         0.990
 PRAFPR         0.990         0.990         0.990         0.990
 PAFPR          0.980         0.980         0.980         0.980         0.980
 CMPT           1.000         1.000         0.990         0.990         0.980
 CMPR           0.990         0.990         0.980         0.980         0.970


           Covariance Coverage
              CMPT          CMPR
              ________      ________
 CMPT           1.000
 CMPR           0.990         0.990



UNIVARIATE SAMPLE STATISTICS


     UNIVARIATE HIGHER-ORDER MOMENT DESCRIPTIVE STATISTICS

         Variable/         Mean/     Skewness/   Minimum/ % with                Percentiles
        Sample Size      Variance    Kurtosis    Maximum  Min/Max      20%/60%    40%/80%    Median

     ECRAVO_1              2.738       0.317       1.000    1.01%       1.944      2.333      2.722
              99.000       0.849      -0.476       5.444    1.01%       3.000      3.611
     ECRAVO_0              2.540       0.713       1.000    1.02%       1.556      2.167      2.306
              98.000       0.997       0.008       5.667    1.02%       2.667      3.500
     PAFPT                 2.306      -0.499      -3.134    1.04%       0.177      1.707      2.722
              96.000       5.174      -0.502       6.108    2.08%       3.341      4.444
     SCPT                  3.056       0.551       0.745    1.01%       1.920      2.665      2.984
              99.000       1.298      -0.204       5.881    1.01%       3.182      3.992
     CCPT                 -0.089      -0.259      -8.168    1.01%      -2.641     -0.756      0.288
              99.000      10.130       0.128       8.042    1.01%       0.853      2.428
     SCPR                  2.854       0.567       0.909    1.01%       1.645      2.412      2.749
              99.000       1.537      -0.221       6.612    1.01%       2.968      3.927
     CCPR                 -0.028      -0.178     -11.649    1.01%      -2.725     -0.861     -0.211
              99.000      14.353       0.411       7.937    1.01%       0.559      2.879
     PRAFPT                3.078      -0.410      -2.061    1.02%       1.207      2.634      3.186
              98.000       3.791      -0.719       6.358    1.02%       3.944      4.944
     PRAFPR                3.041      -0.668      -2.414    1.02%       1.500      2.884      3.289
              98.000       3.714       0.004       6.181    1.02%       3.737      4.724
     PAFPR                 2.876      -0.642      -2.914    1.03%       1.103      2.634      3.207
              97.000       4.221      -0.137       6.358    1.03%       3.737      4.651
     CMPT                  1.140       0.179      -6.169    1.01%      -1.444      0.366      0.866
              99.000       9.104      -0.160       8.225    1.01%       1.884      3.207
     CMPR                  1.003       0.174      -7.742    1.02%      -1.030      0.250      0.713
              98.000       7.311       0.888       8.285    1.02%       1.397      2.957


THE MODEL ESTIMATION TERMINATED NORMALLY

     USE THE FBITERATIONS OPTION TO INCREASE THE NUMBER OF ITERATIONS BY A FACTOR
     OF AT LEAST TWO TO CHECK CONVERGENCE AND THAT THE PSR VALUE DOES NOT INCREASE.



MODEL FIT INFORMATION

Number of Free Parameters                              53

Bayesian Posterior Predictive Checking using Chi-Square

          95% Confidence Interval for the Difference Between
          the Observed and the Replicated Chi-Square Values

                                -12.447            59.884

          Posterior Predictive P-Value              0.098

Information Criteria

          Deviance (DIC)                         4665.240
          Estimated Number of Parameters (pD)      50.717
          Bayesian (BIC)                         4805.935



MODEL RESULTS

                                Posterior  One-Tailed         95% C.I.
                    Estimate       S.D.      P-Value   Lower 2.5%  Upper 2.5%  Significance

 ECRAVO_1   ON
    PAFPT             -0.104       0.040      0.005      -0.182      -0.024      *

 ECRAVO_0   ON
    PAFPR             -0.031       0.048      0.259      -0.125       0.064
    CMPR              -0.138       0.036      0.000      -0.208      -0.067      *

 SCPT       ON
    CMPT               0.023       0.040      0.282      -0.056       0.101
    PRAFPR             0.037       0.044      0.204      -0.050       0.124

 CCPT       ON
    CMPT              -0.223       0.070      0.001      -0.361      -0.086      *
    PRAFPR             0.142       0.075      0.029      -0.005       0.290

 SCPR       ON
    CMPR              -0.035       0.049      0.238      -0.133       0.061
    PRAFPT             0.037       0.044      0.204      -0.050       0.124

 CCPR       ON
    CMPR              -0.017       0.097      0.432      -0.208       0.174
    PRAFPT             0.142       0.075      0.029      -0.005       0.290

 PRAFPT     ON
    CMPT              -0.028       0.062      0.318      -0.148       0.092

 PRAFPR     ON
    CMPR              -0.026       0.068      0.351      -0.160       0.110

 PAFPT      ON
    PRAFPT             0.683       0.080      0.000       0.528       0.841      *
    SCPT               0.242       0.153      0.057      -0.059       0.544
    CCPT               0.214       0.090      0.010       0.037       0.390      *
    SCPR               0.240       0.111      0.015       0.026       0.458      *
    CCPR               0.074       0.065      0.129      -0.054       0.201

 PAFPR      ON
    PRAFPR             0.644       0.075      0.000       0.498       0.791      *
    SCPR               0.095       0.132      0.234      -0.164       0.352
    CCPR               0.032       0.066      0.317      -0.100       0.161
    SCPT               0.240       0.111      0.015       0.026       0.458      *
    CCPT               0.074       0.065      0.129      -0.054       0.201

 PAFPT    WITH
    PAFPR              1.563       0.350      0.000       0.988       2.359      *

 PRAFPT   WITH
    PRAFPR             1.608       0.468      0.000       0.816       2.653      *

 SCPT     WITH
    CCPT               0.141       0.433      0.368      -0.709       1.016
    SCPR              -0.238       0.177      0.077      -0.604       0.096
    CCPR              -0.422       0.531      0.199      -1.523       0.589

 CCPT     WITH
    SCPR               0.083       0.466      0.426      -0.840       1.016
    CCPR              -9.784       1.776      0.000     -13.948      -6.981      *

 SCPR     WITH
    CCPR              -0.949       0.574      0.040      -2.145       0.119

 ECRAVO_1 WITH
    ECRAVO_0           0.134       0.100      0.079      -0.053       0.344

 CMPT     WITH
    CMPR              -0.134       0.926      0.439      -1.970       1.688

 Means
    CMPT               1.141       0.312      0.000       0.521       1.760      *
    CMPR               1.003       0.284      0.000       0.449       1.562      *

 Intercepts
    ECRAVO_1           2.979       0.133      0.000       2.717       3.241      *
    ECRAVO_0           2.767       0.175      0.000       2.427       3.111      *
    PAFPT             -1.159       0.754      0.060      -2.655       0.307
    SCPT               2.917       0.186      0.000       2.555       3.285      *
    CCPT              -0.268       0.410      0.259      -1.073       0.525
    SCPR               2.775       0.196      0.000       2.392       3.159      *
    CCPR              -0.452       0.472      0.170      -1.378       0.479
    PRAFPT             3.113       0.217      0.000       2.697       3.542      *
    PRAFPR             3.069       0.214      0.000       2.654       3.488      *
    PAFPR             -0.098       0.660      0.439      -1.398       1.201

 Variances
    CMPT               9.633       1.454      0.000       7.337      12.998      *
    CMPR               7.757       1.197      0.000       5.887      10.567      *

 Residual Variances
    ECRAVO_1           0.846       0.129      0.000       0.640       1.146      *
    ECRAVO_0           0.939       0.145      0.000       0.711       1.278      *
    PAFPT              3.097       0.483      0.000       2.329       4.212      *
    SCPT               1.451       0.226      0.000       1.093       1.974      *
    CCPT              10.621       1.656      0.000       8.000      14.507      *
    SCPR               1.731       0.269      0.000       1.307       2.357      *
    CCPR              15.756       2.442      0.000      11.925      21.425      *
    PRAFPT             4.063       0.621      0.000       3.075       5.496      *
    PRAFPR             3.978       0.609      0.000       3.024       5.397      *
    PAFPR              2.530       0.394      0.000       1.907       3.450      *

New/Additional Parameters
    HA3               -0.021       0.013      0.015      -0.052      -0.002      *
    A3B7               0.027       0.022      0.038      -0.002       0.080
    A7B7               0.009       0.012      0.150      -0.008       0.039
    A4B7               0.003       0.011      0.326      -0.016       0.029
    ZHA3               0.004       0.003      0.016       0.000       0.013      *


     Beginning Time:  21:26:49
        Ending Time:  21:26:55
       Elapsed Time:  00:00:06



MUTHEN & MUTHEN
3463 Stoner Ave.
Los Angeles, CA  90066

Tel: (310) 391-9971
Fax: (310) 391-8971
Web: www.StatModel.com
Support: Support@StatModel.com

Copyright (c) 1998-2017 Muthen & Muthen
