Mplus VERSION 8 (Mac)
MUTHEN & MUTHEN
01/16/2019  11:55 PM

INPUT INSTRUCTIONS

  TITLE:
  Testing
  DATA:
  FILE = "../df67.dat";

  VARIABLE:
  VARIABLE:
  NAMES = PTNUM scpt ccpt scpr ccpr ECRanx_1 ECRanx_0 prnapt prnapr pnapt pnapr
  elpt elpr cmpt cmpr prafpt prafpr pafpt pafpr ECRavo_0 ECRavo_1 whichdf_num id;
   MISSING=.;
  USEVARIABLES = ECRavo_0 ECRavo_1 ccpt ccpr prnapt
  prnapr pnapt pnapr elpt elpr id;
  IDVARIABLE IS id;
  ANALYSIS:
  ESTIMATOR=BAYES; PROCESSORS = 2;BITERATIONS = (30000);
  !ESTIMATOR = MLR;
  MODEL:
  ECRavo_1 ON pnapr* (jj);
  ECRavo_0 ON pnapt* (jj);
  ECRavo_1 ON pnapt* (w);
  ECRavo_0 ON pnapr;
  prnapt ON elpt* (z);
  prnapr ON elpr;
  ccpr ON elpr;
  ccpt ON elpt@0;
  prnapt WITH prnapr;
  pnapt WITH pnapr;
  pnapt ON prnapt;
  pnapt ON ccpt* (c);
  pnapr ON prnapr;
  pnapr ON ccpr@0;
  ccpt ON prnapt* (b1);
  ccpr ON prnapr* (b1);
  ccpt WITH ccpr;
  prnapt WITH prnapt;
  prnapr WITH prnapr;
  pnapt WITH pnapt;
  pnapr WITH pnapr;
  elpt WITH elpt;
  elpr WITH elpr;
  [ccpt];
  [ccpr@0];
  [prnapt];
  [prnapr];
  [pnapt];
  [pnapr];
  [elpt];
  [elpr];
  [ECRavo_0];
  [ECRavo_1];
  ECRavo_0 WITH ECRavo_1@0;
  ECRavo_0 WITH ECRavo_0;
  ECRavo_1 WITH ECRavo_1;
  ECRavo_0 ON ELPR;
  !PNAPR ON ELPR;
  ECRavo_1 ON ELPT;
  !PRNAPR   WITH PRNAPT;
  !ECRavo_0 ON PRNAPT;
  !MODEL CONSTRAINT:
  !NEW ( b1c wb1c zb1c zb1cw);!b1d hb1c whb1c uhc );
  !b1c = b1*c;
  !zb1c = z*b1*c;
  !zb1cw = z*b1*c*w;
  !wb1c = w*b1*c;


  OUTPUT:
  STANDARDIZED; ! MODINDICES(ALL 5);

  !savedata: file=na_inf.txt; save is
  !cooks;



INPUT READING TERMINATED NORMALLY




Testing

SUMMARY OF ANALYSIS

Number of groups                                                 1
Number of observations                                          99

Number of dependent variables                                    8
Number of independent variables                                  2
Number of continuous latent variables                            0

Observed dependent variables

  Continuous
   ECRAVO_0    ECRAVO_1    CCPT        CCPR        PRNAPT      PRNAPR
   PNAPT       PNAPR

Observed independent variables
   ELPT        ELPR

Variables with special functions

  ID variable           ID

Estimator                                                    BAYES
Specifications for Bayesian Estimation
  Point estimate                                            MEDIAN
  Number of Markov chain Monte Carlo (MCMC) chains               2
  Random seed for the first chain                                0
  Starting value information                           UNPERTURBED
  Treatment of categorical mediator                         LATENT
  Algorithm used for Markov chain Monte Carlo           GIBBS(PX1)
  Convergence criterion                                  0.500D-01
  Maximum number of iterations                               50000
  K-th iteration used for thinning                               1

Input data file(s)
  ../df67.dat
Input data format  FREE


SUMMARY OF DATA



COVARIANCE COVERAGE OF DATA

Minimum covariance coverage value   0.100

     Number of missing data patterns             3


     PROPORTION OF DATA PRESENT


           Covariance Coverage
              ECRAVO_0      ECRAVO_1      CCPT          CCPR          PRNAPT
              ________      ________      ________      ________      ________
 ECRAVO_0       0.990
 ECRAVO_1       0.990         1.000
 CCPT           0.990         1.000         1.000
 CCPR           0.990         1.000         1.000         1.000
 PRNAPT         0.990         1.000         1.000         1.000         1.000
 PRNAPR         0.990         1.000         1.000         1.000         1.000
 PNAPT          0.980         0.990         0.990         0.990         0.990
 PNAPR          0.990         1.000         1.000         1.000         1.000
 ELPT           0.990         1.000         1.000         1.000         1.000
 ELPR           0.990         0.990         0.990         0.990         0.990


           Covariance Coverage
              PRNAPR        PNAPT         PNAPR         ELPT          ELPR
              ________      ________      ________      ________      ________
 PRNAPR         1.000
 PNAPT          0.990         0.990
 PNAPR          1.000         0.990         1.000
 ELPT           1.000         0.990         1.000         1.000
 ELPR           0.990         0.980         0.990         0.990         0.990



UNIVARIATE SAMPLE STATISTICS


     UNIVARIATE HIGHER-ORDER MOMENT DESCRIPTIVE STATISTICS

         Variable/         Mean/     Skewness/   Minimum/ % with                Percentiles
        Sample Size      Variance    Kurtosis    Maximum  Min/Max      20%/60%    40%/80%    Median

     ECRAVO_0              2.540       0.713       1.000    1.02%       1.556      2.167      2.306
              98.000       0.997       0.008       5.667    1.02%       2.667      3.500
     ECRAVO_1              2.738       0.317       1.000    1.01%       1.944      2.333      2.722
              99.000       0.849      -0.476       5.444    1.01%       3.000      3.611
     CCPT                 -0.890      -0.259     -81.685    1.01%     -26.415     -7.559      2.881
              99.000    1013.048       0.128      80.417    1.01%       8.529     24.280
     CCPR                 -0.283      -0.178    -116.491    1.01%     -27.251     -8.605     -2.107
              99.000    1435.257       0.411      79.366    1.01%       5.588     28.790
     PRNAPT               16.030       1.450      10.000   13.13%      11.000     13.000     14.000
              99.000      31.928       2.460      39.000    1.01%      16.000     20.000
     PRNAPR               13.621       1.725      10.000   24.24%      10.000     11.000     12.000
              99.000      17.354       3.160      31.000    1.01%      13.000     16.000
     PNAPT                17.803       1.082      10.000   16.33%      11.000     13.000     16.000
              98.000      55.916       1.241      47.000    1.02%      19.000     24.000
     PNAPR                14.380       1.080      10.000   36.36%      10.000     11.000     12.000
              99.000      27.507      -0.070      30.000    1.01%      13.000     20.000
     ELPT                  9.658       0.082       1.375    1.01%       5.750      8.375      9.500
              99.000      15.289      -0.698      18.000    1.01%      10.625     12.875
     ELPR                  6.835       0.329       0.750    3.06%       3.250      5.250      6.812
              98.000      15.020      -0.679      15.625    1.02%       7.750     10.375


THE MODEL ESTIMATION TERMINATED NORMALLY

     USE THE FBITERATIONS OPTION TO INCREASE THE NUMBER OF ITERATIONS BY A FACTOR
     OF AT LEAST TWO TO CHECK CONVERGENCE AND THAT THE PSR VALUE DOES NOT INCREASE.



MODEL FIT INFORMATION

Number of Free Parameters                              35

Bayesian Posterior Predictive Checking using Chi-Square

          95% Confidence Interval for the Difference Between
          the Observed and the Replicated Chi-Square Values

                                -23.374            33.097

          Posterior Predictive P-Value              0.358

Information Criteria

          Deviance (DIC)                         5885.410
          Estimated Number of Parameters (pD)      33.725
          Bayesian (BIC)                         5977.806



MODEL RESULTS

                                Posterior  One-Tailed         95% C.I.
                    Estimate       S.D.      P-Value   Lower 2.5%  Upper 2.5%  Significance

 ECRAVO_1   ON
    PNAPR              0.006       0.012      0.308      -0.017       0.029
    PNAPT              0.007       0.014      0.290      -0.019       0.034
    ELPT               0.045       0.026      0.040      -0.006       0.095

 ECRAVO_0   ON
    PNAPT              0.006       0.012      0.308      -0.017       0.029
    PNAPR              0.000       0.021      0.494      -0.042       0.042
    ELPR               0.078       0.028      0.003       0.023       0.133      *

 PRNAPT     ON
    ELPT               0.443       0.136      0.000       0.179       0.711      *

 PRNAPR     ON
    ELPR               0.300       0.103      0.002       0.096       0.503      *

 CCPR       ON
    ELPR               1.947       0.521      0.000       0.923       2.964      *
    PRNAPR            -1.143       0.244      0.000      -1.617      -0.663      *

 CCPT       ON
    ELPT               0.000       0.000      1.000       0.000       0.000
    PRNAPT            -1.143       0.244      0.000      -1.617      -0.663      *

 PNAPT      ON
    PRNAPT             0.805       0.102      0.000       0.604       1.007      *
    CCPT              -0.036       0.019      0.024      -0.073       0.000      *

 PNAPR      ON
    PRNAPR             0.685       0.105      0.000       0.478       0.889      *
    CCPR               0.000       0.000      1.000       0.000       0.000

 PRNAPT   WITH
    PRNAPR             7.166       2.558      0.001       2.701      12.793      *

 PNAPT    WITH
    PNAPR              7.063       2.920      0.003       1.864      13.341      *

 CCPT     WITH
    CCPR            -987.462     170.036      0.000   -1380.415    -714.371      *

 ELPR     WITH
    ELPT               4.289       1.769      0.004       1.148       8.141      *

 ECRAVO_0 WITH
    ECRAVO_1           0.000       0.000      1.000       0.000       0.000

 Means
    ELPT               9.659       0.409      0.000       8.865      10.475      *
    ELPR               6.832       0.406      0.000       6.036       7.635      *

 Intercepts
    ECRAVO_0           1.905       0.323      0.000       1.267       2.546      *
    ECRAVO_1           2.088       0.313      0.000       1.468       2.701      *
    CCPT              18.764       5.478      0.000       8.092      29.507      *
    CCPR               0.000       0.000      1.000       0.000       0.000
    PRNAPT            11.750       1.424      0.000       8.913      14.516      *
    PRNAPR            11.575       0.823      0.000       9.954      13.204      *
    PNAPT              4.780       1.737      0.003       1.361       8.206      *
    PNAPR              5.048       1.493      0.000       2.135       8.014      *

 Variances
    ELPT              16.222       2.444      0.000      12.350      21.897      *
    ELPR              15.929       2.430      0.000      12.115      21.586      *

 Residual Variances
    ECRAVO_0           0.954       0.147      0.000       0.723       1.295      *
    ECRAVO_1           0.865       0.133      0.000       0.655       1.174      *
    CCPT            1043.093     157.568      0.000     791.254    1406.106      *
    CCPR            1500.314     226.910      0.000    1136.775    2023.173      *
    PRNAPT            30.476       4.579      0.000      23.196      41.069      *
    PRNAPR            17.233       2.608      0.000      13.051      23.316      *
    PNAPT             33.675       5.222      0.000      25.362      45.950      *
    PNAPR             20.055       3.047      0.000      15.225      27.096      *


STANDARDIZED MODEL RESULTS


STDYX Standardization

                                Posterior  One-Tailed         95% C.I.
                    Estimate       S.D.      P-Value   Lower 2.5%  Upper 2.5%  Significance
 ECRAVO_1   ON
    PNAPR              0.033       0.065      0.308      -0.098       0.158
    PNAPT              0.059       0.108      0.290      -0.153       0.269
    ELPT               0.189       0.104      0.040      -0.023       0.385

 ECRAVO_0   ON
    PNAPT              0.044       0.087      0.308      -0.125       0.215
    PNAPR             -0.002       0.110      0.494      -0.213       0.216
    ELPR               0.300       0.101      0.003       0.088       0.486      *

 PRNAPT     ON
    ELPT               0.307       0.089      0.000       0.124       0.475      *

 PRNAPR     ON
    ELPR               0.277       0.090      0.002       0.090       0.443      *

 CCPR       ON
    ELPR               0.196       0.054      0.000       0.092       0.302      *
    PRNAPR            -0.125       0.029      0.000      -0.184      -0.071      *

 CCPT       ON
    ELPT               0.000       0.000      1.000       0.000       0.000
    PRNAPT            -0.202       0.045      0.000      -0.294      -0.115      *

 PNAPT      ON
    PRNAPT             0.607       0.063      0.000       0.471       0.718      *
    CCPT              -0.155       0.078      0.024      -0.306      -0.001      *

 PNAPR      ON
    PRNAPR             0.553       0.072      0.000       0.397       0.678      *
    CCPR               0.000       0.000      1.000       0.000       0.000

 PRNAPT   WITH
    PRNAPR             0.316       0.093      0.001       0.123       0.487      *

 PNAPT    WITH
    PNAPR              0.274       0.097      0.003       0.074       0.452      *

 CCPT     WITH
    CCPR              -0.791       0.040      0.000      -0.856      -0.701      *

 ELPR     WITH
    ELPT               0.270       0.095      0.004       0.074       0.447      *

 ECRAVO_0 WITH
    ECRAVO_1           0.000       0.000      1.000       0.000       0.000

 Means
    ELPT               2.399       0.202      0.000       2.008       2.800      *
    ELPR               1.712       0.161      0.000       1.399       2.028      *

 Intercepts
    ECRAVO_0           1.835       0.351      0.000       1.142       2.522      *
    ECRAVO_1           2.169       0.397      0.000       1.402       2.965      *
    CCPT               0.568       0.164      0.000       0.244       0.884      *
    CCPR               0.000       0.000      1.000       0.000       0.000
    PRNAPT             2.021       0.321      0.000       1.401       2.656      *
    PRNAPR             2.673       0.311      0.000       2.073       3.295      *
    PNAPT              0.617       0.251      0.003       0.159       1.150      *
    PNAPR              0.937       0.319      0.000       0.357       1.604      *

 Variances
    ELPT               1.000       0.000      0.000       1.000       1.000
    ELPR               1.000       0.000      0.000       1.000       1.000

 Residual Variances
    ECRAVO_0           0.889       0.059      0.000       0.747       0.976      *
    ECRAVO_1           0.937       0.043      0.000       0.829       0.991      *
    CCPT               0.959       0.019      0.000       0.913       0.987      *
    CCPR               0.959       0.021      0.000       0.908       0.988      *
    PRNAPT             0.906       0.055      0.000       0.775       0.985      *
    PRNAPR             0.923       0.049      0.000       0.804       0.992      *
    PNAPT              0.563       0.074      0.000       0.424       0.713      *
    PNAPR              0.694       0.077      0.000       0.541       0.842      *


STDY Standardization

                                Posterior  One-Tailed         95% C.I.
                    Estimate       S.D.      P-Value   Lower 2.5%  Upper 2.5%  Significance
 ECRAVO_1   ON
    PNAPR              0.033       0.065      0.308      -0.098       0.158
    PNAPT              0.059       0.108      0.290      -0.153       0.269
    ELPT               0.189       0.104      0.040      -0.023       0.385

 ECRAVO_0   ON
    PNAPT              0.044       0.087      0.308      -0.125       0.215
    PNAPR             -0.002       0.110      0.494      -0.213       0.216
    ELPR               0.300       0.101      0.003       0.088       0.486      *

 PRNAPT     ON
    ELPT               0.307       0.089      0.000       0.124       0.475      *

 PRNAPR     ON
    ELPR               0.277       0.090      0.002       0.090       0.443      *

 CCPR       ON
    ELPR               0.196       0.054      0.000       0.092       0.302      *
    PRNAPR            -0.125       0.029      0.000      -0.184      -0.071      *

 CCPT       ON
    ELPT               0.000       0.000      1.000       0.000       0.000
    PRNAPT            -0.202       0.045      0.000      -0.294      -0.115      *

 PNAPT      ON
    PRNAPT             0.607       0.063      0.000       0.471       0.718      *
    CCPT              -0.155       0.078      0.024      -0.306      -0.001      *

 PNAPR      ON
    PRNAPR             0.553       0.072      0.000       0.397       0.678      *
    CCPR               0.000       0.000      1.000       0.000       0.000

 PRNAPT   WITH
    PRNAPR             0.316       0.093      0.001       0.123       0.487      *

 PNAPT    WITH
    PNAPR              0.274       0.097      0.003       0.074       0.452      *

 CCPT     WITH
    CCPR              -0.791       0.040      0.000      -0.856      -0.701      *

 ELPR     WITH
    ELPT               0.270       0.095      0.004       0.074       0.447      *

 ECRAVO_0 WITH
    ECRAVO_1           0.000       0.000      1.000       0.000       0.000

 Means
    ELPT               2.399       0.202      0.000       2.008       2.800      *
    ELPR               1.712       0.161      0.000       1.399       2.028      *

 Intercepts
    ECRAVO_0           1.835       0.351      0.000       1.142       2.522      *
    ECRAVO_1           2.169       0.397      0.000       1.402       2.965      *
    CCPT               0.568       0.164      0.000       0.244       0.884      *
    CCPR               0.000       0.000      1.000       0.000       0.000
    PRNAPT             2.021       0.321      0.000       1.401       2.656      *
    PRNAPR             2.673       0.311      0.000       2.073       3.295      *
    PNAPT              0.617       0.251      0.003       0.159       1.150      *
    PNAPR              0.937       0.319      0.000       0.357       1.604      *

 Variances
    ELPT               1.000       0.000      0.000       1.000       1.000
    ELPR               1.000       0.000      0.000       1.000       1.000

 Residual Variances
    ECRAVO_0           0.889       0.059      0.000       0.747       0.976      *
    ECRAVO_1           0.937       0.043      0.000       0.829       0.991      *
    CCPT               0.959       0.019      0.000       0.913       0.987      *
    CCPR               0.959       0.021      0.000       0.908       0.988      *
    PRNAPT             0.906       0.055      0.000       0.775       0.985      *
    PRNAPR             0.923       0.049      0.000       0.804       0.992      *
    PNAPT              0.563       0.074      0.000       0.424       0.713      *
    PNAPR              0.694       0.077      0.000       0.541       0.842      *


STD Standardization

                                Posterior  One-Tailed         95% C.I.
                    Estimate       S.D.      P-Value   Lower 2.5%  Upper 2.5%  Significance
 ECRAVO_1   ON
    PNAPR              0.006       0.012      0.308      -0.017       0.029
    PNAPT              0.007       0.014      0.290      -0.019       0.034
    ELPT               0.045       0.026      0.040      -0.006       0.095

 ECRAVO_0   ON
    PNAPT              0.006       0.012      0.308      -0.017       0.029
    PNAPR              0.000       0.021      0.494      -0.042       0.042
    ELPR               0.078       0.028      0.003       0.023       0.133      *

 PRNAPT     ON
    ELPT               0.443       0.136      0.000       0.179       0.711      *

 PRNAPR     ON
    ELPR               0.300       0.103      0.002       0.096       0.503      *

 CCPR       ON
    ELPR               1.947       0.521      0.000       0.923       2.964      *
    PRNAPR            -1.143       0.244      0.000      -1.617      -0.663      *

 CCPT       ON
    ELPT               0.000       0.000      1.000       0.000       0.000
    PRNAPT            -1.143       0.244      0.000      -1.617      -0.663      *

 PNAPT      ON
    PRNAPT             0.805       0.102      0.000       0.604       1.007      *
    CCPT              -0.036       0.019      0.024      -0.073       0.000      *

 PNAPR      ON
    PRNAPR             0.685       0.105      0.000       0.478       0.889      *
    CCPR               0.000       0.000      1.000       0.000       0.000

 PRNAPT   WITH
    PRNAPR             0.316       0.093      0.001       0.123       0.487      *

 PNAPT    WITH
    PNAPR              0.274       0.097      0.003       0.074       0.452      *

 CCPT     WITH
    CCPR              -0.791       0.040      0.000      -0.856      -0.701      *

 ELPR     WITH
    ELPT               0.270       0.095      0.004       0.074       0.447      *

 ECRAVO_0 WITH
    ECRAVO_1           0.000       0.000      1.000       0.000       0.000

 Means
    ELPT               9.659       0.409      0.000       8.865      10.475      *
    ELPR               6.832       0.406      0.000       6.036       7.635      *

 Intercepts
    ECRAVO_0           1.905       0.323      0.000       1.267       2.546      *
    ECRAVO_1           2.088       0.313      0.000       1.468       2.701      *
    CCPT              18.764       5.478      0.000       8.092      29.507      *
    CCPR               0.000       0.000      1.000       0.000       0.000
    PRNAPT            11.750       1.424      0.000       8.913      14.516      *
    PRNAPR            11.575       0.823      0.000       9.954      13.204      *
    PNAPT              4.780       1.737      0.003       1.361       8.206      *
    PNAPR              5.048       1.493      0.000       2.135       8.014      *

 Variances
    ELPT              16.222       2.444      0.000      12.350      21.897      *
    ELPR              15.929       2.430      0.000      12.115      21.586      *

 Residual Variances
    ECRAVO_0           0.954       0.147      0.000       0.723       1.295      *
    ECRAVO_1           0.865       0.133      0.000       0.655       1.174      *
    CCPT            1043.093     157.568      0.000     791.254    1406.106      *
    CCPR            1500.314     226.910      0.000    1136.775    2023.173      *
    PRNAPT            30.476       4.579      0.000      23.196      41.069      *
    PRNAPR            17.233       2.608      0.000      13.051      23.316      *
    PNAPT             33.675       5.222      0.000      25.362      45.950      *
    PNAPR             20.055       3.047      0.000      15.225      27.096      *


R-SQUARE

                                Posterior  One-Tailed         95% C.I.
    Variable        Estimate       S.D.      P-Value   Lower 2.5%  Upper 2.5%

    ECRAVO_0           0.111       0.059      0.000       0.024       0.253
    ECRAVO_1           0.063       0.043      0.000       0.009       0.171
    CCPT               0.041       0.019      0.000       0.013       0.087
    CCPR               0.041       0.021      0.000       0.012       0.092
    PRNAPT             0.094       0.055      0.000       0.015       0.225
    PRNAPR             0.077       0.049      0.000       0.008       0.196
    PNAPT              0.437       0.074      0.000       0.287       0.576
    PNAPR              0.306       0.077      0.000       0.157       0.459


     Beginning Time:  23:55:16
        Ending Time:  23:55:22
       Elapsed Time:  00:00:06



MUTHEN & MUTHEN
3463 Stoner Ave.
Los Angeles, CA  90066

Tel: (310) 391-9971
Fax: (310) 391-8971
Web: www.StatModel.com
Support: Support@StatModel.com

Copyright (c) 1998-2017 Muthen & Muthen
