Mplus VERSION 8 (Mac)
MUTHEN & MUTHEN
01/17/2019  10:09 AM

INPUT INSTRUCTIONS

  TITLE:
  Aff -> Coreg -> Aff -> AVOAND fix non-sig parameters to zero
  DATA:
  FILE = "../df67.dat";

  VARIABLE:
  NAMES = PTNUM scpt ccpt scpr ccpr ECRanx_1 ECRanx_0 prnapt prnapr pnapt pnapr
  elpt elpr cmpt cmpr prafpt prafpr pafpt pafpr ECRavo_0 ECRavo_1 whichdf_num id;
   MISSING=.;
  USEVARIABLES = elpt elpr scpt ccpt scpr ccpr prafpt prafpr pafpt pafpr
  ECRavo_1 ECRavo_0;
  IDVARIABLE IS id;
  ANALYSIS:
  ESTIMATOR=BAYES; PROCESSORS = 2; BITERATIONS = (49000); !ALGORITHM=MH;
  !ESTIMATOR = MLR;
  MODEL:
  ECRAVO_0 ON PAFPT;
  ECRAVO_1 ON ELPT ;
  ECRAVO_1 ON PRAFPR;
  ECRAVO_1 ON PAFPR;
  prafpt ON elpt@0;
  prafpr ON elpr@0;
  ccpt ON elpt* (z);
  scpt ON elpt@0;
  ccpr ON elpr;
  scpr ON elpr@0;
  elpt WITH elpt;
  elpr WITH elpr;
  elpt WITH elpr;
  [elpt];
  [elpr];
  prafpt WITH prafpr;
  PRAFPR   ON ELPT;
  ECRavo_1 ON pafpt* (k);
  ECRavo_0 ON pafpr;
  pafpt WITH pafpr;
  pafpt ON prafpt;
  pafpt ON scpt* (a1);
  pafpt ON ccpt* (a3);
  pafpt ON scpr* (a5);
  pafpt ON ccpr* (a7);
  pafpr ON prafpr;
  pafpr ON scpr@0;
  pafpr ON ccpr@0;
  pafpr ON scpt* (a5);
  pafpr ON ccpt* (a7);
  scpr ON prafpt@0;
  scpt ON prafpr@0;
  ccpt ON prafpr* (b7);
  ccpr ON prafpt* (b7);
  scpt WITH ccpt;
  scpt WITH scpr;
  scpt WITH ccpr;
  ccpt WITH scpr;
  ccpt WITH ccpr;
  scpr WITH ccpr;
  scpt WITH scpt;
  ccpt WITH ccpt;
  scpr WITH scpr;
  ccpr WITH ccpr;
  prafpt WITH prafpt;
  prafpr WITH prafpr;
  pafpt WITH pafpt;
  pafpr WITH pafpr;
  [scpt];
  [ccpt];
  [scpr];
  [ccpr];
  [prafpt];
  [prafpr];
  [pafpt];
  [pafpr@0];
  ECRavo_1 WITH ECRavo_1;
  ECRavo_0 WITH ECRavo_0;
  ECRavo_1 WITH ECRavo_0@0;
  [ECRavo_1];
  [ECRavo_0];
  !BASED ON MOD INDICES
  ECRavo_0 ON prafpr;
  ECRAVO_0 ON elpr;
  MODEL CONSTRAINT:
  NEW ( a3b7 ka3 zka3); ! a7b7 a4b7 zka3 );
  !ha3 = h*a3;
  !xka3 = x*k*a3;
  ka3 = k*a3;
  a3b7 = a3*b7;
  !a7b7 = a7*b7;
  !a4b7 = a4*b7;
  zka3 = z*k*a3;

  OUTPUT:
  STANDARDIZED;  !MODINDICES(ALL 3);
  !savedata: file=infludiagnostics.txt; save is
  !cooks;



INPUT READING TERMINATED NORMALLY




Aff -> Coreg -> Aff -> AVOAND fix non-sig parameters to zero

SUMMARY OF ANALYSIS

Number of groups                                                 1
Number of observations                                          99

Number of dependent variables                                   10
Number of independent variables                                  2
Number of continuous latent variables                            0

Observed dependent variables

  Continuous
   SCPT        CCPT        SCPR        CCPR        PRAFPT      PRAFPR
   PAFPT       PAFPR       ECRAVO_1    ECRAVO_0

Observed independent variables
   ELPT        ELPR

Variables with special functions

  ID variable           ID

Estimator                                                    BAYES
Specifications for Bayesian Estimation
  Point estimate                                            MEDIAN
  Number of Markov chain Monte Carlo (MCMC) chains               2
  Random seed for the first chain                                0
  Starting value information                           UNPERTURBED
  Treatment of categorical mediator                         LATENT
  Algorithm used for Markov chain Monte Carlo           GIBBS(PX1)
  Convergence criterion                                  0.500D-01
  Maximum number of iterations                               50000
  K-th iteration used for thinning                               1

Input data file(s)
  ../df67.dat
Input data format  FREE


SUMMARY OF DATA



COVARIANCE COVERAGE OF DATA

Minimum covariance coverage value   0.100

     Number of missing data patterns             5


     PROPORTION OF DATA PRESENT


           Covariance Coverage
              SCPT          CCPT          SCPR          CCPR          PRAFPT
              ________      ________      ________      ________      ________
 SCPT           1.000
 CCPT           1.000         1.000
 SCPR           1.000         1.000         1.000
 CCPR           1.000         1.000         1.000         1.000
 PRAFPT         0.990         0.990         0.990         0.990         0.990
 PRAFPR         0.990         0.990         0.990         0.990         0.990
 PAFPT          0.970         0.970         0.970         0.970         0.970
 PAFPR          0.980         0.980         0.980         0.980         0.980
 ECRAVO_1       1.000         1.000         1.000         1.000         0.990
 ECRAVO_0       0.990         0.990         0.990         0.990         0.980
 ELPT           1.000         1.000         1.000         1.000         0.990
 ELPR           0.990         0.990         0.990         0.990         0.980


           Covariance Coverage
              PRAFPR        PAFPT         PAFPR         ECRAVO_1      ECRAVO_0
              ________      ________      ________      ________      ________
 PRAFPR         0.990
 PAFPT          0.970         0.970
 PAFPR          0.980         0.970         0.980
 ECRAVO_1       0.990         0.970         0.980         1.000
 ECRAVO_0       0.980         0.960         0.970         0.990         0.990
 ELPT           0.990         0.970         0.980         1.000         0.990
 ELPR           0.980         0.960         0.970         0.990         0.990


           Covariance Coverage
              ELPT          ELPR
              ________      ________
 ELPT           1.000
 ELPR           0.990         0.990



UNIVARIATE SAMPLE STATISTICS


     UNIVARIATE HIGHER-ORDER MOMENT DESCRIPTIVE STATISTICS

         Variable/         Mean/     Skewness/   Minimum/ % with                Percentiles
        Sample Size      Variance    Kurtosis    Maximum  Min/Max      20%/60%    40%/80%    Median

     SCPT                 30.559       0.551       7.450    1.01%      19.197     26.648     29.841
              99.000     129.762      -0.204      58.807    1.01%      31.821     39.920
     CCPT                 -0.890      -0.259     -81.685    1.01%     -26.415     -7.559      2.881
              99.000    1013.048       0.128      80.417    1.01%       8.529     24.280
     SCPR                 28.538       0.567       9.085    1.01%      16.451     24.118     27.494
              99.000     153.716      -0.221      66.121    1.01%      29.684     39.272
     CCPR                 -0.283      -0.178    -116.491    1.01%     -27.251     -8.605     -2.107
              99.000    1435.257       0.411      79.366    1.01%       5.588     28.790
     PRAFPT                3.078      -0.410      -2.061    1.02%       1.207      2.634      3.186
              98.000       3.791      -0.719       6.358    1.02%       3.944      4.944
     PRAFPR                3.041      -0.668      -2.414    1.02%       1.500      2.884      3.289
              98.000       3.714       0.004       6.181    1.02%       3.737      4.724
     PAFPT                 2.306      -0.499      -3.134    1.04%       0.177      1.707      2.722
              96.000       5.174      -0.502       6.108    2.08%       3.341      4.444
     PAFPR                 2.876      -0.642      -2.914    1.03%       1.103      2.634      3.207
              97.000       4.221      -0.137       6.358    1.03%       3.737      4.651
     ECRAVO_1              2.738       0.317       1.000    1.01%       1.944      2.333      2.722
              99.000       0.849      -0.476       5.444    1.01%       3.000      3.611
     ECRAVO_0              2.540       0.713       1.000    1.02%       1.556      2.167      2.306
              98.000       0.997       0.008       5.667    1.02%       2.667      3.500
     ELPT                  9.658       0.082       1.375    1.01%       5.750      8.375      9.500
              99.000      15.289      -0.698      18.000    1.01%      10.625     12.875
     ELPR                  6.835       0.329       0.750    3.06%       3.250      5.250      6.812
              98.000      15.020      -0.679      15.625    1.02%       7.750     10.375


THE MODEL ESTIMATION TERMINATED NORMALLY

     USE THE FBITERATIONS OPTION TO INCREASE THE NUMBER OF ITERATIONS BY A FACTOR
     OF AT LEAST TWO TO CHECK CONVERGENCE AND THAT THE PSR VALUE DOES NOT INCREASE.



MODEL FIT INFORMATION

Number of Free Parameters                              50

Bayesian Posterior Predictive Checking using Chi-Square

          95% Confidence Interval for the Difference Between
          the Observed and the Replicated Chi-Square Values

                                -31.869            37.757

          Posterior Predictive P-Value              0.414

Information Criteria

          Deviance (DIC)                         6569.138
          Estimated Number of Parameters (pD)      48.048
          Bayesian (BIC)                         6701.400



MODEL RESULTS

                                Posterior  One-Tailed         95% C.I.
                    Estimate       S.D.      P-Value   Lower 2.5%  Upper 2.5%  Significance

 ECRAVO_0   ON
    PAFPT             -0.096       0.052      0.032      -0.200       0.005
    PAFPR              0.211       0.073      0.003       0.067       0.355      *
    PRAFPR            -0.206       0.066      0.001      -0.334      -0.076      *
    ELPR               0.081       0.025      0.001       0.032       0.130      *

 ECRAVO_1   ON
    ELPT               0.043       0.023      0.029      -0.001       0.087
    PRAFPR            -0.226       0.058      0.000      -0.340      -0.112      *
    PAFPR              0.235       0.063      0.000       0.112       0.360      *
    PAFPT             -0.156       0.045      0.001      -0.244      -0.067      *

 PRAFPT     ON
    ELPT               0.000       0.000      1.000       0.000       0.000

 PRAFPR     ON
    ELPR               0.000       0.000      1.000       0.000       0.000
    ELPT              -0.094       0.047      0.023      -0.185      -0.002      *

 CCPT       ON
    ELPT              -1.214       0.562      0.016      -2.318      -0.105      *
    PRAFPR             1.407       0.747      0.031      -0.078       2.862

 SCPT       ON
    ELPT               0.000       0.000      1.000       0.000       0.000
    PRAFPR             0.000       0.000      1.000       0.000       0.000

 CCPR       ON
    ELPR               1.681       0.645      0.005       0.404       2.937      *
    PRAFPT             1.407       0.747      0.031      -0.078       2.862

 SCPR       ON
    ELPR               0.000       0.000      1.000       0.000       0.000
    PRAFPT             0.000       0.000      1.000       0.000       0.000

 PAFPT      ON
    PRAFPT             0.693       0.080      0.000       0.535       0.850      *
    SCPT               0.026       0.014      0.028      -0.001       0.053
    CCPT               0.020       0.008      0.006       0.004       0.035      *
    SCPR               0.025       0.007      0.000       0.012       0.037      *
    CCPR               0.006       0.004      0.075      -0.002       0.013

 PAFPR      ON
    PRAFPR             0.681       0.060      0.000       0.564       0.800      *
    SCPR               0.000       0.000      1.000       0.000       0.000
    CCPR               0.000       0.000      1.000       0.000       0.000
    SCPT               0.025       0.007      0.000       0.012       0.037      *
    CCPT               0.006       0.004      0.075      -0.002       0.013

 ELPT     WITH
    ELPR               4.322       1.770      0.004       1.194       8.137      *

 PRAFPT   WITH
    PRAFPR             1.475       0.449      0.000       0.708       2.478      *

 PAFPT    WITH
    PAFPR              1.499       0.339      0.000       0.948       2.275      *

 SCPT     WITH
    CCPT              15.627      44.309      0.356     -71.409     104.246
    SCPR             -22.483      17.300      0.083     -58.671       9.496
    CCPR             -44.307      52.467      0.187    -152.447      54.091

 CCPT     WITH
    SCPR              -6.662      48.097      0.443    -102.946      88.250
    CCPR           -1039.149     186.249      0.000   -1470.945    -745.506      *

 SCPR     WITH
    CCPR             -87.003      57.529      0.054    -208.835      19.576

 ECRAVO_1 WITH
    ECRAVO_0           0.000       0.000      1.000       0.000       0.000

 Means
    ELPT               9.662       0.409      0.000       8.844      10.459      *
    ELPR               6.842       0.404      0.000       6.056       7.635      *

 Intercepts
    SCPT              30.569       1.215      0.000      28.186      32.959      *
    CCPT               6.583       7.179      0.181      -7.587      20.449
    SCPR              28.528       1.331      0.000      25.898      31.142      *
    CCPR             -16.023       6.575      0.008     -28.915      -3.052      *
    PRAFPT             3.076       0.203      0.000       2.677       3.475      *
    PRAFPR             3.944       0.490      0.000       2.985       4.905      *
    PAFPT             -1.305       0.561      0.010      -2.422      -0.212      *
    PAFPR              0.000       0.000      1.000       0.000       0.000
    ECRAVO_1           2.704       0.310      0.000       2.093       3.305      *
    ECRAVO_0           2.230       0.277      0.000       1.684       2.772      *

 Variances
    ELPT              16.238       2.475      0.000      12.310      21.970      *
    ELPR              15.930       2.419      0.000      12.108      21.536      *

 Residual Variances
    SCPT             143.857      22.342      0.000     109.002     196.021      *
    CCPT            1133.519     176.024      0.000     855.721    1543.558      *
    SCPR             170.262      26.524      0.000     128.757     231.849      *
    CCPR            1598.475     248.497      0.000    1208.559    2177.341      *
    PRAFPT             4.026       0.613      0.000       3.062       5.460      *
    PRAFPR             3.752       0.573      0.000       2.843       5.080      *
    PAFPT              3.061       0.481      0.000       2.305       4.193      *
    PAFPR              2.457       0.377      0.000       1.865       3.330      *
    ECRAVO_1           0.689       0.105      0.000       0.522       0.933      *
    ECRAVO_0           0.854       0.131      0.000       0.648       1.158      *

New/Additional Parameters
    A3B7               0.025       0.019      0.037      -0.002       0.073
    KA3               -0.003       0.002      0.007      -0.007      -0.001      *
    ZKA3               0.003       0.003      0.022       0.000       0.010      *


STANDARDIZED MODEL RESULTS


STDYX Standardization

                                Posterior  One-Tailed         95% C.I.
                    Estimate       S.D.      P-Value   Lower 2.5%  Upper 2.5%  Significance
 ECRAVO_0   ON
    PAFPT             -0.216       0.114      0.032      -0.432       0.012
    PAFPR              0.424       0.139      0.003       0.137       0.678      *
    PRAFPR            -0.385       0.119      0.001      -0.606      -0.143      *
    ELPR               0.306       0.089      0.001       0.121       0.471      *

 ECRAVO_1   ON
    ELPT               0.176       0.091      0.029      -0.006       0.350
    PRAFPR            -0.459       0.112      0.000      -0.670      -0.230      *
    PAFPR              0.513       0.128      0.000       0.248       0.750      *
    PAFPT             -0.381       0.104      0.001      -0.572      -0.165      *

 PRAFPT     ON
    ELPT               0.000       0.000      1.000       0.000       0.000

 PRAFPR     ON
    ELPR               0.000       0.000      1.000       0.000       0.000
    ELPT              -0.192       0.093      0.023      -0.369      -0.005      *

 CCPT       ON
    ELPT              -0.142       0.066      0.016      -0.275      -0.012      *
    PRAFPR             0.081       0.043      0.031      -0.005       0.167

 SCPT       ON
    ELPT               0.000       0.000      1.000       0.000       0.000
    PRAFPR             0.000       0.000      1.000       0.000       0.000

 CCPR       ON
    ELPR               0.165       0.063      0.005       0.040       0.286      *
    PRAFPT             0.069       0.038      0.031      -0.004       0.145

 SCPR       ON
    ELPR               0.000       0.000      1.000       0.000       0.000
    PRAFPT             0.000       0.000      1.000       0.000       0.000

 PAFPT      ON
    PRAFPT             0.587       0.061      0.000       0.456       0.698      *
    SCPT               0.132       0.069      0.028      -0.003       0.268
    CCPT               0.287       0.112      0.006       0.064       0.502      *
    SCPR               0.135       0.038      0.000       0.063       0.213      *
    CCPR               0.097       0.068      0.075      -0.036       0.232

 PAFPR      ON
    PRAFPR             0.637       0.052      0.000       0.528       0.731      *
    SCPR               0.000       0.000      1.000       0.000       0.000
    CCPR               0.000       0.000      1.000       0.000       0.000
    SCPT               0.138       0.042      0.000       0.063       0.227      *
    CCPT               0.091       0.063      0.075      -0.034       0.215

 ELPT     WITH
    ELPR               0.272       0.095      0.004       0.076       0.448      *

 PRAFPT   WITH
    PRAFPR             0.384       0.089      0.000       0.196       0.544      *

 PAFPT    WITH
    PAFPR              0.551       0.074      0.000       0.392       0.679      *

 SCPT     WITH
    CCPT               0.039       0.105      0.356      -0.170       0.244
    SCPR              -0.145       0.103      0.083      -0.343       0.060
    CCPR              -0.094       0.104      0.187      -0.293       0.112

 CCPT     WITH
    SCPR              -0.015       0.105      0.443      -0.221       0.192
    CCPR              -0.776       0.043      0.000      -0.847      -0.677      *

 SCPR     WITH
    CCPR              -0.169       0.102      0.054      -0.362       0.037

 ECRAVO_1 WITH
    ECRAVO_0           0.000       0.000      1.000       0.000       0.000

 Means
    ELPT               2.398       0.204      0.000       2.005       2.804      *
    ELPR               1.714       0.161      0.000       1.406       2.034      *

 Intercepts
    SCPT               2.551       0.215      0.000       2.133       2.976      *
    CCPT               0.192       0.208      0.181      -0.222       0.593
    SCPR               2.187       0.193      0.000       1.813       2.572      *
    CCPR              -0.394       0.158      0.008      -0.698      -0.075      *
    PRAFPT             1.533       0.151      0.000       1.238       1.830      *
    PRAFPR             1.996       0.262      0.000       1.456       2.476      *
    PAFPT             -0.550       0.225      0.010      -0.975      -0.091      *
    PAFPR              0.000       0.000      1.000       0.000       0.000
    ECRAVO_1           2.768       0.381      0.000       2.009       3.491      *
    ECRAVO_0           2.105       0.325      0.000       1.465       2.740      *

 Variances
    ELPT               1.000       0.000      0.000       1.000       1.000
    ELPR               1.000       0.000      0.000       1.000       1.000

 Residual Variances
    SCPT               1.000       0.000      0.000       1.000       1.000
    CCPT               0.967       0.022      0.000       0.909       0.994      *
    SCPR               1.000       0.000      0.000       1.000       1.000
    CCPR               0.967       0.022      0.000       0.910       0.995      *
    PRAFPT             1.000       0.000      0.000       1.000       1.000
    PRAFPR             0.963       0.037      0.000       0.864       1.000      *
    PAFPT              0.546       0.070      0.000       0.415       0.689      *
    PAFPR              0.547       0.062      0.000       0.427       0.667      *
    ECRAVO_1           0.724       0.075      0.000       0.575       0.865      *
    ECRAVO_0           0.762       0.075      0.000       0.608       0.897      *


STDY Standardization

                                Posterior  One-Tailed         95% C.I.
                    Estimate       S.D.      P-Value   Lower 2.5%  Upper 2.5%  Significance
 ECRAVO_0   ON
    PAFPT             -0.216       0.114      0.032      -0.432       0.012
    PAFPR              0.424       0.139      0.003       0.137       0.678      *
    PRAFPR            -0.385       0.119      0.001      -0.606      -0.143      *
    ELPR               0.306       0.089      0.001       0.121       0.471      *

 ECRAVO_1   ON
    ELPT               0.176       0.091      0.029      -0.006       0.350
    PRAFPR            -0.459       0.112      0.000      -0.670      -0.230      *
    PAFPR              0.513       0.128      0.000       0.248       0.750      *
    PAFPT             -0.381       0.104      0.001      -0.572      -0.165      *

 PRAFPT     ON
    ELPT               0.000       0.000      1.000       0.000       0.000

 PRAFPR     ON
    ELPR               0.000       0.000      1.000       0.000       0.000
    ELPT              -0.192       0.093      0.023      -0.369      -0.005      *

 CCPT       ON
    ELPT              -0.142       0.066      0.016      -0.275      -0.012      *
    PRAFPR             0.081       0.043      0.031      -0.005       0.167

 SCPT       ON
    ELPT               0.000       0.000      1.000       0.000       0.000
    PRAFPR             0.000       0.000      1.000       0.000       0.000

 CCPR       ON
    ELPR               0.165       0.063      0.005       0.040       0.286      *
    PRAFPT             0.069       0.038      0.031      -0.004       0.145

 SCPR       ON
    ELPR               0.000       0.000      1.000       0.000       0.000
    PRAFPT             0.000       0.000      1.000       0.000       0.000

 PAFPT      ON
    PRAFPT             0.587       0.061      0.000       0.456       0.698      *
    SCPT               0.132       0.069      0.028      -0.003       0.268
    CCPT               0.287       0.112      0.006       0.064       0.502      *
    SCPR               0.135       0.038      0.000       0.063       0.213      *
    CCPR               0.097       0.068      0.075      -0.036       0.232

 PAFPR      ON
    PRAFPR             0.637       0.052      0.000       0.528       0.731      *
    SCPR               0.000       0.000      1.000       0.000       0.000
    CCPR               0.000       0.000      1.000       0.000       0.000
    SCPT               0.138       0.042      0.000       0.063       0.227      *
    CCPT               0.091       0.063      0.075      -0.034       0.215

 ELPT     WITH
    ELPR               0.272       0.095      0.004       0.076       0.448      *

 PRAFPT   WITH
    PRAFPR             0.384       0.089      0.000       0.196       0.544      *

 PAFPT    WITH
    PAFPR              0.551       0.074      0.000       0.392       0.679      *

 SCPT     WITH
    CCPT               0.039       0.105      0.356      -0.170       0.244
    SCPR              -0.145       0.103      0.083      -0.343       0.060
    CCPR              -0.094       0.104      0.187      -0.293       0.112

 CCPT     WITH
    SCPR              -0.015       0.105      0.443      -0.221       0.192
    CCPR              -0.776       0.043      0.000      -0.847      -0.677      *

 SCPR     WITH
    CCPR              -0.169       0.102      0.054      -0.362       0.037

 ECRAVO_1 WITH
    ECRAVO_0           0.000       0.000      1.000       0.000       0.000

 Means
    ELPT               2.398       0.204      0.000       2.005       2.804      *
    ELPR               1.714       0.161      0.000       1.406       2.034      *

 Intercepts
    SCPT               2.551       0.215      0.000       2.133       2.976      *
    CCPT               0.192       0.208      0.181      -0.222       0.593
    SCPR               2.187       0.193      0.000       1.813       2.572      *
    CCPR              -0.394       0.158      0.008      -0.698      -0.075      *
    PRAFPT             1.533       0.151      0.000       1.238       1.830      *
    PRAFPR             1.996       0.262      0.000       1.456       2.476      *
    PAFPT             -0.550       0.225      0.010      -0.975      -0.091      *
    PAFPR              0.000       0.000      1.000       0.000       0.000
    ECRAVO_1           2.768       0.381      0.000       2.009       3.491      *
    ECRAVO_0           2.105       0.325      0.000       1.465       2.740      *

 Variances
    ELPT               1.000       0.000      0.000       1.000       1.000
    ELPR               1.000       0.000      0.000       1.000       1.000

 Residual Variances
    SCPT               1.000       0.000      0.000       1.000       1.000
    CCPT               0.967       0.022      0.000       0.909       0.994      *
    SCPR               1.000       0.000      0.000       1.000       1.000
    CCPR               0.967       0.022      0.000       0.910       0.995      *
    PRAFPT             1.000       0.000      0.000       1.000       1.000
    PRAFPR             0.963       0.037      0.000       0.864       1.000      *
    PAFPT              0.546       0.070      0.000       0.415       0.689      *
    PAFPR              0.547       0.062      0.000       0.427       0.667      *
    ECRAVO_1           0.724       0.075      0.000       0.575       0.865      *
    ECRAVO_0           0.762       0.075      0.000       0.608       0.897      *


STD Standardization

                                Posterior  One-Tailed         95% C.I.
                    Estimate       S.D.      P-Value   Lower 2.5%  Upper 2.5%  Significance
 ECRAVO_0   ON
    PAFPT             -0.096       0.052      0.032      -0.200       0.005
    PAFPR              0.211       0.073      0.003       0.067       0.355      *
    PRAFPR            -0.206       0.066      0.001      -0.334      -0.076      *
    ELPR               0.081       0.025      0.001       0.032       0.130      *

 ECRAVO_1   ON
    ELPT               0.043       0.023      0.029      -0.001       0.087
    PRAFPR            -0.226       0.058      0.000      -0.340      -0.112      *
    PAFPR              0.235       0.063      0.000       0.112       0.360      *
    PAFPT             -0.156       0.045      0.001      -0.244      -0.067      *

 PRAFPT     ON
    ELPT               0.000       0.000      1.000       0.000       0.000

 PRAFPR     ON
    ELPR               0.000       0.000      1.000       0.000       0.000
    ELPT              -0.094       0.047      0.023      -0.185      -0.002      *

 CCPT       ON
    ELPT              -1.214       0.562      0.016      -2.318      -0.105      *
    PRAFPR             1.407       0.747      0.031      -0.078       2.862

 SCPT       ON
    ELPT               0.000       0.000      1.000       0.000       0.000
    PRAFPR             0.000       0.000      1.000       0.000       0.000

 CCPR       ON
    ELPR               1.681       0.645      0.005       0.404       2.937      *
    PRAFPT             1.407       0.747      0.031      -0.078       2.862

 SCPR       ON
    ELPR               0.000       0.000      1.000       0.000       0.000
    PRAFPT             0.000       0.000      1.000       0.000       0.000

 PAFPT      ON
    PRAFPT             0.693       0.080      0.000       0.535       0.850      *
    SCPT               0.026       0.014      0.028      -0.001       0.053
    CCPT               0.020       0.008      0.006       0.004       0.035      *
    SCPR               0.025       0.007      0.000       0.012       0.037      *
    CCPR               0.006       0.004      0.075      -0.002       0.013

 PAFPR      ON
    PRAFPR             0.681       0.060      0.000       0.564       0.800      *
    SCPR               0.000       0.000      1.000       0.000       0.000
    CCPR               0.000       0.000      1.000       0.000       0.000
    SCPT               0.025       0.007      0.000       0.012       0.037      *
    CCPT               0.006       0.004      0.075      -0.002       0.013

 ELPT     WITH
    ELPR               0.272       0.095      0.004       0.076       0.448      *

 PRAFPT   WITH
    PRAFPR             0.384       0.089      0.000       0.196       0.544      *

 PAFPT    WITH
    PAFPR              0.551       0.074      0.000       0.392       0.679      *

 SCPT     WITH
    CCPT               0.039       0.105      0.356      -0.170       0.244
    SCPR              -0.145       0.103      0.083      -0.343       0.060
    CCPR              -0.094       0.104      0.187      -0.293       0.112

 CCPT     WITH
    SCPR              -0.015       0.105      0.443      -0.221       0.192
    CCPR              -0.776       0.043      0.000      -0.847      -0.677      *

 SCPR     WITH
    CCPR              -0.169       0.102      0.054      -0.362       0.037

 ECRAVO_1 WITH
    ECRAVO_0           0.000       0.000      1.000       0.000       0.000

 Means
    ELPT               9.662       0.409      0.000       8.844      10.459      *
    ELPR               6.842       0.404      0.000       6.056       7.635      *

 Intercepts
    SCPT              30.569       1.215      0.000      28.186      32.959      *
    CCPT               6.583       7.179      0.181      -7.587      20.449
    SCPR              28.528       1.331      0.000      25.898      31.142      *
    CCPR             -16.023       6.575      0.008     -28.915      -3.052      *
    PRAFPT             3.076       0.203      0.000       2.677       3.475      *
    PRAFPR             3.944       0.490      0.000       2.985       4.905      *
    PAFPT             -1.305       0.561      0.010      -2.422      -0.212      *
    PAFPR              0.000       0.000      1.000       0.000       0.000
    ECRAVO_1           2.704       0.310      0.000       2.093       3.305      *
    ECRAVO_0           2.230       0.277      0.000       1.684       2.772      *

 Variances
    ELPT              16.238       2.475      0.000      12.310      21.970      *
    ELPR              15.930       2.419      0.000      12.108      21.536      *

 Residual Variances
    SCPT             143.857      22.342      0.000     109.002     196.021      *
    CCPT            1133.519     176.024      0.000     855.721    1543.558      *
    SCPR             170.262      26.524      0.000     128.757     231.849      *
    CCPR            1598.475     248.497      0.000    1208.559    2177.341      *
    PRAFPT             4.026       0.613      0.000       3.062       5.460      *
    PRAFPR             3.752       0.573      0.000       2.843       5.080      *
    PAFPT              3.061       0.481      0.000       2.305       4.193      *
    PAFPR              2.457       0.377      0.000       1.865       3.330      *
    ECRAVO_1           0.689       0.105      0.000       0.522       0.933      *
    ECRAVO_0           0.854       0.131      0.000       0.648       1.158      *


R-SQUARE

                                Posterior  One-Tailed         95% C.I.
    Variable        Estimate       S.D.      P-Value   Lower 2.5%  Upper 2.5%

    SCPT               0.000       0.000      1.000       0.000       0.000
    CCPT               0.033       0.022      0.000       0.006       0.091
    SCPR               0.000       0.000      1.000       0.000       0.000
    CCPR               0.033       0.022      0.000       0.005       0.090
    PRAFPT             0.000       0.000      1.000       0.000       0.000
    PRAFPR             0.037       0.037      0.000       0.000       0.136
    PAFPT              0.454       0.070      0.000       0.311       0.585
    PAFPR              0.453       0.062      0.000       0.333       0.573
    ECRAVO_1           0.276       0.075      0.000       0.135       0.425
    ECRAVO_0           0.238       0.075      0.000       0.103       0.392


     Beginning Time:  10:09:28
        Ending Time:  10:09:48
       Elapsed Time:  00:00:20



MUTHEN & MUTHEN
3463 Stoner Ave.
Los Angeles, CA  90066

Tel: (310) 391-9971
Fax: (310) 391-8971
Web: www.StatModel.com
Support: Support@StatModel.com

Copyright (c) 1998-2017 Muthen & Muthen
