Mplus VERSION 8 (Mac)
MUTHEN & MUTHEN
02/20/2019   1:14 PM

INPUT INSTRUCTIONS

  TITLE:
  Aff -> Coreg -> Aff -> AVOAND fix non-sig parameters to zero
  DATA:
  FILE = "../df67_das_dem.dat";

  VARIABLE:
  NAMES = PTNUM scpt ccpt scpr ccpr ECRanx_1 ECRanx_0 prnapt prnapr pnapt pnapr elpt
       elpr cmpt cmpr prafpt prafpr pafpt pafpr ECRavo_0 ECRavo_1 whichdf_num id rel
       dasfu1 dasfu0 dasbl1 dasbl0 age_0 age_1 r_0 r_1 female_0 female_1 R2_cut
       uni_cut;
   MISSING=.;
  USEVARIABLES = elpt elpr scpt ccpt scpr ccpr prafpt prafpr pafpt pafpr
  ECRavo_1 ECRavo_0 id r_1 r_0 female_0 female_1 age_1 age_0;
  IDVARIABLE IS id;
  ANALYSIS:
  ESTIMATOR=BAYES; PROCESSORS = 2; BITERATIONS = (49000); !ALGORITHM=MH;
  !ESTIMATOR = MLR;
  MODEL:

  ccpr ON r_0;
  ccpt ON r_1;
  ccpr ON age_0;
  ccpt ON age_1;
  ccpr ON female_0;
  ccpt ON female_1;

  scpr ON r_0;
  scpt ON r_1;
  scpr ON age_0;
  scpt ON age_1;
  scpr ON female_0;
  scpt ON female_1;

  ECRAVO_0 ON PAFPT;
  ECRAVO_1 ON ELPT ;
  ECRAVO_1 ON PRAFPR;
  ECRAVO_1 ON PAFPR;
  prafpt ON elpt@0;
  prafpr ON elpr@0;
  ccpt ON elpt* (z);
  scpt ON elpt@0;
  ccpr ON elpr;
  scpr ON elpr@0;
  elpt WITH elpt;
  elpr WITH elpr;
  elpt WITH elpr;
  [elpt];
  [elpr];
  prafpt WITH prafpr;
  PRAFPR   ON ELPT;
  ECRavo_1 ON pafpt* (k);
  ECRavo_0 ON pafpr;
  pafpt WITH pafpr;
  pafpt ON prafpt;
  pafpt ON scpt* (a1);
  pafpt ON ccpt* (a3);
  pafpt ON scpr* (a5);
  pafpt ON ccpr* (a7);
  pafpr ON prafpr;
  pafpr ON scpr@0;
  pafpr ON ccpr@0;
  pafpr ON scpt* (a5);
  pafpr ON ccpt* (a7);
  scpr ON prafpt@0;
  scpt ON prafpr@0;
  ccpt ON prafpr* (b7);
  ccpr ON prafpt* (b7);
  scpt WITH ccpt;
  scpt WITH scpr;
  scpt WITH ccpr;
  ccpt WITH scpr;
  ccpt WITH ccpr;
  scpr WITH ccpr;
  scpt WITH scpt;
  ccpt WITH ccpt;
  scpr WITH scpr;
  ccpr WITH ccpr;
  prafpt WITH prafpt;
  prafpr WITH prafpr;
  pafpt WITH pafpt;
  pafpr WITH pafpr;
  [scpt];
  [ccpt];
  [scpr];
  [ccpr];
  [prafpt];
  [prafpr];
  [pafpt];
  [pafpr@0];
  ECRavo_1 WITH ECRavo_1;
  ECRavo_0 WITH ECRavo_0;
  ECRavo_1 WITH ECRavo_0@0;
  [ECRavo_1];
  [ECRavo_0];
  !BASED ON MOD INDICES
  ECRavo_0 ON prafpr;
  ECRAVO_0 ON elpr;
  MODEL CONSTRAINT:
  NEW ( a3b7 ka3 zka3); ! a7b7 a4b7 zka3 );
  !ha3 = h*a3;
  !xka3 = x*k*a3;
  ka3 = k*a3;
  a3b7 = a3*b7;
  !a7b7 = a7*b7;
  !a4b7 = a4*b7;
  zka3 = z*k*a3;

  OUTPUT:
  STANDARDIZED;  !MODINDICES(ALL 3);
  !savedata: file=infludiagnostics.txt; save is
  !cooks;



*** WARNING
  Data set contains cases with missing on x-variables.
  These cases were not included in the analysis.
  Number of cases with missing on x-variables:  1
   1 WARNING(S) FOUND IN THE INPUT INSTRUCTIONS




Aff -> Coreg -> Aff -> AVOAND fix non-sig parameters to zero

SUMMARY OF ANALYSIS

Number of groups                                                 1
Number of observations                                          98

Number of dependent variables                                   10
Number of independent variables                                  8
Number of continuous latent variables                            0

Observed dependent variables

  Continuous
   SCPT        CCPT        SCPR        CCPR        PRAFPT      PRAFPR
   PAFPT       PAFPR       ECRAVO_1    ECRAVO_0

Observed independent variables
   ELPT        ELPR        R_1         R_0         FEMALE_0    FEMALE_1
   AGE_1       AGE_0

Variables with special functions

  ID variable           ID

Estimator                                                    BAYES
Specifications for Bayesian Estimation
  Point estimate                                            MEDIAN
  Number of Markov chain Monte Carlo (MCMC) chains               2
  Random seed for the first chain                                0
  Starting value information                           UNPERTURBED
  Treatment of categorical mediator                         LATENT
  Algorithm used for Markov chain Monte Carlo           GIBBS(PX1)
  Convergence criterion                                  0.500D-01
  Maximum number of iterations                               50000
  K-th iteration used for thinning                               1

Input data file(s)
  ../df67_das_dem.dat
Input data format  FREE


SUMMARY OF DATA



COVARIANCE COVERAGE OF DATA

Minimum covariance coverage value   0.100

     Number of missing data patterns             5


     PROPORTION OF DATA PRESENT


           Covariance Coverage
              SCPT          CCPT          SCPR          CCPR          PRAFPT
              ________      ________      ________      ________      ________
 SCPT           1.000
 CCPT           1.000         1.000
 SCPR           1.000         1.000         1.000
 CCPR           1.000         1.000         1.000         1.000
 PRAFPT         0.990         0.990         0.990         0.990         0.990
 PRAFPR         0.990         0.990         0.990         0.990         0.990
 PAFPT          0.969         0.969         0.969         0.969         0.969
 PAFPR          0.980         0.980         0.980         0.980         0.980
 ECRAVO_1       1.000         1.000         1.000         1.000         0.990
 ECRAVO_0       0.990         0.990         0.990         0.990         0.980
 ELPT           1.000         1.000         1.000         1.000         0.990
 ELPR           0.990         0.990         0.990         0.990         0.980
 R_1            1.000         1.000         1.000         1.000         0.990
 R_0            1.000         1.000         1.000         1.000         0.990
 FEMALE_0       1.000         1.000         1.000         1.000         0.990
 FEMALE_1       1.000         1.000         1.000         1.000         0.990
 AGE_1          1.000         1.000         1.000         1.000         0.990
 AGE_0          1.000         1.000         1.000         1.000         0.990


           Covariance Coverage
              PRAFPR        PAFPT         PAFPR         ECRAVO_1      ECRAVO_0
              ________      ________      ________      ________      ________
 PRAFPR         0.990
 PAFPT          0.969         0.969
 PAFPR          0.980         0.969         0.980
 ECRAVO_1       0.990         0.969         0.980         1.000
 ECRAVO_0       0.980         0.959         0.969         0.990         0.990
 ELPT           0.990         0.969         0.980         1.000         0.990
 ELPR           0.980         0.959         0.969         0.990         0.990
 R_1            0.990         0.969         0.980         1.000         0.990
 R_0            0.990         0.969         0.980         1.000         0.990
 FEMALE_0       0.990         0.969         0.980         1.000         0.990
 FEMALE_1       0.990         0.969         0.980         1.000         0.990
 AGE_1          0.990         0.969         0.980         1.000         0.990
 AGE_0          0.990         0.969         0.980         1.000         0.990


           Covariance Coverage
              ELPT          ELPR          R_1           R_0           FEMALE_0
              ________      ________      ________      ________      ________
 ELPT           1.000
 ELPR           0.990         0.990
 R_1            1.000         0.990         1.000
 R_0            1.000         0.990         1.000         1.000
 FEMALE_0       1.000         0.990         1.000         1.000         1.000
 FEMALE_1       1.000         0.990         1.000         1.000         1.000
 AGE_1          1.000         0.990         1.000         1.000         1.000
 AGE_0          1.000         0.990         1.000         1.000         1.000


           Covariance Coverage
              FEMALE_1      AGE_1         AGE_0
              ________      ________      ________
 FEMALE_1       1.000
 AGE_1          1.000         1.000
 AGE_0          1.000         1.000         1.000



UNIVARIATE SAMPLE STATISTICS


     UNIVARIATE HIGHER-ORDER MOMENT DESCRIPTIVE STATISTICS

         Variable/         Mean/     Skewness/   Minimum/ % with                Percentiles
        Sample Size      Variance    Kurtosis    Maximum  Min/Max      20%/60%    40%/80%    Median

     SCPT                 30.625       0.535       7.450    1.02%      19.197     26.648     29.895
              98.000     130.662      -0.228      58.807    1.02%      32.363     39.920
     CCPT                 -0.652      -0.279     -81.685    1.02%     -26.415     -7.559      2.997
              98.000    1017.793       0.135      80.417    1.02%       8.776     24.280
     SCPR                 28.629       0.551       9.085    1.02%      16.451     24.118     27.522
              98.000     154.454      -0.239      66.121    1.02%      29.896     39.272
     CCPR                 -0.442      -0.165    -116.491    1.02%     -27.251     -8.641     -3.105
              98.000    1447.399       0.385      79.366    1.02%       5.588     28.790
     PRAFPT                3.078      -0.408      -2.061    1.03%       1.147      2.634      3.280
              97.000       3.830      -0.742       6.358    1.03%       3.944      4.944
     PRAFPR                3.073      -0.698      -2.414    1.03%       1.500      2.884      3.311
              97.000       3.656       0.111       6.181    1.03%       3.737      4.768
     PAFPT                 2.287      -0.481      -3.134    1.05%       0.177      1.707      2.603
              95.000       5.193      -0.516       6.108    2.11%       3.341      4.444
     PAFPR                 2.889      -0.657      -2.914    1.04%       1.103      2.634      3.237
              96.000       4.251      -0.133       6.358    1.04%       3.871      4.651
     ECRAVO_1              2.750       0.304       1.000    1.02%       2.000      2.333      2.750
              98.000       0.844      -0.463       5.444    1.02%       3.000      3.611
     ECRAVO_0              2.552       0.704       1.000    1.03%       1.556      2.167      2.333
              97.000       0.993       0.008       5.667    1.03%       2.667      3.500
     ELPT                  9.726       0.085       1.375    1.02%       5.750      8.375      9.500
              98.000      14.988      -0.677      18.000    1.02%      10.750     12.875
     ELPR                  6.892       0.323       0.750    3.09%       3.250      5.375      7.000
              97.000      14.865      -0.668      15.625    1.03%       7.750     10.375
     R_1                   0.745      -1.124       0.000   25.51%       0.000      1.000      1.000
              98.000       0.190      -0.738       1.000   74.49%       1.000      1.000
     R_0                   0.786      -1.393       0.000   21.43%       0.000      1.000      1.000
              98.000       0.168      -0.061       1.000   78.57%       1.000      1.000
     FEMALE_0              0.327       0.740       0.000   67.35%       0.000      0.000      0.000
              98.000       0.220      -1.453       1.000   32.65%       0.000      1.000
     FEMALE_1              0.806      -1.549       0.000   19.39%       1.000      1.000      1.000
              98.000       0.156       0.398       1.000   80.61%       1.000      1.000
     AGE_1                29.490      -0.034      18.000    2.04%      23.000     27.000     29.500
              98.000      35.291      -1.119      40.000    1.02%      32.000     35.000
     AGE_0                30.663       0.895      19.000    2.04%      24.000     27.000     29.500
              98.000      59.244       1.165      60.000    1.02%      32.000     36.000


THE MODEL ESTIMATION TERMINATED NORMALLY

     USE THE FBITERATIONS OPTION TO INCREASE THE NUMBER OF ITERATIONS BY A FACTOR
     OF AT LEAST TWO TO CHECK CONVERGENCE AND THAT THE PSR VALUE DOES NOT INCREASE.



MODEL FIT INFORMATION

Number of Free Parameters                              62

Bayesian Posterior Predictive Checking using Chi-Square

          95% Confidence Interval for the Difference Between
          the Observed and the Replicated Chi-Square Values

                                -24.734            64.729

          Posterior Predictive P-Value              0.185

Information Criteria

          Deviance (DIC)                         6489.709
          Estimated Number of Parameters (pD)      58.857
          Bayesian (BIC)                         6654.666



MODEL RESULTS

                                Posterior  One-Tailed         95% C.I.
                    Estimate       S.D.      P-Value   Lower 2.5%  Upper 2.5%  Significance

 CCPR       ON
    R_0               15.835       6.604      0.009       2.795      28.839      *
    AGE_0             -0.032       0.392      0.466      -0.800       0.734
    FEMALE_0          -6.385       6.240      0.154     -18.484       5.987
    ELPR               1.545       0.660      0.010       0.258       2.844      *
    PRAFPT             1.310       0.779      0.048      -0.233       2.824

 CCPT       ON
    R_1                6.396       5.159      0.107      -3.787      16.531
    AGE_1              0.673       0.435      0.059      -0.175       1.534
    FEMALE_1          -9.170       6.444      0.076     -21.852       3.367
    ELPT              -1.213       0.590      0.021      -2.373      -0.054      *
    PRAFPR             1.310       0.779      0.048      -0.233       2.824

 SCPR       ON
    R_0               -6.719       3.156      0.018     -12.862      -0.514      *
    AGE_0              0.017       0.168      0.460      -0.314       0.350
    FEMALE_0           3.743       2.758      0.087      -1.698       9.144
    ELPR               0.000       0.000      1.000       0.000       0.000
    PRAFPT             0.000       0.000      1.000       0.000       0.000

 SCPT       ON
    R_1               -5.781       2.660      0.015     -10.990      -0.567      *
    AGE_1             -0.460       0.198      0.011      -0.849      -0.070      *
    FEMALE_1           2.632       2.986      0.189      -3.261       8.484
    ELPT               0.000       0.000      1.000       0.000       0.000
    PRAFPR             0.000       0.000      1.000       0.000       0.000

 ECRAVO_0   ON
    PAFPT             -0.089       0.053      0.047      -0.193       0.015
    PAFPR              0.208       0.073      0.002       0.064       0.350      *
    PRAFPR            -0.216       0.066      0.001      -0.346      -0.086      *
    ELPR               0.077       0.026      0.002       0.026       0.127      *

 ECRAVO_1   ON
    ELPT               0.037       0.023      0.054      -0.008       0.082
    PRAFPR            -0.239       0.059      0.000      -0.354      -0.122      *
    PAFPR              0.232       0.063      0.000       0.109       0.357      *
    PAFPT             -0.150       0.045      0.000      -0.238      -0.061      *

 PRAFPT     ON
    ELPT               0.000       0.000      1.000       0.000       0.000

 PRAFPR     ON
    ELPR               0.000       0.000      1.000       0.000       0.000
    ELPT              -0.111       0.046      0.009      -0.201      -0.020      *

 PAFPT      ON
    PRAFPT             0.691       0.079      0.000       0.535       0.848      *
    SCPT               0.027       0.014      0.023       0.000       0.054      *
    CCPT               0.021       0.008      0.005       0.005       0.036      *
    SCPR               0.025       0.007      0.000       0.012       0.038      *
    CCPR               0.006       0.004      0.065      -0.002       0.014

 PAFPR      ON
    PRAFPR             0.678       0.061      0.000       0.558       0.799      *
    SCPR               0.000       0.000      1.000       0.000       0.000
    CCPR               0.000       0.000      1.000       0.000       0.000
    SCPT               0.025       0.007      0.000       0.012       0.038      *
    CCPT               0.006       0.004      0.065      -0.002       0.014

 ELPT     WITH
    ELPR               3.982       1.743      0.006       0.851       7.731      *

 PRAFPT   WITH
    PRAFPR             1.472       0.449      0.000       0.709       2.476      *

 PAFPT    WITH
    PAFPR              1.476       0.341      0.000       0.921       2.252      *

 SCPT     WITH
    CCPT              29.922      43.315      0.232     -53.217     118.634
    SCPR             -18.001      16.538      0.124     -52.099      13.233
    CCPR             -39.443      50.657      0.207    -143.572      57.055

 CCPT     WITH
    SCPR             -18.627      47.690      0.342    -114.261      74.632
    CCPR           -1051.115     189.551      0.000   -1496.106    -754.949      *

 SCPR     WITH
    CCPR             -57.162      56.231      0.140    -173.391      48.202

 ECRAVO_1 WITH
    ECRAVO_0           0.000       0.000      1.000       0.000       0.000

 Means
    ELPT               9.726       0.402      0.000       8.936      10.514      *
    ELPR               6.903       0.406      0.000       6.109       7.707      *

 Intercepts
    SCPT              46.348       7.158      0.000      32.325      60.335      *
    CCPT             -10.023      18.587      0.295     -46.353      26.235
    SCPR              32.164       5.974      0.000      20.410      43.751      *
    CCPR             -24.509      16.032      0.062     -55.857       6.947
    PRAFPT             3.075       0.206      0.000       2.672       3.482      *
    PRAFPR             4.151       0.489      0.000       3.186       5.100      *
    PAFPT             -1.358       0.563      0.008      -2.474      -0.263      *
    PAFPR              0.000       0.000      1.000       0.000       0.000
    ECRAVO_1           2.804       0.319      0.000       2.172       3.424      *
    ECRAVO_0           2.294       0.286      0.000       1.731       2.854      *

 Variances
    ELPT              15.884       2.412      0.000      12.104      21.503      *
    ELPR              15.782       2.405      0.000      11.982      21.387      *

 Residual Variances
    SCPT             131.940      20.796      0.000      99.293     180.680      *
    CCPT            1136.385     180.953      0.000     855.315    1564.109      *
    SCPR             163.493      25.920      0.000     123.230     224.331      *
    CCPR            1560.216     248.022      0.000    1176.716    2142.947      *
    PRAFPT             4.069       0.624      0.000       3.089       5.532      *
    PRAFPR             3.624       0.559      0.000       2.741       4.919      *
    PAFPT              3.015       0.476      0.000       2.270       4.129      *
    PAFPR              2.463       0.380      0.000       1.860       3.353      *
    ECRAVO_1           0.684       0.104      0.000       0.518       0.925      *
    ECRAVO_0           0.854       0.134      0.000       0.644       1.167      *

New/Additional Parameters
    A3B7               0.025       0.020      0.052      -0.005       0.073
    KA3               -0.003       0.002      0.005      -0.007      -0.001      *
    ZKA3               0.003       0.003      0.025       0.000       0.011


STANDARDIZED MODEL RESULTS


STDYX Standardization

                                Posterior  One-Tailed         95% C.I.
                    Estimate       S.D.      P-Value   Lower 2.5%  Upper 2.5%  Significance
 CCPR       ON
    R_0                0.158       0.065      0.009       0.028       0.282      *
    AGE_0             -0.006       0.073      0.466      -0.150       0.135
    FEMALE_0          -0.073       0.071      0.154      -0.210       0.067
    ELPR               0.149       0.063      0.010       0.026       0.272      *
    PRAFPT             0.064       0.039      0.048      -0.012       0.142

 CCPT       ON
    R_1                0.079       0.063      0.107      -0.047       0.201
    AGE_1              0.114       0.072      0.059      -0.030       0.254
    FEMALE_1          -0.103       0.071      0.076      -0.240       0.038
    ELPT              -0.137       0.067      0.021      -0.272      -0.006      *
    PRAFPR             0.073       0.044      0.048      -0.013       0.160

 SCPR       ON
    R_0               -0.207       0.093      0.018      -0.376      -0.016      *
    AGE_0              0.010       0.095      0.460      -0.176       0.196
    FEMALE_0           0.132       0.094      0.087      -0.059       0.308
    ELPR               0.000       0.000      1.000       0.000       0.000
    PRAFPT             0.000       0.000      1.000       0.000       0.000

 SCPT       ON
    R_1               -0.206       0.091      0.015      -0.374      -0.020      *
    AGE_1             -0.223       0.092      0.011      -0.393      -0.034      *
    FEMALE_1           0.085       0.094      0.189      -0.104       0.265
    ELPT               0.000       0.000      1.000       0.000       0.000
    PRAFPR             0.000       0.000      1.000       0.000       0.000

 ECRAVO_0   ON
    PAFPT             -0.202       0.116      0.047      -0.420       0.033
    PAFPR              0.417       0.138      0.002       0.131       0.670      *
    PRAFPR            -0.401       0.118      0.001      -0.624      -0.161      *
    ELPR               0.288       0.091      0.002       0.099       0.458      *

 ECRAVO_1   ON
    ELPT               0.151       0.092      0.054      -0.034       0.329
    PRAFPR            -0.481       0.112      0.000      -0.692      -0.251      *
    PAFPR              0.506       0.128      0.000       0.242       0.741      *
    PAFPT             -0.367       0.104      0.000      -0.560      -0.151      *

 PRAFPT     ON
    ELPT               0.000       0.000      1.000       0.000       0.000

 PRAFPR     ON
    ELPR               0.000       0.000      1.000       0.000       0.000
    ELPT              -0.227       0.092      0.009      -0.401      -0.040      *

 PAFPT      ON
    PRAFPT             0.588       0.061      0.000       0.458       0.698      *
    SCPT               0.141       0.071      0.023       0.002       0.279      *
    CCPT               0.307       0.113      0.005       0.080       0.524      *
    SCPR               0.139       0.039      0.000       0.066       0.220      *
    CCPR               0.102       0.068      0.065      -0.031       0.236

 PAFPR      ON
    PRAFPR             0.630       0.053      0.000       0.519       0.726      *
    SCPR               0.000       0.000      1.000       0.000       0.000
    CCPR               0.000       0.000      1.000       0.000       0.000
    SCPT               0.144       0.043      0.000       0.064       0.234      *
    CCPT               0.098       0.065      0.065      -0.030       0.224

 ELPT     WITH
    ELPR               0.254       0.097      0.006       0.056       0.433      *

 PRAFPT   WITH
    PRAFPR             0.387       0.090      0.000       0.198       0.550      *

 PAFPT    WITH
    PAFPR              0.547       0.075      0.000       0.382       0.676      *

 SCPT     WITH
    CCPT               0.078       0.107      0.232      -0.133       0.284
    SCPR              -0.124       0.106      0.124      -0.326       0.089
    CCPR              -0.088       0.106      0.207      -0.293       0.123

 CCPT     WITH
    SCPR              -0.044       0.106      0.342      -0.248       0.167
    CCPR              -0.793       0.041      0.000      -0.860      -0.699      *

 SCPR     WITH
    CCPR              -0.114       0.105      0.140      -0.315       0.094

 ECRAVO_1 WITH
    ECRAVO_0           0.000       0.000      1.000       0.000       0.000

 Means
    ELPT               2.440       0.205      0.000       2.044       2.848      *
    ELPR               1.737       0.163      0.000       1.423       2.063      *

 Intercepts
    SCPT               3.793       0.579      0.000       2.585       4.840      *
    CCPT              -0.286       0.524      0.295      -1.309       0.743
    SCPR               2.415       0.465      0.000       1.460       3.276      *
    CCPR              -0.597       0.382      0.062      -1.325       0.171
    PRAFPT             1.524       0.152      0.000       1.229       1.821      *
    PRAFPR             2.120       0.263      0.000       1.575       2.599      *
    PAFPT             -0.573       0.225      0.008      -0.995      -0.114      *
    PAFPR              0.000       0.000      1.000       0.000       0.000
    ECRAVO_1           2.881       0.391      0.000       2.093       3.625      *
    ECRAVO_0           2.171       0.335      0.000       1.507       2.820      *

 Variances
    ELPT               1.000       0.000      0.000       1.000       1.000
    ELPR               1.000       0.000      0.000       1.000       1.000

 Residual Variances
    SCPT               0.883       0.055      0.000       0.760       0.970      *
    CCPT               0.923       0.034      0.000       0.844       0.973      *
    SCPR               0.920       0.046      0.000       0.811       0.987      *
    CCPR               0.927       0.032      0.000       0.851       0.976      *
    PRAFPT             1.000       0.000      0.000       1.000       1.000
    PRAFPR             0.949       0.042      0.000       0.839       0.998      *
    PAFPT              0.535       0.070      0.000       0.405       0.678      *
    PAFPR              0.552       0.062      0.000       0.432       0.674      *
    ECRAVO_1           0.723       0.075      0.000       0.572       0.865      *
    ECRAVO_0           0.766       0.074      0.000       0.614       0.901      *


STDY Standardization

                                Posterior  One-Tailed         95% C.I.
                    Estimate       S.D.      P-Value   Lower 2.5%  Upper 2.5%  Significance
 CCPR       ON
    R_0                0.385       0.158      0.009       0.069       0.688      *
    AGE_0             -0.001       0.009      0.466      -0.020       0.018
    FEMALE_0          -0.155       0.151      0.154      -0.447       0.143
    ELPR               0.149       0.063      0.010       0.026       0.272      *
    PRAFPT             0.064       0.039      0.048      -0.012       0.142

 CCPT       ON
    R_1                0.182       0.145      0.107      -0.108       0.462
    AGE_1              0.019       0.012      0.059      -0.005       0.043
    FEMALE_1          -0.261       0.180      0.076      -0.606       0.097
    ELPT              -0.137       0.067      0.021      -0.272      -0.006      *
    PRAFPR             0.073       0.044      0.048      -0.013       0.160

 SCPR       ON
    R_0               -0.504       0.226      0.018      -0.917      -0.038      *
    AGE_0              0.001       0.012      0.460      -0.023       0.025
    FEMALE_0           0.281       0.201      0.087      -0.126       0.658
    ELPR               0.000       0.000      1.000       0.000       0.000
    PRAFPT             0.000       0.000      1.000       0.000       0.000

 SCPT       ON
    R_1               -0.473       0.208      0.015      -0.858      -0.046      *
    AGE_1             -0.038       0.015      0.011      -0.066      -0.006      *
    FEMALE_1           0.216       0.239      0.189      -0.263       0.670
    ELPT               0.000       0.000      1.000       0.000       0.000
    PRAFPR             0.000       0.000      1.000       0.000       0.000

 ECRAVO_0   ON
    PAFPT             -0.202       0.116      0.047      -0.420       0.033
    PAFPR              0.417       0.138      0.002       0.131       0.670      *
    PRAFPR            -0.401       0.118      0.001      -0.624      -0.161      *
    ELPR               0.288       0.091      0.002       0.099       0.458      *

 ECRAVO_1   ON
    ELPT               0.151       0.092      0.054      -0.034       0.329
    PRAFPR            -0.481       0.112      0.000      -0.692      -0.251      *
    PAFPR              0.506       0.128      0.000       0.242       0.741      *
    PAFPT             -0.367       0.104      0.000      -0.560      -0.151      *

 PRAFPT     ON
    ELPT               0.000       0.000      1.000       0.000       0.000

 PRAFPR     ON
    ELPR               0.000       0.000      1.000       0.000       0.000
    ELPT              -0.227       0.092      0.009      -0.401      -0.040      *

 PAFPT      ON
    PRAFPT             0.588       0.061      0.000       0.458       0.698      *
    SCPT               0.141       0.071      0.023       0.002       0.279      *
    CCPT               0.307       0.113      0.005       0.080       0.524      *
    SCPR               0.139       0.039      0.000       0.066       0.220      *
    CCPR               0.102       0.068      0.065      -0.031       0.236

 PAFPR      ON
    PRAFPR             0.630       0.053      0.000       0.519       0.726      *
    SCPR               0.000       0.000      1.000       0.000       0.000
    CCPR               0.000       0.000      1.000       0.000       0.000
    SCPT               0.144       0.043      0.000       0.064       0.234      *
    CCPT               0.098       0.065      0.065      -0.030       0.224

 ELPT     WITH
    ELPR               0.254       0.097      0.006       0.056       0.433      *

 PRAFPT   WITH
    PRAFPR             0.387       0.090      0.000       0.198       0.550      *

 PAFPT    WITH
    PAFPR              0.547       0.075      0.000       0.382       0.676      *

 SCPT     WITH
    CCPT               0.078       0.107      0.232      -0.133       0.284
    SCPR              -0.124       0.106      0.124      -0.326       0.089
    CCPR              -0.088       0.106      0.207      -0.293       0.123

 CCPT     WITH
    SCPR              -0.044       0.106      0.342      -0.248       0.167
    CCPR              -0.793       0.041      0.000      -0.860      -0.699      *

 SCPR     WITH
    CCPR              -0.114       0.105      0.140      -0.315       0.094

 ECRAVO_1 WITH
    ECRAVO_0           0.000       0.000      1.000       0.000       0.000

 Means
    ELPT               2.440       0.205      0.000       2.044       2.848      *
    ELPR               1.737       0.163      0.000       1.423       2.063      *

 Intercepts
    SCPT               3.793       0.579      0.000       2.585       4.840      *
    CCPT              -0.286       0.524      0.295      -1.309       0.743
    SCPR               2.415       0.465      0.000       1.460       3.276      *
    CCPR              -0.597       0.382      0.062      -1.325       0.171
    PRAFPT             1.524       0.152      0.000       1.229       1.821      *
    PRAFPR             2.120       0.263      0.000       1.575       2.599      *
    PAFPT             -0.573       0.225      0.008      -0.995      -0.114      *
    PAFPR              0.000       0.000      1.000       0.000       0.000
    ECRAVO_1           2.881       0.391      0.000       2.093       3.625      *
    ECRAVO_0           2.171       0.335      0.000       1.507       2.820      *

 Variances
    ELPT               1.000       0.000      0.000       1.000       1.000
    ELPR               1.000       0.000      0.000       1.000       1.000

 Residual Variances
    SCPT               0.883       0.055      0.000       0.760       0.970      *
    CCPT               0.923       0.034      0.000       0.844       0.973      *
    SCPR               0.920       0.046      0.000       0.811       0.987      *
    CCPR               0.927       0.032      0.000       0.851       0.976      *
    PRAFPT             1.000       0.000      0.000       1.000       1.000
    PRAFPR             0.949       0.042      0.000       0.839       0.998      *
    PAFPT              0.535       0.070      0.000       0.405       0.678      *
    PAFPR              0.552       0.062      0.000       0.432       0.674      *
    ECRAVO_1           0.723       0.075      0.000       0.572       0.865      *
    ECRAVO_0           0.766       0.074      0.000       0.614       0.901      *


STD Standardization

                                Posterior  One-Tailed         95% C.I.
                    Estimate       S.D.      P-Value   Lower 2.5%  Upper 2.5%  Significance
 CCPR       ON
    R_0               15.835       6.604      0.009       2.795      28.839      *
    AGE_0             -0.032       0.392      0.466      -0.800       0.734
    FEMALE_0          -6.385       6.240      0.154     -18.484       5.987
    ELPR               1.545       0.660      0.010       0.258       2.844      *
    PRAFPT             1.310       0.779      0.048      -0.233       2.824

 CCPT       ON
    R_1                6.396       5.159      0.107      -3.787      16.531
    AGE_1              0.673       0.435      0.059      -0.175       1.534
    FEMALE_1          -9.170       6.444      0.076     -21.852       3.367
    ELPT              -1.213       0.590      0.021      -2.373      -0.054      *
    PRAFPR             1.310       0.779      0.048      -0.233       2.824

 SCPR       ON
    R_0               -6.719       3.156      0.018     -12.862      -0.514      *
    AGE_0              0.017       0.168      0.460      -0.314       0.350
    FEMALE_0           3.743       2.758      0.087      -1.698       9.144
    ELPR               0.000       0.000      1.000       0.000       0.000
    PRAFPT             0.000       0.000      1.000       0.000       0.000

 SCPT       ON
    R_1               -5.781       2.660      0.015     -10.990      -0.567      *
    AGE_1             -0.460       0.198      0.011      -0.849      -0.070      *
    FEMALE_1           2.632       2.986      0.189      -3.261       8.484
    ELPT               0.000       0.000      1.000       0.000       0.000
    PRAFPR             0.000       0.000      1.000       0.000       0.000

 ECRAVO_0   ON
    PAFPT             -0.089       0.053      0.047      -0.193       0.015
    PAFPR              0.208       0.073      0.002       0.064       0.350      *
    PRAFPR            -0.216       0.066      0.001      -0.346      -0.086      *
    ELPR               0.077       0.026      0.002       0.026       0.127      *

 ECRAVO_1   ON
    ELPT               0.037       0.023      0.054      -0.008       0.082
    PRAFPR            -0.239       0.059      0.000      -0.354      -0.122      *
    PAFPR              0.232       0.063      0.000       0.109       0.357      *
    PAFPT             -0.150       0.045      0.000      -0.238      -0.061      *

 PRAFPT     ON
    ELPT               0.000       0.000      1.000       0.000       0.000

 PRAFPR     ON
    ELPR               0.000       0.000      1.000       0.000       0.000
    ELPT              -0.111       0.046      0.009      -0.201      -0.020      *

 PAFPT      ON
    PRAFPT             0.691       0.079      0.000       0.535       0.848      *
    SCPT               0.027       0.014      0.023       0.000       0.054      *
    CCPT               0.021       0.008      0.005       0.005       0.036      *
    SCPR               0.025       0.007      0.000       0.012       0.038      *
    CCPR               0.006       0.004      0.065      -0.002       0.014

 PAFPR      ON
    PRAFPR             0.678       0.061      0.000       0.558       0.799      *
    SCPR               0.000       0.000      1.000       0.000       0.000
    CCPR               0.000       0.000      1.000       0.000       0.000
    SCPT               0.025       0.007      0.000       0.012       0.038      *
    CCPT               0.006       0.004      0.065      -0.002       0.014

 ELPT     WITH
    ELPR               0.254       0.097      0.006       0.056       0.433      *

 PRAFPT   WITH
    PRAFPR             0.387       0.090      0.000       0.198       0.550      *

 PAFPT    WITH
    PAFPR              0.547       0.075      0.000       0.382       0.676      *

 SCPT     WITH
    CCPT               0.078       0.107      0.232      -0.133       0.284
    SCPR              -0.124       0.106      0.124      -0.326       0.089
    CCPR              -0.088       0.106      0.207      -0.293       0.123

 CCPT     WITH
    SCPR              -0.044       0.106      0.342      -0.248       0.167
    CCPR              -0.793       0.041      0.000      -0.860      -0.699      *

 SCPR     WITH
    CCPR              -0.114       0.105      0.140      -0.315       0.094

 ECRAVO_1 WITH
    ECRAVO_0           0.000       0.000      1.000       0.000       0.000

 Means
    ELPT               9.726       0.402      0.000       8.936      10.514      *
    ELPR               6.903       0.406      0.000       6.109       7.707      *

 Intercepts
    SCPT              46.348       7.158      0.000      32.325      60.335      *
    CCPT             -10.023      18.587      0.295     -46.353      26.235
    SCPR              32.164       5.974      0.000      20.410      43.751      *
    CCPR             -24.509      16.032      0.062     -55.857       6.947
    PRAFPT             3.075       0.206      0.000       2.672       3.482      *
    PRAFPR             4.151       0.489      0.000       3.186       5.100      *
    PAFPT             -1.358       0.563      0.008      -2.474      -0.263      *
    PAFPR              0.000       0.000      1.000       0.000       0.000
    ECRAVO_1           2.804       0.319      0.000       2.172       3.424      *
    ECRAVO_0           2.294       0.286      0.000       1.731       2.854      *

 Variances
    ELPT              15.884       2.412      0.000      12.104      21.503      *
    ELPR              15.782       2.405      0.000      11.982      21.387      *

 Residual Variances
    SCPT             131.940      20.796      0.000      99.293     180.680      *
    CCPT            1136.385     180.953      0.000     855.315    1564.109      *
    SCPR             163.493      25.920      0.000     123.230     224.331      *
    CCPR            1560.216     248.022      0.000    1176.716    2142.947      *
    PRAFPT             4.069       0.624      0.000       3.089       5.532      *
    PRAFPR             3.624       0.559      0.000       2.741       4.919      *
    PAFPT              3.015       0.476      0.000       2.270       4.129      *
    PAFPR              2.463       0.380      0.000       1.860       3.353      *
    ECRAVO_1           0.684       0.104      0.000       0.518       0.925      *
    ECRAVO_0           0.854       0.134      0.000       0.644       1.167      *


R-SQUARE

                                Posterior  One-Tailed         95% C.I.
    Variable        Estimate       S.D.      P-Value   Lower 2.5%  Upper 2.5%

    SCPT               0.117       0.055      0.000       0.030       0.240
    CCPT               0.077       0.034      0.000       0.027       0.156
    SCPR               0.080       0.046      0.000       0.013       0.189
    CCPR               0.073       0.032      0.000       0.024       0.149
    PRAFPT             0.000       0.000      1.000       0.000       0.000
    PRAFPR             0.051       0.042      0.000       0.002       0.161
    PAFPT              0.465       0.070      0.000       0.322       0.595
    PAFPR              0.448       0.062      0.000       0.326       0.568
    ECRAVO_1           0.277       0.075      0.000       0.135       0.428
    ECRAVO_0           0.234       0.074      0.000       0.099       0.386


     Beginning Time:  13:14:54
        Ending Time:  13:15:23
       Elapsed Time:  00:00:29



MUTHEN & MUTHEN
3463 Stoner Ave.
Los Angeles, CA  90066

Tel: (310) 391-9971
Fax: (310) 391-8971
Web: www.StatModel.com
Support: Support@StatModel.com

Copyright (c) 1998-2017 Muthen & Muthen
