Mplus VERSION 8 (Mac)
MUTHEN & MUTHEN
01/16/2019  11:50 PM

INPUT INSTRUCTIONS

  TITLE:
  Testing
  DATA:
  FILE = "../df67.dat";

  VARIABLE:
  VARIABLE:
  NAMES = PTNUM scpt ccpt scpr ccpr ECRanx_1 ECRanx_0 prnapt prnapr pnapt pnapr
  elpt elpr cmpt cmpr prafpt prafpr pafpt pafpr ECRavo_0 ECRavo_1 whichdf_num id;
   MISSING=.;
  USEVARIABLES = ECRavo_0 ECRavo_1 scpt ccpt scpr ccpr prnapt
  prnapr pnapt pnapr cmpt cmpr id;
  IDVARIABLE IS id;
  ANALYSIS:
  ESTIMATOR=BAYES; PROCESSORS = 2;BITERATIONS = (30000);
  !ESTIMATOR = MLR;
  MODEL:
  ECRavo_1 ON pnapt* (q);
  ECRavo_1 ON pnapr;
  !ECRavo_0 ON pnapt;
  ECRavo_0 ON pnapr;
  [ECRavo_1];
  [ECRavo_0];
  ECRavo_1 WITH ECRavo_1;
  ECRavo_0 WITH ECRavo_0;
  ECRavo_1 WITH ECRavo_0;
  prnapt ON cmpt@0;
  prnapr ON cmpr@0;
  scpr ON cmpr@0;
  ccpr ON cmpr@0;
  scpt ON cmpt@0;
  ccpt ON cmpt* (x);
  prnapt WITH prnapr;
  pnapt WITH pnapr;
  pnapt ON prnapt;
  pnapt ON scpt@0;
  pnapt ON ccpt* (c);
  pnapr ON prnapr;
  pnapr ON scpr@0;
  pnapr ON ccpr* (d);
  scpt ON prnapt@0;
  scpr ON prnapr@0;
  ccpt ON prnapt* (b1);
  ccpr ON prnapr* (b1);
  scpt WITH ccpt;
  scpt WITH scpr;
  scpt WITH ccpr;
  scpr WITH ccpt;
  ccpt WITH ccpr;
  scpr WITH ccpr;
  scpt WITH scpt;
  scpr WITH scpr;
  ccpt WITH ccpt;
  ccpr WITH ccpr;
  prnapt WITH prnapt;
  prnapr WITH prnapr;
  pnapt WITH pnapt;
  pnapr WITH pnapr;
  cmpt WITH cmpt;
  cmpr WITH cmpr;
  cmpr WITH cmpt@0;
  [scpt];
  [scpr];
  [ccpt];
  [ccpr];
  [prnapt];
  [prnapr];
  [pnapt];
  [pnapr];
  [cmpt];
  [cmpr];
  PRNAPR   WITH PRNAPT;
  MODEL CONSTRAINT:
  NEW ( b1c xc qxc);!b1d hb1c whb1c uhc );
  b1c = b1*c;
  qxc = q*x*c;
  !hb1c = h*b1*c;
  !whb1c = w*h*b1*c;
  !uhc = u*h*c;
  xc = x*c;



  OUTPUT:
  STANDARDIZED; ! MODINDICES(ALL 5);



INPUT READING TERMINATED NORMALLY




Testing

SUMMARY OF ANALYSIS

Number of groups                                                 1
Number of observations                                          99

Number of dependent variables                                   10
Number of independent variables                                  2
Number of continuous latent variables                            0

Observed dependent variables

  Continuous
   ECRAVO_0    ECRAVO_1    SCPT        CCPT        SCPR        CCPR
   PRNAPT      PRNAPR      PNAPT       PNAPR

Observed independent variables
   CMPT        CMPR

Variables with special functions

  ID variable           ID

Estimator                                                    BAYES
Specifications for Bayesian Estimation
  Point estimate                                            MEDIAN
  Number of Markov chain Monte Carlo (MCMC) chains               2
  Random seed for the first chain                                0
  Starting value information                           UNPERTURBED
  Treatment of categorical mediator                         LATENT
  Algorithm used for Markov chain Monte Carlo           GIBBS(PX1)
  Convergence criterion                                  0.500D-01
  Maximum number of iterations                               50000
  K-th iteration used for thinning                               1

Input data file(s)
  ../df67.dat
Input data format  FREE


SUMMARY OF DATA



COVARIANCE COVERAGE OF DATA

Minimum covariance coverage value   0.100

     Number of missing data patterns             3


     PROPORTION OF DATA PRESENT


           Covariance Coverage
              ECRAVO_0      ECRAVO_1      SCPT          CCPT          SCPR
              ________      ________      ________      ________      ________
 ECRAVO_0       0.990
 ECRAVO_1       0.990         1.000
 SCPT           0.990         1.000         1.000
 CCPT           0.990         1.000         1.000         1.000
 SCPR           0.990         1.000         1.000         1.000         1.000
 CCPR           0.990         1.000         1.000         1.000         1.000
 PRNAPT         0.990         1.000         1.000         1.000         1.000
 PRNAPR         0.990         1.000         1.000         1.000         1.000
 PNAPT          0.980         0.990         0.990         0.990         0.990
 PNAPR          0.990         1.000         1.000         1.000         1.000
 CMPT           0.990         1.000         1.000         1.000         1.000
 CMPR           0.990         0.990         0.990         0.990         0.990


           Covariance Coverage
              CCPR          PRNAPT        PRNAPR        PNAPT         PNAPR
              ________      ________      ________      ________      ________
 CCPR           1.000
 PRNAPT         1.000         1.000
 PRNAPR         1.000         1.000         1.000
 PNAPT          0.990         0.990         0.990         0.990
 PNAPR          1.000         1.000         1.000         0.990         1.000
 CMPT           1.000         1.000         1.000         0.990         1.000
 CMPR           0.990         0.990         0.990         0.980         0.990


           Covariance Coverage
              CMPT          CMPR
              ________      ________
 CMPT           1.000
 CMPR           0.990         0.990



UNIVARIATE SAMPLE STATISTICS


     UNIVARIATE HIGHER-ORDER MOMENT DESCRIPTIVE STATISTICS

         Variable/         Mean/     Skewness/   Minimum/ % with                Percentiles
        Sample Size      Variance    Kurtosis    Maximum  Min/Max      20%/60%    40%/80%    Median

     ECRAVO_0              2.540       0.713       1.000    1.02%       1.556      2.167      2.306
              98.000       0.997       0.008       5.667    1.02%       2.667      3.500
     ECRAVO_1              2.738       0.317       1.000    1.01%       1.944      2.333      2.722
              99.000       0.849      -0.476       5.444    1.01%       3.000      3.611
     SCPT                 30.559       0.551       7.450    1.01%      19.197     26.648     29.841
              99.000     129.762      -0.204      58.807    1.01%      31.821     39.920
     CCPT                 -0.890      -0.259     -81.685    1.01%     -26.415     -7.559      2.881
              99.000    1013.048       0.128      80.417    1.01%       8.529     24.280
     SCPR                 28.538       0.567       9.085    1.01%      16.451     24.118     27.494
              99.000     153.716      -0.221      66.121    1.01%      29.684     39.272
     CCPR                 -0.283      -0.178    -116.491    1.01%     -27.251     -8.605     -2.107
              99.000    1435.257       0.411      79.366    1.01%       5.588     28.790
     PRNAPT               16.030       1.450      10.000   13.13%      11.000     13.000     14.000
              99.000      31.928       2.460      39.000    1.01%      16.000     20.000
     PRNAPR               13.621       1.725      10.000   24.24%      10.000     11.000     12.000
              99.000      17.354       3.160      31.000    1.01%      13.000     16.000
     PNAPT                17.803       1.082      10.000   16.33%      11.000     13.000     16.000
              98.000      55.916       1.241      47.000    1.02%      19.000     24.000
     PNAPR                14.380       1.080      10.000   36.36%      10.000     11.000     12.000
              99.000      27.507      -0.070      30.000    1.01%      13.000     20.000
     CMPT                  1.140       0.179      -6.169    1.01%      -1.444      0.366      0.866
              99.000       9.104      -0.160       8.225    1.01%       1.884      3.207
     CMPR                  1.003       0.174      -7.742    1.02%      -1.030      0.250      0.713
              98.000       7.311       0.888       8.285    1.02%       1.397      2.957


THE MODEL ESTIMATION TERMINATED NORMALLY

     USE THE FBITERATIONS OPTION TO INCREASE THE NUMBER OF ITERATIONS BY A FACTOR
     OF AT LEAST TWO TO CHECK CONVERGENCE AND THAT THE PSR VALUE DOES NOT INCREASE.



MODEL FIT INFORMATION

Number of Free Parameters                              42

Bayesian Posterior Predictive Checking using Chi-Square

          95% Confidence Interval for the Difference Between
          the Observed and the Replicated Chi-Square Values

                                -25.357            42.330

          Posterior Predictive P-Value              0.301

Information Criteria

          Deviance (DIC)                         7340.293
          Estimated Number of Parameters (pD)      40.122
          Bayesian (BIC)                         7451.706



MODEL RESULTS

                                Posterior  One-Tailed         95% C.I.
                    Estimate       S.D.      P-Value   Lower 2.5%  Upper 2.5%  Significance

 ECRAVO_1   ON
    PNAPT              0.021       0.014      0.062      -0.006       0.048
    PNAPR             -0.024       0.019      0.112      -0.062       0.014

 ECRAVO_0   ON
    PNAPR              0.025       0.020      0.097      -0.014       0.064

 PRNAPT     ON
    CMPT               0.000       0.000      1.000       0.000       0.000

 PRNAPR     ON
    CMPR               0.000       0.000      1.000       0.000       0.000

 SCPR       ON
    CMPR               0.000       0.000      1.000       0.000       0.000
    PRNAPR             0.000       0.000      1.000       0.000       0.000

 CCPR       ON
    CMPR               0.000       0.000      1.000       0.000       0.000
    PRNAPR            -1.036       0.276      0.000      -1.575      -0.493      *

 SCPT       ON
    CMPT               0.000       0.000      1.000       0.000       0.000
    PRNAPT             0.000       0.000      1.000       0.000       0.000

 CCPT       ON
    CMPT              -2.182       0.656      0.000      -3.479      -0.892      *
    PRNAPT            -1.036       0.276      0.000      -1.575      -0.493      *

 PNAPT      ON
    PRNAPT             0.798       0.102      0.000       0.600       1.000      *
    SCPT               0.000       0.000      1.000       0.000       0.000
    CCPT              -0.040       0.019      0.018      -0.078      -0.003      *

 PNAPR      ON
    PRNAPR             0.701       0.107      0.000       0.492       0.911      *
    SCPR               0.000       0.000      1.000       0.000       0.000
    CCPR               0.011       0.012      0.184      -0.013       0.034

 ECRAVO_1 WITH
    ECRAVO_0           0.121       0.107      0.120      -0.083       0.343

 PRNAPT   WITH
    PRNAPR             8.158       2.804      0.001       3.303      14.359      *

 PNAPT    WITH
    PNAPR              7.090       2.924      0.004       1.924      13.397      *

 SCPT     WITH
    CCPT              13.247      41.801      0.372     -68.076      97.417
    SCPR             -22.530      17.260      0.085     -58.899       9.917
    CCPR             -31.122      51.725      0.261    -136.600      66.848

 SCPR     WITH
    CCPT              19.829      45.093      0.319     -66.670     111.312
    CCPR             -81.577      56.457      0.060    -200.834      22.963

 CCPT     WITH
    CCPR            -974.266     174.010      0.000   -1380.236    -701.644      *

 CMPT     WITH
    CMPR               0.000       0.000      1.000       0.000       0.000

 Means
    CMPT               1.138       0.310      0.000       0.528       1.753      *
    CMPR               1.003       0.281      0.000       0.456       1.558      *

 Intercepts
    ECRAVO_0           2.176       0.304      0.000       1.576       2.771      *
    ECRAVO_1           2.709       0.313      0.000       2.096       3.325      *
    SCPT              30.565       1.212      0.000      28.166      32.940      *
    CCPT              18.193       5.512      0.001       7.387      29.026      *
    SCPR              28.539       1.327      0.000      25.926      31.162      *
    CCPR              13.928       5.486      0.006       2.964      24.585      *
    PRNAPT            16.028       0.589      0.000      14.874      17.187      *
    PRNAPR            13.618       0.436      0.000      12.762      14.466      *
    PNAPT              4.875       1.737      0.003       1.457       8.268      *
    PNAPR              4.827       1.522      0.001       1.835       7.797      *

 Variances
    CMPT               9.445       1.417      0.000       7.203      12.756      *
    CMPR               7.599       1.143      0.000       5.788      10.218      *

 Residual Variances
    ECRAVO_0           1.050       0.159      0.000       0.800       1.418      *
    ECRAVO_1           0.887       0.135      0.000       0.675       1.202      *
    SCPT             144.054      22.442      0.000     108.586     196.724      *
    CCPT            1011.600     158.062      0.000     763.836    1378.724      *
    SCPR             170.198      26.387      0.000     129.420     231.318      *
    CCPR            1547.795     239.977      0.000    1172.686    2111.132      *
    PRNAPT            33.867       5.138      0.000      25.714      45.716      *
    PRNAPR            18.406       2.770      0.000      14.033      24.764      *
    PNAPT             33.712       5.187      0.000      25.487      45.744      *
    PNAPR             20.075       3.056      0.000      15.251      27.088      *

New/Additional Parameters
    B1C                0.039       0.024      0.018       0.003       0.094      *
    XC                 0.082       0.051      0.018       0.004       0.203      *
    QXC                0.001       0.002      0.077      -0.001       0.006


STANDARDIZED MODEL RESULTS


STDYX Standardization

                                Posterior  One-Tailed         95% C.I.
                    Estimate       S.D.      P-Value   Lower 2.5%  Upper 2.5%  Significance
 ECRAVO_1   ON
    PNAPT              0.168       0.107      0.062      -0.047       0.371
    PNAPR             -0.134       0.107      0.112      -0.336       0.081

 ECRAVO_0   ON
    PNAPR              0.134       0.101      0.097      -0.071       0.325

 PRNAPT     ON
    CMPT               0.000       0.000      1.000       0.000       0.000

 PRNAPR     ON
    CMPR               0.000       0.000      1.000       0.000       0.000

 SCPR       ON
    CMPR               0.000       0.000      1.000       0.000       0.000
    PRNAPR             0.000       0.000      1.000       0.000       0.000

 CCPR       ON
    CMPR               0.000       0.000      1.000       0.000       0.000
    PRNAPR            -0.112       0.032      0.000      -0.178      -0.053      *

 SCPT       ON
    CMPT               0.000       0.000      1.000       0.000       0.000
    PRNAPT             0.000       0.000      1.000       0.000       0.000

 CCPT       ON
    CMPT              -0.202       0.062      0.000      -0.328      -0.081      *
    PRNAPT            -0.181       0.050      0.000      -0.283      -0.086      *

 PNAPT      ON
    PRNAPT             0.601       0.065      0.000       0.463       0.715      *
    SCPT               0.000       0.000      1.000       0.000       0.000
    CCPT              -0.172       0.081      0.018      -0.328      -0.012      *

 PNAPR      ON
    PRNAPR             0.557       0.072      0.000       0.401       0.683      *
    SCPR               0.000       0.000      1.000       0.000       0.000
    CCPR               0.079       0.086      0.184      -0.093       0.245

 ECRAVO_1 WITH
    ECRAVO_0           0.127       0.105      0.120      -0.086       0.326

 PRNAPT   WITH
    PRNAPR             0.331       0.092      0.001       0.139       0.498      *

 PNAPT    WITH
    PNAPR              0.275       0.097      0.004       0.076       0.456      *

 SCPT     WITH
    CCPT               0.035       0.105      0.372      -0.171       0.241
    SCPR              -0.146       0.103      0.085      -0.342       0.063
    CCPR              -0.067       0.105      0.261      -0.270       0.139

 SCPR     WITH
    CCPT               0.048       0.104      0.319      -0.155       0.252
    CCPR              -0.161       0.102      0.060      -0.354       0.045

 CCPT     WITH
    CCPR              -0.782       0.042      0.000      -0.851      -0.688      *

 CMPT     WITH
    CMPR               0.000       0.000      1.000       0.000       0.000

 Means
    CMPT               0.371       0.104      0.000       0.167       0.576      *
    CMPR               0.364       0.105      0.000       0.161       0.569      *

 Intercepts
    ECRAVO_0           2.104       0.349      0.000       1.404       2.776      *
    ECRAVO_1           2.808       0.379      0.000       2.045       3.515      *
    SCPT               2.548       0.215      0.000       2.133       2.977      *
    CCPT               0.548       0.165      0.001       0.221       0.866      *
    SCPR               2.189       0.193      0.000       1.813       2.566      *
    CCPR               0.350       0.140      0.006       0.074       0.624      *
    PRNAPT             2.754       0.226      0.000       2.320       3.205      *
    PRNAPR             3.173       0.253      0.000       2.688       3.680      *
    PNAPT              0.628       0.251      0.003       0.171       1.149      *
    PNAPR              0.891       0.320      0.001       0.306       1.557      *

 Variances
    CMPT               1.000       0.000      0.000       1.000       1.000
    CMPR               1.000       0.000      0.000       1.000       1.000

 Residual Variances
    ECRAVO_0           0.982       0.029      0.000       0.894       1.000      *
    ECRAVO_1           0.956       0.041      0.000       0.847       0.998      *
    SCPT               1.000       0.000      0.000       1.000       1.000
    CCPT               0.923       0.032      0.000       0.847       0.972      *
    SCPR               1.000       0.000      0.000       1.000       1.000
    CCPR               0.988       0.008      0.000       0.968       0.997      *
    PRNAPT             1.000       0.000      0.000       1.000       1.000
    PRNAPR             1.000       0.000      0.000       1.000       1.000
    PNAPT              0.564       0.074      0.000       0.424       0.714      *
    PNAPR              0.686       0.077      0.000       0.534       0.833      *


STDY Standardization

                                Posterior  One-Tailed         95% C.I.
                    Estimate       S.D.      P-Value   Lower 2.5%  Upper 2.5%  Significance
 ECRAVO_1   ON
    PNAPT              0.168       0.107      0.062      -0.047       0.371
    PNAPR             -0.134       0.107      0.112      -0.336       0.081

 ECRAVO_0   ON
    PNAPR              0.134       0.101      0.097      -0.071       0.325

 PRNAPT     ON
    CMPT               0.000       0.000      1.000       0.000       0.000

 PRNAPR     ON
    CMPR               0.000       0.000      1.000       0.000       0.000

 SCPR       ON
    CMPR               0.000       0.000      1.000       0.000       0.000
    PRNAPR             0.000       0.000      1.000       0.000       0.000

 CCPR       ON
    CMPR               0.000       0.000      1.000       0.000       0.000
    PRNAPR            -0.112       0.032      0.000      -0.178      -0.053      *

 SCPT       ON
    CMPT               0.000       0.000      1.000       0.000       0.000
    PRNAPT             0.000       0.000      1.000       0.000       0.000

 CCPT       ON
    CMPT              -0.202       0.062      0.000      -0.328      -0.081      *
    PRNAPT            -0.181       0.050      0.000      -0.283      -0.086      *

 PNAPT      ON
    PRNAPT             0.601       0.065      0.000       0.463       0.715      *
    SCPT               0.000       0.000      1.000       0.000       0.000
    CCPT              -0.172       0.081      0.018      -0.328      -0.012      *

 PNAPR      ON
    PRNAPR             0.557       0.072      0.000       0.401       0.683      *
    SCPR               0.000       0.000      1.000       0.000       0.000
    CCPR               0.079       0.086      0.184      -0.093       0.245

 ECRAVO_1 WITH
    ECRAVO_0           0.127       0.105      0.120      -0.086       0.326

 PRNAPT   WITH
    PRNAPR             0.331       0.092      0.001       0.139       0.498      *

 PNAPT    WITH
    PNAPR              0.275       0.097      0.004       0.076       0.456      *

 SCPT     WITH
    CCPT               0.035       0.105      0.372      -0.171       0.241
    SCPR              -0.146       0.103      0.085      -0.342       0.063
    CCPR              -0.067       0.105      0.261      -0.270       0.139

 SCPR     WITH
    CCPT               0.048       0.104      0.319      -0.155       0.252
    CCPR              -0.161       0.102      0.060      -0.354       0.045

 CCPT     WITH
    CCPR              -0.782       0.042      0.000      -0.851      -0.688      *

 CMPT     WITH
    CMPR               0.000       0.000      1.000       0.000       0.000

 Means
    CMPT               0.371       0.104      0.000       0.167       0.576      *
    CMPR               0.364       0.105      0.000       0.161       0.569      *

 Intercepts
    ECRAVO_0           2.104       0.349      0.000       1.404       2.776      *
    ECRAVO_1           2.808       0.379      0.000       2.045       3.515      *
    SCPT               2.548       0.215      0.000       2.133       2.977      *
    CCPT               0.548       0.165      0.001       0.221       0.866      *
    SCPR               2.189       0.193      0.000       1.813       2.566      *
    CCPR               0.350       0.140      0.006       0.074       0.624      *
    PRNAPT             2.754       0.226      0.000       2.320       3.205      *
    PRNAPR             3.173       0.253      0.000       2.688       3.680      *
    PNAPT              0.628       0.251      0.003       0.171       1.149      *
    PNAPR              0.891       0.320      0.001       0.306       1.557      *

 Variances
    CMPT               1.000       0.000      0.000       1.000       1.000
    CMPR               1.000       0.000      0.000       1.000       1.000

 Residual Variances
    ECRAVO_0           0.982       0.029      0.000       0.894       1.000      *
    ECRAVO_1           0.956       0.041      0.000       0.847       0.998      *
    SCPT               1.000       0.000      0.000       1.000       1.000
    CCPT               0.923       0.032      0.000       0.847       0.972      *
    SCPR               1.000       0.000      0.000       1.000       1.000
    CCPR               0.988       0.008      0.000       0.968       0.997      *
    PRNAPT             1.000       0.000      0.000       1.000       1.000
    PRNAPR             1.000       0.000      0.000       1.000       1.000
    PNAPT              0.564       0.074      0.000       0.424       0.714      *
    PNAPR              0.686       0.077      0.000       0.534       0.833      *


STD Standardization

                                Posterior  One-Tailed         95% C.I.
                    Estimate       S.D.      P-Value   Lower 2.5%  Upper 2.5%  Significance
 ECRAVO_1   ON
    PNAPT              0.021       0.014      0.062      -0.006       0.048
    PNAPR             -0.024       0.019      0.112      -0.062       0.014

 ECRAVO_0   ON
    PNAPR              0.025       0.020      0.097      -0.014       0.064

 PRNAPT     ON
    CMPT               0.000       0.000      1.000       0.000       0.000

 PRNAPR     ON
    CMPR               0.000       0.000      1.000       0.000       0.000

 SCPR       ON
    CMPR               0.000       0.000      1.000       0.000       0.000
    PRNAPR             0.000       0.000      1.000       0.000       0.000

 CCPR       ON
    CMPR               0.000       0.000      1.000       0.000       0.000
    PRNAPR            -1.036       0.276      0.000      -1.575      -0.493      *

 SCPT       ON
    CMPT               0.000       0.000      1.000       0.000       0.000
    PRNAPT             0.000       0.000      1.000       0.000       0.000

 CCPT       ON
    CMPT              -2.182       0.656      0.000      -3.479      -0.892      *
    PRNAPT            -1.036       0.276      0.000      -1.575      -0.493      *

 PNAPT      ON
    PRNAPT             0.798       0.102      0.000       0.600       1.000      *
    SCPT               0.000       0.000      1.000       0.000       0.000
    CCPT              -0.040       0.019      0.018      -0.078      -0.003      *

 PNAPR      ON
    PRNAPR             0.701       0.107      0.000       0.492       0.911      *
    SCPR               0.000       0.000      1.000       0.000       0.000
    CCPR               0.011       0.012      0.184      -0.013       0.034

 ECRAVO_1 WITH
    ECRAVO_0           0.127       0.105      0.120      -0.086       0.326

 PRNAPT   WITH
    PRNAPR             0.331       0.092      0.001       0.139       0.498      *

 PNAPT    WITH
    PNAPR              0.275       0.097      0.004       0.076       0.456      *

 SCPT     WITH
    CCPT               0.035       0.105      0.372      -0.171       0.241
    SCPR              -0.146       0.103      0.085      -0.342       0.063
    CCPR              -0.067       0.105      0.261      -0.270       0.139

 SCPR     WITH
    CCPT               0.048       0.104      0.319      -0.155       0.252
    CCPR              -0.161       0.102      0.060      -0.354       0.045

 CCPT     WITH
    CCPR              -0.782       0.042      0.000      -0.851      -0.688      *

 CMPT     WITH
    CMPR               0.000       0.000      1.000       0.000       0.000

 Means
    CMPT               1.138       0.310      0.000       0.528       1.753      *
    CMPR               1.003       0.281      0.000       0.456       1.558      *

 Intercepts
    ECRAVO_0           2.176       0.304      0.000       1.576       2.771      *
    ECRAVO_1           2.709       0.313      0.000       2.096       3.325      *
    SCPT              30.565       1.212      0.000      28.166      32.940      *
    CCPT              18.193       5.512      0.001       7.387      29.026      *
    SCPR              28.539       1.327      0.000      25.926      31.162      *
    CCPR              13.928       5.486      0.006       2.964      24.585      *
    PRNAPT            16.028       0.589      0.000      14.874      17.187      *
    PRNAPR            13.618       0.436      0.000      12.762      14.466      *
    PNAPT              4.875       1.737      0.003       1.457       8.268      *
    PNAPR              4.827       1.522      0.001       1.835       7.797      *

 Variances
    CMPT               9.445       1.417      0.000       7.203      12.756      *
    CMPR               7.599       1.143      0.000       5.788      10.218      *

 Residual Variances
    ECRAVO_0           1.050       0.159      0.000       0.800       1.418      *
    ECRAVO_1           0.887       0.135      0.000       0.675       1.202      *
    SCPT             144.054      22.442      0.000     108.586     196.724      *
    CCPT            1011.600     158.062      0.000     763.836    1378.724      *
    SCPR             170.198      26.387      0.000     129.420     231.318      *
    CCPR            1547.795     239.977      0.000    1172.686    2111.132      *
    PRNAPT            33.867       5.138      0.000      25.714      45.716      *
    PRNAPR            18.406       2.770      0.000      14.033      24.764      *
    PNAPT             33.712       5.187      0.000      25.487      45.744      *
    PNAPR             20.075       3.056      0.000      15.251      27.088      *


R-SQUARE

                                Posterior  One-Tailed         95% C.I.
    Variable        Estimate       S.D.      P-Value   Lower 2.5%  Upper 2.5%

    ECRAVO_0           0.018       0.029      0.000       0.000       0.106
    ECRAVO_1           0.044       0.041      0.000       0.002       0.153
    SCPT               0.000       0.000      1.000       0.000       0.000
    CCPT               0.077       0.032      0.000       0.028       0.153
    SCPR               0.000       0.000      1.000       0.000       0.000
    CCPR               0.012       0.008      0.000       0.003       0.032
    PRNAPT             0.000       0.000      1.000       0.000       0.000
    PRNAPR             0.000       0.000      1.000       0.000       0.000
    PNAPT              0.436       0.074      0.000       0.286       0.576
    PNAPR              0.314       0.077      0.000       0.167       0.466


     Beginning Time:  23:50:40
        Ending Time:  23:50:48
       Elapsed Time:  00:00:08



MUTHEN & MUTHEN
3463 Stoner Ave.
Los Angeles, CA  90066

Tel: (310) 391-9971
Fax: (310) 391-8971
Web: www.StatModel.com
Support: Support@StatModel.com

Copyright (c) 1998-2017 Muthen & Muthen
