Mplus VERSION 8 (Mac)
MUTHEN & MUTHEN
12/11/2018   3:47 PM

INPUT INSTRUCTIONS

  TITLE:
  Aff ->Coreg -> Aff ->Anx. BSEM. Using data set with 99 cases;
  DATA:
  FILE = "../df67.dat";

  VARIABLE:
  NAMES = PTNUM scpt ccpt scpr ccpr ECRanx_1 ECRanx_0 prnapt prnapr pnapt pnapr
  elpt elpr cmpt cmpr prafpt prafpr pafpt pafpr ECRavo_0 ECRavo_1 whichdf_num id;
  MISSING=.;
  USEVARIABLES = scpt ccpt scpr ccpr prafpt prafpr ECRanx_0 ECRanx_1
  pafpt pafpr;

  ANALYSIS:
  ESTIMATOR=BAYES; PROCESSORS = 2;BITERATIONS = (30000);
  !ESTIMATOR = MLR;

  MODEL:
  ECRanx_0 ON pafpt* (h);
  ECRanx_1 ON pafpr* (h);
  ECRanx_1 ON pafpt* (k);
  ECRanx_0 ON pafpr* (k);
  pafpt WITH pafpr;
  pafpt ON prafpt;
  pafpt ON scpt* (a1);
  pafpt ON ccpt* (a3);
  pafpt ON scpr* (a5);
  pafpt ON ccpr* (a7);
  pafpr ON prafpr;
  pafpr ON scpr@0;
  pafpr ON ccpr@0;
  pafpr ON scpt* (a5);
  pafpr ON ccpt* (a7);
  scpr ON prafpt@0;
  scpt ON prafpr@0;
  ccpt ON prafpr* (b7);
  ccpr ON prafpt* (b7);
  scpt WITH ccpt;
  scpt WITH scpr;
  scpt WITH ccpr;
  ccpt WITH scpr;
  ccpt WITH ccpr;
  scpr WITH ccpr;
  scpt WITH scpt;
  ccpt WITH ccpt;
  scpr WITH scpr;
  ccpr WITH ccpr;
  prafpt WITH prafpt;
  prafpr WITH prafpr;
  pafpt WITH pafpt;
  pafpr WITH pafpr;
  [scpt];
  [ccpt];
  [scpr];
  [ccpr];
  [prafpt];
  [prafpr];
  [pafpt];
  [pafpr@0];

  ECRanx_0 WITH ECRanx_0;
  ECRanx_1 WITH ECRanx_1;
  ECRanx_0 WITH ECRanx_1@0;
  [ECRanx_0];
  [ECRanx_1];

  MODEL CONSTRAINT:
  NEW ( ha3 ka3 a3b7); !a7b7 a4b7); !zka3 );
  ha3 = h*a3;
  ka3 = k*a3;
  a3b7 = a3*b7;
  !a7b7 = a7*b7;
  !a4b7 = a4*b7;
  !zka3 = z*k*a3;

  !OUTPUT:
  !STANDARDIZED;  MODINDICES(ALL 5);



INPUT READING TERMINATED NORMALLY




Aff ->Coreg -> Aff ->Anx. BSEM. Using data set with 99 cases;

SUMMARY OF ANALYSIS

Number of groups                                                 1
Number of observations                                          99

Number of dependent variables                                    8
Number of independent variables                                  2
Number of continuous latent variables                            0

Observed dependent variables

  Continuous
   SCPT        CCPT        SCPR        CCPR        ECRANX_0    ECRANX_1
   PAFPT       PAFPR

Observed independent variables
   PRAFPT      PRAFPR


Estimator                                                    BAYES
Specifications for Bayesian Estimation
  Point estimate                                            MEDIAN
  Number of Markov chain Monte Carlo (MCMC) chains               2
  Random seed for the first chain                                0
  Starting value information                           UNPERTURBED
  Treatment of categorical mediator                         LATENT
  Algorithm used for Markov chain Monte Carlo           GIBBS(PX1)
  Convergence criterion                                  0.500D-01
  Maximum number of iterations                               50000
  K-th iteration used for thinning                               1

Input data file(s)
  ../df67.dat
Input data format  FREE


SUMMARY OF DATA



COVARIANCE COVERAGE OF DATA

Minimum covariance coverage value   0.100

     Number of missing data patterns             5


     PROPORTION OF DATA PRESENT


           Covariance Coverage
              SCPT          CCPT          SCPR          CCPR          ECRANX_0
              ________      ________      ________      ________      ________
 SCPT           1.000
 CCPT           1.000         1.000
 SCPR           1.000         1.000         1.000
 CCPR           1.000         1.000         1.000         1.000
 ECRANX_0       0.990         0.990         0.990         0.990         0.990
 ECRANX_1       1.000         1.000         1.000         1.000         0.990
 PAFPT          0.970         0.970         0.970         0.970         0.960
 PAFPR          0.980         0.980         0.980         0.980         0.970
 PRAFPT         0.990         0.990         0.990         0.990         0.980
 PRAFPR         0.990         0.990         0.990         0.990         0.980


           Covariance Coverage
              ECRANX_1      PAFPT         PAFPR         PRAFPT        PRAFPR
              ________      ________      ________      ________      ________
 ECRANX_1       1.000
 PAFPT          0.970         0.970
 PAFPR          0.980         0.970         0.980
 PRAFPT         0.990         0.970         0.980         0.990
 PRAFPR         0.990         0.970         0.980         0.990         0.990



UNIVARIATE SAMPLE STATISTICS


     UNIVARIATE HIGHER-ORDER MOMENT DESCRIPTIVE STATISTICS

         Variable/         Mean/     Skewness/   Minimum/ % with                Percentiles
        Sample Size      Variance    Kurtosis    Maximum  Min/Max      20%/60%    40%/80%    Median

     SCPT                 30.559       0.551       7.450    1.01%      19.197     26.648     29.841
              99.000     129.762      -0.204      58.807    1.01%      31.821     39.920
     CCPT                 -0.890      -0.259     -81.685    1.01%     -26.415     -7.559      2.881
              99.000    1013.048       0.128      80.417    1.01%       8.529     24.280
     SCPR                 28.538       0.567       9.085    1.01%      16.451     24.118     27.494
              99.000     153.716      -0.221      66.121    1.01%      29.684     39.272
     CCPR                 -0.283      -0.178    -116.491    1.01%     -27.251     -8.605     -2.107
              99.000    1435.257       0.411      79.366    1.01%       5.588     28.790
     ECRANX_0              2.942       0.444       1.000    2.04%       1.833      2.444      2.750
              98.000       1.490      -0.683       6.000    1.02%       3.000      4.056
     ECRANX_1              3.568       0.234       1.222    2.02%       2.500      3.056      3.389
              99.000       1.376      -0.811       6.000    1.01%       3.833      4.722
     PAFPT                 2.306      -0.499      -3.134    1.04%       0.177      1.707      2.722
              96.000       5.174      -0.502       6.108    2.08%       3.341      4.444
     PAFPR                 2.876      -0.642      -2.914    1.03%       1.103      2.634      3.207
              97.000       4.221      -0.137       6.358    1.03%       3.737      4.651
     PRAFPT                3.078      -0.410      -2.061    1.02%       1.207      2.634      3.186
              98.000       3.791      -0.719       6.358    1.02%       3.944      4.944
     PRAFPR                3.041      -0.668      -2.414    1.02%       1.500      2.884      3.289
              98.000       3.714       0.004       6.181    1.02%       3.737      4.724


THE MODEL ESTIMATION TERMINATED NORMALLY

     USE THE FBITERATIONS OPTION TO INCREASE THE NUMBER OF ITERATIONS BY A FACTOR
     OF AT LEAST TWO TO CHECK CONVERGENCE AND THAT THE PSR VALUE DOES NOT INCREASE.



MODEL FIT INFORMATION

Number of Free Parameters                              36

Bayesian Posterior Predictive Checking using Chi-Square

          95% Confidence Interval for the Difference Between
          the Observed and the Replicated Chi-Square Values

                                -26.790            30.963

          Posterior Predictive P-Value              0.428

Information Criteria

          Deviance (DIC)                         5574.716
          Estimated Number of Parameters (pD)      34.478
          Bayesian (BIC)                         5670.108



MODEL RESULTS

                                Posterior  One-Tailed         95% C.I.
                    Estimate       S.D.      P-Value   Lower 2.5%  Upper 2.5%  Significance

 ECRANX_0   ON
    PAFPT             -0.077       0.047      0.050      -0.167       0.015
    PAFPR             -0.161       0.046      0.000      -0.252      -0.072      *

 ECRANX_1   ON
    PAFPR             -0.077       0.047      0.050      -0.167       0.015
    PAFPT             -0.161       0.046      0.000      -0.252      -0.072      *

 PAFPT      ON
    PRAFPT             0.695       0.080      0.000       0.539       0.853      *
    SCPT               0.026       0.014      0.032      -0.001       0.053
    CCPT               0.019       0.008      0.007       0.004       0.035      *
    SCPR               0.024       0.007      0.000       0.011       0.037      *
    CCPR               0.005       0.004      0.097      -0.003       0.013

 PAFPR      ON
    PRAFPR             0.683       0.060      0.000       0.565       0.803      *
    SCPR               0.000       0.000      1.000       0.000       0.000
    CCPR               0.000       0.000      1.000       0.000       0.000
    SCPT               0.024       0.007      0.000       0.011       0.037      *
    CCPT               0.005       0.004      0.097      -0.003       0.013

 SCPR       ON
    PRAFPT             0.000       0.000      1.000       0.000       0.000

 SCPT       ON
    PRAFPR             0.000       0.000      1.000       0.000       0.000

 CCPT       ON
    PRAFPR             1.497       0.745      0.023       0.035       2.958      *

 CCPR       ON
    PRAFPT             1.497       0.745      0.023       0.035       2.958      *

 PAFPT    WITH
    PAFPR              1.493       0.337      0.000       0.941       2.262      *

 SCPT     WITH
    CCPT               5.406      44.368      0.450     -83.064      93.323
    SCPR             -22.617      17.192      0.083     -58.593       9.443
    CCPR             -34.249      51.758      0.243    -140.438      66.366

 CCPT     WITH
    SCPR               0.885      48.363      0.493     -93.633      98.597
    CCPR           -1006.793     182.283      0.000   -1424.989    -719.586      *

 SCPR     WITH
    CCPR             -90.939      57.307      0.044    -212.837      13.701

 PRAFPR   WITH
    PRAFPT             1.578       0.461      0.000       0.798       2.599      *

 ECRANX_0 WITH
    ECRANX_1           0.000       0.000      1.000       0.000       0.000

 Means
    PRAFPT             3.076       0.204      0.000       2.674       3.474      *
    PRAFPR             3.042       0.202      0.000       2.643       3.439      *

 Intercepts
    SCPT              30.579       1.223      0.000      28.135      32.962      *
    CCPT              -5.408       4.103      0.089     -13.544       2.597
    SCPR              28.536       1.321      0.000      25.950      31.136      *
    CCPR              -4.893       4.641      0.144     -13.921       4.241
    ECRANX_0           3.575       0.164      0.000       3.252       3.895      *
    ECRANX_1           4.160       0.156      0.000       3.856       4.470      *
    PAFPT             -1.285       0.564      0.011      -2.394      -0.191      *
    PAFPR              0.000       0.000      1.000       0.000       0.000

 Variances
    PRAFPT             4.026       0.611      0.000       3.049       5.426      *
    PRAFPR             3.931       0.601      0.000       2.984       5.335      *

 Residual Variances
    SCPT             143.948      22.327      0.000     108.705     195.643      *
    CCPT            1146.131     176.951      0.000     869.406    1559.296      *
    SCPR             170.170      26.459      0.000     128.834     231.895      *
    CCPR            1568.573     241.143      0.000    1186.692    2130.188      *
    ECRANX_0           1.421       0.216      0.000       1.081       1.926      *
    ECRANX_1           1.144       0.172      0.000       0.871       1.541      *
    PAFPT              3.059       0.473      0.000       2.312       4.152      *
    PAFPR              2.451       0.375      0.000       1.861       3.333      *

New/Additional Parameters
    HA3               -0.001       0.001      0.057      -0.004       0.000
    KA3               -0.003       0.002      0.007      -0.007       0.000      *
    A3B7               0.026       0.019      0.029      -0.001       0.073


     Beginning Time:  15:47:52
        Ending Time:  15:47:58
       Elapsed Time:  00:00:06



MUTHEN & MUTHEN
3463 Stoner Ave.
Los Angeles, CA  90066

Tel: (310) 391-9971
Fax: (310) 391-8971
Web: www.StatModel.com
Support: Support@StatModel.com

Copyright (c) 1998-2017 Muthen & Muthen
