Mplus VERSION 8 (Mac)
MUTHEN & MUTHEN
12/11/2018   9:17 AM

INPUT INSTRUCTIONS

  TITLE:
  Testing
  DATA:
  FILE = "../df67.dat";

  VARIABLE:
  NAMES = PTNUM scpt ccpt scpr ccpr ECRanx_1 ECRanx_0 prnapt prnapr pnapt pnapr
  elpt elpr cmpt cmpr prafpt prafpr pafpt pafpr ECRavo_0 ECRavo_1 whichdf_num id;
   MISSING=.;
  USEVARIABLES = scpt ccpt scpr ccpr prafpt prafpr pafpt pafpr;
  ANALYSIS:
  ESTIMATOR=BAYES; PROCESSORS = 2;BITERATIONS = (30000);
  MODEL:
  pafpt WITH pafpr;
  pafpt ON prafpt;
  pafpt ON scpt* (a1);
  pafpt ON ccpt* (a3);
  pafpt ON scpr* (a5);
  pafpt ON ccpr* (a7);
  pafpr ON prafpr;
  pafpr ON scpr* (a2);
  pafpr ON ccpr* (a4);
  pafpr ON scpt* (a5);
  pafpr ON ccpt* (a7);
  scpr ON prafpt* (b5);
  scpt ON prafpr* (b5);
  ccpt ON prafpr* (b7);
  ccpr ON prafpt* (b7);
  scpt WITH ccpt;
  scpt WITH scpr;
  scpt WITH ccpr;
  ccpt WITH scpr;
  ccpt WITH ccpr;
  scpr WITH ccpr;
  scpt WITH scpt;
  ccpt WITH ccpt;
  scpr WITH scpr;
  ccpr WITH ccpr;
  prafpt WITH prafpt;
  prafpr WITH prafpr;
  pafpt WITH pafpt;
  pafpr WITH pafpr;
  [scpt];
  [ccpt];
  [scpr];
  [ccpr];
  [prafpt];
  [prafpr];
  [pafpt];
  [pafpr];

  MODEL CONSTRAINT:
  NEW ( a3b7); ! a7b7 a4b7 zka3 );
  !ha3 = h*a3;
  !ka3 = k*a3;
  a3b7 = a3*b7;
  !a7b7 = a7*b7;
  !a4b7 = a4*b7;
  !zka3 = z*k*a3;



INPUT READING TERMINATED NORMALLY




Testing

SUMMARY OF ANALYSIS

Number of groups                                                 1
Number of observations                                          99

Number of dependent variables                                    6
Number of independent variables                                  2
Number of continuous latent variables                            0

Observed dependent variables

  Continuous
   SCPT        CCPT        SCPR        CCPR        PAFPT       PAFPR

Observed independent variables
   PRAFPT      PRAFPR


Estimator                                                    BAYES
Specifications for Bayesian Estimation
  Point estimate                                            MEDIAN
  Number of Markov chain Monte Carlo (MCMC) chains               2
  Random seed for the first chain                                0
  Starting value information                           UNPERTURBED
  Treatment of categorical mediator                         LATENT
  Algorithm used for Markov chain Monte Carlo           GIBBS(PX1)
  Convergence criterion                                  0.500D-01
  Maximum number of iterations                               50000
  K-th iteration used for thinning                               1

Input data file(s)
  ../df67.dat
Input data format  FREE


SUMMARY OF DATA



COVARIANCE COVERAGE OF DATA

Minimum covariance coverage value   0.100

     Number of missing data patterns             4


     PROPORTION OF DATA PRESENT


           Covariance Coverage
              SCPT          CCPT          SCPR          CCPR          PAFPT
              ________      ________      ________      ________      ________
 SCPT           1.000
 CCPT           1.000         1.000
 SCPR           1.000         1.000         1.000
 CCPR           1.000         1.000         1.000         1.000
 PAFPT          0.970         0.970         0.970         0.970         0.970
 PAFPR          0.980         0.980         0.980         0.980         0.970
 PRAFPT         0.990         0.990         0.990         0.990         0.970
 PRAFPR         0.990         0.990         0.990         0.990         0.970


           Covariance Coverage
              PAFPR         PRAFPT        PRAFPR
              ________      ________      ________
 PAFPR          0.980
 PRAFPT         0.980         0.990
 PRAFPR         0.980         0.990         0.990



UNIVARIATE SAMPLE STATISTICS


     UNIVARIATE HIGHER-ORDER MOMENT DESCRIPTIVE STATISTICS

         Variable/         Mean/     Skewness/   Minimum/ % with                Percentiles
        Sample Size      Variance    Kurtosis    Maximum  Min/Max      20%/60%    40%/80%    Median

     SCPT                 30.559       0.551       7.450    1.01%      19.197     26.648     29.841
              99.000     129.762      -0.204      58.807    1.01%      31.821     39.920
     CCPT                 -0.890      -0.259     -81.685    1.01%     -26.415     -7.559      2.881
              99.000    1013.048       0.128      80.417    1.01%       8.529     24.280
     SCPR                 28.538       0.567       9.085    1.01%      16.451     24.118     27.494
              99.000     153.716      -0.221      66.121    1.01%      29.684     39.272
     CCPR                 -0.283      -0.178    -116.491    1.01%     -27.251     -8.605     -2.107
              99.000    1435.257       0.411      79.366    1.01%       5.588     28.790
     PAFPT                 2.306      -0.499      -3.134    1.04%       0.177      1.707      2.722
              96.000       5.174      -0.502       6.108    2.08%       3.341      4.444
     PAFPR                 2.876      -0.642      -2.914    1.03%       1.103      2.634      3.207
              97.000       4.221      -0.137       6.358    1.03%       3.737      4.651
     PRAFPT                3.078      -0.410      -2.061    1.02%       1.207      2.634      3.186
              98.000       3.791      -0.719       6.358    1.02%       3.944      4.944
     PRAFPR                3.041      -0.668      -2.414    1.02%       1.500      2.884      3.289
              98.000       3.714       0.004       6.181    1.02%       3.737      4.724


THE MODEL ESTIMATION TERMINATED NORMALLY

     USE THE FBITERATIONS OPTION TO INCREASE THE NUMBER OF ITERATIONS BY A FACTOR
     OF AT LEAST TWO TO CHECK CONVERGENCE AND THAT THE PSR VALUE DOES NOT INCREASE.



MODEL FIT INFORMATION

Number of Free Parameters                              34

Bayesian Posterior Predictive Checking using Chi-Square

          95% Confidence Interval for the Difference Between
          the Observed and the Replicated Chi-Square Values

                                -25.896            25.137

          Posterior Predictive P-Value              0.511

Information Criteria

          Deviance (DIC)                         4970.299
          Estimated Number of Parameters (pD)      32.290
          Bayesian (BIC)                         5060.987



MODEL RESULTS

                                Posterior  One-Tailed         95% C.I.
                    Estimate       S.D.      P-Value   Lower 2.5%  Upper 2.5%  Significance

 PAFPT      ON
    PRAFPT             0.683       0.081      0.000       0.526       0.842      *
    SCPT               0.024       0.015      0.059      -0.006       0.054
    CCPT               0.021       0.009      0.010       0.003       0.039      *
    SCPR               0.024       0.011      0.014       0.002       0.046      *
    CCPR               0.007       0.007      0.128      -0.006       0.020

 PAFPR      ON
    PRAFPR             0.644       0.074      0.000       0.501       0.790      *
    SCPR               0.009       0.013      0.237      -0.016       0.036
    CCPR               0.003       0.007      0.317      -0.010       0.016
    SCPT               0.024       0.011      0.014       0.002       0.046      *
    CCPT               0.007       0.007      0.128      -0.006       0.020

 SCPR       ON
    PRAFPT             0.368       0.440      0.199      -0.494       1.230

 SCPT       ON
    PRAFPR             0.368       0.440      0.199      -0.494       1.230

 CCPT       ON
    PRAFPR             1.351       0.769      0.041      -0.170       2.859

 CCPR       ON
    PRAFPT             1.351       0.769      0.041      -0.170       2.859

 PAFPT    WITH
    PAFPR              1.565       0.353      0.000       0.984       2.366      *

 SCPT     WITH
    CCPT               8.479      44.278      0.419     -78.135      97.011
    SCPR             -21.370      17.330      0.096     -57.191      11.398
    CCPR             -38.069      52.157      0.221    -144.816      61.362

 CCPT     WITH
    SCPR               1.827      48.498      0.484     -92.894      99.380
    CCPR           -1002.461     182.772      0.000   -1434.830    -711.432      *

 SCPR     WITH
    CCPR             -93.581      57.706      0.039    -214.993      11.294

 PRAFPR   WITH
    PRAFPT             1.587       0.455      0.000       0.807       2.600      *

 Means
    PRAFPT             3.080       0.205      0.000       2.679       3.481      *
    PRAFPR             3.044       0.203      0.000       2.644       3.443      *

 Intercepts
    SCPT              29.419       1.820      0.000      25.856      33.011      *
    CCPT              -5.013       4.175      0.111     -13.207       3.201
    SCPR              27.409       1.916      0.000      23.599      31.128      *
    CCPR              -4.417       4.666      0.170     -13.460       4.891
    PAFPT             -1.156       0.762      0.063      -2.649       0.346
    PAFPR             -0.090       0.659      0.442      -1.390       1.186

 Variances
    PRAFPT             4.022       0.610      0.000       3.062       5.437      *
    PRAFPR             3.937       0.598      0.000       2.997       5.321      *

 Residual Variances
    SCPT             143.455      22.291      0.000     108.353     195.068      *
    CCPT            1142.483     176.477      0.000     866.955    1554.048      *
    SCPR             171.452      26.603      0.000     129.125     233.470      *
    CCPR            1566.807     242.889      0.000    1187.554    2140.234      *
    PAFPT              3.096       0.485      0.000       2.334       4.231      *
    PAFPR              2.531       0.392      0.000       1.911       3.446      *

New/Additional Parameters
    A3B7               0.026       0.021      0.051      -0.004       0.079


     Beginning Time:  09:17:46
        Ending Time:  09:17:50
       Elapsed Time:  00:00:04



MUTHEN & MUTHEN
3463 Stoner Ave.
Los Angeles, CA  90066

Tel: (310) 391-9971
Fax: (310) 391-8971
Web: www.StatModel.com
Support: Support@StatModel.com

Copyright (c) 1998-2017 Muthen & Muthen
