Mplus VERSION 8 (Mac)
MUTHEN & MUTHEN
12/12/2018   9:57 AM

INPUT INSTRUCTIONS

  TITLE:
  Aff -> Coreg -> Aff -> DASFU AND fix non-sig parameters to zero. Only using
  CC to reduce number of parameters;
  DATA:
  FILE = "../df67_das.dat";

  VARIABLE:
  NAMES = PTNUM scpt ccpt scpr ccpr ECRanx_1 ECRanx_0 prnapt prnapr pnapt pnapr
  elpt elpr cmpt cmpr prafpt prafpr pafpt pafpr ECRavo_0 ECRavo_1 whichdf_num id
  rel dasfu1 dasfu0 dasbl1 dasbl0;
   MISSING=.;
  USEVARIABLES = cmpt cmpr ccpt ccpr prafpt prafpr pafpt pafpr dasfu0 dasfu1
  dasbl1 dasbl0 rel;
  CATEGORICAL IS rel;
  IDVARIABLE IS id;
  ANALYSIS:
  ESTIMATOR=BAYES; PROCESSORS = 2; BITERATIONS = (49000); !ALGORITHM=MH;
  !ESTIMATOR = MLR;
  MODEL:
  dasfu1 ON pafpt* (k);
  dasfu1 ON pafpr@0;
  dasfu1 ON dasbl1;
  dasfu1 ON dasbl0@0;
  dasfu0 ON pafpt;
  dasfu0 ON pafpr@0;
  dasfu0 ON dasbl1;
  dasfu0 ON dasbl0;
  !rel ON pafpt@0;
  !rel ON pafpr@0;
  !rel ON dasbl1;
  !rel ON dasbl0;

  pafpt WITH pafpr;
  pafpt ON prafpt;
  !pafpt ON scpt* (a1);
  pafpt ON ccpt* (a3);
  !pafpt ON scpr* (a5);
  pafpt ON ccpr* (a7);
  pafpr ON prafpr;
  !pafpr ON scpr@0;
  pafpr ON ccpr@0;
  !pafpr ON scpt* (a5);
  pafpr ON ccpt* (a7);
  !scpr ON prafpt@0;
  !scpt ON prafpr@0;
  ccpt ON prafpr* (b7);
  ccpr ON prafpt* (b7);
  !scpt WITH ccpt;
  !scpt WITH scpr;
  !scpt WITH ccpr;
  !ccpt WITH scpr;
  ccpt WITH ccpr;
  !scpr WITH ccpr;
  !scpt WITH scpt;
  ccpt WITH ccpt;
  !scpr WITH scpr;
  ccpr WITH ccpr;
  prafpt WITH prafpt;
  prafpr WITH prafpr;
  pafpt WITH pafpt;
  pafpr WITH pafpr;
  DASFU1 WITH DASFU1;
  DASFU0 WITH DASFU0;
  [DASFU1];
  [DASFU0];
  DASBL1 WITH DASBL1;
  DASBL0 WITH DASBL0;
  [DASBL1];
  [DASBL0];
  DASFU1 WITH DASFU0;
  DASBL0 WITH DASBL1;
  !DASFU1 WITH REL@0;
  !DASFU0 WITH REL@0;
  DASFU0 ON PRAFPR;
  !SCPR     ON DASBL0;
  !DASFU1 ON SCPT;
  !PRAFPT ON DASBL1;
  !PRAFPR ON DASBL0;
  PAFPR ON DASBL0;
  DASFU0 ON PRAFPT;
  ![scpt];
  [ccpt];
  ![scpr];
  [ccpr];
  [prafpt];
  [prafpr];
  [pafpt];
  [pafpr@0];
  MODEL CONSTRAINT:
  NEW ( ka3); ! a7b7 a4b7 zka3 );
  !ha3 = h*a3;
  ka3 = k*a3;
  !a3b7 = a3*b7;
  !a7b7 = a7*b7;
  !a4b7 = a4*b7;
  !zka3 = z*k*a3;

  !OUTPUT:
  !STANDARDIZED;  MODINDICES(ALL 3);
  !savedata: file=infludiagnostics.txt; save is
  !cooks;



INPUT READING TERMINATED NORMALLY




Aff -> Coreg -> Aff -> DASFU AND fix non-sig parameters to zero. Only using
CC to reduce number of parameters;

SUMMARY OF ANALYSIS

Number of groups                                                 1
Number of observations                                          99

Number of dependent variables                                    7
Number of independent variables                                  4
Number of continuous latent variables                            0

Observed dependent variables

  Continuous
   CCPT        CCPR        PAFPT       PAFPR       DASFU0      DASFU1

  Binary and ordered categorical (ordinal)
   REL

Observed independent variables
   PRAFPT      PRAFPR      DASBL1      DASBL0

Variables with special functions

  ID variable           ID

Estimator                                                    BAYES
Specifications for Bayesian Estimation
  Point estimate                                            MEDIAN
  Number of Markov chain Monte Carlo (MCMC) chains               2
  Random seed for the first chain                                0
  Starting value information                           UNPERTURBED
  Treatment of categorical mediator                         LATENT
  Algorithm used for Markov chain Monte Carlo           GIBBS(PX1)
  Convergence criterion                                  0.500D-01
  Maximum number of iterations                               50000
  K-th iteration used for thinning                               1
Link                                                        PROBIT

Input data file(s)
  ../df67_das.dat
Input data format  FREE


SUMMARY OF DATA



COVARIANCE COVERAGE OF DATA

Minimum covariance coverage value   0.100

     Number of missing data patterns            10


     PROPORTION OF DATA PRESENT


           Covariance Coverage
              REL           CCPT          CCPR          PAFPT         PAFPR
              ________      ________      ________      ________      ________
 REL            0.980
 CCPT           0.980         1.000
 CCPR           0.980         1.000         1.000
 PAFPT          0.949         0.970         0.970         0.970
 PAFPR          0.960         0.980         0.980         0.970         0.980
 DASFU0         0.616         0.616         0.616         0.596         0.606
 DASFU1         0.737         0.737         0.737         0.717         0.727
 PRAFPT         0.970         0.990         0.990         0.970         0.980
 PRAFPR         0.970         0.990         0.990         0.970         0.980
 DASBL1         0.980         1.000         1.000         0.970         0.980
 DASBL0         0.949         0.970         0.970         0.939         0.949


           Covariance Coverage
              DASFU0        DASFU1        PRAFPT        PRAFPR        DASBL1
              ________      ________      ________      ________      ________
 DASFU0         0.616
 DASFU1         0.606         0.737
 PRAFPT         0.616         0.737         0.990
 PRAFPR         0.616         0.737         0.990         0.990
 DASBL1         0.616         0.737         0.990         0.990         1.000
 DASBL0         0.616         0.727         0.960         0.960         0.970


           Covariance Coverage
              DASBL0
              ________
 DASBL0         0.970


UNIVARIATE PROPORTIONS AND COUNTS FOR CATEGORICAL VARIABLES

    REL
      Category 1    0.216           21.000
      Category 2    0.784           76.000



UNIVARIATE SAMPLE STATISTICS


     UNIVARIATE HIGHER-ORDER MOMENT DESCRIPTIVE STATISTICS

         Variable/         Mean/     Skewness/   Minimum/ % with                Percentiles
        Sample Size      Variance    Kurtosis    Maximum  Min/Max      20%/60%    40%/80%    Median

     CCPT                 -0.890      -0.259     -81.685    1.01%     -26.415     -7.559      2.881
              99.000    1013.048       0.128      80.417    1.01%       8.529     24.280
     CCPR                 -0.283      -0.178    -116.491    1.01%     -27.251     -8.605     -2.107
              99.000    1435.257       0.411      79.366    1.01%       5.588     28.790
     PAFPT                 2.306      -0.499      -3.134    1.04%       0.177      1.707      2.722
              96.000       5.174      -0.502       6.108    2.08%       3.341      4.444
     PAFPR                 2.876      -0.642      -2.914    1.03%       1.103      2.634      3.207
              97.000       4.221      -0.137       6.358    1.03%       3.737      4.651
     DASFU0                3.788      -0.672       2.200    1.64%       3.400      3.700      3.900
              61.000       0.304      -0.076       4.600    3.28%       4.000      4.300
     DASFU1                3.661      -0.631       1.778    1.37%       3.100      3.600      3.800
              73.000       0.406       0.010       4.800    1.37%       3.900      4.200
     PRAFPT                3.078      -0.410      -2.061    1.02%       1.207      2.634      3.186
              98.000       3.791      -0.719       6.358    1.02%       3.944      4.944
     PRAFPR                3.041      -0.668      -2.414    1.02%       1.500      2.884      3.289
              98.000       3.714       0.004       6.181    1.02%       3.737      4.724
     DASBL1                3.589      -0.863       2.200    1.01%       3.300      3.500      3.600
              99.000       0.112       1.797       4.200    1.01%       3.700      3.900
     DASBL0                3.660       0.559       2.500    1.04%       3.400      3.600      3.700
              96.000       0.156       4.038       5.500    1.04%       3.800      3.900


THE MODEL ESTIMATION TERMINATED NORMALLY

     USE THE FBITERATIONS OPTION TO INCREASE THE NUMBER OF ITERATIONS BY A FACTOR
     OF AT LEAST TWO TO CHECK CONVERGENCE AND THAT THE PSR VALUE DOES NOT INCREASE.



MODEL FIT INFORMATION

Number of Free Parameters                              42

Bayesian Posterior Predictive Checking using Chi-Square

          95% Confidence Interval for the Difference Between
          the Observed and the Replicated Chi-Square Values

                                -29.196            38.975

          Posterior Predictive P-Value              0.372



MODEL RESULTS

                                Posterior  One-Tailed         95% C.I.
                    Estimate       S.D.      P-Value   Lower 2.5%  Upper 2.5%  Significance

 DASFU1     ON
    PAFPT              0.101       0.030      0.001       0.043       0.159      *
    PAFPR              0.000       0.000      1.000       0.000       0.000
    DASBL1             0.612       0.191      0.001       0.236       0.989      *
    DASBL0             0.000       0.000      1.000       0.000       0.000

 DASFU0     ON
    PAFPT              0.101       0.032      0.001       0.037       0.165      *
    PAFPR              0.000       0.000      1.000       0.000       0.000
    DASBL1             0.331       0.180      0.033      -0.022       0.687
    DASBL0             0.289       0.193      0.065      -0.088       0.668
    PRAFPR             0.110       0.034      0.001       0.043       0.176      *
    PRAFPT            -0.064       0.037      0.041      -0.137       0.008

 PAFPT      ON
    PRAFPT             0.686       0.080      0.000       0.530       0.843      *
    CCPT               0.017       0.008      0.015       0.002       0.032      *
    CCPR               0.004       0.004      0.159      -0.004       0.012

 PAFPR      ON
    PRAFPR             0.633       0.077      0.000       0.482       0.784      *
    CCPR               0.000       0.000      1.000       0.000       0.000
    CCPT               0.004       0.004      0.159      -0.004       0.012
    DASBL0             0.255       0.079      0.001       0.098       0.411      *

 CCPT       ON
    PRAFPR             1.418       0.764      0.031      -0.065       2.916

 CCPR       ON
    PRAFPT             1.418       0.764      0.031      -0.065       2.916

 PAFPT    WITH
    PAFPR              1.606       0.354      0.000       1.032       2.416      *

 CCPT     WITH
    CCPR            -964.021     171.564      0.000   -1363.223    -689.504      *

 PRAFPR   WITH
    PRAFPT             1.651       0.491      0.000       0.822       2.754      *

 DASFU1   WITH
    DASFU0             0.106       0.039      0.001       0.041       0.194      *

 DASBL1   WITH
    DASBL0             0.065       0.018      0.000       0.035       0.105      *
    PRAFPT             0.218       0.082      0.001       0.073       0.396      *
    PRAFPR             0.236       0.082      0.001       0.095       0.418      *

 DASBL0   WITH
    PRAFPT             0.083       0.094      0.180      -0.099       0.273
    PRAFPR             0.375       0.102      0.000       0.205       0.601      *

 Means
    PRAFPT             3.078       0.207      0.000       2.663       3.484      *
    PRAFPR             3.034       0.206      0.000       2.628       3.441      *
    DASBL1             3.589       0.036      0.000       3.519       3.659      *
    DASBL0             3.662       0.043      0.000       3.578       3.746      *

 Intercepts
    CCPT              -5.171       4.099      0.102     -13.261       2.810
    CCPR              -4.623       4.576      0.155     -13.642       4.383
    PAFPT              0.233       0.307      0.223      -0.366       0.833
    PAFPR              0.000       0.000      1.000       0.000       0.000
    DASFU0             1.130       0.726      0.061      -0.309       2.553
    DASFU1             1.196       0.678      0.039      -0.137       2.535

 Thresholds
    REL$1             -0.785       0.141      0.000      -1.066      -0.511      *

 Variances
    PRAFPT             4.199       0.650      0.000       3.176       5.713      *
    PRAFPR             4.119       0.647      0.000       3.102       5.633      *
    DASBL1             0.124       0.019      0.000       0.094       0.169      *
    DASBL0             0.174       0.027      0.000       0.131       0.237      *

 Residual Variances
    CCPT            1097.895     166.143      0.000     833.128    1484.289      *
    CCPR            1500.223     226.800      0.000    1142.349    2028.573      *
    PAFPT              3.132       0.485      0.000       2.370       4.262      *
    PAFPR              2.558       0.394      0.000       1.936       3.473      *
    DASFU0             0.186       0.040      0.000       0.128       0.285      *
    DASFU1             0.304       0.056      0.000       0.220       0.439      *

New/Additional Parameters
    KA3                0.002       0.001      0.015       0.000       0.004      *


RESULTS IN PROBABILITY SCALE

 REL
    Category 1         0.216       0.041      0.000       0.143       0.305      *
    Category 2         0.784       0.041      0.000       0.695       0.857      *


     Beginning Time:  09:57:29
        Ending Time:  09:57:41
       Elapsed Time:  00:00:12



MUTHEN & MUTHEN
3463 Stoner Ave.
Los Angeles, CA  90066

Tel: (310) 391-9971
Fax: (310) 391-8971
Web: www.StatModel.com
Support: Support@StatModel.com

Copyright (c) 1998-2017 Muthen & Muthen
