Mplus VERSION 8 (Mac)
MUTHEN & MUTHEN
12/12/2018   3:02 PM

INPUT INSTRUCTIONS

  TITLE:
  Testing
  DATA:
  FILE = "../df67.dat";

  VARIABLE:
  NAMES = PTNUM scpt ccpt scpr ccpr ECRanx_1 ECRanx_0 prnapt prnapr pnapt pnapr
  elpt elpr cmpt cmpr prafpt prafpr pafpt pafpr ECRavo_0 ECRavo_1 whichdf_num id;
   MISSING=.;
  USEVARIABLES = cmpt cmpr ECRanx_0 ECRanx_1 scpt ccpt scpr ccpr prnapt
  prnapr pnapt pnapr id;
  IDVARIABLE IS id;
  ANALYSIS:
  !ESTIMATOR=BAYES; PROCESSORS = 2;BITERATIONS = (30000);
  ESTIMATOR = MLR;
  MODEL:
  pnapt ON cmpt@0;
  pnapr ON cmpr@0;
  ccpt ON cmpt* (x);
  scpt ON cmpt@0;
  ccpr ON cmpr@0;
  scpr ON cmpr@0;
  cmpt WITH cmpt;
  cmpr WITH cmpr;
  cmpt WITH cmpr;
  [cmpt];
  [cmpr];

  ECRanx_1 ON pnapt* (w);
  ECRanx_0 ON pnapr;
  pnapt WITH pnapr;
  pnapt ON prnapt;
  pnapt ON scpt@0;
  pnapt ON ccpt* (c);
  pnapr ON prnapr;
  pnapr ON scpr@0;
  pnapr ON ccpr* (d);
  scpt ON prnapt* (a1);
  scpr ON prnapr* (a1);
  ccpt ON prnapt* (b1);
  ccpr ON prnapr* (b1);
  scpt WITH ccpt;
  scpt WITH scpr;
  scpt WITH ccpr;
  scpr WITH ccpt;
  ccpt WITH ccpr;
  scpr WITH ccpr;
  scpt WITH scpt;
  scpr WITH scpr;
  ccpt WITH ccpt;
  ccpr WITH ccpr;
  prnapt WITH prnapt;
  prnapr WITH prnapr;
  pnapt WITH pnapt;
  pnapr WITH pnapr;
  [scpt];
  [scpr];
  [ccpt];
  [ccpr];
  [prnapt];
  [prnapr];
  [pnapt];
  [pnapr];
  [ECRanx_0];
  [ECRanx_1];
  ECRanx_0 WITH ECRanx_0;
  ECRanx_1 WITH ECRanx_1;
  ECRanx_0 WITH ECRanx_0;
  PRNAPR   WITH PRNAPT;
  prnapr WITH prnapt;
  MODEL CONSTRAINT:
  NEW ( b1c wb1c xwb1c);!b1d hb1c whb1c uhc );
  b1c = b1*c;
  wb1c = w*b1*c;
  xwb1c = x*w*b1*c;
  !hb1c = h*b1*c;
  !whb1c = w*h*b1*c;
  !uhc = u*h*c;


  !OUTPUT:
  !STANDARDIZED;  MODINDICES(ALL 5);



INPUT READING TERMINATED NORMALLY




Testing

SUMMARY OF ANALYSIS

Number of groups                                                 1
Number of observations                                          99

Number of dependent variables                                    8
Number of independent variables                                  4
Number of continuous latent variables                            0

Observed dependent variables

  Continuous
   ECRANX_0    ECRANX_1    SCPT        CCPT        SCPR        CCPR
   PNAPT       PNAPR

Observed independent variables
   CMPT        CMPR        PRNAPT      PRNAPR

Variables with special functions

  ID variable           ID

Estimator                                                      MLR
Information matrix                                        OBSERVED
Maximum number of iterations                                  1000
Convergence criterion                                    0.500D-04
Maximum number of steepest descent iterations                   20
Maximum number of iterations for H1                           2000
Convergence criterion for H1                             0.100D-03

Input data file(s)
  ../df67.dat

Input data format  FREE


SUMMARY OF DATA

     Number of missing data patterns             3


COVARIANCE COVERAGE OF DATA

Minimum covariance coverage value   0.100


     PROPORTION OF DATA PRESENT


           Covariance Coverage
              ECRANX_0      ECRANX_1      SCPT          CCPT          SCPR
              ________      ________      ________      ________      ________
 ECRANX_0       0.990
 ECRANX_1       0.990         1.000
 SCPT           0.990         1.000         1.000
 CCPT           0.990         1.000         1.000         1.000
 SCPR           0.990         1.000         1.000         1.000         1.000
 CCPR           0.990         1.000         1.000         1.000         1.000
 PNAPT          0.980         0.990         0.990         0.990         0.990
 PNAPR          0.990         1.000         1.000         1.000         1.000
 CMPT           0.990         1.000         1.000         1.000         1.000
 CMPR           0.990         0.990         0.990         0.990         0.990
 PRNAPT         0.990         1.000         1.000         1.000         1.000
 PRNAPR         0.990         1.000         1.000         1.000         1.000


           Covariance Coverage
              CCPR          PNAPT         PNAPR         CMPT          CMPR
              ________      ________      ________      ________      ________
 CCPR           1.000
 PNAPT          0.990         0.990
 PNAPR          1.000         0.990         1.000
 CMPT           1.000         0.990         1.000         1.000
 CMPR           0.990         0.980         0.990         0.990         0.990
 PRNAPT         1.000         0.990         1.000         1.000         0.990
 PRNAPR         1.000         0.990         1.000         1.000         0.990


           Covariance Coverage
              PRNAPT        PRNAPR
              ________      ________
 PRNAPT         1.000
 PRNAPR         1.000         1.000



UNIVARIATE SAMPLE STATISTICS


     UNIVARIATE HIGHER-ORDER MOMENT DESCRIPTIVE STATISTICS

         Variable/         Mean/     Skewness/   Minimum/ % with                Percentiles
        Sample Size      Variance    Kurtosis    Maximum  Min/Max      20%/60%    40%/80%    Median

     ECRANX_0              2.942       0.444       1.000    2.04%       1.833      2.444      2.750
              98.000       1.490      -0.683       6.000    1.02%       3.000      4.056
     ECRANX_1              3.568       0.234       1.222    2.02%       2.500      3.056      3.389
              99.000       1.376      -0.811       6.000    1.01%       3.833      4.722
     SCPT                 30.559       0.551       7.450    1.01%      19.197     26.648     29.841
              99.000     129.762      -0.204      58.807    1.01%      31.821     39.920
     CCPT                 -0.890      -0.259     -81.685    1.01%     -26.415     -7.559      2.881
              99.000    1013.048       0.128      80.417    1.01%       8.529     24.280
     SCPR                 28.538       0.567       9.085    1.01%      16.451     24.118     27.494
              99.000     153.716      -0.221      66.121    1.01%      29.684     39.272
     CCPR                 -0.283      -0.178    -116.491    1.01%     -27.251     -8.605     -2.107
              99.000    1435.257       0.411      79.366    1.01%       5.588     28.790
     PNAPT                17.803       1.082      10.000   16.33%      11.000     13.000     16.000
              98.000      55.916       1.241      47.000    1.02%      19.000     24.000
     PNAPR                14.380       1.080      10.000   36.36%      10.000     11.000     12.000
              99.000      27.507      -0.070      30.000    1.01%      13.000     20.000
     CMPT                  1.140       0.179      -6.169    1.01%      -1.444      0.366      0.866
              99.000       9.104      -0.160       8.225    1.01%       1.884      3.207
     CMPR                  1.003       0.174      -7.742    1.02%      -1.030      0.250      0.713
              98.000       7.311       0.888       8.285    1.02%       1.397      2.957
     PRNAPT               16.030       1.450      10.000   13.13%      11.000     13.000     14.000
              99.000      31.928       2.460      39.000    1.01%      16.000     20.000
     PRNAPR               13.621       1.725      10.000   24.24%      10.000     11.000     12.000
              99.000      17.354       3.160      31.000    1.01%      13.000     16.000


THE MODEL ESTIMATION TERMINATED NORMALLY



MODEL FIT INFORMATION

Number of Free Parameters                       47

Loglikelihood

          H0 Value                       -3656.248
          H0 Scaling Correction Factor      1.1227
            for MLR
          H1 Value                       -3637.813
          H1 Scaling Correction Factor      1.0852
            for MLR

Information Criteria

          Akaike (AIC)                    7406.495
          Bayesian (BIC)                  7528.466
          Sample-Size Adjusted BIC        7380.037
            (n* = (n + 2) / 24)

Chi-Square Test of Model Fit

          Value                             35.310*
          Degrees of Freedom                    43
          P-Value                           0.7915
          Scaling Correction Factor         1.0442
            for MLR

*   The chi-square value for MLM, MLMV, MLR, ULSMV, WLSM and WLSMV cannot be used
    for chi-square difference testing in the regular way.  MLM, MLR and WLSM
    chi-square difference testing is described on the Mplus website.  MLMV, WLSMV,
    and ULSMV difference testing is done using the DIFFTEST option.

RMSEA (Root Mean Square Error Of Approximation)

          Estimate                           0.000
          90 Percent C.I.                    0.000  0.046
          Probability RMSEA <= .05           0.962

CFI/TLI

          CFI                                1.000
          TLI                                1.050

Chi-Square Test of Model Fit for the Baseline Model

          Value                            274.961
          Degrees of Freedom                    60
          P-Value                           0.0000

SRMR (Standardized Root Mean Square Residual)

          Value                              0.060



MODEL RESULTS

                                                    Two-Tailed
                    Estimate       S.E.  Est./S.E.    P-Value

 PNAPT    ON
    CMPT               0.000      0.000    999.000    999.000
    PRNAPT             0.800      0.101      7.902      0.000
    SCPT               0.000      0.000    999.000    999.000
    CCPT              -0.041      0.018     -2.303      0.021

 PNAPR    ON
    CMPR               0.000      0.000    999.000    999.000
    PRNAPR             0.702      0.096      7.340      0.000
    SCPR               0.000      0.000    999.000    999.000
    CCPR               0.011      0.009      1.206      0.228

 CCPT     ON
    CMPT              -2.178      0.574     -3.792      0.000
    PRNAPT            -1.071      0.267     -4.012      0.000

 SCPT     ON
    CMPT               0.000      0.000    999.000    999.000
    PRNAPT             0.208      0.170      1.226      0.220

 CCPR     ON
    CMPR               0.000      0.000    999.000    999.000
    PRNAPR            -1.071      0.267     -4.012      0.000

 SCPR     ON
    CMPR               0.000      0.000    999.000    999.000
    PRNAPR             0.208      0.170      1.226      0.220

 ECRANX_1 ON
    PNAPT              0.068      0.015      4.651      0.000

 ECRANX_0 ON
    PNAPR              0.076      0.023      3.265      0.001

 CMPT     WITH
    CMPR              -0.139      0.782     -0.177      0.859

 PNAPT    WITH
    PNAPR              6.718      2.601      2.583      0.010

 SCPT     WITH
    CCPT              11.354     31.087      0.365      0.715
    SCPR             -23.766     15.630     -1.520      0.128
    CCPR             -26.148     41.150     -0.635      0.525

 SCPR     WITH
    CCPT              16.846     39.305      0.429      0.668
    CCPR             -71.885     54.824     -1.311      0.190

 CCPT     WITH
    CCPR            -881.374    126.428     -6.971      0.000

 PRNAPT   WITH
    PRNAPR             7.766      4.004      1.939      0.052
    CMPT               0.550      1.948      0.283      0.778
    CMPR               1.551      1.257      1.234      0.217

 PRNAPR   WITH
    CMPT              -0.827      1.515     -0.546      0.585
    CMPR              -0.142      1.215     -0.117      0.907

 ECRANX_1 WITH
    ECRANX_0           0.088      0.119      0.743      0.457

 Means
    CMPT               1.140      0.303      3.761      0.000
    CMPR               1.006      0.273      3.681      0.000
    PRNAPT            16.030      0.568     28.227      0.000
    PRNAPR            13.621      0.419     32.532      0.000

 Intercepts
    ECRANX_0           1.847      0.358      5.160      0.000
    ECRANX_1           2.372      0.268      8.853      0.000
    SCPT              27.222      3.027      8.994      0.000
    CCPT              18.759      5.445      3.445      0.001
    SCPR              25.702      2.595      9.903      0.000
    CCPR              14.301      5.096      2.806      0.005
    PNAPT              4.859      1.512      3.214      0.001
    PNAPR              4.826      1.198      4.030      0.000

 Variances
    CMPT               9.104      1.241      7.336      0.000
    CMPR               7.311      1.255      5.826      0.000
    PRNAPT            31.928      6.777      4.711      0.000
    PRNAPR            17.354      3.962      4.380      0.000

 Residual Variances
    ECRANX_0           1.327      0.157      8.451      0.000
    ECRANX_1           1.114      0.113      9.890      0.000
    SCPT             130.757     17.481      7.480      0.000
    CCPT             907.069    134.657      6.736      0.000
    SCPR             151.193     19.053      7.935      0.000
    CCPR            1393.675    209.481      6.653      0.000
    PNAPT             31.131      7.186      4.332      0.000
    PNAPR             18.554      3.105      5.976      0.000

New/Additional Parameters
    B1C                0.044      0.023      1.941      0.052
    WB1C               0.003      0.002      1.794      0.073
    XWB1C             -0.006      0.004     -1.606      0.108


QUALITY OF NUMERICAL RESULTS

     Condition Number for the Information Matrix              0.658E-06
       (ratio of smallest to largest eigenvalue)


     Beginning Time:  15:02:17
        Ending Time:  15:02:17
       Elapsed Time:  00:00:00



MUTHEN & MUTHEN
3463 Stoner Ave.
Los Angeles, CA  90066

Tel: (310) 391-9971
Fax: (310) 391-8971
Web: www.StatModel.com
Support: Support@StatModel.com

Copyright (c) 1998-2017 Muthen & Muthen
