Mplus VERSION 8 (Mac)
MUTHEN & MUTHEN
12/12/2018  12:00 PM

INPUT INSTRUCTIONS

  TITLE:
  Testing
  DATA:
  FILE = "../df67.dat";

  VARIABLE:
  VARIABLE:
  NAMES = PTNUM scpt ccpt scpr ccpr ECRanx_1 ECRanx_0 prnapt prnapr pnapt pnapr
  elpt elpr cmpt cmpr prafpt prafpr pafpt pafpr ECRavo_0 ECRavo_1 whichdf_num id;
   MISSING=.;
  USEVARIABLES = ECRanx_0 ECRanx_1 ccpt ccpr prnapt
  prnapr pnapt pnapr elpt elpr id;
  IDVARIABLE IS id;
  ANALYSIS:
  !ESTIMATOR=BAYES; PROCESSORS = 2;BITERATIONS = (30000);
  ESTIMATOR = MLR;
  MODEL:
  ECRanx_1 ON pnapt* (w);
  ECRanx_0 ON pnapr;
  prnapt ON elpt* (z);
  prnapr ON elpr;
  ccpr ON elpr;
  ccpt ON elpt;
  prnapt WITH prnapr;
  pnapt WITH pnapr;
  pnapt ON prnapt;
  pnapt ON ccpt* (c);
  pnapr ON prnapr;
  pnapr ON ccpr@0;
  ccpt ON prnapt* (b1);
  ccpr ON prnapr* (b1);
  ccpt WITH ccpr;
  prnapt WITH prnapt;
  prnapr WITH prnapr;
  pnapt WITH pnapt;
  pnapr WITH pnapr;
  elpt WITH elpt;
  elpr WITH elpr;
  [ccpt];
  [ccpr@0];
  [prnapt];
  [prnapr];
  [pnapt];
  [pnapr];
  [elpt];
  [elpr];
  [ECRanx_0];
  [ECRanx_1];
  ECRanx_0 WITH ECRanx_1;
  ECRanx_0 WITH ECRanx_0;
  ECRanx_1 WITH ECRanx_1;
  ECRanx_0 ON ELPR;
  !PNAPR ON ELPR;
  ECRANX_1 ON ELPT;
  !PRNAPR   WITH PRNAPT;
  !ECRANX_0 ON PRNAPT;
  !MODEL CONSTRAINT:
  !NEW ( b1c wb1c zb1c zb1cw);!b1d hb1c whb1c uhc );
  !b1c = b1*c;
  !zb1c = z*b1*c;
  !zb1cw = z*b1*c*w;
  !wb1c = w*b1*c;


  OUTPUT:
  STANDARDIZED;  MODINDICES(ALL 5);

  !savedata: file=na_inf.txt; save is
  !cooks;



INPUT READING TERMINATED NORMALLY




Testing

SUMMARY OF ANALYSIS

Number of groups                                                 1
Number of observations                                          99

Number of dependent variables                                    8
Number of independent variables                                  2
Number of continuous latent variables                            0

Observed dependent variables

  Continuous
   ECRANX_0    ECRANX_1    CCPT        CCPR        PRNAPT      PRNAPR
   PNAPT       PNAPR

Observed independent variables
   ELPT        ELPR

Variables with special functions

  ID variable           ID

Estimator                                                      MLR
Information matrix                                        OBSERVED
Maximum number of iterations                                  1000
Convergence criterion                                    0.500D-04
Maximum number of steepest descent iterations                   20
Maximum number of iterations for H1                           2000
Convergence criterion for H1                             0.100D-03

Input data file(s)
  ../df67.dat

Input data format  FREE


SUMMARY OF DATA

     Number of missing data patterns             3


COVARIANCE COVERAGE OF DATA

Minimum covariance coverage value   0.100


     PROPORTION OF DATA PRESENT


           Covariance Coverage
              ECRANX_0      ECRANX_1      CCPT          CCPR          PRNAPT
              ________      ________      ________      ________      ________
 ECRANX_0       0.990
 ECRANX_1       0.990         1.000
 CCPT           0.990         1.000         1.000
 CCPR           0.990         1.000         1.000         1.000
 PRNAPT         0.990         1.000         1.000         1.000         1.000
 PRNAPR         0.990         1.000         1.000         1.000         1.000
 PNAPT          0.980         0.990         0.990         0.990         0.990
 PNAPR          0.990         1.000         1.000         1.000         1.000
 ELPT           0.990         1.000         1.000         1.000         1.000
 ELPR           0.990         0.990         0.990         0.990         0.990


           Covariance Coverage
              PRNAPR        PNAPT         PNAPR         ELPT          ELPR
              ________      ________      ________      ________      ________
 PRNAPR         1.000
 PNAPT          0.990         0.990
 PNAPR          1.000         0.990         1.000
 ELPT           1.000         0.990         1.000         1.000
 ELPR           0.990         0.980         0.990         0.990         0.990



UNIVARIATE SAMPLE STATISTICS


     UNIVARIATE HIGHER-ORDER MOMENT DESCRIPTIVE STATISTICS

         Variable/         Mean/     Skewness/   Minimum/ % with                Percentiles
        Sample Size      Variance    Kurtosis    Maximum  Min/Max      20%/60%    40%/80%    Median

     ECRANX_0              2.942       0.444       1.000    2.04%       1.833      2.444      2.750
              98.000       1.490      -0.683       6.000    1.02%       3.000      4.056
     ECRANX_1              3.568       0.234       1.222    2.02%       2.500      3.056      3.389
              99.000       1.376      -0.811       6.000    1.01%       3.833      4.722
     CCPT                 -0.890      -0.259     -81.685    1.01%     -26.415     -7.559      2.881
              99.000    1013.048       0.128      80.417    1.01%       8.529     24.280
     CCPR                 -0.283      -0.178    -116.491    1.01%     -27.251     -8.605     -2.107
              99.000    1435.257       0.411      79.366    1.01%       5.588     28.790
     PRNAPT               16.030       1.450      10.000   13.13%      11.000     13.000     14.000
              99.000      31.928       2.460      39.000    1.01%      16.000     20.000
     PRNAPR               13.621       1.725      10.000   24.24%      10.000     11.000     12.000
              99.000      17.354       3.160      31.000    1.01%      13.000     16.000
     PNAPT                17.803       1.082      10.000   16.33%      11.000     13.000     16.000
              98.000      55.916       1.241      47.000    1.02%      19.000     24.000
     PNAPR                14.380       1.080      10.000   36.36%      10.000     11.000     12.000
              99.000      27.507      -0.070      30.000    1.01%      13.000     20.000
     ELPT                  9.658       0.082       1.375    1.01%       5.750      8.375      9.500
              99.000      15.289      -0.698      18.000    1.01%      10.625     12.875
     ELPR                  6.835       0.329       0.750    3.06%       3.250      5.250      6.812
              98.000      15.020      -0.679      15.625    1.02%       7.750     10.375


THE MODEL ESTIMATION TERMINATED NORMALLY



MODEL FIT INFORMATION

Number of Free Parameters                       36

Loglikelihood

          H0 Value                       -2925.457
          H0 Scaling Correction Factor      1.1594
            for MLR
          H1 Value                       -2907.551
          H1 Scaling Correction Factor      1.0745
            for MLR

Information Criteria

          Akaike (AIC)                    5922.914
          Bayesian (BIC)                  6016.339
          Sample-Size Adjusted BIC        5902.649
            (n* = (n + 2) / 24)

Chi-Square Test of Model Fit

          Value                             36.952*
          Degrees of Freedom                    29
          P-Value                           0.1474
          Scaling Correction Factor         0.9691
            for MLR

*   The chi-square value for MLM, MLMV, MLR, ULSMV, WLSM and WLSMV cannot be used
    for chi-square difference testing in the regular way.  MLM, MLR and WLSM
    chi-square difference testing is described on the Mplus website.  MLMV, WLSMV,
    and ULSMV difference testing is done using the DIFFTEST option.

RMSEA (Root Mean Square Error Of Approximation)

          Estimate                           0.053
          90 Percent C.I.                    0.000  0.098
          Probability RMSEA <= .05           0.434

CFI/TLI

          CFI                                0.971
          TLI                                0.956

Chi-Square Test of Model Fit for the Baseline Model

          Value                            319.558
          Degrees of Freedom                    44
          P-Value                           0.0000

SRMR (Standardized Root Mean Square Residual)

          Value                              0.072



MODEL RESULTS

                                                    Two-Tailed
                    Estimate       S.E.  Est./S.E.    P-Value

 ECRANX_1 ON
    PNAPT              0.050      0.014      3.508      0.000
    ELPT               0.101      0.027      3.727      0.000

 ECRANX_0 ON
    PNAPR              0.037      0.023      1.651      0.099
    ELPR               0.135      0.032      4.224      0.000

 PRNAPT   ON
    ELPT               0.442      0.124      3.558      0.000

 PRNAPR   ON
    ELPR               0.300      0.116      2.595      0.009

 CCPR     ON
    ELPR               1.966      0.548      3.585      0.000
    PRNAPR            -1.081      0.267     -4.043      0.000

 CCPT     ON
    ELPT              -0.771      0.548     -1.407      0.159
    PRNAPT            -1.081      0.267     -4.043      0.000

 PNAPT    ON
    PRNAPT             0.804      0.100      8.019      0.000
    CCPT              -0.036      0.017     -2.148      0.032

 PNAPR    ON
    PRNAPR             0.685      0.093      7.372      0.000
    CCPR               0.000      0.000    999.000    999.000

 PRNAPT   WITH
    PRNAPR             6.805      3.668      1.855      0.064

 PNAPT    WITH
    PNAPR              6.678      2.601      2.567      0.010

 CCPT     WITH
    CCPR            -935.124    132.079     -7.080      0.000

 ELPR     WITH
    ELPT               4.077      1.581      2.579      0.010

 ECRANX_0 WITH
    ECRANX_1           0.023      0.109      0.208      0.835

 Means
    ELPT               9.658      0.393     24.577      0.000
    ELPR               6.836      0.391     17.479      0.000

 Intercepts
    ECRANX_0           1.486      0.334      4.450      0.000
    ECRANX_1           1.714      0.282      6.076      0.000
    CCPT              24.544      7.992      3.071      0.002
    CCPR               0.000      0.000    999.000    999.000
    PRNAPT            11.761      1.212      9.707      0.000
    PRNAPR            11.567      0.750     15.429      0.000
    PNAPT              4.811      1.489      3.231      0.001
    PNAPR              5.048      1.170      4.313      0.000

 Variances
    ELPT              15.289      1.754      8.719      0.000
    ELPR              14.986      1.737      8.626      0.000

 Residual Variances
    ECRANX_0           1.096      0.140      7.846      0.000
    ECRANX_1           0.979      0.109      8.988      0.000
    CCPT             974.327    143.420      6.794      0.000
    CCPR            1415.759    198.701      7.125      0.000
    PRNAPT            28.437      6.221      4.571      0.000
    PRNAPR            16.086      3.512      4.580      0.000
    PNAPT             31.061      7.157      4.340      0.000
    PNAPR             18.722      3.137      5.969      0.000


STANDARDIZED MODEL RESULTS


STDYX Standardization

                                                    Two-Tailed
                    Estimate       S.E.  Est./S.E.    P-Value

 ECRANX_1 ON
    PNAPT              0.319      0.080      3.973      0.000
    ELPT               0.342      0.090      3.790      0.000

 ECRANX_0 ON
    PNAPR              0.162      0.102      1.593      0.111
    ELPR               0.435      0.091      4.755      0.000

 PRNAPT   ON
    ELPT               0.308      0.087      3.543      0.000

 PRNAPR   ON
    ELPR               0.279      0.098      2.842      0.004

 CCPR     ON
    ELPR               0.198      0.050      3.971      0.000
    PRNAPR            -0.118      0.031     -3.806      0.000

 CCPT     ON
    ELPT              -0.094      0.066     -1.431      0.152
    PRNAPT            -0.189      0.051     -3.705      0.000

 PNAPT    ON
    PRNAPT             0.607      0.064      9.420      0.000
    CCPT              -0.158      0.077     -2.052      0.040

 PNAPR    ON
    PRNAPR             0.552      0.063      8.797      0.000
    CCPR               0.000      0.000    999.000    999.000

 PRNAPT   WITH
    PRNAPR             0.318      0.131      2.422      0.015

 PNAPT    WITH
    PNAPR              0.277      0.099      2.789      0.005

 CCPT     WITH
    CCPR              -0.796      0.031    -25.326      0.000

 ELPR     WITH
    ELPT               0.269      0.099      2.730      0.006

 ECRANX_0 WITH
    ECRANX_1           0.022      0.104      0.209      0.834

 Means
    ELPT               2.470      0.168     14.733      0.000
    ELPR               1.766      0.122     14.521      0.000

 Intercepts
    ECRANX_0           1.240      0.297      4.177      0.000
    ECRANX_1           1.485      0.294      5.043      0.000
    CCPT               0.764      0.236      3.245      0.001
    CCPR               0.000      0.000    999.000    999.000
    PRNAPT             2.098      0.301      6.959      0.000
    PRNAPR             2.770      0.387      7.165      0.000
    PNAPT              0.649      0.226      2.871      0.004
    PNAPR              0.973      0.249      3.910      0.000

 Variances
    ELPT               1.000      0.000    999.000    999.000
    ELPR               1.000      0.000    999.000    999.000

 Residual Variances
    ECRANX_0           0.763      0.078      9.742      0.000
    ECRANX_1           0.735      0.066     11.195      0.000
    CCPT               0.945      0.028     34.143      0.000
    CCPR               0.960      0.019     51.378      0.000
    PRNAPT             0.905      0.054     16.866      0.000
    PRNAPR             0.922      0.055     16.896      0.000
    PNAPT              0.565      0.081      6.969      0.000
    PNAPR              0.696      0.069     10.058      0.000


STDY Standardization

                                                    Two-Tailed
                    Estimate       S.E.  Est./S.E.    P-Value

 ECRANX_1 ON
    PNAPT              0.319      0.080      3.973      0.000
    ELPT               0.342      0.090      3.790      0.000

 ECRANX_0 ON
    PNAPR              0.162      0.102      1.593      0.111
    ELPR               0.435      0.091      4.755      0.000

 PRNAPT   ON
    ELPT               0.308      0.087      3.543      0.000

 PRNAPR   ON
    ELPR               0.279      0.098      2.842      0.004

 CCPR     ON
    ELPR               0.198      0.050      3.971      0.000
    PRNAPR            -0.118      0.031     -3.806      0.000

 CCPT     ON
    ELPT              -0.094      0.066     -1.431      0.152
    PRNAPT            -0.189      0.051     -3.705      0.000

 PNAPT    ON
    PRNAPT             0.607      0.064      9.420      0.000
    CCPT              -0.158      0.077     -2.052      0.040

 PNAPR    ON
    PRNAPR             0.552      0.063      8.797      0.000
    CCPR               0.000      0.000    999.000    999.000

 PRNAPT   WITH
    PRNAPR             0.318      0.131      2.422      0.015

 PNAPT    WITH
    PNAPR              0.277      0.099      2.789      0.005

 CCPT     WITH
    CCPR              -0.796      0.031    -25.326      0.000

 ELPR     WITH
    ELPT               0.269      0.099      2.730      0.006

 ECRANX_0 WITH
    ECRANX_1           0.022      0.104      0.209      0.834

 Means
    ELPT               2.470      0.168     14.733      0.000
    ELPR               1.766      0.122     14.521      0.000

 Intercepts
    ECRANX_0           1.240      0.297      4.177      0.000
    ECRANX_1           1.485      0.294      5.043      0.000
    CCPT               0.764      0.236      3.245      0.001
    CCPR               0.000      0.000    999.000    999.000
    PRNAPT             2.098      0.301      6.959      0.000
    PRNAPR             2.770      0.387      7.165      0.000
    PNAPT              0.649      0.226      2.871      0.004
    PNAPR              0.973      0.249      3.910      0.000

 Variances
    ELPT               1.000      0.000    999.000    999.000
    ELPR               1.000      0.000    999.000    999.000

 Residual Variances
    ECRANX_0           0.763      0.078      9.742      0.000
    ECRANX_1           0.735      0.066     11.195      0.000
    CCPT               0.945      0.028     34.143      0.000
    CCPR               0.960      0.019     51.378      0.000
    PRNAPT             0.905      0.054     16.866      0.000
    PRNAPR             0.922      0.055     16.896      0.000
    PNAPT              0.565      0.081      6.969      0.000
    PNAPR              0.696      0.069     10.058      0.000


STD Standardization

                                                    Two-Tailed
                    Estimate       S.E.  Est./S.E.    P-Value

 ECRANX_1 ON
    PNAPT              0.050      0.014      3.508      0.000
    ELPT               0.101      0.027      3.727      0.000

 ECRANX_0 ON
    PNAPR              0.037      0.023      1.651      0.099
    ELPR               0.135      0.032      4.224      0.000

 PRNAPT   ON
    ELPT               0.442      0.124      3.558      0.000

 PRNAPR   ON
    ELPR               0.300      0.116      2.595      0.009

 CCPR     ON
    ELPR               1.966      0.548      3.585      0.000
    PRNAPR            -1.081      0.267     -4.043      0.000

 CCPT     ON
    ELPT              -0.771      0.548     -1.407      0.159
    PRNAPT            -1.081      0.267     -4.043      0.000

 PNAPT    ON
    PRNAPT             0.804      0.100      8.019      0.000
    CCPT              -0.036      0.017     -2.148      0.032

 PNAPR    ON
    PRNAPR             0.685      0.093      7.372      0.000
    CCPR               0.000      0.000    999.000    999.000

 PRNAPT   WITH
    PRNAPR             6.805      3.668      1.855      0.064

 PNAPT    WITH
    PNAPR              6.678      2.601      2.567      0.010

 CCPT     WITH
    CCPR            -935.124    132.079     -7.080      0.000

 ELPR     WITH
    ELPT               4.077      1.581      2.579      0.010

 ECRANX_0 WITH
    ECRANX_1           0.023      0.109      0.208      0.835

 Means
    ELPT               9.658      0.393     24.577      0.000
    ELPR               6.836      0.391     17.479      0.000

 Intercepts
    ECRANX_0           1.486      0.334      4.450      0.000
    ECRANX_1           1.714      0.282      6.076      0.000
    CCPT              24.544      7.992      3.071      0.002
    CCPR               0.000      0.000    999.000    999.000
    PRNAPT            11.761      1.212      9.707      0.000
    PRNAPR            11.567      0.750     15.429      0.000
    PNAPT              4.811      1.489      3.231      0.001
    PNAPR              5.048      1.170      4.313      0.000

 Variances
    ELPT              15.289      1.754      8.719      0.000
    ELPR              14.986      1.737      8.626      0.000

 Residual Variances
    ECRANX_0           1.096      0.140      7.846      0.000
    ECRANX_1           0.979      0.109      8.988      0.000
    CCPT             974.327    143.420      6.794      0.000
    CCPR            1415.759    198.701      7.125      0.000
    PRNAPT            28.437      6.221      4.571      0.000
    PRNAPR            16.086      3.512      4.580      0.000
    PNAPT             31.061      7.157      4.340      0.000
    PNAPR             18.722      3.137      5.969      0.000


R-SQUARE

    Observed                                        Two-Tailed
    Variable        Estimate       S.E.  Est./S.E.    P-Value

    ECRANX_0           0.237      0.078      3.019      0.003
    ECRANX_1           0.265      0.066      4.033      0.000
    CCPT               0.055      0.028      2.000      0.046
    CCPR               0.040      0.019      2.146      0.032
    PRNAPT             0.095      0.054      1.772      0.076
    PRNAPR             0.078      0.055      1.421      0.155
    PNAPT              0.435      0.081      5.375      0.000
    PNAPR              0.304      0.069      4.399      0.000


QUALITY OF NUMERICAL RESULTS

     Condition Number for the Information Matrix              0.334E-04
       (ratio of smallest to largest eigenvalue)


MODEL MODIFICATION INDICES

Minimum M.I. value for printing the modification index     5.000

                                   M.I.     E.P.C.  Std E.P.C.  StdYX E.P.C.

ON Statements

PNAPR    ON ECRANX_0               8.736     1.546      1.546        0.357
PNAPR    ON ELPR                   9.506     0.343      0.343        0.256

WITH Statements

PRNAPT   WITH ECRANX_0             6.249     1.316      1.316        0.236
PNAPR    WITH PRNAPR               8.056   -10.968    -10.968       -0.632
ELPR     WITH PNAPR                8.669     4.712      4.712        0.281


     Beginning Time:  12:00:26
        Ending Time:  12:00:26
       Elapsed Time:  00:00:00



MUTHEN & MUTHEN
3463 Stoner Ave.
Los Angeles, CA  90066

Tel: (310) 391-9971
Fax: (310) 391-8971
Web: www.StatModel.com
Support: Support@StatModel.com

Copyright (c) 1998-2017 Muthen & Muthen
