Mplus VERSION 8 (Mac)
MUTHEN & MUTHEN
12/13/2018  11:21 AM

INPUT INSTRUCTIONS

  TITLE:
  Testing
  DATA:
  FILE = "../df67_das_allIIP.dat";

  VARIABLE:
  VARIABLE:
  NAMES = PTNUM scpt ccpt scpr ccpr ECRanx_1 ECRanx_0 prnapt prnapr pnapt pnapr
  elpt_c elpr_c cmpt_c cmpr_c agpt_c agpr_c agcmpt agcmpr prafpt prafpr pafpt
  pafpr ECRavo_0 ECRavo_1 whichdf_num id rel dasfu1 dasfu0 dasbl1 dasbl0;
   MISSING=.;
  USEVARIABLES = ECRanx_0 ECRanx_1 ccpt ccpr prnapt
  prnapr pnapt pnapr elpt_c elpr_c id agpt_c agpr_c cmpt_c cmpr_c agcmpt agcmpr;
  IDVARIABLE IS id;
  ANALYSIS:
  ESTIMATOR=BAYES; PROCESSORS = 2;BITERATIONS = (30000);
  !ESTIMATOR = MLR;
  MODEL:
  prnapt ON cmpt_c@0;
  prnapr ON cmpr_c@0;
  ccpt ON cmpt_c* (x);
  ccpr ON cmpr_c@0;
  cmpt_c WITH cmpt_c;
  cmpr_c WITH cmpr_c;
  cmpt_c WITH cmpr_c;
  [cmpt_c];
  [cmpr_c];

  prnapt ON agpt_c;
  prnapr ON agpr_c;
  ccpt ON agpt_c;
  ccpr ON agpr_c;
  agpt_c WITH agpt_c;
  agpr_c WITH agpr_c;
  agpt_c WITH agpr_c;
  [agpt_c];
  [agpr_c];


  prnapt ON agcmpt;
  prnapr ON agcmpr;
  ccpt ON agcmpt;
  ccpr ON agcmpr;
  agcmpt WITH agcmpt;
  agcmpr WITH agcmpr;
  agcmpt WITH agcmpr;
  [agcmpt];
  [agcmpr];

  ECRanx_1 ON pnapt* (w);
  ECRanx_0 ON pnapr;
  prnapt ON elpt_c* (z);
  prnapr ON elpr_c;
  ccpr ON elpr_c;
  ccpt ON elpt_c@0;
  prnapt WITH prnapr;
  pnapt WITH pnapr;
  pnapt ON prnapt;
  pnapt ON ccpt* (c);
  pnapr ON prnapr;
  pnapr ON ccpr@0;
  ccpt ON prnapt* (b1);
  ccpr ON prnapr* (b1);
  ccpt WITH ccpr;
  prnapt WITH prnapt;
  prnapr WITH prnapr;
  pnapt WITH pnapt;
  pnapr WITH pnapr;
  elpt_c WITH elpt_c;
  elpr_c WITH elpr_c;
  [ccpt];
  [ccpr@0];
  [prnapt];
  [prnapr];
  [pnapt];
  [pnapr];
  [elpt_c];
  [elpr_c];
  [ECRanx_0];
  [ECRanx_1];
  ECRanx_0 WITH ECRanx_1@0;
  ECRanx_0 WITH ECRanx_0;
  ECRanx_1 WITH ECRanx_1;
  ECRanx_0 ON ELPR_C;
  !PNAPR ON ELPR_C;
  ECRANX_1 ON ELPT_C;
  !PRNAPR   WITH PRNAPT;
  !ECRANX_0 ON PRNAPT;
  MODEL CONSTRAINT:
  NEW ( b1c wb1c zb1c zb1cw wxc);!b1d hb1c whb1c uhc );
  b1c = b1*c;
  zb1c = z*b1*c;
  zb1cw = z*b1*c*w;
  wb1c = w*b1*c;
  wxc = x*w*c;


  !OUTPUT:
  !STANDARDIZED;  MODINDICES(ALL 5);

  !savedata: file=na_inf.txt; save is
  !cooks;



INPUT READING TERMINATED NORMALLY




Testing

SUMMARY OF ANALYSIS

Number of groups                                                 1
Number of observations                                          99

Number of dependent variables                                    8
Number of independent variables                                  8
Number of continuous latent variables                            0

Observed dependent variables

  Continuous
   ECRANX_0    ECRANX_1    CCPT        CCPR        PRNAPT      PRNAPR
   PNAPT       PNAPR

Observed independent variables
   ELPT_C      ELPR_C      AGPT_C      AGPR_C      CMPT_C      CMPR_C
   AGCMPT      AGCMPR

Variables with special functions

  ID variable           ID

Estimator                                                    BAYES
Specifications for Bayesian Estimation
  Point estimate                                            MEDIAN
  Number of Markov chain Monte Carlo (MCMC) chains               2
  Random seed for the first chain                                0
  Starting value information                           UNPERTURBED
  Treatment of categorical mediator                         LATENT
  Algorithm used for Markov chain Monte Carlo           GIBBS(PX1)
  Convergence criterion                                  0.500D-01
  Maximum number of iterations                               50000
  K-th iteration used for thinning                               1

Input data file(s)
  ../df67_das_allIIP.dat
Input data format  FREE


SUMMARY OF DATA



COVARIANCE COVERAGE OF DATA

Minimum covariance coverage value   0.100

     Number of missing data patterns             3


     PROPORTION OF DATA PRESENT


           Covariance Coverage
              ECRANX_0      ECRANX_1      CCPT          CCPR          PRNAPT
              ________      ________      ________      ________      ________
 ECRANX_0       0.990
 ECRANX_1       0.990         1.000
 CCPT           0.990         1.000         1.000
 CCPR           0.990         1.000         1.000         1.000
 PRNAPT         0.990         1.000         1.000         1.000         1.000
 PRNAPR         0.990         1.000         1.000         1.000         1.000
 PNAPT          0.980         0.990         0.990         0.990         0.990
 PNAPR          0.990         1.000         1.000         1.000         1.000
 ELPT_C         0.990         1.000         1.000         1.000         1.000
 ELPR_C         0.990         0.990         0.990         0.990         0.990
 AGPT_C         0.990         1.000         1.000         1.000         1.000
 AGPR_C         0.990         0.990         0.990         0.990         0.990
 CMPT_C         0.990         1.000         1.000         1.000         1.000
 CMPR_C         0.990         0.990         0.990         0.990         0.990
 AGCMPT         0.990         1.000         1.000         1.000         1.000
 AGCMPR         0.990         0.990         0.990         0.990         0.990


           Covariance Coverage
              PRNAPR        PNAPT         PNAPR         ELPT_C        ELPR_C
              ________      ________      ________      ________      ________
 PRNAPR         1.000
 PNAPT          0.990         0.990
 PNAPR          1.000         0.990         1.000
 ELPT_C         1.000         0.990         1.000         1.000
 ELPR_C         0.990         0.980         0.990         0.990         0.990
 AGPT_C         1.000         0.990         1.000         1.000         0.990
 AGPR_C         0.990         0.980         0.990         0.990         0.990
 CMPT_C         1.000         0.990         1.000         1.000         0.990
 CMPR_C         0.990         0.980         0.990         0.990         0.990
 AGCMPT         1.000         0.990         1.000         1.000         0.990
 AGCMPR         0.990         0.980         0.990         0.990         0.990


           Covariance Coverage
              AGPT_C        AGPR_C        CMPT_C        CMPR_C        AGCMPT
              ________      ________      ________      ________      ________
 AGPT_C         1.000
 AGPR_C         0.990         0.990
 CMPT_C         1.000         0.990         1.000
 CMPR_C         0.990         0.990         0.990         0.990
 AGCMPT         1.000         0.990         1.000         0.990         1.000
 AGCMPR         0.990         0.990         0.990         0.990         0.990


           Covariance Coverage
              AGCMPR
              ________
 AGCMPR         0.990



UNIVARIATE SAMPLE STATISTICS


     UNIVARIATE HIGHER-ORDER MOMENT DESCRIPTIVE STATISTICS

         Variable/         Mean/     Skewness/   Minimum/ % with                Percentiles
        Sample Size      Variance    Kurtosis    Maximum  Min/Max      20%/60%    40%/80%    Median

     ECRANX_0              2.942       0.444       1.000    2.04%       1.833      2.444      2.750
              98.000       1.490      -0.683       6.000    1.02%       3.000      4.056
     ECRANX_1              3.568       0.234       1.222    2.02%       2.500      3.056      3.389
              99.000       1.376      -0.811       6.000    1.01%       3.833      4.722
     CCPT                 -0.890      -0.259     -81.685    1.01%     -26.415     -7.559      2.881
              99.000    1013.048       0.128      80.417    1.01%       8.529     24.280
     CCPR                 -0.283      -0.178    -116.491    1.01%     -27.251     -8.605     -2.107
              99.000    1435.257       0.411      79.366    1.01%       5.588     28.790
     PRNAPT               16.030       1.450      10.000   13.13%      11.000     13.000     14.000
              99.000      31.928       2.460      39.000    1.01%      16.000     20.000
     PRNAPR               13.621       1.725      10.000   24.24%      10.000     11.000     12.000
              99.000      17.354       3.160      31.000    1.01%      13.000     16.000
     PNAPT                17.803       1.082      10.000   16.33%      11.000     13.000     16.000
              98.000      55.916       1.241      47.000    1.02%      19.000     24.000
     PNAPR                14.380       1.080      10.000   36.36%      10.000     11.000     12.000
              99.000      27.507      -0.070      30.000    1.01%      13.000     20.000
     ELPT_C               -0.065       0.082      -8.348    1.01%      -3.973     -1.348     -0.223
              99.000      15.289      -0.698       8.277    1.01%       0.902      3.152
     ELPR_C                0.068       0.329      -6.017    3.06%      -3.517     -1.517      0.045
              98.000      15.020      -0.679       8.858    1.02%       0.983      3.608
     AGPT_C                0.109      -0.218     -11.412    1.01%      -3.303     -0.639      0.305
              99.000      12.456      -0.001       7.767    1.01%       1.055      2.939
     AGPR_C                0.021      -0.273      -9.023    1.02%      -3.018     -0.458      0.353
              98.000      11.858      -0.040       8.358    1.02%       1.219      2.706
     CMPT_C                0.166       0.179      -7.143    1.01%      -2.419     -0.608     -0.108
              99.000       9.104      -0.160       7.250    1.01%       0.909      2.232
     CMPR_C               -0.013       0.174      -8.758    1.02%      -2.046     -0.766     -0.302
              98.000       7.311       0.888       7.269    1.02%       0.381      1.941
     AGCMPT               -3.578      -2.407     -77.517    1.01%      -9.894     -2.521     -1.062
              99.000     144.679      13.179      30.629    1.01%      -0.092      2.367
     AGCMPR               -0.369      -0.068     -24.878    1.02%      -3.987     -1.383     -0.154
              98.000      66.520       1.705      24.813    1.02%       0.224      4.259


THE MODEL ESTIMATION TERMINATED NORMALLY

     USE THE FBITERATIONS OPTION TO INCREASE THE NUMBER OF ITERATIONS BY A FACTOR
     OF AT LEAST TWO TO CHECK CONVERGENCE AND THAT THE PSR VALUE DOES NOT INCREASE.



MODEL FIT INFORMATION

Number of Free Parameters                              82

Bayesian Posterior Predictive Checking using Chi-Square

          95% Confidence Interval for the Difference Between
          the Observed and the Replicated Chi-Square Values

                                -21.500            69.886

          Posterior Predictive P-Value              0.141

Information Criteria

          Deviance (DIC)                         9406.241
          Estimated Number of Parameters (pD)      73.640
          Bayesian (BIC)                         9632.632



MODEL RESULTS

                                Posterior  One-Tailed         95% C.I.
                    Estimate       S.D.      P-Value   Lower 2.5%  Upper 2.5%  Significance

 PRNAPT     ON
    CMPT_C             0.000       0.000      1.000       0.000       0.000
    AGPT_C             0.125       0.173      0.236      -0.214       0.468
    AGCMPT            -0.012       0.046      0.402      -0.103       0.079
    ELPT_C             0.494       0.158      0.001       0.188       0.810      *

 PRNAPR     ON
    CMPR_C             0.000       0.000      1.000       0.000       0.000
    AGPR_C             0.200       0.125      0.053      -0.044       0.448
    AGCMPR            -0.062       0.049      0.103      -0.158       0.035
    ELPR_C             0.367       0.112      0.001       0.148       0.585      *

 CCPT       ON
    CMPT_C            -2.308       0.641      0.000      -3.557      -1.055      *
    AGPT_C            -0.369       0.554      0.254      -1.450       0.721
    AGCMPT             0.319       0.155      0.020       0.017       0.623      *
    ELPT_C             0.000       0.000      1.000       0.000       0.000
    PRNAPT            -0.682       0.198      0.000      -1.065      -0.290      *

 CCPR       ON
    CMPR_C             0.000       0.000      1.000       0.000       0.000
    AGPR_C            -1.423       0.717      0.024      -2.846      -0.020      *
    AGCMPR            -0.816       0.277      0.002      -1.356      -0.272      *
    ELPR_C             0.898       0.644      0.081      -0.360       2.166
    PRNAPR            -0.682       0.198      0.000      -1.065      -0.290      *

 ECRANX_1   ON
    PNAPT              0.050       0.015      0.000       0.021       0.079      *
    ELPT_C             0.101       0.028      0.000       0.045       0.157      *

 ECRANX_0   ON
    PNAPR              0.037       0.023      0.050      -0.007       0.082
    ELPR_C             0.135       0.031      0.000       0.074       0.196      *

 PNAPT      ON
    PRNAPT             0.804       0.102      0.000       0.602       1.005      *
    CCPT              -0.036       0.019      0.026      -0.073       0.000

 PNAPR      ON
    PRNAPR             0.686       0.106      0.000       0.479       0.893      *
    CCPR               0.000       0.000      1.000       0.000       0.000

 CMPT_C   WITH
    CMPR_C            -0.154       1.143      0.444      -2.425       2.095
    ELPT_C             2.389       1.671      0.063      -0.665       5.925
    ELPR_C            -0.410       1.626      0.395      -3.660       2.767
    AGPT_C            -4.360       1.577      0.001      -7.885      -1.653      *
    AGPR_C            -1.202       1.464      0.192      -4.243       1.603

 CMPR_C   WITH
    ELPT_C             0.835       1.479      0.276      -2.052       3.810
    ELPR_C             0.707       1.468      0.305      -2.132       3.677
    AGPT_C             1.287       1.341      0.159      -1.265       4.038
    AGPR_C            -0.454       1.300      0.356      -3.103       2.064

 AGPT_C   WITH
    AGPR_C             1.078       1.690      0.252      -2.168       4.511
    ELPT_C            -8.019       2.133      0.000     -12.905      -4.503      *
    ELPR_C            -0.898       1.906      0.309      -4.799       2.801

 AGPR_C   WITH
    ELPT_C             0.251       1.894      0.444      -3.504       4.008
    ELPR_C            -6.090       1.987      0.000     -10.583      -2.766      *

 AGCMPT   WITH
    AGCMPR             1.815      13.668      0.443     -24.881      29.128
    ELPT_C           -13.470       6.708      0.014     -27.939      -1.576      *
    ELPR_C             3.690       6.450      0.273      -8.653      16.869
    AGPT_C            11.374       6.093      0.022       0.346      24.541      *
    AGPR_C            -0.304       5.756      0.479     -11.647      11.078
    CMPT_C            -6.604       5.118      0.084     -17.392       2.777
    CMPR_C             0.976       4.545      0.406      -7.812      10.175

 AGCMPR   WITH
    ELPT_C             0.763       4.496      0.433      -8.235       9.713
    ELPR_C            -0.358       4.418      0.466      -9.094       8.427
    AGPT_C             2.250       4.026      0.278      -5.469      10.423
    AGPR_C             3.905       3.963      0.146      -3.535      12.124
    CMPT_C            -0.916       3.446      0.391      -7.817       5.880
    CMPR_C            -1.642       3.106      0.287      -7.974       4.323

 PRNAPT   WITH
    PRNAPR             7.169       2.564      0.001       2.659      12.752      *

 PNAPT    WITH
    PNAPR              7.062       2.909      0.004       1.816      13.269      *

 CCPT     WITH
    CCPR           -1025.564     176.157      0.000   -1428.505    -744.081      *

 ELPR_C   WITH
    ELPT_C             4.947       2.197      0.006       1.054       9.699      *

 ECRANX_0 WITH
    ECRANX_1           0.000       0.000      1.000       0.000       0.000

 Means
    ELPT_C            -0.063       0.440      0.444      -0.923       0.801
    ELPR_C             0.074       0.432      0.431      -0.786       0.922
    AGPT_C             0.108       0.395      0.388      -0.671       0.887
    AGPR_C             0.028       0.385      0.472      -0.727       0.785
    CMPT_C             0.160       0.335      0.313      -0.493       0.822
    CMPR_C            -0.009       0.305      0.488      -0.614       0.585
    AGCMPT            -3.570       1.344      0.005      -6.233      -0.934      *
    AGCMPR            -0.330       0.915      0.354      -2.162       1.432

 Intercepts
    ECRANX_0           2.397       0.344      0.000       1.717       3.072      *
    ECRANX_1           2.688       0.280      0.000       2.143       3.242      *
    CCPT              17.343       5.284      0.000       6.846      27.673      *
    CCPR               0.000       0.000      1.000       0.000       0.000
    PRNAPT            16.009       0.589      0.000      14.847      17.161      *
    PRNAPR            13.573       0.420      0.000      12.744      14.397      *
    PNAPT              4.805       1.743      0.003       1.378       8.259      *
    PNAPR              5.033       1.509      0.001       2.076       8.005      *

 Variances
    ELPT_C            18.643       3.035      0.000      13.878      25.669      *
    ELPR_C            18.227       2.967      0.000      13.635      25.241      *
    AGPT_C            15.189       2.471      0.000      11.347      21.004      *
    AGPR_C            14.451       2.367      0.000      10.778      20.007      *
    CMPT_C            11.091       1.825      0.000       8.254      15.408      *
    CMPR_C             8.913       1.454      0.000       6.654      12.375      *
    AGCMPT           175.918      28.543      0.000     131.076     242.550      *
    AGCMPR            81.032      13.242      0.000      60.348     112.022      *

 Residual Variances
    ECRANX_0           1.165       0.177      0.000       0.886       1.578      *
    ECRANX_1           1.037       0.157      0.000       0.790       1.405      *
    CCPT             994.786     153.023      0.000     753.587    1346.521      *
    CCPR            1555.970     239.789      0.000    1178.685    2113.972      *
    PRNAPT            30.801       4.712      0.000      23.352      41.807      *
    PRNAPR            17.021       2.614      0.000      12.864      23.064      *
    PNAPT             33.683       5.186      0.000      25.478      45.736      *
    PNAPR             20.079       3.056      0.000      15.236      27.154      *

New/Additional Parameters
    B1C                0.023       0.015      0.026       0.000       0.059
    WB1C               0.001       0.001      0.027       0.000       0.003
    ZB1C               0.011       0.009      0.027       0.000       0.033
    ZB1CW              0.001       0.000      0.028       0.000       0.002
    WXC                0.004       0.003      0.027       0.000       0.011


     Beginning Time:  11:21:09
        Ending Time:  11:21:20
       Elapsed Time:  00:00:11



MUTHEN & MUTHEN
3463 Stoner Ave.
Los Angeles, CA  90066

Tel: (310) 391-9971
Fax: (310) 391-8971
Web: www.StatModel.com
Support: Support@StatModel.com

Copyright (c) 1998-2017 Muthen & Muthen
