Mplus VERSION 8 (Mac)
MUTHEN & MUTHEN
12/13/2018  10:22 AM

INPUT INSTRUCTIONS

  TITLE:
  Aff ->Coreg -> Aff ->Anx. BSEM. Using data set with 99 cases;
  DATA:
  FILE = "../df67.dat";

  VARIABLE:
  NAMES = PTNUM scpt ccpt scpr ccpr ECRanx_1 ECRanx_0 prnapt prnapr pnapt pnapr
  elpt elpr cmpt cmpr prafpt prafpr pafpt pafpr ECRavo_0 ECRavo_1 whichdf_num id;
  MISSING=.;
  USEVARIABLES = cmpr  scpr ccpr  prafpr ECRanx_0
   pafpr;

  ANALYSIS:
  ESTIMATOR=BAYES; PROCESSORS = 2;BITERATIONS = (30000);
  !ESTIMATOR = MLR;

  MODEL:
  !prafpt ON cmpt@0;
  prafpr ON cmpr@0;
  !ccpt ON cmpt* (x);
  !scpt ON cmpt@0;
  ccpr ON cmpr@0;
  scpr ON cmpr@0;
  !cmpt WITH cmpt;
  cmpr WITH cmpr;
  !cmpt WITH cmpr;
  ![cmpt];
  [cmpr];

  !ECRanx_0 ON pafpt* (h);
  !ECRanx_1 ON pafpr* (h);
  !ECRanx_1 ON pafpt* (k);
  ECRanx_0 ON pafpr* (k);
  !pafpt WITH pafpr;
  !pafpt ON prafpt;
  !pafpt ON scpt* (a1);
  !pafpt ON ccpt* (a3);
  !pafpt ON scpr* (a5);
  !pafpt ON ccpr* (a7);
  pafpr ON prafpr;
  pafpr ON scpr@0;
  pafpr ON ccpr@0;
  !pafpr ON scpt* (a5);
  !pafpr ON ccpt* (a7);
  !scpr ON prafpt@0;
  !scpt ON prafpr@0;
  !ccpt ON prafpr* (b7);
  !ccpr ON prafpt* (b7);
  !scpt WITH ccpt;
  !scpt WITH scpr;
  !scpt WITH ccpr;
  !ccpt WITH scpr;
  !ccpt WITH ccpr;
  scpr WITH ccpr;
  !scpt WITH scpt;
  !ccpt WITH ccpt;
  !scpr WITH scpr;
  !ccpr WITH ccpr;
  !prafpt WITH prafpt;
  prafpr WITH prafpr;
  !pafpt WITH pafpt;
  pafpr WITH pafpr;
  ![scpt];
  ![ccpt];
  [scpr];
  [ccpr];
  ![prafpt];
  [prafpr];
  ![pafpt];
  [pafpr@0];

  ECRanx_0 WITH ECRanx_0;
  !ECRanx_1 WITH ECRanx_1;
  !ECRanx_0 WITH ECRanx_1@0;
  [ECRanx_0];
  ![ECRanx_1];

  !MODEL CONSTRAINT:
  !NEW ( ha3 ka3 a3b7 xka3); !a7b7 a4b7); !zka3 );
  !ha3 = h*a3;
  !ka3 = k*a3;
  !xka3 = x*k*a3;
  !a3b7 = a3*b7;


  !OUTPUT:
  !STANDARDIZED;  MODINDICES(ALL 5);



INPUT READING TERMINATED NORMALLY




Aff ->Coreg -> Aff ->Anx. BSEM. Using data set with 99 cases;

SUMMARY OF ANALYSIS

Number of groups                                                 1
Number of observations                                          99

Number of dependent variables                                    5
Number of independent variables                                  1
Number of continuous latent variables                            0

Observed dependent variables

  Continuous
   SCPR        CCPR        PRAFPR      ECRANX_0    PAFPR

Observed independent variables
   CMPR


Estimator                                                    BAYES
Specifications for Bayesian Estimation
  Point estimate                                            MEDIAN
  Number of Markov chain Monte Carlo (MCMC) chains               2
  Random seed for the first chain                                0
  Starting value information                           UNPERTURBED
  Treatment of categorical mediator                         LATENT
  Algorithm used for Markov chain Monte Carlo           GIBBS(PX1)
  Convergence criterion                                  0.500D-01
  Maximum number of iterations                               50000
  K-th iteration used for thinning                               1

Input data file(s)
  ../df67.dat
Input data format  FREE


SUMMARY OF DATA



COVARIANCE COVERAGE OF DATA

Minimum covariance coverage value   0.100

     Number of missing data patterns             4


     PROPORTION OF DATA PRESENT


           Covariance Coverage
              SCPR          CCPR          PRAFPR        ECRANX_0      PAFPR
              ________      ________      ________      ________      ________
 SCPR           1.000
 CCPR           1.000         1.000
 PRAFPR         0.990         0.990         0.990
 ECRANX_0       0.990         0.990         0.980         0.990
 PAFPR          0.980         0.980         0.980         0.970         0.980
 CMPR           0.990         0.990         0.980         0.990         0.970


           Covariance Coverage
              CMPR
              ________
 CMPR           0.990



UNIVARIATE SAMPLE STATISTICS


     UNIVARIATE HIGHER-ORDER MOMENT DESCRIPTIVE STATISTICS

         Variable/         Mean/     Skewness/   Minimum/ % with                Percentiles
        Sample Size      Variance    Kurtosis    Maximum  Min/Max      20%/60%    40%/80%    Median

     SCPR                 28.538       0.567       9.085    1.01%      16.451     24.118     27.494
              99.000     153.716      -0.221      66.121    1.01%      29.684     39.272
     CCPR                 -0.283      -0.178    -116.491    1.01%     -27.251     -8.605     -2.107
              99.000    1435.257       0.411      79.366    1.01%       5.588     28.790
     PRAFPR                3.041      -0.668      -2.414    1.02%       1.500      2.884      3.289
              98.000       3.714       0.004       6.181    1.02%       3.737      4.724
     ECRANX_0              2.942       0.444       1.000    2.04%       1.833      2.444      2.750
              98.000       1.490      -0.683       6.000    1.02%       3.000      4.056
     PAFPR                 2.876      -0.642      -2.914    1.03%       1.103      2.634      3.207
              97.000       4.221      -0.137       6.358    1.03%       3.737      4.651
     CMPR                  1.003       0.174      -7.742    1.02%      -1.030      0.250      0.713
              98.000       7.311       0.888       8.285    1.02%       1.397      2.957


THE MODEL ESTIMATION TERMINATED NORMALLY

     USE THE FBITERATIONS OPTION TO INCREASE THE NUMBER OF ITERATIONS BY A FACTOR
     OF AT LEAST TWO TO CHECK CONVERGENCE AND THAT THE PSR VALUE DOES NOT INCREASE.



MODEL FIT INFORMATION

Number of Free Parameters                              14

Bayesian Posterior Predictive Checking using Chi-Square

          95% Confidence Interval for the Difference Between
          the Observed and the Replicated Chi-Square Values

                                -14.527            22.443

          Posterior Predictive P-Value              0.331

Information Criteria

          Deviance (DIC)                         3358.602
          Estimated Number of Parameters (pD)      13.445
          Bayesian (BIC)                         3395.601



MODEL RESULTS

                                Posterior  One-Tailed         95% C.I.
                    Estimate       S.D.      P-Value   Lower 2.5%  Upper 2.5%  Significance

 PRAFPR     ON
    CMPR               0.000       0.000      1.000       0.000       0.000

 CCPR       ON
    CMPR               0.000       0.000      1.000       0.000       0.000

 SCPR       ON
    CMPR               0.000       0.000      1.000       0.000       0.000

 ECRANX_0   ON
    PAFPR             -0.186       0.058      0.001      -0.300      -0.069      *

 PAFPR      ON
    PRAFPR             0.872       0.046      0.000       0.782       0.963      *
    SCPR               0.000       0.000      1.000       0.000       0.000
    CCPR               0.000       0.000      1.000       0.000       0.000

 SCPR     WITH
    CCPR             -86.850      54.172      0.044    -200.791      13.581

 Means
    CMPR               0.999       0.280      0.000       0.452       1.556      *

 Intercepts
    SCPR              28.541       1.298      0.000      25.979      31.088      *
    CCPR              -0.298       3.958      0.471      -8.060       7.491
    PRAFPR             3.048       0.200      0.000       2.653       3.439      *
    ECRANX_0           3.469       0.205      0.000       3.061       3.872      *
    PAFPR              0.000       0.000      1.000       0.000       0.000

 Variances
    CMPR               7.610       1.143      0.000       5.768      10.206      *

 Residual Variances
    SCPR             163.150      24.767      0.000     123.986     220.974      *
    CCPR            1523.670     230.593      0.000    1154.973    2064.309      *
    PRAFPR             3.864       0.582      0.000       2.944       5.210      *
    ECRANX_0           1.406       0.212      0.000       1.076       1.900      *
    PAFPR              2.674       0.407      0.000       2.032       3.621      *


     Beginning Time:  10:22:57
        Ending Time:  10:23:02
       Elapsed Time:  00:00:05



MUTHEN & MUTHEN
3463 Stoner Ave.
Los Angeles, CA  90066

Tel: (310) 391-9971
Fax: (310) 391-8971
Web: www.StatModel.com
Support: Support@StatModel.com

Copyright (c) 1998-2017 Muthen & Muthen
