Mplus VERSION 8 (Mac)
MUTHEN & MUTHEN
12/13/2018  11:34 AM

INPUT INSTRUCTIONS

  TITLE:
  Aff -> Coreg -> Aff -> AVOAND fix non-sig parameters to zero
  DATA:
  FILE = "../df67_das_allIIP.dat";

  VARIABLE:
  NAMES = PTNUM scpt ccpt scpr ccpr ECRanx_1 ECRanx_0 prnapt prnapr pnapt pnapr
  elpt_c elpr_c cmpt_c cmpr_c agpt_c agpr_c agcmpt agcmpr prafpt prafpr pafpt
  pafpr ECRavo_0 ECRavo_1 whichdf_num id rel dasfu1 dasfu0 dasbl1 dasbl0;
   MISSING=.;
  USEVARIABLES = cmpt_c cmpr_c scpt ccpt scpr ccpr prafpt prafpr pafpt pafpr
  ECRavo_1 ECRavo_0 agcmpt agcmpr elpt_c elpr_c agpt_c agpr_c;
  IDVARIABLE IS id;
  ANALYSIS:
  ESTIMATOR=BAYES; PROCESSORS = 2; BITERATIONS = (49000); !ALGORITHM=MH;
  !ESTIMATOR = MLR;
  MODEL:

  prafpt ON elpt_c;
  prafpr ON elpr_c;
  ccpt ON elpt_c;
  ccpr ON elpr_c;
  elpt_c WITH elpt_c;
  elpr_c WITH elpr_c;
  elpt_c WITH elpr_c;
  [elpt_c];
  [elpr_c];

  prafpt ON agpt_c;
  prafpr ON agpr_c;
  ccpt ON agpt_c;
  ccpr ON agpr_c;
  agpt_c WITH agpt_c;
  agpr_c WITH agpr_c;
  agpt_c WITH agpr_c;
  [agpt_c];
  [agpr_c];


  prafpt ON agcmpt;
  prafpr ON agcmpr;
  ccpt ON agcmpt;
  ccpr ON agcmpr;
  agcmpt WITH agcmpt;
  agcmpr WITH agcmpr;
  agcmpt WITH agcmpr;
  [agcmpt];
  [agcmpr];


  prafpt ON cmpt_c@0;
  prafpr ON cmpr_c@0;
  ccpt ON cmpt_c* (x);
  scpt ON cmpt_c@0;
  ccpr ON cmpr_c@0;
  scpr ON cmpr_c@0;
  cmpt_c WITH cmpt_c;
  cmpr_c WITH cmpr_c;
  cmpt_c WITH cmpr_c;
  [cmpt_c];
  [cmpr_c];
  prafpt WITH prafpr;

  ECRavo_1 ON pafpt* (k);
  ECRavo_0 ON pafpr;
  pafpt WITH pafpr;
  pafpt ON prafpt;
  pafpt ON scpt* (a1);
  pafpt ON ccpt* (a3);
  pafpt ON scpr* (a5);
  pafpt ON ccpr* (a7);
  pafpr ON prafpr;
  pafpr ON scpr@0;
  pafpr ON ccpr@0;
  pafpr ON scpt* (a5);
  pafpr ON ccpt* (a7);
  scpr ON prafpt@0;
  scpt ON prafpr@0;
  ccpt ON prafpr* (b7);
  ccpr ON prafpt* (b7);
  scpt WITH ccpt;
  scpt WITH scpr;
  scpt WITH ccpr;
  ccpt WITH scpr;
  ccpt WITH ccpr;
  scpr WITH ccpr;
  scpt WITH scpt;
  ccpt WITH ccpt;
  scpr WITH scpr;
  ccpr WITH ccpr;
  prafpt WITH prafpt;
  prafpr WITH prafpr;
  pafpt WITH pafpt;
  pafpr WITH pafpr;
  [scpt];
  [ccpt];
  [scpr];
  [ccpr];
  [prafpt];
  [prafpr];
  [pafpt];
  [pafpr@0];
  ECRavo_1 WITH ECRavo_1;
  ECRavo_0 WITH ECRavo_0;
  ECRavo_1 WITH ECRavo_0@0;
  [ECRavo_1];
  [ECRavo_0];
  !BASED ON MOD INDICES
  ECRavo_0 ON prafpr;
  ECRAVO_0 ON cmpr_c;
  MODEL CONSTRAINT:
  NEW ( a3b7 ka3 xka3); ! a7b7 a4b7 zka3 );
  !ha3 = h*a3;
  xka3 = x*k*a3;
  ka3 = k*a3;
  a3b7 = a3*b7;
  !a7b7 = a7*b7;
  !a4b7 = a4*b7;
  !zka3 = z*k*a3;

  !OUTPUT:
  !STANDARDIZED;  MODINDICES(ALL 4);
  !savedata: file=infludiagnostics.txt; save is
  !cooks;



INPUT READING TERMINATED NORMALLY




Aff -> Coreg -> Aff -> AVOAND fix non-sig parameters to zero

SUMMARY OF ANALYSIS

Number of groups                                                 1
Number of observations                                          99

Number of dependent variables                                   10
Number of independent variables                                  8
Number of continuous latent variables                            0

Observed dependent variables

  Continuous
   SCPT        CCPT        SCPR        CCPR        PRAFPT      PRAFPR
   PAFPT       PAFPR       ECRAVO_1    ECRAVO_0

Observed independent variables
   CMPT_C      CMPR_C      AGCMPT      AGCMPR      ELPT_C      ELPR_C
   AGPT_C      AGPR_C

Variables with special functions

  ID variable           ID

Estimator                                                    BAYES
Specifications for Bayesian Estimation
  Point estimate                                            MEDIAN
  Number of Markov chain Monte Carlo (MCMC) chains               2
  Random seed for the first chain                                0
  Starting value information                           UNPERTURBED
  Treatment of categorical mediator                         LATENT
  Algorithm used for Markov chain Monte Carlo           GIBBS(PX1)
  Convergence criterion                                  0.500D-01
  Maximum number of iterations                               50000
  K-th iteration used for thinning                               1

Input data file(s)
  ../df67_das_allIIP.dat
Input data format  FREE


SUMMARY OF DATA



COVARIANCE COVERAGE OF DATA

Minimum covariance coverage value   0.100

     Number of missing data patterns             5


     PROPORTION OF DATA PRESENT


           Covariance Coverage
              SCPT          CCPT          SCPR          CCPR          PRAFPT
              ________      ________      ________      ________      ________
 SCPT           1.000
 CCPT           1.000         1.000
 SCPR           1.000         1.000         1.000
 CCPR           1.000         1.000         1.000         1.000
 PRAFPT         0.990         0.990         0.990         0.990         0.990
 PRAFPR         0.990         0.990         0.990         0.990         0.990
 PAFPT          0.970         0.970         0.970         0.970         0.970
 PAFPR          0.980         0.980         0.980         0.980         0.980
 ECRAVO_1       1.000         1.000         1.000         1.000         0.990
 ECRAVO_0       0.990         0.990         0.990         0.990         0.980
 CMPT_C         1.000         1.000         1.000         1.000         0.990
 CMPR_C         0.990         0.990         0.990         0.990         0.980
 AGCMPT         1.000         1.000         1.000         1.000         0.990
 AGCMPR         0.990         0.990         0.990         0.990         0.980
 ELPT_C         1.000         1.000         1.000         1.000         0.990
 ELPR_C         0.990         0.990         0.990         0.990         0.980
 AGPT_C         1.000         1.000         1.000         1.000         0.990
 AGPR_C         0.990         0.990         0.990         0.990         0.980


           Covariance Coverage
              PRAFPR        PAFPT         PAFPR         ECRAVO_1      ECRAVO_0
              ________      ________      ________      ________      ________
 PRAFPR         0.990
 PAFPT          0.970         0.970
 PAFPR          0.980         0.970         0.980
 ECRAVO_1       0.990         0.970         0.980         1.000
 ECRAVO_0       0.980         0.960         0.970         0.990         0.990
 CMPT_C         0.990         0.970         0.980         1.000         0.990
 CMPR_C         0.980         0.960         0.970         0.990         0.990
 AGCMPT         0.990         0.970         0.980         1.000         0.990
 AGCMPR         0.980         0.960         0.970         0.990         0.990
 ELPT_C         0.990         0.970         0.980         1.000         0.990
 ELPR_C         0.980         0.960         0.970         0.990         0.990
 AGPT_C         0.990         0.970         0.980         1.000         0.990
 AGPR_C         0.980         0.960         0.970         0.990         0.990


           Covariance Coverage
              CMPT_C        CMPR_C        AGCMPT        AGCMPR        ELPT_C
              ________      ________      ________      ________      ________
 CMPT_C         1.000
 CMPR_C         0.990         0.990
 AGCMPT         1.000         0.990         1.000
 AGCMPR         0.990         0.990         0.990         0.990
 ELPT_C         1.000         0.990         1.000         0.990         1.000
 ELPR_C         0.990         0.990         0.990         0.990         0.990
 AGPT_C         1.000         0.990         1.000         0.990         1.000
 AGPR_C         0.990         0.990         0.990         0.990         0.990


           Covariance Coverage
              ELPR_C        AGPT_C        AGPR_C
              ________      ________      ________
 ELPR_C         0.990
 AGPT_C         0.990         1.000
 AGPR_C         0.990         0.990         0.990



UNIVARIATE SAMPLE STATISTICS


     UNIVARIATE HIGHER-ORDER MOMENT DESCRIPTIVE STATISTICS

         Variable/         Mean/     Skewness/   Minimum/ % with                Percentiles
        Sample Size      Variance    Kurtosis    Maximum  Min/Max      20%/60%    40%/80%    Median

     SCPT                 30.559       0.551       7.450    1.01%      19.197     26.648     29.841
              99.000     129.762      -0.204      58.807    1.01%      31.821     39.920
     CCPT                 -0.890      -0.259     -81.685    1.01%     -26.415     -7.559      2.881
              99.000    1013.048       0.128      80.417    1.01%       8.529     24.280
     SCPR                 28.538       0.567       9.085    1.01%      16.451     24.118     27.494
              99.000     153.716      -0.221      66.121    1.01%      29.684     39.272
     CCPR                 -0.283      -0.178    -116.491    1.01%     -27.251     -8.605     -2.107
              99.000    1435.257       0.411      79.366    1.01%       5.588     28.790
     PRAFPT                3.078      -0.410      -2.061    1.02%       1.207      2.634      3.186
              98.000       3.791      -0.719       6.358    1.02%       3.944      4.944
     PRAFPR                3.041      -0.668      -2.414    1.02%       1.500      2.884      3.289
              98.000       3.714       0.004       6.181    1.02%       3.737      4.724
     PAFPT                 2.306      -0.499      -3.134    1.04%       0.177      1.707      2.722
              96.000       5.174      -0.502       6.108    2.08%       3.341      4.444
     PAFPR                 2.876      -0.642      -2.914    1.03%       1.103      2.634      3.207
              97.000       4.221      -0.137       6.358    1.03%       3.737      4.651
     ECRAVO_1              2.738       0.317       1.000    1.01%       1.944      2.333      2.722
              99.000       0.849      -0.476       5.444    1.01%       3.000      3.611
     ECRAVO_0              2.540       0.713       1.000    1.02%       1.556      2.167      2.306
              98.000       0.997       0.008       5.667    1.02%       2.667      3.500
     CMPT_C                0.166       0.179      -7.143    1.01%      -2.419     -0.608     -0.108
              99.000       9.104      -0.160       7.250    1.01%       0.909      2.232
     CMPR_C               -0.013       0.174      -8.758    1.02%      -2.046     -0.766     -0.302
              98.000       7.311       0.888       7.269    1.02%       0.381      1.941
     AGCMPT               -3.578      -2.407     -77.517    1.01%      -9.894     -2.521     -1.062
              99.000     144.679      13.179      30.629    1.01%      -0.092      2.367
     AGCMPR               -0.369      -0.068     -24.878    1.02%      -3.987     -1.383     -0.154
              98.000      66.520       1.705      24.813    1.02%       0.224      4.259
     ELPT_C               -0.065       0.082      -8.348    1.01%      -3.973     -1.348     -0.223
              99.000      15.289      -0.698       8.277    1.01%       0.902      3.152
     ELPR_C                0.068       0.329      -6.017    3.06%      -3.517     -1.517      0.045
              98.000      15.020      -0.679       8.858    1.02%       0.983      3.608
     AGPT_C                0.109      -0.218     -11.412    1.01%      -3.303     -0.639      0.305
              99.000      12.456      -0.001       7.767    1.01%       1.055      2.939
     AGPR_C                0.021      -0.273      -9.023    1.02%      -3.018     -0.458      0.353
              98.000      11.858      -0.040       8.358    1.02%       1.219      2.706


THE MODEL ESTIMATION TERMINATED NORMALLY

     USE THE FBITERATIONS OPTION TO INCREASE THE NUMBER OF ITERATIONS BY A FACTOR
     OF AT LEAST TWO TO CHECK CONVERGENCE AND THAT THE PSR VALUE DOES NOT INCREASE.



MODEL FIT INFORMATION

Number of Free Parameters                              95

Bayesian Posterior Predictive Checking using Chi-Square

          95% Confidence Interval for the Difference Between
          the Observed and the Replicated Chi-Square Values

                                 13.337           117.518

          Posterior Predictive P-Value              0.007

Information Criteria

          Deviance (DIC)                        10055.842
          Estimated Number of Parameters (pD)      85.455
          Bayesian (BIC)                        10317.846



MODEL RESULTS

                                Posterior  One-Tailed         95% C.I.
                    Estimate       S.D.      P-Value   Lower 2.5%  Upper 2.5%  Significance

 PRAFPT     ON
    ELPT_C            -0.095       0.056      0.043      -0.204       0.015
    AGPT_C            -0.091       0.060      0.065      -0.210       0.027
    AGCMPT            -0.025       0.016      0.062      -0.056       0.007
    CMPT_C             0.000       0.000      1.000       0.000       0.000

 PRAFPR     ON
    ELPR_C            -0.137       0.049      0.003      -0.234      -0.041      *
    AGPR_C            -0.174       0.055      0.001      -0.282      -0.066      *
    AGCMPR            -0.016       0.022      0.225      -0.060       0.027
    CMPR_C             0.000       0.000      1.000       0.000       0.000

 CCPT       ON
    ELPT_C            -1.049       0.598      0.041      -2.223       0.133
    AGPT_C            -0.737       0.666      0.134      -2.043       0.583
    AGCMPT             0.289       0.165      0.041      -0.037       0.613
    CMPT_C            -2.078       0.685      0.001      -3.421      -0.715      *
    PRAFPR             0.895       0.726      0.107      -0.535       2.315

 CCPR       ON
    ELPR_C             1.251       0.687      0.032      -0.083       2.604
    AGPR_C            -0.561       0.777      0.233      -2.098       0.969
    AGCMPR            -0.845       0.304      0.003      -1.447      -0.253      *
    CMPR_C             0.000       0.000      1.000       0.000       0.000
    PRAFPT             0.895       0.726      0.107      -0.535       2.315

 SCPT       ON
    CMPT_C             0.000       0.000      1.000       0.000       0.000
    PRAFPR             0.000       0.000      1.000       0.000       0.000

 SCPR       ON
    CMPR_C             0.000       0.000      1.000       0.000       0.000
    PRAFPT             0.000       0.000      1.000       0.000       0.000

 ECRAVO_1   ON
    PAFPT             -0.108       0.041      0.004      -0.189      -0.028      *

 ECRAVO_0   ON
    PAFPR              0.089       0.061      0.075      -0.032       0.210
    PRAFPR            -0.187       0.065      0.002      -0.315      -0.059      *
    CMPR_C            -0.129       0.035      0.000      -0.197      -0.060      *

 PAFPT      ON
    PRAFPT             0.691       0.080      0.000       0.536       0.849      *
    SCPT               0.026       0.014      0.031      -0.001       0.053
    CCPT               0.020       0.008      0.005       0.005       0.035      *
    SCPR               0.024       0.006      0.000       0.012       0.037      *
    CCPR               0.005       0.004      0.079      -0.002       0.013

 PAFPR      ON
    PRAFPR             0.681       0.060      0.000       0.563       0.800      *
    SCPR               0.000       0.000      1.000       0.000       0.000
    CCPR               0.000       0.000      1.000       0.000       0.000
    SCPT               0.024       0.006      0.000       0.012       0.037      *
    CCPT               0.005       0.004      0.079      -0.002       0.013

 ELPT_C   WITH
    ELPR_C             4.976       2.180      0.006       1.157       9.730      *
    CMPT_C             2.383       1.664      0.063      -0.684       5.878
    CMPR_C             0.831       1.482      0.280      -2.034       3.868
    AGCMPT           -13.466       6.727      0.014     -28.004      -1.407      *
    AGCMPR             0.736       4.462      0.432      -8.116       9.620

 ELPR_C   WITH
    CMPT_C            -0.463       1.632      0.384      -3.760       2.712
    CMPR_C             0.696       1.469      0.309      -2.155       3.643
    AGCMPT             3.800       6.504      0.270      -8.882      16.971
    AGCMPR            -0.347       4.428      0.467      -9.156       8.360

 AGPT_C   WITH
    AGPR_C             1.044       1.703      0.256      -2.213       4.558
    CMPT_C            -4.355       1.573      0.001      -7.829      -1.625      *
    CMPR_C             1.269       1.332      0.156      -1.243       4.053
    AGCMPT            11.373       6.025      0.021       0.386      24.251      *
    AGCMPR             2.253       3.998      0.274      -5.421      10.423
    ELPT_C            -8.014       2.129      0.000     -12.895      -4.505      *
    ELPR_C            -0.902       1.908      0.311      -4.784       2.812

 AGPR_C   WITH
    CMPT_C            -1.190       1.460      0.195      -4.216       1.577
    CMPR_C            -0.452       1.306      0.360      -3.080       2.118
    AGCMPT            -0.363       5.795      0.474     -11.991      11.141
    AGCMPR             3.938       3.960      0.147      -3.552      12.081
    ELPT_C             0.270       1.882      0.442      -3.419       4.009
    ELPR_C            -6.107       1.992      0.000     -10.560      -2.718      *

 AGCMPT   WITH
    AGCMPR             1.770      13.664      0.446     -25.052      28.982
    CMPT_C            -6.496       5.123      0.086     -17.308       2.930
    CMPR_C             1.023       4.552      0.406      -7.904      10.122

 AGCMPR   WITH
    CMPT_C            -0.888       3.434      0.394      -7.770       5.830
    CMPR_C            -1.639       3.096      0.285      -7.956       4.336

 CMPT_C   WITH
    CMPR_C            -0.152       1.149      0.444      -2.465       2.111

 PRAFPT   WITH
    PRAFPR             1.416       0.443      0.000       0.651       2.392      *

 PAFPT    WITH
    PAFPR              1.494       0.341      0.000       0.936       2.273      *

 SCPT     WITH
    CCPT              11.979      42.887      0.384     -72.077      97.619
    SCPR             -22.572      17.272      0.083     -58.779       9.593
    CCPR             -27.862      52.594      0.288    -133.547      74.470

 CCPT     WITH
    SCPR               6.519      46.128      0.441     -83.934      98.801
    CCPR           -1020.531     180.246      0.000   -1437.297    -731.008      *

 SCPR     WITH
    CCPR            -101.323      58.960      0.033    -226.296       6.890

 ECRAVO_1 WITH
    ECRAVO_0           0.000       0.000      1.000       0.000       0.000

 Means
    CMPT_C             0.164       0.336      0.314      -0.496       0.828
    CMPR_C            -0.012       0.304      0.484      -0.611       0.586
    AGCMPT            -3.574       1.341      0.004      -6.209      -0.944      *
    AGCMPR            -0.363       0.922      0.346      -2.202       1.436
    ELPT_C            -0.061       0.438      0.444      -0.930       0.792
    ELPR_C             0.083       0.433      0.423      -0.762       0.940
    AGPT_C             0.109       0.392      0.390      -0.662       0.874
    AGPR_C             0.026       0.385      0.473      -0.736       0.783

 Intercepts
    SCPT              30.551       1.218      0.000      28.146      32.934      *
    CCPT              -2.206       3.976      0.287     -10.048       5.547
    SCPR              28.530       1.321      0.000      25.948      31.140      *
    CCPR              -3.425       4.571      0.225     -12.370       5.628
    PRAFPT             2.991       0.210      0.000       2.576       3.403      *
    PRAFPR             3.047       0.190      0.000       2.677       3.422      *
    PAFPT             -1.286       0.561      0.012      -2.388      -0.172      *
    PAFPR              0.000       0.000      1.000       0.000       0.000
    ECRAVO_1           2.991       0.132      0.000       2.732       3.252      *
    ECRAVO_0           2.854       0.180      0.000       2.498       3.205      *

 Variances
    CMPT_C            11.077       1.805      0.000       8.268      15.321      *
    CMPR_C             8.916       1.468      0.000       6.659      12.376      *
    AGCMPT           176.092      28.564      0.000     131.608     243.164      *
    AGCMPR            81.085      13.240      0.000      60.298     111.931      *
    ELPT_C            18.612       3.017      0.000      13.948      25.687      *
    ELPR_C            18.295       2.977      0.000      13.669      25.305      *
    AGPT_C            15.121       2.456      0.000      11.315      20.902      *
    AGPR_C            14.456       2.363      0.000      10.779      20.013      *

 Residual Variances
    SCPT             143.817      22.237      0.000     108.987     195.741      *
    CCPT            1043.450     162.692      0.000     784.993    1423.518      *
    SCPR             170.149      26.194      0.000     128.760     231.158      *
    CCPR            1581.909     247.296      0.000    1191.433    2163.232      *
    PRAFPT             3.949       0.616      0.000       2.986       5.380      *
    PRAFPR             3.466       0.538      0.000       2.622       4.724      *
    PAFPT              3.058       0.478      0.000       2.302       4.171      *
    PAFPR              2.451       0.378      0.000       1.854       3.338      *
    ECRAVO_1           0.828       0.124      0.000       0.631       1.113      *
    ECRAVO_0           0.849       0.131      0.000       0.642       1.156      *

New/Additional Parameters
    A3B7               0.016       0.017      0.111      -0.011       0.057
    KA3               -0.002       0.001      0.009      -0.005       0.000      *
    XKA3               0.004       0.003      0.010       0.000       0.012      *


     Beginning Time:  11:34:59
        Ending Time:  11:35:22
       Elapsed Time:  00:00:23



MUTHEN & MUTHEN
3463 Stoner Ave.
Los Angeles, CA  90066

Tel: (310) 391-9971
Fax: (310) 391-8971
Web: www.StatModel.com
Support: Support@StatModel.com

Copyright (c) 1998-2017 Muthen & Muthen
