Mplus VERSION 8 (Mac)
MUTHEN & MUTHEN
12/13/2018  10:35 AM

INPUT INSTRUCTIONS

  TITLE:
  Aff -> Coreg -> Aff -> AVOAND fix non-sig parameters to zero
  DATA:
  FILE = "../df67.dat";

  VARIABLE:
  NAMES = PTNUM scpt ccpt scpr ccpr ECRanx_1 ECRanx_0 prnapt prnapr pnapt pnapr
  elpt elpr cmpt cmpr prafpt prafpr pafpt pafpr ECRavo_0 ECRavo_1 whichdf_num id;
   MISSING=.;
  USEVARIABLES = cmpr  scpr ccpr  prafpr pafpr
   ECRavo_0;
  IDVARIABLE IS id;
  ANALYSIS:
  ESTIMATOR=BAYES; PROCESSORS = 2; BITERATIONS = (49000); !ALGORITHM=MH;
  !ESTIMATOR = MLR;
  MODEL:
  !prafpt ON cmpt@0;
  prafpr ON cmpr@0;
  !ccpt ON cmpt* (x);
  !scpt ON cmpt@0;
  ccpr ON cmpr@0;
  scpr ON cmpr@0;
  !cmpt WITH cmpt;
  cmpr WITH cmpr;
  !cmpt WITH cmpr;
  ![cmpt];
  [cmpr];
  !prafpt WITH prafpr;

  !ECRavo_1 ON pafpt* (k);
  ECRavo_0 ON pafpr;
  !pafpt WITH pafpr;
  !pafpt ON prafpt;
  !pafpt ON scpt* (a1);
  !pafpt ON ccpt* (a3);
  !pafpt ON scpr* (a5);
  !pafpt ON ccpr* (a7);
  pafpr ON prafpr;
  pafpr ON scpr@0;
  pafpr ON ccpr@0;
  !pafpr ON scpt* (a5);
  !pafpr ON ccpt* (a7);
  !scpr ON prafpt@0;
  !scpt ON prafpr@0;
  !ccpt ON prafpr* (b7);
  !ccpr ON prafpt* (b7);
  !scpt WITH ccpt;
  !scpt WITH scpr;
  !scpt WITH ccpr;
  !ccpt WITH scpr;
  !ccpt WITH ccpr;
  scpr WITH ccpr;
  !scpt WITH scpt;
  !ccpt WITH ccpt;
  !scpr WITH scpr;
  !ccpr WITH ccpr;
  !prafpt WITH prafpt;
  prafpr WITH prafpr;
  !pafpt WITH pafpt;
  pafpr WITH pafpr;
  ![scpt];
  ![ccpt];
  [scpr];
  [ccpr];
  ![prafpt];
  [prafpr];
  ![pafpt];
  [pafpr@0];
  !ECRavo_1 WITH ECRavo_1;
  ECRavo_0 WITH ECRavo_0;
  !ECRavo_1 WITH ECRavo_0@0;
  ![ECRavo_1];
  [ECRavo_0];
  !BASED ON MOD INDICES
  ECRavo_0 ON prafpr;
  ECRAVO_0 ON CMPR;
  !MODEL CONSTRAINT:
  !NEW ( a3b7 ka3 xka3); ! a7b7 a4b7 zka3 );
  !ha3 = h*a3;
  !xka3 = x*k*a3;
  !ka3 = k*a3;
  !a3b7 = a3*b7;
  !a7b7 = a7*b7;
  !a4b7 = a4*b7;
  !zka3 = z*k*a3;

  !OUTPUT:
  !STANDARDIZED;  MODINDICES(ALL 4);
  !savedata: file=infludiagnostics.txt; save is
  !cooks;



INPUT READING TERMINATED NORMALLY




Aff -> Coreg -> Aff -> AVOAND fix non-sig parameters to zero

SUMMARY OF ANALYSIS

Number of groups                                                 1
Number of observations                                          99

Number of dependent variables                                    5
Number of independent variables                                  1
Number of continuous latent variables                            0

Observed dependent variables

  Continuous
   SCPR        CCPR        PRAFPR      PAFPR       ECRAVO_0

Observed independent variables
   CMPR

Variables with special functions

  ID variable           ID

Estimator                                                    BAYES
Specifications for Bayesian Estimation
  Point estimate                                            MEDIAN
  Number of Markov chain Monte Carlo (MCMC) chains               2
  Random seed for the first chain                                0
  Starting value information                           UNPERTURBED
  Treatment of categorical mediator                         LATENT
  Algorithm used for Markov chain Monte Carlo           GIBBS(PX1)
  Convergence criterion                                  0.500D-01
  Maximum number of iterations                               50000
  K-th iteration used for thinning                               1

Input data file(s)
  ../df67.dat
Input data format  FREE


SUMMARY OF DATA



COVARIANCE COVERAGE OF DATA

Minimum covariance coverage value   0.100

     Number of missing data patterns             4


     PROPORTION OF DATA PRESENT


           Covariance Coverage
              SCPR          CCPR          PRAFPR        PAFPR         ECRAVO_0
              ________      ________      ________      ________      ________
 SCPR           1.000
 CCPR           1.000         1.000
 PRAFPR         0.990         0.990         0.990
 PAFPR          0.980         0.980         0.980         0.980
 ECRAVO_0       0.990         0.990         0.980         0.970         0.990
 CMPR           0.990         0.990         0.980         0.970         0.990


           Covariance Coverage
              CMPR
              ________
 CMPR           0.990



UNIVARIATE SAMPLE STATISTICS


     UNIVARIATE HIGHER-ORDER MOMENT DESCRIPTIVE STATISTICS

         Variable/         Mean/     Skewness/   Minimum/ % with                Percentiles
        Sample Size      Variance    Kurtosis    Maximum  Min/Max      20%/60%    40%/80%    Median

     SCPR                 28.538       0.567       9.085    1.01%      16.451     24.118     27.494
              99.000     153.716      -0.221      66.121    1.01%      29.684     39.272
     CCPR                 -0.283      -0.178    -116.491    1.01%     -27.251     -8.605     -2.107
              99.000    1435.257       0.411      79.366    1.01%       5.588     28.790
     PRAFPR                3.041      -0.668      -2.414    1.02%       1.500      2.884      3.289
              98.000       3.714       0.004       6.181    1.02%       3.737      4.724
     PAFPR                 2.876      -0.642      -2.914    1.03%       1.103      2.634      3.207
              97.000       4.221      -0.137       6.358    1.03%       3.737      4.651
     ECRAVO_0              2.540       0.713       1.000    1.02%       1.556      2.167      2.306
              98.000       0.997       0.008       5.667    1.02%       2.667      3.500
     CMPR                  1.003       0.174      -7.742    1.02%      -1.030      0.250      0.713
              98.000       7.311       0.888       8.285    1.02%       1.397      2.957


THE MODEL ESTIMATION TERMINATED NORMALLY

     USE THE FBITERATIONS OPTION TO INCREASE THE NUMBER OF ITERATIONS BY A FACTOR
     OF AT LEAST TWO TO CHECK CONVERGENCE AND THAT THE PSR VALUE DOES NOT INCREASE.



MODEL FIT INFORMATION

Number of Free Parameters                              16

Bayesian Posterior Predictive Checking using Chi-Square

          95% Confidence Interval for the Difference Between
          the Observed and the Replicated Chi-Square Values

                                -17.959            20.243

          Posterior Predictive P-Value              0.418

Information Criteria

          Deviance (DIC)                         3311.412
          Estimated Number of Parameters (pD)      15.608
          Bayesian (BIC)                         3353.243



MODEL RESULTS

                                Posterior  One-Tailed         95% C.I.
                    Estimate       S.D.      P-Value   Lower 2.5%  Upper 2.5%  Significance

 PRAFPR     ON
    CMPR               0.000       0.000      1.000       0.000       0.000

 CCPR       ON
    CMPR               0.000       0.000      1.000       0.000       0.000

 SCPR       ON
    CMPR               0.000       0.000      1.000       0.000       0.000

 ECRAVO_0   ON
    PAFPR              0.085       0.061      0.083      -0.037       0.206
    PRAFPR            -0.187       0.065      0.003      -0.314      -0.058      *
    CMPR              -0.130       0.035      0.000      -0.198      -0.061      *

 PAFPR      ON
    PRAFPR             0.871       0.046      0.000       0.780       0.963      *
    SCPR               0.000       0.000      1.000       0.000       0.000
    CCPR               0.000       0.000      1.000       0.000       0.000

 SCPR     WITH
    CCPR             -87.459      53.573      0.041    -199.865      11.391

 Means
    CMPR               1.002       0.280      0.000       0.449       1.553      *

 Intercepts
    SCPR              28.531       1.287      0.000      26.011      31.053      *
    CCPR              -0.254       3.944      0.473      -8.000       7.469
    PRAFPR             3.034       0.201      0.000       2.637       3.425      *
    PAFPR              0.000       0.000      1.000       0.000       0.000
    ECRAVO_0           2.994       0.184      0.000       2.632       3.358      *

 Variances
    CMPR               7.595       1.146      0.000       5.786      10.257      *

 Residual Variances
    SCPR             163.146      24.763      0.000     123.881     220.189      *
    CCPR            1523.336     229.358      0.000    1157.999    2052.369      *
    PRAFPR             3.867       0.583      0.000       2.949       5.229      *
    PAFPR              2.671       0.404      0.000       2.035       3.617      *
    ECRAVO_0           0.849       0.131      0.000       0.644       1.150      *


     Beginning Time:  10:35:02
        Ending Time:  10:35:11
       Elapsed Time:  00:00:09



MUTHEN & MUTHEN
3463 Stoner Ave.
Los Angeles, CA  90066

Tel: (310) 391-9971
Fax: (310) 391-8971
Web: www.StatModel.com
Support: Support@StatModel.com

Copyright (c) 1998-2017 Muthen & Muthen
