Mplus VERSION 8 (Mac)
MUTHEN & MUTHEN
12/13/2018  11:40 AM

INPUT INSTRUCTIONS

  TITLE:
  Aff -> Coreg -> Aff -> DASFU AND fix non-sig parameters to zero. Only using
  CC to reduce number of parameters;
  DATA:
  FILE = "../df67_das_allIIP.dat";

  VARIABLE:
  NAMES = PTNUM scpt ccpt scpr ccpr ECRanx_1 ECRanx_0 prnapt prnapr pnapt pnapr
  elpt_c elpr_c cmpt_c cmpr_c agpt_c agpr_c agcmpt agcmpr prafpt prafpr pafpt
  pafpr ECRavo_0 ECRavo_1 whichdf_num id rel dasfu1 dasfu0 dasbl1 dasbl0;
   MISSING=.;
  USEVARIABLES = cmpt_c cmpr_c ccpt ccpr prafpt prafpr pafpt pafpr dasfu0 dasfu1
  dasbl1 dasbl0 rel agpt_c agpr_c elpt_c elpr_c agcmpt agcmpr;
  CATEGORICAL IS rel;
  IDVARIABLE IS id;
  ANALYSIS:
  ESTIMATOR=BAYES; PROCESSORS = 2; BITERATIONS = (49000); !ALGORITHM=MH;
  !ESTIMATOR = MLR;
  MODEL:

  prafpt ON elpt_c;
  prafpr ON elpr_c;
  ccpt ON elpt_c;
  ccpr ON elpr_c;
  elpt_c WITH elpt_c;
  elpr_c WITH elpr_c;
  elpt_c WITH elpr_c;
  [elpt_c];
  [elpr_c];

  prafpt ON agpt_c;
  prafpr ON agpr_c;
  ccpt ON agpt_c;
  ccpr ON agpr_c;
  agpt_c WITH agpt_c;
  agpr_c WITH agpr_c;
  agpt_c WITH agpr_c;
  [agpt_c];
  [agpr_c];


  prafpt ON agcmpt;
  prafpr ON agcmpr;
  ccpt ON agcmpt;
  ccpr ON agcmpr;
  agcmpt WITH agcmpt;
  agcmpr WITH agcmpr;
  agcmpt WITH agcmpr;
  [agcmpt];
  [agcmpr];

  prafpt ON cmpt_c@0;
  prafpr ON cmpr_c@0;
  ccpt ON cmpt_c* (x);
  ccpr ON cmpr_c@0;
  cmpt_c WITH cmpt_c;
  cmpr_c WITH cmpr_c;
  cmpt_c WITH cmpr_c;
  [cmpt_c];
  [cmpr_c];
  dasfu1 ON pafpt* (k);
  dasfu1 ON pafpr@0;
  dasfu1 ON dasbl1;
  dasfu1 ON dasbl0@0;
  dasfu0 ON pafpt;
  dasfu0 ON pafpr@0;
  dasfu0 ON dasbl1;
  dasfu0 ON dasbl0;
  rel ON pafpt@0;
  rel ON pafpr@0;
  rel ON dasbl1;
  rel ON dasbl0@0;

  pafpt WITH pafpr;
  pafpt ON prafpt;
  !pafpt ON scpt* (a1);
  pafpt ON ccpt* (a3);
  !pafpt ON scpr* (a5);
  pafpt ON ccpr@0;
  pafpr ON prafpr;
  !pafpr ON scpr@0;
  pafpr ON ccpr@0;
  !pafpr ON scpt* (a5);
  pafpr ON ccpt@0;
  !scpr ON prafpt@0;
  !scpt ON prafpr@0;
  ccpt ON prafpr* (b7);
  ccpr ON prafpt* (b7);
  !scpt WITH ccpt;
  !scpt WITH scpr;
  !scpt WITH ccpr;
  !ccpt WITH scpr;
  ccpt WITH ccpr;
  !scpr WITH ccpr;
  !scpt WITH scpt;
  ccpt WITH ccpt;
  !scpr WITH scpr;
  ccpr WITH ccpr;
  prafpt WITH prafpt;
  prafpr WITH prafpr;
  pafpt WITH pafpt;
  pafpr WITH pafpr;
  DASFU1 WITH DASFU1;
  DASFU0 WITH DASFU0;
  [DASFU1];
  [DASFU0];
  DASBL1 WITH DASBL1;
  DASBL0 WITH DASBL0;
  [DASBL1];
  [DASBL0];
  DASFU1 WITH DASFU0;
  DASBL0 WITH DASBL1;
  !DASFU1 WITH REL@0;
  !DASFU0 WITH REL@0;
  DASFU0 ON PRAFPR;
  !SCPR     ON DASBL0;
  !DASFU1 ON SCPT;
  !PRAFPT ON DASBL1;
  !PRAFPR ON DASBL0;
  PAFPR ON DASBL0;
  PRAFPR WITH PRAFPT;
  PRAFPR ON DASBL0;
  PRAFPT   ON DASBL1;
  DASFU0 ON PRAFPT;
  ![scpt];
  [ccpt@0];
  ![scpr];
  [ccpr@0];
  [prafpt];
  [prafpr];
  [pafpt];
  [pafpr@0];
  MODEL CONSTRAINT:
  NEW ( ka3 xka3); ! a7b7 a4b7 zka3 );
  !ha3 = h*a3;
  ka3 = k*a3;
  xka3= x*k*a3;
  !a3b7 = a3*b7;
  !a7b7 = a7*b7;
  !a4b7 = a4*b7;
  !zka3 = z*k*a3;

  !OUTPUT:
  !STANDARDIZED;  MODINDICES(ALL 3);
  !savedata: file=infludiagnostics.txt; save is
  !cooks;



INPUT READING TERMINATED NORMALLY




Aff -> Coreg -> Aff -> DASFU AND fix non-sig parameters to zero. Only using
CC to reduce number of parameters;

SUMMARY OF ANALYSIS

Number of groups                                                 1
Number of observations                                          99

Number of dependent variables                                    9
Number of independent variables                                 10
Number of continuous latent variables                            0

Observed dependent variables

  Continuous
   CCPT        CCPR        PRAFPT      PRAFPR      PAFPT       PAFPR
   DASFU0      DASFU1

  Binary and ordered categorical (ordinal)
   REL

Observed independent variables
   CMPT_C      CMPR_C      DASBL1      DASBL0      AGPT_C      AGPR_C
   ELPT_C      ELPR_C      AGCMPT      AGCMPR

Variables with special functions

  ID variable           ID

Estimator                                                    BAYES
Specifications for Bayesian Estimation
  Point estimate                                            MEDIAN
  Number of Markov chain Monte Carlo (MCMC) chains               2
  Random seed for the first chain                                0
  Starting value information                           UNPERTURBED
  Treatment of categorical mediator                         LATENT
  Algorithm used for Markov chain Monte Carlo           GIBBS(PX1)
  Convergence criterion                                  0.500D-01
  Maximum number of iterations                               50000
  K-th iteration used for thinning                               1
Link                                                        PROBIT

Input data file(s)
  ../df67_das_allIIP.dat
Input data format  FREE


SUMMARY OF DATA



COVARIANCE COVERAGE OF DATA

Minimum covariance coverage value   0.100

     Number of missing data patterns            10


     PROPORTION OF DATA PRESENT


           Covariance Coverage
              REL           CCPT          CCPR          PRAFPT        PRAFPR
              ________      ________      ________      ________      ________
 REL            0.980
 CCPT           0.980         1.000
 CCPR           0.980         1.000         1.000
 PRAFPT         0.970         0.990         0.990         0.990
 PRAFPR         0.970         0.990         0.990         0.990         0.990
 PAFPT          0.949         0.970         0.970         0.970         0.970
 PAFPR          0.960         0.980         0.980         0.980         0.980
 DASFU0         0.616         0.616         0.616         0.616         0.616
 DASFU1         0.737         0.737         0.737         0.737         0.737
 CMPT_C         0.980         1.000         1.000         0.990         0.990
 CMPR_C         0.970         0.990         0.990         0.980         0.980
 DASBL1         0.980         1.000         1.000         0.990         0.990
 DASBL0         0.949         0.970         0.970         0.960         0.960
 AGPT_C         0.980         1.000         1.000         0.990         0.990
 AGPR_C         0.970         0.990         0.990         0.980         0.980
 ELPT_C         0.980         1.000         1.000         0.990         0.990
 ELPR_C         0.970         0.990         0.990         0.980         0.980
 AGCMPT         0.980         1.000         1.000         0.990         0.990
 AGCMPR         0.970         0.990         0.990         0.980         0.980


           Covariance Coverage
              PAFPT         PAFPR         DASFU0        DASFU1        CMPT_C
              ________      ________      ________      ________      ________
 PAFPT          0.970
 PAFPR          0.970         0.980
 DASFU0         0.596         0.606         0.616
 DASFU1         0.717         0.727         0.606         0.737
 CMPT_C         0.970         0.980         0.616         0.737         1.000
 CMPR_C         0.960         0.970         0.616         0.727         0.990
 DASBL1         0.970         0.980         0.616         0.737         1.000
 DASBL0         0.939         0.949         0.616         0.727         0.970
 AGPT_C         0.970         0.980         0.616         0.737         1.000
 AGPR_C         0.960         0.970         0.616         0.727         0.990
 ELPT_C         0.970         0.980         0.616         0.737         1.000
 ELPR_C         0.960         0.970         0.616         0.727         0.990
 AGCMPT         0.970         0.980         0.616         0.737         1.000
 AGCMPR         0.960         0.970         0.616         0.727         0.990


           Covariance Coverage
              CMPR_C        DASBL1        DASBL0        AGPT_C        AGPR_C
              ________      ________      ________      ________      ________
 CMPR_C         0.990
 DASBL1         0.990         1.000
 DASBL0         0.970         0.970         0.970
 AGPT_C         0.990         1.000         0.970         1.000
 AGPR_C         0.990         0.990         0.970         0.990         0.990
 ELPT_C         0.990         1.000         0.970         1.000         0.990
 ELPR_C         0.990         0.990         0.970         0.990         0.990
 AGCMPT         0.990         1.000         0.970         1.000         0.990
 AGCMPR         0.990         0.990         0.970         0.990         0.990


           Covariance Coverage
              ELPT_C        ELPR_C        AGCMPT        AGCMPR
              ________      ________      ________      ________
 ELPT_C         1.000
 ELPR_C         0.990         0.990
 AGCMPT         1.000         0.990         1.000
 AGCMPR         0.990         0.990         0.990         0.990


UNIVARIATE PROPORTIONS AND COUNTS FOR CATEGORICAL VARIABLES

    REL
      Category 1    0.216           21.000
      Category 2    0.784           76.000



UNIVARIATE SAMPLE STATISTICS


     UNIVARIATE HIGHER-ORDER MOMENT DESCRIPTIVE STATISTICS

         Variable/         Mean/     Skewness/   Minimum/ % with                Percentiles
        Sample Size      Variance    Kurtosis    Maximum  Min/Max      20%/60%    40%/80%    Median

     CCPT                 -0.890      -0.259     -81.685    1.01%     -26.415     -7.559      2.881
              99.000    1013.048       0.128      80.417    1.01%       8.529     24.280
     CCPR                 -0.283      -0.178    -116.491    1.01%     -27.251     -8.605     -2.107
              99.000    1435.257       0.411      79.366    1.01%       5.588     28.790
     PRAFPT                3.078      -0.410      -2.061    1.02%       1.207      2.634      3.186
              98.000       3.791      -0.719       6.358    1.02%       3.944      4.944
     PRAFPR                3.041      -0.668      -2.414    1.02%       1.500      2.884      3.289
              98.000       3.714       0.004       6.181    1.02%       3.737      4.724
     PAFPT                 2.306      -0.499      -3.134    1.04%       0.177      1.707      2.722
              96.000       5.174      -0.502       6.108    2.08%       3.341      4.444
     PAFPR                 2.876      -0.642      -2.914    1.03%       1.103      2.634      3.207
              97.000       4.221      -0.137       6.358    1.03%       3.737      4.651
     DASFU0                3.788      -0.672       2.200    1.64%       3.400      3.700      3.900
              61.000       0.304      -0.076       4.600    3.28%       4.000      4.300
     DASFU1                3.661      -0.631       1.778    1.37%       3.100      3.600      3.800
              73.000       0.406       0.010       4.800    1.37%       3.900      4.200
     CMPT_C                0.166       0.179      -7.143    1.01%      -2.419     -0.608     -0.108
              99.000       9.104      -0.160       7.250    1.01%       0.909      2.232
     CMPR_C               -0.013       0.174      -8.758    1.02%      -2.046     -0.766     -0.302
              98.000       7.311       0.888       7.269    1.02%       0.381      1.941
     DASBL1                3.589      -0.863       2.200    1.01%       3.300      3.500      3.600
              99.000       0.112       1.797       4.200    1.01%       3.700      3.900
     DASBL0                3.660       0.559       2.500    1.04%       3.400      3.600      3.700
              96.000       0.156       4.038       5.500    1.04%       3.800      3.900
     AGPT_C                0.109      -0.218     -11.412    1.01%      -3.303     -0.639      0.305
              99.000      12.456      -0.001       7.767    1.01%       1.055      2.939
     AGPR_C                0.021      -0.273      -9.023    1.02%      -3.018     -0.458      0.353
              98.000      11.858      -0.040       8.358    1.02%       1.219      2.706
     ELPT_C               -0.065       0.082      -8.348    1.01%      -3.973     -1.348     -0.223
              99.000      15.289      -0.698       8.277    1.01%       0.902      3.152
     ELPR_C                0.068       0.329      -6.017    3.06%      -3.517     -1.517      0.045
              98.000      15.020      -0.679       8.858    1.02%       0.983      3.608
     AGCMPT               -3.578      -2.407     -77.517    1.01%      -9.894     -2.521     -1.062
              99.000     144.679      13.179      30.629    1.01%      -0.092      2.367
     AGCMPR               -0.369      -0.068     -24.878    1.02%      -3.987     -1.383     -0.154
              98.000      66.520       1.705      24.813    1.02%       0.224      4.259


THE MODEL ESTIMATION TERMINATED NORMALLY

     USE THE FBITERATIONS OPTION TO INCREASE THE NUMBER OF ITERATIONS BY A FACTOR
     OF AT LEAST TWO TO CHECK CONVERGENCE AND THAT THE PSR VALUE DOES NOT INCREASE.



MODEL FIT INFORMATION

Number of Free Parameters                             111

Bayesian Posterior Predictive Checking using Chi-Square

          95% Confidence Interval for the Difference Between
          the Observed and the Replicated Chi-Square Values

                                -49.277            63.105

          Posterior Predictive P-Value              0.393



MODEL RESULTS

                                Posterior  One-Tailed         95% C.I.
                    Estimate       S.D.      P-Value   Lower 2.5%  Upper 2.5%  Significance

 PRAFPT     ON
    ELPT_C            -0.056       0.055      0.154      -0.164       0.053
    AGPT_C            -0.046       0.062      0.229      -0.169       0.075
    AGCMPT            -0.026       0.016      0.050      -0.057       0.005
    CMPT_C             0.000       0.000      1.000       0.000       0.000
    DASBL1             1.545       0.592      0.006       0.374       2.698      *

 PRAFPR     ON
    ELPR_C            -0.093       0.048      0.027      -0.189       0.002
    AGPR_C            -0.124       0.055      0.013      -0.231      -0.015      *
    AGCMPR            -0.020       0.021      0.166      -0.062       0.021
    CMPR_C             0.000       0.000      1.000       0.000       0.000
    DASBL0             1.757       0.452      0.000       0.867       2.655      *

 CCPT       ON
    ELPT_C            -0.933       0.593      0.057      -2.093       0.231
    AGPT_C            -0.773       0.652      0.118      -2.039       0.513
    AGCMPT             0.348       0.164      0.018       0.025       0.668      *
    CMPT_C            -2.288       0.682      0.001      -3.627      -0.941      *
    PRAFPR             0.214       0.343      0.266      -0.455       0.895

 CCPR       ON
    ELPR_C             0.857       0.699      0.109      -0.525       2.235
    AGPR_C            -1.387       0.769      0.035      -2.910       0.109
    AGCMPR            -0.735       0.298      0.007      -1.320      -0.153      *
    CMPR_C             0.000       0.000      1.000       0.000       0.000
    PRAFPT             0.214       0.343      0.266      -0.455       0.895

 DASFU1     ON
    PAFPT              0.101       0.030      0.000       0.043       0.159      *
    PAFPR              0.000       0.000      1.000       0.000       0.000
    DASBL1             0.615       0.193      0.001       0.237       0.997      *
    DASBL0             0.000       0.000      1.000       0.000       0.000

 DASFU0     ON
    PAFPT              0.102       0.033      0.001       0.039       0.166      *
    PAFPR              0.000       0.000      1.000       0.000       0.000
    DASBL1             0.331       0.180      0.032      -0.021       0.688
    DASBL0             0.290       0.190      0.061      -0.083       0.666
    PRAFPR             0.110       0.033      0.001       0.044       0.176      *
    PRAFPT            -0.065       0.037      0.042      -0.138       0.009

 REL        ON
    PAFPT              0.000       0.000      1.000       0.000       0.000
    PAFPR              0.000       0.000      1.000       0.000       0.000
    DASBL1             0.402       0.348      0.123      -0.286       1.083
    DASBL0             0.000       0.000      1.000       0.000       0.000

 PAFPT      ON
    PRAFPT             0.697       0.079      0.000       0.543       0.852      *
    CCPT               0.011       0.005      0.013       0.001       0.021      *
    CCPR               0.000       0.000      1.000       0.000       0.000

 PAFPR      ON
    PRAFPR             0.630       0.077      0.000       0.479       0.782      *
    CCPR               0.000       0.000      1.000       0.000       0.000
    CCPT               0.000       0.000      1.000       0.000       0.000
    DASBL0             0.254       0.079      0.001       0.098       0.410      *

 ELPT_C   WITH
    ELPR_C             4.064       1.616      0.003       1.205       7.561      *
    CMPT_C             1.961       1.233      0.046      -0.328       4.557
    CMPR_C             0.673       1.086      0.259      -1.408       2.871
    DASBL1            -0.203       0.141      0.063      -0.498       0.060
    DASBL0            -0.090       0.167      0.285      -0.425       0.234
    AGPT_C            -6.588       1.570      0.000     -10.120      -3.970      *
    AGPR_C             0.229       1.384      0.432      -2.537       2.966

 ELPR_C   WITH
    CMPT_C            -0.386       1.207      0.368      -2.816       1.959
    CMPR_C             0.577       1.080      0.286      -1.508       2.752
    DASBL1            -0.237       0.142      0.039      -0.536       0.026
    DASBL0            -0.277       0.166      0.037      -0.627       0.029
    AGPT_C            -0.734       1.412      0.294      -3.578       1.997
    AGPR_C            -4.981       1.466      0.000      -8.249      -2.481      *

 AGPT_C   WITH
    AGPR_C             0.866       1.244      0.235      -1.532       3.388
    CMPT_C            -3.570       1.160      0.000      -6.118      -1.536      *
    CMPR_C             1.049       0.982      0.131      -0.836       3.062
    DASBL1            -0.221       0.128      0.033      -0.490       0.015
    DASBL0            -0.096       0.148      0.249      -0.396       0.190

 AGPR_C   WITH
    CMPT_C            -1.006       1.074      0.165      -3.191       1.039
    CMPR_C            -0.364       0.956      0.345      -2.291       1.505
    DASBL1            -0.342       0.130      0.002      -0.623      -0.113      *
    DASBL0            -0.299       0.149      0.015      -0.616      -0.028      *

 AGCMPT   WITH
    AGCMPR             1.447      10.025      0.440     -18.287      21.496
    CMPT_C            -5.402       3.768      0.066     -13.228       1.654
    CMPR_C             0.849       3.345      0.396      -5.692       7.538
    DASBL1             0.598       0.435      0.073      -0.216       1.508
    DASBL0             0.951       0.518      0.025       0.000       2.054
    AGPT_C             9.336       4.449      0.012       1.307      18.806      *
    AGPR_C            -0.231       4.247      0.477      -8.629       8.213
    ELPT_C           -11.059       4.939      0.008     -21.651      -2.132      *
    ELPR_C             3.138       4.784      0.244      -6.021      12.885

 AGCMPR   WITH
    CMPT_C            -0.736       2.531      0.381      -5.791       4.221
    CMPR_C            -1.330       2.271      0.268      -5.975       3.002
    DASBL1             0.077       0.294      0.392      -0.496       0.666
    DASBL0             0.036       0.357      0.459      -0.669       0.743
    AGPT_C             1.844       2.964      0.259      -3.861       7.844
    AGPR_C             3.241       2.926      0.123      -2.379       9.213
    ELPT_C             0.612       3.272      0.425      -5.880       7.192
    ELPR_C            -0.263       3.271      0.467      -6.801       6.177

 CMPT_C   WITH
    CMPR_C            -0.137       0.841      0.433      -1.809       1.521

 PAFPT    WITH
    PAFPR              1.610       0.355      0.000       1.029       2.424      *

 CCPT     WITH
    CCPR            -959.385     164.593      0.000   -1338.733    -697.937      *

 PRAFPT   WITH
    PRAFPR             1.201       0.398      0.000       0.512       2.072      *

 DASFU1   WITH
    DASFU0             0.107       0.039      0.001       0.042       0.194      *

 DASBL1   WITH
    DASBL0             0.058       0.016      0.000       0.031       0.093      *
    CMPT_C             0.054       0.108      0.300      -0.156       0.273
    CMPR_C            -0.102       0.097      0.136      -0.300       0.082

 DASBL0   WITH
    CMPT_C             0.308       0.131      0.005       0.072       0.590      *
    CMPR_C             0.118       0.117      0.143      -0.104       0.360

 Means
    CMPT_C             0.166       0.306      0.295      -0.439       0.761
    CMPR_C            -0.009       0.275      0.487      -0.551       0.530
    DASBL1             3.589       0.035      0.000       3.519       3.658      *
    DASBL0             3.664       0.042      0.000       3.581       3.745      *
    AGPT_C             0.109       0.358      0.380      -0.590       0.813
    AGPR_C             0.036       0.347      0.460      -0.642       0.716
    ELPT_C            -0.064       0.396      0.435      -0.844       0.709
    ELPR_C             0.081       0.393      0.416      -0.687       0.852
    AGCMPT            -3.584       1.219      0.001      -5.975      -1.191      *
    AGCMPR            -0.370       0.829      0.329      -1.990       1.267

 Intercepts
    CCPT               0.000       0.000      1.000       0.000       0.000
    CCPR               0.000       0.000      1.000       0.000       0.000
    PRAFPT            -2.560       2.147      0.116      -6.752       1.687
    PRAFPR            -3.400       1.670      0.021      -6.716      -0.114      *
    PAFPT              0.187       0.301      0.269      -0.406       0.773
    PAFPR              0.000       0.000      1.000       0.000       0.000
    DASFU0             1.123       0.723      0.060      -0.312       2.537
    DASFU1             1.186       0.684      0.043      -0.169       2.530

 Thresholds
    REL$1              0.649       1.242      0.301      -1.824       3.070

 Variances
    CMPT_C             9.070       1.334      0.000       6.943      12.154      *
    CMPR_C             7.296       1.068      0.000       5.592       9.754      *
    DASBL1             0.122       0.018      0.000       0.093       0.163      *
    DASBL0             0.166       0.025      0.000       0.127       0.224      *
    AGPT_C            12.432       1.832      0.000       9.506      16.664      *
    AGPR_C            11.826       1.745      0.000       9.054      15.885      *
    ELPT_C            15.248       2.227      0.000      11.667      20.397      *
    ELPR_C            14.951       2.199      0.000      11.454      20.003      *
    AGCMPT           144.291      21.179      0.000     110.405     193.084      *
    AGCMPR            66.277       9.771      0.000      50.655      88.848      *

 Residual Variances
    CCPT             973.588     147.448      0.000     740.297    1315.843      *
    CCPR            1506.487     227.603      0.000    1147.606    2035.635      *
    PRAFPT             3.676       0.571      0.000       2.775       5.001      *
    PRAFPR             3.014       0.469      0.000       2.273       4.113      *
    PAFPT              3.122       0.483      0.000       2.368       4.249      *
    PAFPR              2.568       0.396      0.000       1.944       3.488      *
    DASFU0             0.186       0.040      0.000       0.129       0.284      *
    DASFU1             0.305       0.056      0.000       0.220       0.438      *

New/Additional Parameters
    KA3                0.001       0.001      0.014       0.000       0.002      *
    XKA3              -0.002       0.002      0.014      -0.006       0.000      *


     Beginning Time:  11:40:30
        Ending Time:  11:40:59
       Elapsed Time:  00:00:29



MUTHEN & MUTHEN
3463 Stoner Ave.
Los Angeles, CA  90066

Tel: (310) 391-9971
Fax: (310) 391-8971
Web: www.StatModel.com
Support: Support@StatModel.com

Copyright (c) 1998-2017 Muthen & Muthen
