Mplus VERSION 8 (Mac)
MUTHEN & MUTHEN
12/13/2018  11:28 AM

INPUT INSTRUCTIONS

  TITLE:
  Aff -> Coreg -> Aff -> DASFU AND fix non-sig parameters to zero. Only using
  CC to reduce number of parameters;
  DATA:
  FILE = "../df67_das.dat";

  VARIABLE:
  NAMES = PTNUM scpt ccpt scpr ccpr ECRanx_1 ECRanx_0 prnapt prnapr pnapt pnapr
  elpt elpr cmpt cmpr prafpt prafpr pafpt pafpr ECRavo_0 ECRavo_1 whichdf_num id
  rel dasfu1 dasfu0 dasbl1 dasbl0;
   MISSING=.;
  USEVARIABLES = cmpt cmpr ccpt ccpr prafpt prafpr pafpt pafpr dasfu0 dasfu1
  dasbl1 dasbl0 rel scpt scpr;
  CATEGORICAL IS rel;
  IDVARIABLE IS id;
  ANALYSIS:
  ESTIMATOR=BAYES; PROCESSORS = 2; BITERATIONS = (49000); !ALGORITHM=MH;
  !ESTIMATOR = MLR;
  MODEL:

  prafpt ON cmpt@0;
  prafpr ON cmpr@0;
  ccpt ON cmpt* (x);
  ccpr ON cmpr@0;
  cmpt WITH cmpt;
  cmpr WITH cmpr;
  cmpt WITH cmpr;
  [cmpt];
  [cmpr];
  dasfu1 ON pafpt* (k);
  dasfu1 ON pafpr@0;
  dasfu1 ON dasbl1;
  dasfu1 ON dasbl0@0;
  dasfu0 ON pafpt;
  dasfu0 ON pafpr@0;
  dasfu0 ON dasbl1;
  dasfu0 ON dasbl0;
  rel ON pafpt@0;
  rel ON pafpr@0;
  rel ON dasbl1;
  rel ON dasbl0@0;

  pafpt WITH pafpr;
  pafpt ON prafpt;
  pafpt ON scpt* (a1);
  pafpt ON ccpt* (a3);
  pafpt ON scpr* (a5);
  pafpt ON ccpr@0;
  pafpr ON prafpr;
  pafpr ON scpr@0;
  pafpr ON ccpr@0;
  pafpr ON scpt* (a5);
  pafpr ON ccpt@0;
  scpr ON prafpt@0;
  scpt ON prafpr@0;
  ccpt ON prafpr* (b7);
  ccpr ON prafpt* (b7);
  scpt WITH ccpt;
  scpt WITH scpr;
  scpt WITH ccpr;
  ccpt WITH scpr;
  ccpt WITH ccpr;
  scpr WITH ccpr;
  scpt WITH scpt;
  ccpt WITH ccpt;
  scpr WITH scpr;
  ccpr WITH ccpr;
  prafpt WITH prafpt;
  prafpr WITH prafpr;
  pafpt WITH pafpt;
  pafpr WITH pafpr;
  DASFU1 WITH DASFU1;
  DASFU0 WITH DASFU0;
  [DASFU1];
  [DASFU0];
  DASBL1 WITH DASBL1;
  DASBL0 WITH DASBL0;
  [DASBL1];
  [DASBL0];
  DASFU1 WITH DASFU0;
  DASBL0 WITH DASBL1;
  !DASFU1 WITH REL@0;
  !DASFU0 WITH REL@0;
  DASFU0 ON PRAFPR;
  !SCPR     ON DASBL0;
  !DASFU1 ON SCPT;
  !PRAFPT ON DASBL1;
  !PRAFPR ON DASBL0;
  PAFPR ON DASBL0;
  PRAFPR WITH PRAFPT;
  PRAFPR ON DASBL0;
  PRAFPT   ON DASBL1;
  DASFU0 ON PRAFPT;
  [scpt];
  [ccpt@0];
  [scpr];
  [ccpr@0];
  [prafpt];
  [prafpr];
  [pafpt];
  [pafpr@0];
  MODEL CONSTRAINT:
  NEW ( ka3 xka3); ! a7b7 a4b7 zka3 );
  !ha3 = h*a3;
  ka3 = k*a3;
  xka3= x*k*a3;
  !a3b7 = a3*b7;
  !a7b7 = a7*b7;
  !a4b7 = a4*b7;
  !zka3 = z*k*a3;

  !OUTPUT:
  !STANDARDIZED;  MODINDICES(ALL 3);
  !savedata: file=infludiagnostics.txt; save is
  !cooks;



INPUT READING TERMINATED NORMALLY




Aff -> Coreg -> Aff -> DASFU AND fix non-sig parameters to zero. Only using
CC to reduce number of parameters;

SUMMARY OF ANALYSIS

Number of groups                                                 1
Number of observations                                          99

Number of dependent variables                                   11
Number of independent variables                                  4
Number of continuous latent variables                            0

Observed dependent variables

  Continuous
   CCPT        CCPR        PRAFPT      PRAFPR      PAFPT       PAFPR
   DASFU0      DASFU1      SCPT        SCPR

  Binary and ordered categorical (ordinal)
   REL

Observed independent variables
   CMPT        CMPR        DASBL1      DASBL0

Variables with special functions

  ID variable           ID

Estimator                                                    BAYES
Specifications for Bayesian Estimation
  Point estimate                                            MEDIAN
  Number of Markov chain Monte Carlo (MCMC) chains               2
  Random seed for the first chain                                0
  Starting value information                           UNPERTURBED
  Treatment of categorical mediator                         LATENT
  Algorithm used for Markov chain Monte Carlo           GIBBS(PX1)
  Convergence criterion                                  0.500D-01
  Maximum number of iterations                               50000
  K-th iteration used for thinning                               1
Link                                                        PROBIT

Input data file(s)
  ../df67_das.dat
Input data format  FREE


SUMMARY OF DATA



COVARIANCE COVERAGE OF DATA

Minimum covariance coverage value   0.100

     Number of missing data patterns            10


     PROPORTION OF DATA PRESENT


           Covariance Coverage
              REL           CCPT          CCPR          PRAFPT        PRAFPR
              ________      ________      ________      ________      ________
 REL            0.980
 CCPT           0.980         1.000
 CCPR           0.980         1.000         1.000
 PRAFPT         0.970         0.990         0.990         0.990
 PRAFPR         0.970         0.990         0.990         0.990         0.990
 PAFPT          0.949         0.970         0.970         0.970         0.970
 PAFPR          0.960         0.980         0.980         0.980         0.980
 DASFU0         0.616         0.616         0.616         0.616         0.616
 DASFU1         0.737         0.737         0.737         0.737         0.737
 SCPT           0.980         1.000         1.000         0.990         0.990
 SCPR           0.980         1.000         1.000         0.990         0.990
 CMPT           0.980         1.000         1.000         0.990         0.990
 CMPR           0.970         0.990         0.990         0.980         0.980
 DASBL1         0.980         1.000         1.000         0.990         0.990
 DASBL0         0.949         0.970         0.970         0.960         0.960


           Covariance Coverage
              PAFPT         PAFPR         DASFU0        DASFU1        SCPT
              ________      ________      ________      ________      ________
 PAFPT          0.970
 PAFPR          0.970         0.980
 DASFU0         0.596         0.606         0.616
 DASFU1         0.717         0.727         0.606         0.737
 SCPT           0.970         0.980         0.616         0.737         1.000
 SCPR           0.970         0.980         0.616         0.737         1.000
 CMPT           0.970         0.980         0.616         0.737         1.000
 CMPR           0.960         0.970         0.616         0.727         0.990
 DASBL1         0.970         0.980         0.616         0.737         1.000
 DASBL0         0.939         0.949         0.616         0.727         0.970


           Covariance Coverage
              SCPR          CMPT          CMPR          DASBL1        DASBL0
              ________      ________      ________      ________      ________
 SCPR           1.000
 CMPT           1.000         1.000
 CMPR           0.990         0.990         0.990
 DASBL1         1.000         1.000         0.990         1.000
 DASBL0         0.970         0.970         0.970         0.970         0.970


UNIVARIATE PROPORTIONS AND COUNTS FOR CATEGORICAL VARIABLES

    REL
      Category 1    0.216           21.000
      Category 2    0.784           76.000



UNIVARIATE SAMPLE STATISTICS


     UNIVARIATE HIGHER-ORDER MOMENT DESCRIPTIVE STATISTICS

         Variable/         Mean/     Skewness/   Minimum/ % with                Percentiles
        Sample Size      Variance    Kurtosis    Maximum  Min/Max      20%/60%    40%/80%    Median

     CCPT                 -0.890      -0.259     -81.685    1.01%     -26.415     -7.559      2.881
              99.000    1013.048       0.128      80.417    1.01%       8.529     24.280
     CCPR                 -0.283      -0.178    -116.491    1.01%     -27.251     -8.605     -2.107
              99.000    1435.257       0.411      79.366    1.01%       5.588     28.790
     PRAFPT                3.078      -0.410      -2.061    1.02%       1.207      2.634      3.186
              98.000       3.791      -0.719       6.358    1.02%       3.944      4.944
     PRAFPR                3.041      -0.668      -2.414    1.02%       1.500      2.884      3.289
              98.000       3.714       0.004       6.181    1.02%       3.737      4.724
     PAFPT                 2.306      -0.499      -3.134    1.04%       0.177      1.707      2.722
              96.000       5.174      -0.502       6.108    2.08%       3.341      4.444
     PAFPR                 2.876      -0.642      -2.914    1.03%       1.103      2.634      3.207
              97.000       4.221      -0.137       6.358    1.03%       3.737      4.651
     DASFU0                3.788      -0.672       2.200    1.64%       3.400      3.700      3.900
              61.000       0.304      -0.076       4.600    3.28%       4.000      4.300
     DASFU1                3.661      -0.631       1.778    1.37%       3.100      3.600      3.800
              73.000       0.406       0.010       4.800    1.37%       3.900      4.200
     SCPT                 30.559       0.551       7.450    1.01%      19.197     26.648     29.841
              99.000     129.762      -0.204      58.807    1.01%      31.821     39.920
     SCPR                 28.538       0.567       9.085    1.01%      16.451     24.118     27.494
              99.000     153.716      -0.221      66.121    1.01%      29.684     39.272
     CMPT                  1.140       0.179      -6.169    1.01%      -1.444      0.366      0.866
              99.000       9.104      -0.160       8.225    1.01%       1.884      3.207
     CMPR                  1.003       0.174      -7.742    1.02%      -1.030      0.250      0.713
              98.000       7.311       0.888       8.285    1.02%       1.397      2.957
     DASBL1                3.589      -0.863       2.200    1.01%       3.300      3.500      3.600
              99.000       0.112       1.797       4.200    1.01%       3.700      3.900
     DASBL0                3.660       0.559       2.500    1.04%       3.400      3.600      3.700
              96.000       0.156       4.038       5.500    1.04%       3.800      3.900


THE MODEL ESTIMATION TERMINATED NORMALLY

     USE THE FBITERATIONS OPTION TO INCREASE THE NUMBER OF ITERATIONS BY A FACTOR
     OF AT LEAST TWO TO CHECK CONVERGENCE AND THAT THE PSR VALUE DOES NOT INCREASE.



MODEL FIT INFORMATION

Number of Free Parameters                              59

Bayesian Posterior Predictive Checking using Chi-Square

          95% Confidence Interval for the Difference Between
          the Observed and the Replicated Chi-Square Values

                                -25.674            61.385

          Posterior Predictive P-Value              0.199



MODEL RESULTS

                                Posterior  One-Tailed         95% C.I.
                    Estimate       S.D.      P-Value   Lower 2.5%  Upper 2.5%  Significance

 PRAFPT     ON
    CMPT               0.000       0.000      1.000       0.000       0.000
    DASBL1             1.458       0.552      0.004       0.374       2.542      *

 PRAFPR     ON
    CMPR               0.000       0.000      1.000       0.000       0.000
    DASBL0             2.187       0.434      0.000       1.336       3.036      *

 CCPT       ON
    CMPT              -2.325       0.674      0.000      -3.643      -1.000      *
    PRAFPR             0.578       0.376      0.063      -0.164       1.316

 CCPR       ON
    CMPR               0.000       0.000      1.000       0.000       0.000
    PRAFPT             0.578       0.376      0.063      -0.164       1.316

 DASFU1     ON
    PAFPT              0.102       0.030      0.001       0.043       0.160      *
    PAFPR              0.000       0.000      1.000       0.000       0.000
    DASBL1             0.613       0.190      0.001       0.238       0.990      *
    DASBL0             0.000       0.000      1.000       0.000       0.000

 DASFU0     ON
    PAFPT              0.102       0.033      0.001       0.038       0.167      *
    PAFPR              0.000       0.000      1.000       0.000       0.000
    DASBL1             0.331       0.180      0.033      -0.023       0.687
    DASBL0             0.287       0.191      0.064      -0.087       0.668
    PRAFPR             0.110       0.033      0.001       0.044       0.175      *
    PRAFPT            -0.064       0.037      0.040      -0.137       0.008

 REL        ON
    PAFPT              0.000       0.000      1.000       0.000       0.000
    PAFPR              0.000       0.000      1.000       0.000       0.000
    DASBL1             0.404       0.351      0.126      -0.291       1.086
    DASBL0             0.000       0.000      1.000       0.000       0.000

 PAFPT      ON
    PRAFPT             0.701       0.080      0.000       0.546       0.859      *
    SCPT               0.020       0.015      0.092      -0.010       0.049
    CCPT               0.011       0.005      0.013       0.001       0.021      *
    SCPR               0.018       0.009      0.027       0.000       0.036
    CCPR               0.000       0.000      1.000       0.000       0.000

 PAFPR      ON
    PRAFPR             0.641       0.077      0.000       0.491       0.793      *
    SCPR               0.000       0.000      1.000       0.000       0.000
    CCPR               0.000       0.000      1.000       0.000       0.000
    SCPT               0.018       0.009      0.027       0.000       0.036
    CCPT               0.000       0.000      1.000       0.000       0.000
    DASBL0             0.094       0.113      0.201      -0.127       0.318

 SCPR       ON
    PRAFPT             0.000       0.000      1.000       0.000       0.000

 SCPT       ON
    PRAFPR             0.000       0.000      1.000       0.000       0.000

 CMPT     WITH
    CMPR              -0.132       0.842      0.437      -1.809       1.514

 PAFPT    WITH
    PAFPR              1.526       0.347      0.000       0.951       2.314      *

 SCPT     WITH
    CCPT              10.847      41.969      0.394     -72.251      94.442
    SCPR             -22.634      17.234      0.083     -58.416       9.695
    CCPR             -36.818      51.856      0.230    -142.577      63.727

 CCPT     WITH
    SCPR               7.444      45.437      0.430     -81.696      98.704
    CCPR            -959.400     174.601      0.000   -1363.236    -678.999      *

 SCPR     WITH
    CCPR             -91.256      56.742      0.043    -211.338      13.076

 PRAFPT   WITH
    PRAFPR             1.278       0.399      0.000       0.594       2.160      *

 DASFU1   WITH
    DASFU0             0.106       0.039      0.001       0.041       0.194      *

 DASBL1   WITH
    DASBL0             0.058       0.016      0.000       0.031       0.094      *
    CMPT               0.054       0.109      0.303      -0.158       0.271
    CMPR              -0.102       0.098      0.138      -0.304       0.084

 DASBL0   WITH
    CMPT               0.307       0.131      0.006       0.070       0.587      *
    CMPR               0.117       0.118      0.151      -0.106       0.360

 Means
    CMPT               1.141       0.305      0.000       0.540       1.745      *
    CMPR               1.005       0.275      0.000       0.473       1.546      *
    DASBL1             3.589       0.035      0.000       3.519       3.658      *
    DASBL0             3.663       0.042      0.000       3.581       3.745      *

 Intercepts
    CCPT               0.000       0.000      1.000       0.000       0.000
    CCPR               0.000       0.000      1.000       0.000       0.000
    PRAFPT            -2.160       1.995      0.139      -6.060       1.754
    PRAFPR            -4.978       1.603      0.001      -8.109      -1.828      *
    PAFPT             -0.951       0.711      0.091      -2.339       0.466
    PAFPR              0.000       0.000      1.000       0.000       0.000
    DASFU0             1.134       0.724      0.059      -0.300       2.565
    DASFU1             1.194       0.674      0.040      -0.136       2.517
    SCPT              30.478       1.202      0.000      28.108      32.836      *
    SCPR              28.279       1.305      0.000      25.717      30.829      *

 Thresholds
    REL$1              0.650       1.253      0.303      -1.829       3.082

 Variances
    CMPT               9.075       1.319      0.000       6.971      12.113      *
    CMPR               7.295       1.067      0.000       5.598       9.755      *
    DASBL1             0.122       0.018      0.000       0.093       0.163      *
    DASBL0             0.166       0.025      0.000       0.127       0.224      *

 Residual Variances
    CCPT            1034.901     160.577      0.000     785.349    1409.042      *
    CCPR            1569.073     242.498      0.000    1184.684    2131.092      *
    PRAFPT             3.701       0.569      0.000       2.803       5.028      *
    PRAFPR             3.190       0.488      0.000       2.421       4.328      *
    PAFPT              3.079       0.482      0.000       2.321       4.210      *
    PAFPR              2.487       0.383      0.000       1.878       3.359      *
    DASFU0             0.186       0.040      0.000       0.128       0.284      *
    DASFU1             0.305       0.056      0.000       0.220       0.437      *
    SCPT             143.987      22.166      0.000     109.217     195.749      *
    SCPR             170.326      26.498      0.000     128.981     232.626      *

New/Additional Parameters
    KA3                0.001       0.001      0.014       0.000       0.002      *
    XKA3              -0.002       0.002      0.014      -0.007       0.000      *


     Beginning Time:  11:28:58
        Ending Time:  11:29:24
       Elapsed Time:  00:00:26



MUTHEN & MUTHEN
3463 Stoner Ave.
Los Angeles, CA  90066

Tel: (310) 391-9971
Fax: (310) 391-8971
Web: www.StatModel.com
Support: Support@StatModel.com

Copyright (c) 1998-2017 Muthen & Muthen
